{"/Users/okuni/projects/coz/lib/core.js":{"path":"/Users/okuni/projects/coz/lib/core.js","s":{"1":1,"2":5,"3":1,"4":1,"5":1,"6":1,"7":1,"8":1,"9":1,"10":1,"11":10,"12":1,"13":1,"14":1,"15":2,"16":10,"17":1,"18":1,"19":1,"20":1,"21":1,"22":1,"23":1,"24":1,"25":1,"26":1,"27":1,"28":1},"b":{},"f":{"1":5,"2":1,"3":1,"4":1,"5":1,"6":1,"7":1,"8":1,"9":1,"10":10,"11":1,"12":1,"13":1,"14":2,"15":10,"16":1,"17":1,"18":1,"19":1,"20":1,"21":1,"22":1,"23":1,"24":1,"25":1,"26":1,"27":1},"fnMap":{"1":{"name":"(anonymous_1)","line":36,"loc":{"start":{"line":36,"column":14},"end":{"line":36,"column":17}}},"2":{"name":"(anonymous_2)","line":37,"loc":{"start":{"line":37,"column":14},"end":{"line":37,"column":17}}},"3":{"name":"(anonymous_3)","line":38,"loc":{"start":{"line":38,"column":20},"end":{"line":38,"column":23}}},"4":{"name":"(anonymous_4)","line":39,"loc":{"start":{"line":39,"column":15},"end":{"line":39,"column":18}}},"5":{"name":"(anonymous_5)","line":40,"loc":{"start":{"line":40,"column":14},"end":{"line":40,"column":17}}},"6":{"name":"(anonymous_6)","line":41,"loc":{"start":{"line":41,"column":13},"end":{"line":41,"column":16}}},"7":{"name":"(anonymous_7)","line":42,"loc":{"start":{"line":42,"column":11},"end":{"line":42,"column":14}}},"8":{"name":"(anonymous_8)","line":43,"loc":{"start":{"line":43,"column":14},"end":{"line":43,"column":17}}},"9":{"name":"(anonymous_9)","line":44,"loc":{"start":{"line":44,"column":14},"end":{"line":44,"column":17}}},"10":{"name":"(anonymous_10)","line":45,"loc":{"start":{"line":45,"column":10},"end":{"line":45,"column":13}}},"11":{"name":"(anonymous_11)","line":46,"loc":{"start":{"line":46,"column":12},"end":{"line":46,"column":15}}},"12":{"name":"(anonymous_12)","line":47,"loc":{"start":{"line":47,"column":13},"end":{"line":47,"column":16}}},"13":{"name":"(anonymous_13)","line":48,"loc":{"start":{"line":48,"column":11},"end":{"line":48,"column":14}}},"14":{"name":"(anonymous_14)","line":49,"loc":{"start":{"line":49,"column":10},"end":{"line":49,"column":13}}},"15":{"name":"(anonymous_15)","line":50,"loc":{"start":{"line":50,"column":12},"end":{"line":50,"column":15}}},"16":{"name":"(anonymous_16)","line":51,"loc":{"start":{"line":51,"column":16},"end":{"line":51,"column":19}}},"17":{"name":"(anonymous_17)","line":52,"loc":{"start":{"line":52,"column":19},"end":{"line":52,"column":22}}},"18":{"name":"(anonymous_18)","line":53,"loc":{"start":{"line":53,"column":16},"end":{"line":53,"column":19}}},"19":{"name":"(anonymous_19)","line":54,"loc":{"start":{"line":54,"column":14},"end":{"line":54,"column":17}}},"20":{"name":"(anonymous_20)","line":55,"loc":{"start":{"line":55,"column":21},"end":{"line":55,"column":24}}},"21":{"name":"(anonymous_21)","line":56,"loc":{"start":{"line":56,"column":11},"end":{"line":56,"column":14}}},"22":{"name":"(anonymous_22)","line":57,"loc":{"start":{"line":57,"column":11},"end":{"line":57,"column":14}}},"23":{"name":"(anonymous_23)","line":58,"loc":{"start":{"line":58,"column":11},"end":{"line":58,"column":14}}},"24":{"name":"(anonymous_24)","line":59,"loc":{"start":{"line":59,"column":12},"end":{"line":59,"column":15}}},"25":{"name":"(anonymous_25)","line":60,"loc":{"start":{"line":60,"column":10},"end":{"line":60,"column":13}}},"26":{"name":"(anonymous_26)","line":61,"loc":{"start":{"line":61,"column":12},"end":{"line":61,"column":15}}},"27":{"name":"(anonymous_27)","line":62,"loc":{"start":{"line":62,"column":15},"end":{"line":62,"column":18}}}},"statementMap":{"1":{"start":{"line":35,"column":0},"end":{"line":63,"column":2}},"2":{"start":{"line":36,"column":19},"end":{"line":36,"column":44}},"3":{"start":{"line":37,"column":19},"end":{"line":37,"column":44}},"4":{"start":{"line":38,"column":25},"end":{"line":38,"column":57}},"5":{"start":{"line":39,"column":20},"end":{"line":39,"column":46}},"6":{"start":{"line":40,"column":19},"end":{"line":40,"column":44}},"7":{"start":{"line":41,"column":18},"end":{"line":41,"column":42}},"8":{"start":{"line":42,"column":16},"end":{"line":42,"column":38}},"9":{"start":{"line":43,"column":19},"end":{"line":43,"column":44}},"10":{"start":{"line":44,"column":19},"end":{"line":44,"column":44}},"11":{"start":{"line":45,"column":15},"end":{"line":45,"column":36}},"12":{"start":{"line":46,"column":17},"end":{"line":46,"column":40}},"13":{"start":{"line":47,"column":18},"end":{"line":47,"column":42}},"14":{"start":{"line":48,"column":16},"end":{"line":48,"column":38}},"15":{"start":{"line":49,"column":15},"end":{"line":49,"column":36}},"16":{"start":{"line":50,"column":17},"end":{"line":50,"column":40}},"17":{"start":{"line":51,"column":21},"end":{"line":51,"column":48}},"18":{"start":{"line":52,"column":24},"end":{"line":52,"column":54}},"19":{"start":{"line":53,"column":21},"end":{"line":53,"column":48}},"20":{"start":{"line":54,"column":19},"end":{"line":54,"column":44}},"21":{"start":{"line":55,"column":26},"end":{"line":55,"column":59}},"22":{"start":{"line":56,"column":16},"end":{"line":56,"column":38}},"23":{"start":{"line":57,"column":16},"end":{"line":57,"column":38}},"24":{"start":{"line":58,"column":16},"end":{"line":58,"column":38}},"25":{"start":{"line":59,"column":17},"end":{"line":59,"column":40}},"26":{"start":{"line":60,"column":15},"end":{"line":60,"column":36}},"27":{"start":{"line":61,"column":17},"end":{"line":61,"column":40}},"28":{"start":{"line":62,"column":20},"end":{"line":62,"column":46}}},"branchMap":{}},"/Users/okuni/projects/coz/lib/coz.js":{"path":"/Users/okuni/projects/coz/lib/coz.js","s":{"1":1,"2":1,"3":4,"4":4,"5":1,"6":4,"7":4,"8":4,"9":1,"10":1,"11":1,"12":1,"13":1,"14":1,"15":1,"16":1,"17":1,"18":1,"19":1,"20":1,"21":1,"22":1,"23":1,"24":1,"25":1,"26":1,"27":1},"b":{"1":[1,0],"2":[1,0]},"f":{"1":4,"2":4,"3":1,"4":1,"5":1,"6":1,"7":1,"8":1,"9":1,"10":1,"11":1,"12":1},"fnMap":{"1":{"name":"Coz","line":22,"loc":{"start":{"line":22,"column":0},"end":{"line":22,"column":15}}},"2":{"name":"(anonymous_2)","line":35,"loc":{"start":{"line":35,"column":10},"end":{"line":35,"column":22}}},"3":{"name":"(anonymous_3)","line":51,"loc":{"start":{"line":51,"column":12},"end":{"line":51,"column":52}}},"4":{"name":"(anonymous_4)","line":66,"loc":{"start":{"line":66,"column":12},"end":{"line":66,"column":32}}},"5":{"name":"(anonymous_5)","line":69,"loc":{"start":{"line":69,"column":12},"end":{"line":69,"column":43}}},"6":{"name":"(anonymous_6)","line":70,"loc":{"start":{"line":70,"column":44},"end":{"line":70,"column":74}}},"7":{"name":"load","line":72,"loc":{"start":{"line":72,"column":24},"end":{"line":72,"column":48}}},"8":{"name":"compile","line":75,"loc":{"start":{"line":75,"column":24},"end":{"line":75,"column":56}}},"9":{"name":"write","line":78,"loc":{"start":{"line":78,"column":24},"end":{"line":78,"column":54}}},"10":{"name":"log","line":81,"loc":{"start":{"line":81,"column":24},"end":{"line":81,"column":52}}},"11":{"name":"(anonymous_11)","line":87,"loc":{"start":{"line":87,"column":11},"end":{"line":87,"column":26}}},"12":{"name":"(anonymous_12)","line":98,"loc":{"start":{"line":98,"column":18},"end":{"line":98,"column":33}}}},"statementMap":{"1":{"start":{"line":9,"column":0},"end":{"line":19,"column":30}},"2":{"start":{"line":22,"column":0},"end":{"line":25,"column":1}},"3":{"start":{"line":23,"column":4},"end":{"line":23,"column":17}},"4":{"start":{"line":24,"column":4},"end":{"line":24,"column":31}},"5":{"start":{"line":27,"column":0},"end":{"line":103,"column":2}},"6":{"start":{"line":36,"column":8},"end":{"line":36,"column":21}},"7":{"start":{"line":37,"column":8},"end":{"line":37,"column":38}},"8":{"start":{"line":38,"column":8},"end":{"line":38,"column":17}},"9":{"start":{"line":52,"column":8},"end":{"line":52,"column":21}},"10":{"start":{"line":54,"column":8},"end":{"line":54,"column":33}},"11":{"start":{"line":55,"column":8},"end":{"line":55,"column":38}},"12":{"start":{"line":57,"column":8},"end":{"line":62,"column":37}},"13":{"start":{"line":64,"column":8},"end":{"line":64,"column":45}},"14":{"start":{"line":65,"column":8},"end":{"line":91,"column":11}},"15":{"start":{"line":67,"column":16},"end":{"line":67,"column":53}},"16":{"start":{"line":70,"column":16},"end":{"line":85,"column":29}},"17":{"start":{"line":71,"column":20},"end":{"line":84,"column":33}},"18":{"start":{"line":73,"column":28},"end":{"line":73,"column":60}},"19":{"start":{"line":76,"column":28},"end":{"line":76,"column":60}},"20":{"start":{"line":79,"column":28},"end":{"line":79,"column":56}},"21":{"start":{"line":82,"column":28},"end":{"line":82,"column":54}},"22":{"start":{"line":88,"column":12},"end":{"line":88,"column":70}},"23":{"start":{"line":89,"column":12},"end":{"line":89,"column":58}},"24":{"start":{"line":90,"column":12},"end":{"line":90,"column":26}},"25":{"start":{"line":99,"column":8},"end":{"line":101,"column":9}},"26":{"start":{"line":100,"column":12},"end":{"line":100,"column":31}},"27":{"start":{"line":105,"column":0},"end":{"line":105,"column":21}}},"branchMap":{"1":{"line":89,"type":"binary-expr","locations":[{"start":{"line":89,"column":23},"end":{"line":89,"column":31}},{"start":{"line":89,"column":35},"end":{"line":89,"column":57}}]},"2":{"line":99,"type":"if","locations":[{"start":{"line":99,"column":8},"end":{"line":99,"column":8}},{"start":{"line":99,"column":8},"end":{"line":99,"column":8}}]}}},"/Users/okuni/projects/coz/lib/ext.js":{"path":"/Users/okuni/projects/coz/lib/ext.js","s":{"1":1,"2":11,"3":2,"4":1,"5":4,"6":3,"7":1,"8":2,"9":2},"b":{},"f":{"1":11,"2":2,"3":1,"4":4,"5":3,"6":1,"7":2,"8":2},"fnMap":{"1":{"name":"(anonymous_1)","line":12,"loc":{"start":{"line":12,"column":13},"end":{"line":12,"column":16}}},"2":{"name":"(anonymous_2)","line":16,"loc":{"start":{"line":16,"column":16},"end":{"line":16,"column":19}}},"3":{"name":"(anonymous_3)","line":20,"loc":{"start":{"line":20,"column":17},"end":{"line":20,"column":20}}},"4":{"name":"(anonymous_4)","line":24,"loc":{"start":{"line":24,"column":12},"end":{"line":24,"column":15}}},"5":{"name":"(anonymous_5)","line":28,"loc":{"start":{"line":28,"column":18},"end":{"line":28,"column":21}}},"6":{"name":"(anonymous_6)","line":32,"loc":{"start":{"line":32,"column":17},"end":{"line":32,"column":20}}},"7":{"name":"(anonymous_7)","line":36,"loc":{"start":{"line":36,"column":14},"end":{"line":36,"column":17}}},"8":{"name":"(anonymous_8)","line":40,"loc":{"start":{"line":40,"column":16},"end":{"line":40,"column":19}}}},"statementMap":{"1":{"start":{"line":8,"column":0},"end":{"line":41,"column":2}},"2":{"start":{"line":12,"column":18},"end":{"line":12,"column":42}},"3":{"start":{"line":16,"column":21},"end":{"line":16,"column":49}},"4":{"start":{"line":20,"column":22},"end":{"line":20,"column":50}},"5":{"start":{"line":24,"column":17},"end":{"line":24,"column":40}},"6":{"start":{"line":28,"column":23},"end":{"line":28,"column":52}},"7":{"start":{"line":32,"column":22},"end":{"line":32,"column":50}},"8":{"start":{"line":36,"column":19},"end":{"line":36,"column":44}},"9":{"start":{"line":40,"column":21},"end":{"line":40,"column":49}}},"branchMap":{}},"/Users/okuni/projects/coz/lib/util/file/index.js":{"path":"/Users/okuni/projects/coz/lib/util/file/index.js","s":{"1":1,"2":2,"3":1,"4":6,"5":1,"6":2},"b":{},"f":{"1":2,"2":1,"3":6,"4":1,"5":2},"fnMap":{"1":{"name":"(anonymous_1)","line":10,"loc":{"start":{"line":10,"column":18},"end":{"line":10,"column":21}}},"2":{"name":"(anonymous_2)","line":11,"loc":{"start":{"line":11,"column":13},"end":{"line":11,"column":16}}},"3":{"name":"(anonymous_3)","line":12,"loc":{"start":{"line":12,"column":16},"end":{"line":12,"column":19}}},"4":{"name":"(anonymous_4)","line":13,"loc":{"start":{"line":13,"column":18},"end":{"line":13,"column":21}}},"5":{"name":"(anonymous_5)","line":14,"loc":{"start":{"line":14,"column":17},"end":{"line":14,"column":20}}}},"statementMap":{"1":{"start":{"line":9,"column":0},"end":{"line":15,"column":2}},"2":{"start":{"line":10,"column":23},"end":{"line":10,"column":55}},"3":{"start":{"line":11,"column":18},"end":{"line":11,"column":45}},"4":{"start":{"line":12,"column":21},"end":{"line":12,"column":51}},"5":{"start":{"line":13,"column":23},"end":{"line":13,"column":55}},"6":{"start":{"line":14,"column":22},"end":{"line":14,"column":53}}},"branchMap":{}},"/Users/okuni/projects/coz/lib/bud/index.js":{"path":"/Users/okuni/projects/coz/lib/bud/index.js","s":{"1":1,"2":1,"3":1,"4":1,"5":1,"6":1,"7":5},"b":{},"f":{"1":1,"2":1,"3":1,"4":1,"5":1,"6":5},"fnMap":{"1":{"name":"(anonymous_1)","line":14,"loc":{"start":{"line":14,"column":19},"end":{"line":14,"column":22}}},"2":{"name":"(anonymous_2)","line":19,"loc":{"start":{"line":19,"column":17},"end":{"line":19,"column":20}}},"3":{"name":"(anonymous_3)","line":24,"loc":{"start":{"line":24,"column":17},"end":{"line":24,"column":20}}},"4":{"name":"(anonymous_4)","line":29,"loc":{"start":{"line":29,"column":17},"end":{"line":29,"column":20}}},"5":{"name":"(anonymous_5)","line":34,"loc":{"start":{"line":34,"column":11},"end":{"line":34,"column":14}}},"6":{"name":"(anonymous_6)","line":39,"loc":{"start":{"line":39,"column":15},"end":{"line":39,"column":18}}}},"statementMap":{"1":{"start":{"line":9,"column":0},"end":{"line":40,"column":2}},"2":{"start":{"line":14,"column":24},"end":{"line":14,"column":57}},"3":{"start":{"line":19,"column":22},"end":{"line":19,"column":53}},"4":{"start":{"line":24,"column":22},"end":{"line":24,"column":53}},"5":{"start":{"line":29,"column":22},"end":{"line":29,"column":53}},"6":{"start":{"line":34,"column":16},"end":{"line":34,"column":40}},"7":{"start":{"line":39,"column":20},"end":{"line":39,"column":48}}},"branchMap":{}},"/Users/okuni/projects/coz/lib/template/engine_set.js":{"path":"/Users/okuni/projects/coz/lib/template/engine_set.js","s":{"1":1,"2":1,"3":10,"4":10,"5":10,"6":1,"7":12,"8":12,"9":1,"10":11,"11":11,"12":11,"13":10,"14":10,"15":10,"16":10,"17":10,"18":10,"19":17,"20":1,"21":16,"22":16,"23":16,"24":16,"25":9,"26":9,"27":2,"28":7,"29":7,"30":2,"31":5,"32":5,"33":13,"34":13,"35":1,"36":11,"37":1,"38":12,"39":11,"40":1,"41":1,"42":1,"43":1},"b":{"1":[1,11],"2":[1,16],"3":[2,7],"4":[2,5],"5":[5,0],"6":[1,12],"7":[11,1],"8":[1,1]},"f":{"1":10,"2":12,"3":10,"4":17,"5":12},"fnMap":{"1":{"name":"EngineSet","line":16,"loc":{"start":{"line":16,"column":0},"end":{"line":16,"column":21}}},"2":{"name":"(anonymous_2)","line":33,"loc":{"start":{"line":33,"column":20},"end":{"line":33,"column":44}}},"3":{"name":"(anonymous_3)","line":47,"loc":{"start":{"line":47,"column":21},"end":{"line":47,"column":40}}},"4":{"name":"(anonymous_4)","line":61,"loc":{"start":{"line":61,"column":19},"end":{"line":61,"column":35}}},"5":{"name":"(anonymous_5)","line":93,"loc":{"start":{"line":93,"column":28},"end":{"line":93,"column":56}}}},"statementMap":{"1":{"start":{"line":10,"column":0},"end":{"line":13,"column":60}},"2":{"start":{"line":16,"column":0},"end":{"line":20,"column":1}},"3":{"start":{"line":17,"column":4},"end":{"line":17,"column":17}},"4":{"start":{"line":18,"column":4},"end":{"line":18,"column":20}},"5":{"start":{"line":19,"column":4},"end":{"line":19,"column":38}},"6":{"start":{"line":22,"column":0},"end":{"line":91,"column":2}},"7":{"start":{"line":34,"column":8},"end":{"line":34,"column":21}},"8":{"start":{"line":35,"column":8},"end":{"line":37,"column":9}},"9":{"start":{"line":36,"column":12},"end":{"line":36,"column":76}},"10":{"start":{"line":38,"column":8},"end":{"line":38,"column":57}},"11":{"start":{"line":39,"column":8},"end":{"line":39,"column":34}},"12":{"start":{"line":40,"column":8},"end":{"line":40,"column":17}},"13":{"start":{"line":48,"column":8},"end":{"line":48,"column":21}},"14":{"start":{"line":49,"column":8},"end":{"line":49,"column":41}},"15":{"start":{"line":50,"column":8},"end":{"line":53,"column":9}},"16":{"start":{"line":51,"column":12},"end":{"line":51,"column":32}},"17":{"start":{"line":52,"column":12},"end":{"line":52,"column":50}},"18":{"start":{"line":54,"column":8},"end":{"line":54,"column":17}},"19":{"start":{"line":62,"column":8},"end":{"line":64,"column":9}},"20":{"start":{"line":63,"column":12},"end":{"line":63,"column":24}},"21":{"start":{"line":65,"column":8},"end":{"line":65,"column":21}},"22":{"start":{"line":66,"column":8},"end":{"line":66,"column":33}},"23":{"start":{"line":67,"column":8},"end":{"line":67,"column":40}},"24":{"start":{"line":68,"column":8},"end":{"line":84,"column":9}},"25":{"start":{"line":69,"column":12},"end":{"line":69,"column":53}},"26":{"start":{"line":70,"column":12},"end":{"line":72,"column":13}},"27":{"start":{"line":71,"column":16},"end":{"line":71,"column":30}},"28":{"start":{"line":73,"column":12},"end":{"line":73,"column":68}},"29":{"start":{"line":74,"column":12},"end":{"line":76,"column":13}},"30":{"start":{"line":75,"column":16},"end":{"line":75,"column":30}},"31":{"start":{"line":77,"column":12},"end":{"line":77,"column":48}},"32":{"start":{"line":78,"column":12},"end":{"line":83,"column":13}},"33":{"start":{"line":79,"column":16},"end":{"line":79,"column":71}},"34":{"start":{"line":80,"column":16},"end":{"line":82,"column":17}},"35":{"start":{"line":81,"column":20},"end":{"line":81,"column":34}},"36":{"start":{"line":85,"column":8},"end":{"line":85,"column":20}},"37":{"start":{"line":93,"column":0},"end":{"line":100,"column":2}},"38":{"start":{"line":94,"column":4},"end":{"line":96,"column":5}},"39":{"start":{"line":95,"column":8},"end":{"line":95,"column":26}},"40":{"start":{"line":97,"column":4},"end":{"line":97,"column":42}},"41":{"start":{"line":98,"column":4},"end":{"line":98,"column":48}},"42":{"start":{"line":99,"column":4},"end":{"line":99,"column":37}},"43":{"start":{"line":102,"column":0},"end":{"line":102,"column":27}}},"branchMap":{"1":{"line":35,"type":"if","locations":[{"start":{"line":35,"column":8},"end":{"line":35,"column":8}},{"start":{"line":35,"column":8},"end":{"line":35,"column":8}}]},"2":{"line":62,"type":"if","locations":[{"start":{"line":62,"column":8},"end":{"line":62,"column":8}},{"start":{"line":62,"column":8},"end":{"line":62,"column":8}}]},"3":{"line":70,"type":"if","locations":[{"start":{"line":70,"column":12},"end":{"line":70,"column":12}},{"start":{"line":70,"column":12},"end":{"line":70,"column":12}}]},"4":{"line":74,"type":"if","locations":[{"start":{"line":74,"column":12},"end":{"line":74,"column":12}},{"start":{"line":74,"column":12},"end":{"line":74,"column":12}}]},"5":{"line":77,"type":"binary-expr","locations":[{"start":{"line":77,"column":26},"end":{"line":77,"column":41}},{"start":{"line":77,"column":45},"end":{"line":77,"column":47}}]},"6":{"line":80,"type":"if","locations":[{"start":{"line":80,"column":16},"end":{"line":80,"column":16}},{"start":{"line":80,"column":16},"end":{"line":80,"column":16}}]},"7":{"line":94,"type":"if","locations":[{"start":{"line":94,"column":4},"end":{"line":94,"column":4}},{"start":{"line":94,"column":4},"end":{"line":94,"column":4}}]},"8":{"line":98,"type":"binary-expr","locations":[{"start":{"line":98,"column":23},"end":{"line":98,"column":39}},{"start":{"line":98,"column":43},"end":{"line":98,"column":47}}]}}},"/Users/okuni/projects/coz/lib/template/buildin_engines/index.js":{"path":"/Users/okuni/projects/coz/lib/template/buildin_engines/index.js","s":{"1":1,"2":12},"b":{},"f":{"1":12},"fnMap":{"1":{"name":"(anonymous_1)","line":14,"loc":{"start":{"line":14,"column":24},"end":{"line":14,"column":27}}}},"statementMap":{"1":{"start":{"line":9,"column":0},"end":{"line":15,"column":2}},"2":{"start":{"line":14,"column":29},"end":{"line":14,"column":67}}},"branchMap":{}},"/Users/okuni/projects/coz/lib/template/engine.js":{"path":"/Users/okuni/projects/coz/lib/template/engine.js","s":{"1":1,"2":1,"3":5,"4":5,"5":1,"6":6,"7":6,"8":6,"9":2,"10":2,"11":2,"12":2,"13":2,"14":1,"15":1,"16":9,"17":9,"18":9,"19":9,"20":7,"21":2,"22":9,"23":0,"24":0,"25":22,"26":22,"27":22,"28":7,"29":7,"30":20,"31":20,"32":7,"33":1,"34":3,"35":3,"36":9,"37":9,"38":3,"39":3,"40":3,"41":3,"42":3,"43":3,"44":3,"45":3,"46":1},"b":{"1":[6,4],"2":[6,5],"3":[7,2],"4":[7,0],"5":[3,2]},"f":{"1":5,"2":6,"3":2,"4":1,"5":9,"6":0,"7":0,"8":22,"9":7,"10":3,"11":9},"fnMap":{"1":{"name":"Engine","line":15,"loc":{"start":{"line":15,"column":0},"end":{"line":15,"column":18}}},"2":{"name":"(anonymous_2)","line":45,"loc":{"start":{"line":45,"column":10},"end":{"line":45,"column":29}}},"3":{"name":"(anonymous_3)","line":58,"loc":{"start":{"line":58,"column":11},"end":{"line":58,"column":23}}},"4":{"name":"(anonymous_4)","line":70,"loc":{"start":{"line":70,"column":9},"end":{"line":70,"column":24}}},"5":{"name":"(anonymous_5)","line":84,"loc":{"start":{"line":84,"column":9},"end":{"line":84,"column":29}}},"6":{"name":"(anonymous_6)","line":102,"loc":{"start":{"line":102,"column":16},"end":{"line":102,"column":44}}},"7":{"name":"(anonymous_7)","line":112,"loc":{"start":{"line":112,"column":13},"end":{"line":112,"column":41}}},"8":{"name":"(anonymous_8)","line":133,"loc":{"start":{"line":133,"column":18},"end":{"line":133,"column":38}}},"9":{"name":"(anonymous_9)","line":144,"loc":{"start":{"line":144,"column":20},"end":{"line":144,"column":38}}},"10":{"name":"(anonymous_10)","line":161,"loc":{"start":{"line":161,"column":16},"end":{"line":161,"column":38}}},"11":{"name":"(anonymous_11)","line":164,"loc":{"start":{"line":164,"column":24},"end":{"line":164,"column":36}}}},"statementMap":{"1":{"start":{"line":11,"column":0},"end":{"line":12,"column":25}},"2":{"start":{"line":15,"column":0},"end":{"line":18,"column":1}},"3":{"start":{"line":16,"column":4},"end":{"line":16,"column":17}},"4":{"start":{"line":17,"column":4},"end":{"line":17,"column":31}},"5":{"start":{"line":19,"column":0},"end":{"line":153,"column":2}},"6":{"start":{"line":46,"column":8},"end":{"line":46,"column":21}},"7":{"start":{"line":47,"column":8},"end":{"line":47,"column":32}},"8":{"start":{"line":48,"column":8},"end":{"line":48,"column":49}},"9":{"start":{"line":59,"column":8},"end":{"line":59,"column":21}},"10":{"start":{"line":60,"column":8},"end":{"line":60,"column":41}},"11":{"start":{"line":61,"column":8},"end":{"line":61,"column":39}},"12":{"start":{"line":62,"column":8},"end":{"line":62,"column":21}},"13":{"start":{"line":63,"column":8},"end":{"line":63,"column":21}},"14":{"start":{"line":71,"column":8},"end":{"line":71,"column":21}},"15":{"start":{"line":72,"column":8},"end":{"line":72,"column":22}},"16":{"start":{"line":85,"column":8},"end":{"line":85,"column":21}},"17":{"start":{"line":86,"column":8},"end":{"line":86,"column":29}},"18":{"start":{"line":87,"column":8},"end":{"line":87,"column":52}},"19":{"start":{"line":88,"column":8},"end":{"line":92,"column":9}},"20":{"start":{"line":89,"column":12},"end":{"line":89,"column":38}},"21":{"start":{"line":91,"column":12},"end":{"line":91,"column":37}},"22":{"start":{"line":93,"column":8},"end":{"line":93,"column":17}},"23":{"start":{"line":103,"column":8},"end":{"line":103,"column":56}},"24":{"start":{"line":113,"column":8},"end":{"line":113,"column":53}},"25":{"start":{"line":134,"column":8},"end":{"line":134,"column":21}},"26":{"start":{"line":135,"column":8},"end":{"line":135,"column":21}},"27":{"start":{"line":136,"column":8},"end":{"line":136,"column":17}},"28":{"start":{"line":145,"column":8},"end":{"line":146,"column":45}},"29":{"start":{"line":147,"column":8},"end":{"line":150,"column":9}},"30":{"start":{"line":148,"column":12},"end":{"line":148,"column":30}},"31":{"start":{"line":149,"column":12},"end":{"line":149,"column":45}},"32":{"start":{"line":151,"column":8},"end":{"line":151,"column":17}},"33":{"start":{"line":161,"column":0},"end":{"line":181,"column":2}},"34":{"start":{"line":162,"column":4},"end":{"line":162,"column":50}},"35":{"start":{"line":164,"column":4},"end":{"line":167,"column":6}},"36":{"start":{"line":165,"column":8},"end":{"line":165,"column":21}},"37":{"start":{"line":166,"column":8},"end":{"line":166,"column":35}},"38":{"start":{"line":168,"column":4},"end":{"line":168,"column":35}},"39":{"start":{"line":170,"column":4},"end":{"line":170,"column":59}},"40":{"start":{"line":171,"column":4},"end":{"line":171,"column":57}},"41":{"start":{"line":173,"column":4},"end":{"line":173,"column":43}},"42":{"start":{"line":174,"column":4},"end":{"line":174,"column":66}},"43":{"start":{"line":176,"column":4},"end":{"line":176,"column":82}},"44":{"start":{"line":177,"column":4},"end":{"line":177,"column":76}},"45":{"start":{"line":180,"column":4},"end":{"line":180,"column":25}},"46":{"start":{"line":183,"column":0},"end":{"line":183,"column":24}}},"branchMap":{"1":{"line":47,"type":"binary-expr","locations":[{"start":{"line":47,"column":18},"end":{"line":47,"column":25}},{"start":{"line":47,"column":29},"end":{"line":47,"column":31}}]},"2":{"line":48,"type":"binary-expr","locations":[{"start":{"line":48,"column":20},"end":{"line":48,"column":35}},{"start":{"line":48,"column":39},"end":{"line":48,"column":48}}]},"3":{"line":88,"type":"if","locations":[{"start":{"line":88,"column":8},"end":{"line":88,"column":8}},{"start":{"line":88,"column":8},"end":{"line":88,"column":8}}]},"4":{"line":146,"type":"binary-expr","locations":[{"start":{"line":146,"column":31},"end":{"line":146,"column":37}},{"start":{"line":146,"column":41},"end":{"line":146,"column":43}}]},"5":{"line":174,"type":"binary-expr","locations":[{"start":{"line":174,"column":39},"end":{"line":174,"column":58}},{"start":{"line":174,"column":62},"end":{"line":174,"column":64}}]}}},"/Users/okuni/projects/coz/lib/util/copying/index.js":{"path":"/Users/okuni/projects/coz/lib/util/copying/index.js","s":{"1":1,"2":13,"3":13},"b":{},"f":{"1":13,"2":13},"fnMap":{"1":{"name":"(anonymous_1)","line":10,"loc":{"start":{"line":10,"column":12},"end":{"line":10,"column":15}}},"2":{"name":"(anonymous_2)","line":11,"loc":{"start":{"line":11,"column":20},"end":{"line":11,"column":23}}}},"statementMap":{"1":{"start":{"line":9,"column":0},"end":{"line":12,"column":2}},"2":{"start":{"line":10,"column":17},"end":{"line":10,"column":42}},"3":{"start":{"line":11,"column":25},"end":{"line":11,"column":59}}},"branchMap":{}},"/Users/okuni/projects/coz/lib/template/_approximately_equal.js":{"path":"/Users/okuni/projects/coz/lib/template/_approximately_equal.js","s":{"1":1,"2":1,"3":1,"4":202,"5":793,"6":793,"7":793,"8":5,"9":197,"10":1},"b":{"1":[5,788]},"f":{"1":202},"fnMap":{"1":{"name":"_approximatelyEqual","line":23,"loc":{"start":{"line":23,"column":0},"end":{"line":23,"column":45}}}},"statementMap":{"1":{"start":{"line":13,"column":0},"end":{"line":13,"column":39}},"2":{"start":{"line":15,"column":0},"end":{"line":20,"column":2}},"3":{"start":{"line":23,"column":0},"end":{"line":32,"column":1}},"4":{"start":{"line":24,"column":4},"end":{"line":30,"column":5}},"5":{"start":{"line":25,"column":8},"end":{"line":25,"column":38}},"6":{"start":{"line":26,"column":8},"end":{"line":26,"column":58}},"7":{"start":{"line":27,"column":8},"end":{"line":29,"column":9}},"8":{"start":{"line":28,"column":12},"end":{"line":28,"column":24}},"9":{"start":{"line":31,"column":4},"end":{"line":31,"column":17}},"10":{"start":{"line":35,"column":0},"end":{"line":35,"column":37}}},"branchMap":{"1":{"line":27,"type":"if","locations":[{"start":{"line":27,"column":8},"end":{"line":27,"column":8}},{"start":{"line":27,"column":8},"end":{"line":27,"column":8}}]}}},"/Users/okuni/projects/coz/lib/util/string/index.js":{"path":"/Users/okuni/projects/coz/lib/util/string/index.js","s":{"1":1,"2":23,"3":1,"4":4,"5":10,"6":3,"7":7,"8":2,"9":2},"b":{},"f":{"1":23,"2":1,"3":4,"4":10,"5":3,"6":7,"7":2,"8":2},"fnMap":{"1":{"name":"(anonymous_1)","line":10,"loc":{"start":{"line":10,"column":17},"end":{"line":10,"column":20}}},"2":{"name":"(anonymous_2)","line":11,"loc":{"start":{"line":11,"column":19},"end":{"line":11,"column":22}}},"3":{"name":"(anonymous_3)","line":12,"loc":{"start":{"line":12,"column":17},"end":{"line":12,"column":20}}},"4":{"name":"(anonymous_4)","line":13,"loc":{"start":{"line":13,"column":18},"end":{"line":13,"column":21}}},"5":{"name":"(anonymous_5)","line":14,"loc":{"start":{"line":14,"column":20},"end":{"line":14,"column":23}}},"6":{"name":"(anonymous_6)","line":15,"loc":{"start":{"line":15,"column":17},"end":{"line":15,"column":20}}},"7":{"name":"(anonymous_7)","line":16,"loc":{"start":{"line":16,"column":18},"end":{"line":16,"column":21}}},"8":{"name":"(anonymous_8)","line":17,"loc":{"start":{"line":17,"column":17},"end":{"line":17,"column":20}}}},"statementMap":{"1":{"start":{"line":9,"column":0},"end":{"line":18,"column":2}},"2":{"start":{"line":10,"column":22},"end":{"line":10,"column":52}},"3":{"start":{"line":11,"column":24},"end":{"line":11,"column":56}},"4":{"start":{"line":12,"column":22},"end":{"line":12,"column":52}},"5":{"start":{"line":13,"column":23},"end":{"line":13,"column":54}},"6":{"start":{"line":14,"column":25},"end":{"line":14,"column":58}},"7":{"start":{"line":15,"column":22},"end":{"line":15,"column":52}},"8":{"start":{"line":16,"column":23},"end":{"line":16,"column":54}},"9":{"start":{"line":17,"column":22},"end":{"line":17,"column":52}}},"branchMap":{}},"/Users/okuni/projects/coz/lib/util/string/camelcase.js":{"path":"/Users/okuni/projects/coz/lib/util/string/camelcase.js","s":{"1":1,"2":1,"3":180,"4":1,"5":843,"6":843,"7":2,"8":841,"9":1},"b":{"1":[2,841]},"f":{"1":180,"2":843},"fnMap":{"1":{"name":"(anonymous_1)","line":16,"loc":{"start":{"line":16,"column":8},"end":{"line":16,"column":24}}},"2":{"name":"camelcase","line":22,"loc":{"start":{"line":22,"column":0},"end":{"line":22,"column":24}}}},"statementMap":{"1":{"start":{"line":11,"column":0},"end":{"line":12,"column":39}},"2":{"start":{"line":14,"column":0},"end":{"line":19,"column":2}},"3":{"start":{"line":17,"column":8},"end":{"line":17,"column":28}},"4":{"start":{"line":22,"column":0},"end":{"line":28,"column":1}},"5":{"start":{"line":23,"column":4},"end":{"line":23,"column":46}},"6":{"start":{"line":24,"column":4},"end":{"line":26,"column":5}},"7":{"start":{"line":25,"column":8},"end":{"line":25,"column":19}},"8":{"start":{"line":27,"column":4},"end":{"line":27,"column":82}},"9":{"start":{"line":30,"column":0},"end":{"line":30,"column":27}}},"branchMap":{"1":{"line":24,"type":"if","locations":[{"start":{"line":24,"column":4},"end":{"line":24,"column":4}},{"start":{"line":24,"column":4},"end":{"line":24,"column":4}}]}}},"/Users/okuni/projects/coz/lib/util/string/lowercase.js":{"path":"/Users/okuni/projects/coz/lib/util/string/lowercase.js","s":{"1":1,"2":1524,"3":1524,"4":1,"5":1523,"6":1},"b":{"1":[1,1523]},"f":{"1":1524},"fnMap":{"1":{"name":"lowercase","line":12,"loc":{"start":{"line":12,"column":0},"end":{"line":12,"column":24}}}},"statementMap":{"1":{"start":{"line":12,"column":0},"end":{"line":18,"column":1}},"2":{"start":{"line":13,"column":4},"end":{"line":13,"column":22}},"3":{"start":{"line":14,"column":4},"end":{"line":16,"column":5}},"4":{"start":{"line":15,"column":8},"end":{"line":15,"column":19}},"5":{"start":{"line":17,"column":4},"end":{"line":17,"column":29}},"6":{"start":{"line":20,"column":0},"end":{"line":20,"column":27}}},"branchMap":{"1":{"line":14,"type":"if","locations":[{"start":{"line":14,"column":4},"end":{"line":14,"column":4}},{"start":{"line":14,"column":4},"end":{"line":14,"column":4}}]}}},"/Users/okuni/projects/coz/lib/util/string/uppercase.js":{"path":"/Users/okuni/projects/coz/lib/util/string/uppercase.js","s":{"1":1,"2":603,"3":603,"4":1,"5":602,"6":1},"b":{"1":[1,602]},"f":{"1":603},"fnMap":{"1":{"name":"uppercase","line":12,"loc":{"start":{"line":12,"column":0},"end":{"line":12,"column":24}}}},"statementMap":{"1":{"start":{"line":12,"column":0},"end":{"line":18,"column":1}},"2":{"start":{"line":13,"column":4},"end":{"line":13,"column":22}},"3":{"start":{"line":14,"column":4},"end":{"line":16,"column":5}},"4":{"start":{"line":15,"column":8},"end":{"line":15,"column":19}},"5":{"start":{"line":17,"column":4},"end":{"line":17,"column":29}},"6":{"start":{"line":20,"column":0},"end":{"line":20,"column":27}}},"branchMap":{"1":{"line":14,"type":"if","locations":[{"start":{"line":14,"column":4},"end":{"line":14,"column":4}},{"start":{"line":14,"column":4},"end":{"line":14,"column":4}}]}}},"/Users/okuni/projects/coz/lib/util/string/pascalcase.js":{"path":"/Users/okuni/projects/coz/lib/util/string/pascalcase.js","s":{"1":1,"2":1,"3":410,"4":410,"5":1,"6":409,"7":1},"b":{"1":[1,409]},"f":{"1":410},"fnMap":{"1":{"name":"pascalcase","line":15,"loc":{"start":{"line":15,"column":0},"end":{"line":15,"column":25}}}},"statementMap":{"1":{"start":{"line":11,"column":0},"end":{"line":12,"column":43}},"2":{"start":{"line":15,"column":0},"end":{"line":22,"column":1}},"3":{"start":{"line":16,"column":4},"end":{"line":16,"column":25}},"4":{"start":{"line":17,"column":4},"end":{"line":19,"column":5}},"5":{"start":{"line":18,"column":8},"end":{"line":18,"column":19}},"6":{"start":{"line":20,"column":4},"end":{"line":20,"column":28}},"7":{"start":{"line":24,"column":0},"end":{"line":24,"column":28}}},"branchMap":{"1":{"line":17,"type":"if","locations":[{"start":{"line":17,"column":4},"end":{"line":17,"column":4}},{"start":{"line":17,"column":4},"end":{"line":17,"column":4}}]}}},"/Users/okuni/projects/coz/lib/util/string/capitalcase.js":{"path":"/Users/okuni/projects/coz/lib/util/string/capitalcase.js","s":{"1":1,"2":1,"3":421,"4":421,"5":1,"6":420,"7":1},"b":{"1":[1,420]},"f":{"1":421},"fnMap":{"1":{"name":"capitalcase","line":16,"loc":{"start":{"line":16,"column":0},"end":{"line":16,"column":26}}}},"statementMap":{"1":{"start":{"line":12,"column":0},"end":{"line":12,"column":39}},"2":{"start":{"line":16,"column":0},"end":{"line":22,"column":1}},"3":{"start":{"line":17,"column":4},"end":{"line":17,"column":22}},"4":{"start":{"line":18,"column":4},"end":{"line":20,"column":5}},"5":{"start":{"line":19,"column":8},"end":{"line":19,"column":19}},"6":{"start":{"line":21,"column":4},"end":{"line":21,"column":44}},"7":{"start":{"line":24,"column":0},"end":{"line":24,"column":29}}},"branchMap":{"1":{"line":18,"type":"if","locations":[{"start":{"line":18,"column":4},"end":{"line":18,"column":4}},{"start":{"line":18,"column":4},"end":{"line":18,"column":4}}]}}},"/Users/okuni/projects/coz/lib/util/string/snakecase.js":{"path":"/Users/okuni/projects/coz/lib/util/string/snakecase.js","s":{"1":1,"2":1,"3":1,"4":283,"5":1,"6":408,"7":408,"8":1,"9":407,"10":1},"b":{"1":[1,407]},"f":{"1":283,"2":408},"fnMap":{"1":{"name":"(anonymous_1)","line":18,"loc":{"start":{"line":18,"column":8},"end":{"line":18,"column":22}}},"2":{"name":"snakecase","line":24,"loc":{"start":{"line":24,"column":0},"end":{"line":24,"column":24}}}},"statementMap":{"1":{"start":{"line":12,"column":0},"end":{"line":12,"column":39}},"2":{"start":{"line":14,"column":0},"end":{"line":14,"column":17}},"3":{"start":{"line":16,"column":0},"end":{"line":21,"column":2}},"4":{"start":{"line":19,"column":8},"end":{"line":19,"column":37}},"5":{"start":{"line":24,"column":0},"end":{"line":30,"column":1}},"6":{"start":{"line":25,"column":4},"end":{"line":25,"column":51}},"7":{"start":{"line":26,"column":4},"end":{"line":28,"column":5}},"8":{"start":{"line":27,"column":8},"end":{"line":27,"column":19}},"9":{"start":{"line":29,"column":4},"end":{"line":29,"column":53}},"10":{"start":{"line":32,"column":0},"end":{"line":32,"column":27}}},"branchMap":{"1":{"line":26,"type":"if","locations":[{"start":{"line":26,"column":4},"end":{"line":26,"column":4}},{"start":{"line":26,"column":4},"end":{"line":26,"column":4}}]}}},"/Users/okuni/projects/coz/lib/bud/bud_loader.js":{"path":"/Users/okuni/projects/coz/lib/bud/bud_loader.js","s":{"1":1,"2":1,"3":3,"4":1,"5":2,"6":2,"7":2,"8":2,"9":2,"10":2,"11":2,"12":2,"13":2,"14":2,"15":2,"16":2,"17":2,"18":2,"19":2,"20":2,"21":2,"22":0,"23":2,"24":2,"25":2,"26":2,"27":3,"28":3,"29":3,"30":1,"31":1,"32":1,"33":1,"34":1,"35":1,"36":1,"37":2,"38":2,"39":2,"40":2,"41":2,"42":2,"43":2,"44":2,"45":0,"46":2,"47":2,"48":2,"49":2,"50":1},"b":{"1":[2,0],"2":[2,0],"3":[1,2],"4":[2,0],"5":[2,0],"6":[2,0,0]},"f":{"1":3,"2":2,"3":2,"4":2,"5":2,"6":2,"7":2,"8":2,"9":2,"10":2,"11":2,"12":2,"13":3,"14":3,"15":1,"16":1,"17":2,"18":2,"19":0,"20":2,"21":2},"fnMap":{"1":{"name":"BudLoader","line":21,"loc":{"start":{"line":21,"column":0},"end":{"line":21,"column":21}}},"2":{"name":"(anonymous_2)","line":31,"loc":{"start":{"line":31,"column":10},"end":{"line":31,"column":35}}},"3":{"name":"requireBud","line":35,"loc":{"start":{"line":35,"column":12},"end":{"line":35,"column":42}}},"4":{"name":"evaluateBud","line":38,"loc":{"start":{"line":38,"column":12},"end":{"line":38,"column":48}}},"5":{"name":"makeupBud","line":41,"loc":{"start":{"line":41,"column":12},"end":{"line":41,"column":46}}},"6":{"name":"convertBud","line":44,"loc":{"start":{"line":44,"column":12},"end":{"line":44,"column":47}}},"7":{"name":"(anonymous_7)","line":55,"loc":{"start":{"line":55,"column":17},"end":{"line":55,"column":42}}},"8":{"name":"(anonymous_8)","line":57,"loc":{"start":{"line":57,"column":25},"end":{"line":57,"column":50}}},"9":{"name":"(anonymous_9)","line":60,"loc":{"start":{"line":60,"column":16},"end":{"line":60,"column":36}}},"10":{"name":"(anonymous_10)","line":62,"loc":{"start":{"line":62,"column":40},"end":{"line":62,"column":58}}},"11":{"name":"(anonymous_11)","line":66,"loc":{"start":{"line":66,"column":16},"end":{"line":66,"column":32}}},"12":{"name":"(anonymous_12)","line":73,"loc":{"start":{"line":73,"column":49},"end":{"line":73,"column":64}}},"13":{"name":"(anonymous_13)","line":89,"loc":{"start":{"line":89,"column":18},"end":{"line":89,"column":43}}},"14":{"name":"(anonymous_14)","line":91,"loc":{"start":{"line":91,"column":25},"end":{"line":91,"column":50}}},"15":{"name":"(anonymous_15)","line":95,"loc":{"start":{"line":95,"column":25},"end":{"line":95,"column":45}}},"16":{"name":"(anonymous_16)","line":96,"loc":{"start":{"line":96,"column":49},"end":{"line":96,"column":64}}},"17":{"name":"(anonymous_17)","line":115,"loc":{"start":{"line":115,"column":16},"end":{"line":115,"column":41}}},"18":{"name":"(anonymous_18)","line":117,"loc":{"start":{"line":117,"column":25},"end":{"line":117,"column":50}}},"19":{"name":"(anonymous_19)","line":124,"loc":{"start":{"line":124,"column":24},"end":{"line":124,"column":40}}},"20":{"name":"(anonymous_20)","line":137,"loc":{"start":{"line":137,"column":17},"end":{"line":137,"column":42}}},"21":{"name":"(anonymous_21)","line":139,"loc":{"start":{"line":139,"column":25},"end":{"line":139,"column":51}}}},"statementMap":{"1":{"start":{"line":10,"column":0},"end":{"line":18,"column":27}},"2":{"start":{"line":21,"column":0},"end":{"line":23,"column":1}},"3":{"start":{"line":22,"column":4},"end":{"line":22,"column":17}},"4":{"start":{"line":25,"column":0},"end":{"line":143,"column":2}},"5":{"start":{"line":32,"column":8},"end":{"line":32,"column":21}},"6":{"start":{"line":33,"column":8},"end":{"line":33,"column":42}},"7":{"start":{"line":34,"column":8},"end":{"line":47,"column":21}},"8":{"start":{"line":36,"column":16},"end":{"line":36,"column":45}},"9":{"start":{"line":39,"column":16},"end":{"line":39,"column":46}},"10":{"start":{"line":42,"column":16},"end":{"line":42,"column":44}},"11":{"start":{"line":45,"column":16},"end":{"line":45,"column":45}},"12":{"start":{"line":56,"column":8},"end":{"line":56,"column":21}},"13":{"start":{"line":57,"column":8},"end":{"line":81,"column":21}},"14":{"start":{"line":58,"column":12},"end":{"line":58,"column":37}},"15":{"start":{"line":59,"column":12},"end":{"line":80,"column":25}},"16":{"start":{"line":61,"column":20},"end":{"line":61,"column":53}},"17":{"start":{"line":62,"column":20},"end":{"line":64,"column":23}},"18":{"start":{"line":63,"column":24},"end":{"line":63,"column":64}},"19":{"start":{"line":67,"column":20},"end":{"line":67,"column":35}},"20":{"start":{"line":68,"column":20},"end":{"line":78,"column":21}},"21":{"start":{"line":69,"column":24},"end":{"line":69,"column":44}},"22":{"start":{"line":71,"column":24},"end":{"line":71,"column":54}},"23":{"start":{"line":73,"column":24},"end":{"line":76,"column":27}},"24":{"start":{"line":74,"column":28},"end":{"line":74,"column":56}},"25":{"start":{"line":75,"column":28},"end":{"line":75,"column":38}},"26":{"start":{"line":77,"column":24},"end":{"line":77,"column":43}},"27":{"start":{"line":90,"column":8},"end":{"line":90,"column":21}},"28":{"start":{"line":91,"column":8},"end":{"line":107,"column":21}},"29":{"start":{"line":92,"column":12},"end":{"line":106,"column":13}},"30":{"start":{"line":94,"column":20},"end":{"line":94,"column":35}},"31":{"start":{"line":95,"column":20},"end":{"line":101,"column":23}},"32":{"start":{"line":96,"column":24},"end":{"line":99,"column":27}},"33":{"start":{"line":97,"column":28},"end":{"line":97,"column":60}},"34":{"start":{"line":98,"column":28},"end":{"line":98,"column":39}},"35":{"start":{"line":100,"column":24},"end":{"line":100,"column":42}},"36":{"start":{"line":102,"column":20},"end":{"line":102,"column":26}},"37":{"start":{"line":104,"column":20},"end":{"line":104,"column":40}},"38":{"start":{"line":105,"column":20},"end":{"line":105,"column":26}},"39":{"start":{"line":116,"column":8},"end":{"line":116,"column":21}},"40":{"start":{"line":117,"column":8},"end":{"line":129,"column":21}},"41":{"start":{"line":118,"column":12},"end":{"line":120,"column":65}},"42":{"start":{"line":121,"column":12},"end":{"line":121,"column":89}},"43":{"start":{"line":122,"column":12},"end":{"line":122,"column":30}},"44":{"start":{"line":123,"column":12},"end":{"line":127,"column":35}},"45":{"start":{"line":125,"column":20},"end":{"line":125,"column":40}},"46":{"start":{"line":128,"column":12},"end":{"line":128,"column":32}},"47":{"start":{"line":138,"column":8},"end":{"line":138,"column":21}},"48":{"start":{"line":139,"column":8},"end":{"line":141,"column":21}},"49":{"start":{"line":140,"column":12},"end":{"line":140,"column":42}},"50":{"start":{"line":145,"column":0},"end":{"line":145,"column":27}}},"branchMap":{"1":{"line":58,"type":"binary-expr","locations":[{"start":{"line":58,"column":22},"end":{"line":58,"column":29}},{"start":{"line":58,"column":33},"end":{"line":58,"column":36}}]},"2":{"line":63,"type":"cond-expr","locations":[{"start":{"line":63,"column":48},"end":{"line":63,"column":56}},{"start":{"line":63,"column":59},"end":{"line":63,"column":62}}]},"3":{"line":92,"type":"switch","locations":[{"start":{"line":93,"column":16},"end":{"line":102,"column":26}},{"start":{"line":103,"column":16},"end":{"line":105,"column":26}}]},"4":{"line":118,"type":"binary-expr","locations":[{"start":{"line":118,"column":35},"end":{"line":118,"column":42}},{"start":{"line":118,"column":46},"end":{"line":118,"column":49}}]},"5":{"line":121,"type":"binary-expr","locations":[{"start":{"line":121,"column":45},"end":{"line":121,"column":53}},{"start":{"line":121,"column":57},"end":{"line":121,"column":87}}]},"6":{"line":123,"type":"binary-expr","locations":[{"start":{"line":123,"column":23},"end":{"line":123,"column":31}},{"start":{"line":123,"column":35},"end":{"line":127,"column":24}},{"start":{"line":127,"column":28},"end":{"line":127,"column":34}}]}}},"/Users/okuni/projects/coz/lib/bud/_concat_buds.js":{"path":"/Users/okuni/projects/coz/lib/bud/_concat_buds.js","s":{"1":1,"2":1,"3":31,"4":1},"b":{},"f":{"1":31},"fnMap":{"1":{"name":"_concatBuds","line":17,"loc":{"start":{"line":17,"column":0},"end":{"line":17,"column":48}}}},"statementMap":{"1":{"start":{"line":12,"column":0},"end":{"line":14,"column":22}},"2":{"start":{"line":17,"column":0},"end":{"line":19,"column":1}},"3":{"start":{"line":18,"column":4},"end":{"line":18,"column":61}},"4":{"start":{"line":21,"column":0},"end":{"line":21,"column":29}}},"branchMap":{}},"/Users/okuni/projects/coz/lib/bud/bud.js":{"path":"/Users/okuni/projects/coz/lib/bud/bud.js","s":{"1":1,"2":1,"3":11,"4":11,"5":11,"6":11,"7":1,"8":11,"9":1,"10":121,"11":36,"12":85,"13":11,"14":11,"15":11,"16":11,"17":11,"18":11,"19":11,"20":11,"21":11,"22":11,"23":11,"24":1,"25":8,"26":2,"27":8,"28":1},"b":{"1":[36,85],"2":[2,6]},"f":{"1":11,"2":11,"3":121,"4":8},"fnMap":{"1":{"name":"Bud","line":25,"loc":{"start":{"line":25,"column":0},"end":{"line":25,"column":21}}},"2":{"name":"(anonymous_2)","line":92,"loc":{"start":{"line":92,"column":14},"end":{"line":92,"column":26}}},"3":{"name":"_assertType","line":95,"loc":{"start":{"line":95,"column":8},"end":{"line":95,"column":48}}},"4":{"name":"(anonymous_4)","line":121,"loc":{"start":{"line":121,"column":10},"end":{"line":121,"column":28}}}},"statementMap":{"1":{"start":{"line":20,"column":0},"end":{"line":22,"column":25}},"2":{"start":{"line":25,"column":0},"end":{"line":30,"column":1}},"3":{"start":{"line":26,"column":4},"end":{"line":26,"column":17}},"4":{"start":{"line":27,"column":4},"end":{"line":27,"column":28}},"5":{"start":{"line":28,"column":4},"end":{"line":28,"column":42}},"6":{"start":{"line":29,"column":4},"end":{"line":29,"column":17}},"7":{"start":{"line":32,"column":0},"end":{"line":114,"column":2}},"8":{"start":{"line":93,"column":8},"end":{"line":93,"column":21}},"9":{"start":{"line":95,"column":8},"end":{"line":100,"column":9}},"10":{"start":{"line":96,"column":12},"end":{"line":98,"column":13}},"11":{"start":{"line":97,"column":16},"end":{"line":97,"column":23}},"12":{"start":{"line":99,"column":12},"end":{"line":99,"column":57}},"13":{"start":{"line":102,"column":8},"end":{"line":102,"column":91}},"14":{"start":{"line":103,"column":8},"end":{"line":103,"column":68}},"15":{"start":{"line":104,"column":8},"end":{"line":104,"column":70}},"16":{"start":{"line":105,"column":8},"end":{"line":105,"column":72}},"17":{"start":{"line":106,"column":8},"end":{"line":106,"column":76}},"18":{"start":{"line":107,"column":8},"end":{"line":107,"column":72}},"19":{"start":{"line":108,"column":8},"end":{"line":108,"column":74}},"20":{"start":{"line":109,"column":8},"end":{"line":109,"column":87}},"21":{"start":{"line":110,"column":8},"end":{"line":110,"column":70}},"22":{"start":{"line":111,"column":8},"end":{"line":111,"column":68}},"23":{"start":{"line":112,"column":8},"end":{"line":112,"column":91}},"24":{"start":{"line":121,"column":0},"end":{"line":126,"column":2}},"25":{"start":{"line":122,"column":4},"end":{"line":124,"column":5}},"26":{"start":{"line":123,"column":8},"end":{"line":123,"column":31}},"27":{"start":{"line":125,"column":4},"end":{"line":125,"column":27}},"28":{"start":{"line":129,"column":0},"end":{"line":129,"column":21}}},"branchMap":{"1":{"line":96,"type":"if","locations":[{"start":{"line":96,"column":12},"end":{"line":96,"column":12}},{"start":{"line":96,"column":12},"end":{"line":96,"column":12}}]},"2":{"line":122,"type":"if","locations":[{"start":{"line":122,"column":4},"end":{"line":122,"column":4}},{"start":{"line":122,"column":4},"end":{"line":122,"column":4}}]}}},"/Users/okuni/projects/coz/lib/bud/bud_compiler.js":{"path":"/Users/okuni/projects/coz/lib/bud/bud_compiler.js","s":{"1":1,"2":1,"3":6,"4":6,"5":6,"6":6,"7":1,"8":2,"9":2,"10":2,"11":2,"12":2,"13":2,"14":2,"15":2,"16":2,"17":2,"18":2,"19":2,"20":2,"21":2,"22":2,"23":2,"24":2,"25":4,"26":4,"27":4,"28":4,"29":4,"30":2,"31":4,"32":1,"33":1,"34":3,"35":3,"36":1,"37":1,"38":1,"39":1,"40":1,"41":1,"42":2,"43":2,"44":3,"45":3,"46":3,"47":3,"48":3,"49":2,"50":2,"51":2,"52":3,"53":1,"54":1,"55":2,"56":2,"57":3,"58":3,"59":3,"60":3,"61":3,"62":3,"63":2,"64":2,"65":1,"66":1,"67":3,"68":3,"69":1},"b":{"1":[6,5],"2":[6,5],"3":[6,6],"4":[2,0],"5":[2,2],"6":[1,3],"7":[1,2],"8":[1,0],"9":[1,1],"10":[2,1],"11":[2,2],"12":[1,2],"13":[2,1]},"f":{"1":6,"2":2,"3":2,"4":2,"5":2,"6":2,"7":2,"8":2,"9":2,"10":2,"11":2,"12":4,"13":4,"14":1,"15":3,"16":3,"17":3,"18":3,"19":3,"20":3},"fnMap":{"1":{"name":"BudCompiler","line":24,"loc":{"start":{"line":24,"column":0},"end":{"line":24,"column":29}}},"2":{"name":"(anonymous_2)","line":37,"loc":{"start":{"line":37,"column":13},"end":{"line":37,"column":38}}},"3":{"name":"(anonymous_3)","line":41,"loc":{"start":{"line":41,"column":12},"end":{"line":41,"column":32}}},"4":{"name":"(anonymous_4)","line":44,"loc":{"start":{"line":44,"column":12},"end":{"line":44,"column":37}}},"5":{"name":"(anonymous_5)","line":47,"loc":{"start":{"line":47,"column":12},"end":{"line":47,"column":37}}},"6":{"name":"(anonymous_6)","line":50,"loc":{"start":{"line":50,"column":12},"end":{"line":50,"column":37}}},"7":{"name":"(anonymous_7)","line":53,"loc":{"start":{"line":53,"column":12},"end":{"line":53,"column":37}}},"8":{"name":"(anonymous_8)","line":55,"loc":{"start":{"line":55,"column":39},"end":{"line":55,"column":59}}},"9":{"name":"(anonymous_9)","line":59,"loc":{"start":{"line":59,"column":11},"end":{"line":59,"column":31}}},"10":{"name":"(anonymous_10)","line":69,"loc":{"start":{"line":69,"column":21},"end":{"line":69,"column":46}}},"11":{"name":"(anonymous_11)","line":71,"loc":{"start":{"line":71,"column":25},"end":{"line":71,"column":50}}},"12":{"name":"(anonymous_12)","line":88,"loc":{"start":{"line":88,"column":21},"end":{"line":88,"column":46}}},"13":{"name":"(anonymous_13)","line":90,"loc":{"start":{"line":90,"column":25},"end":{"line":90,"column":50}}},"14":{"name":"(anonymous_14)","line":103,"loc":{"start":{"line":103,"column":35},"end":{"line":103,"column":56}}},"15":{"name":"(anonymous_15)","line":122,"loc":{"start":{"line":122,"column":23},"end":{"line":122,"column":48}}},"16":{"name":"(anonymous_16)","line":124,"loc":{"start":{"line":124,"column":25},"end":{"line":124,"column":50}}},"17":{"name":"(anonymous_17)","line":146,"loc":{"start":{"line":146,"column":21},"end":{"line":146,"column":46}}},"18":{"name":"(anonymous_18)","line":149,"loc":{"start":{"line":149,"column":25},"end":{"line":149,"column":50}}},"19":{"name":"(anonymous_19)","line":153,"loc":{"start":{"line":153,"column":16},"end":{"line":153,"column":36}}},"20":{"name":"(anonymous_20)","line":164,"loc":{"start":{"line":164,"column":15},"end":{"line":164,"column":36}}}},"statementMap":{"1":{"start":{"line":13,"column":0},"end":{"line":21,"column":38}},"2":{"start":{"line":24,"column":0},"end":{"line":29,"column":1}},"3":{"start":{"line":25,"column":4},"end":{"line":25,"column":26}},"4":{"start":{"line":26,"column":4},"end":{"line":26,"column":17}},"5":{"start":{"line":27,"column":4},"end":{"line":27,"column":63}},"6":{"start":{"line":28,"column":4},"end":{"line":28,"column":57}},"7":{"start":{"line":31,"column":0},"end":{"line":170,"column":2}},"8":{"start":{"line":38,"column":8},"end":{"line":38,"column":21}},"9":{"start":{"line":39,"column":8},"end":{"line":39,"column":42}},"10":{"start":{"line":40,"column":8},"end":{"line":61,"column":11}},"11":{"start":{"line":42,"column":16},"end":{"line":42,"column":36}},"12":{"start":{"line":45,"column":16},"end":{"line":45,"column":49}},"13":{"start":{"line":48,"column":16},"end":{"line":48,"column":49}},"14":{"start":{"line":51,"column":16},"end":{"line":51,"column":51}},"15":{"start":{"line":54,"column":16},"end":{"line":54,"column":37}},"16":{"start":{"line":55,"column":16},"end":{"line":57,"column":19}},"17":{"start":{"line":56,"column":20},"end":{"line":56,"column":39}},"18":{"start":{"line":60,"column":12},"end":{"line":60,"column":31}},"19":{"start":{"line":70,"column":8},"end":{"line":70,"column":21}},"20":{"start":{"line":71,"column":8},"end":{"line":80,"column":21}},"21":{"start":{"line":72,"column":12},"end":{"line":72,"column":38}},"22":{"start":{"line":73,"column":12},"end":{"line":77,"column":14}},"23":{"start":{"line":78,"column":12},"end":{"line":78,"column":28}},"24":{"start":{"line":79,"column":12},"end":{"line":79,"column":32}},"25":{"start":{"line":89,"column":8},"end":{"line":89,"column":21}},"26":{"start":{"line":90,"column":8},"end":{"line":114,"column":21}},"27":{"start":{"line":91,"column":12},"end":{"line":91,"column":32}},"28":{"start":{"line":92,"column":12},"end":{"line":92,"column":55}},"29":{"start":{"line":93,"column":12},"end":{"line":95,"column":13}},"30":{"start":{"line":94,"column":16},"end":{"line":94,"column":32}},"31":{"start":{"line":96,"column":12},"end":{"line":99,"column":13}},"32":{"start":{"line":97,"column":16},"end":{"line":97,"column":83}},"33":{"start":{"line":98,"column":16},"end":{"line":98,"column":23}},"34":{"start":{"line":100,"column":12},"end":{"line":100,"column":53}},"35":{"start":{"line":101,"column":12},"end":{"line":113,"column":13}},"36":{"start":{"line":102,"column":16},"end":{"line":102,"column":54}},"37":{"start":{"line":103,"column":16},"end":{"line":109,"column":19}},"38":{"start":{"line":104,"column":20},"end":{"line":106,"column":21}},"39":{"start":{"line":105,"column":24},"end":{"line":105,"column":36}},"40":{"start":{"line":107,"column":20},"end":{"line":107,"column":36}},"41":{"start":{"line":108,"column":20},"end":{"line":108,"column":40}},"42":{"start":{"line":111,"column":16},"end":{"line":111,"column":32}},"43":{"start":{"line":112,"column":16},"end":{"line":112,"column":36}},"44":{"start":{"line":123,"column":8},"end":{"line":123,"column":21}},"45":{"start":{"line":124,"column":8},"end":{"line":138,"column":21}},"46":{"start":{"line":125,"column":12},"end":{"line":125,"column":36}},"47":{"start":{"line":126,"column":12},"end":{"line":126,"column":59}},"48":{"start":{"line":127,"column":12},"end":{"line":131,"column":13}},"49":{"start":{"line":128,"column":16},"end":{"line":128,"column":44}},"50":{"start":{"line":129,"column":16},"end":{"line":129,"column":40}},"51":{"start":{"line":130,"column":16},"end":{"line":130,"column":43}},"52":{"start":{"line":132,"column":12},"end":{"line":135,"column":13}},"53":{"start":{"line":133,"column":16},"end":{"line":133,"column":83}},"54":{"start":{"line":134,"column":16},"end":{"line":134,"column":23}},"55":{"start":{"line":136,"column":12},"end":{"line":136,"column":32}},"56":{"start":{"line":137,"column":12},"end":{"line":137,"column":32}},"57":{"start":{"line":147,"column":8},"end":{"line":147,"column":21}},"58":{"start":{"line":148,"column":8},"end":{"line":148,"column":31}},"59":{"start":{"line":149,"column":8},"end":{"line":168,"column":21}},"60":{"start":{"line":150,"column":12},"end":{"line":151,"column":36}},"61":{"start":{"line":152,"column":12},"end":{"line":167,"column":15}},"62":{"start":{"line":154,"column":20},"end":{"line":162,"column":21}},"63":{"start":{"line":157,"column":28},"end":{"line":157,"column":49}},"64":{"start":{"line":158,"column":28},"end":{"line":158,"column":34}},"65":{"start":{"line":160,"column":28},"end":{"line":160,"column":59}},"66":{"start":{"line":161,"column":28},"end":{"line":161,"column":34}},"67":{"start":{"line":165,"column":16},"end":{"line":165,"column":32}},"68":{"start":{"line":166,"column":16},"end":{"line":166,"column":35}},"69":{"start":{"line":172,"column":0},"end":{"line":172,"column":29}}},"branchMap":{"1":{"line":25,"type":"binary-expr","locations":[{"start":{"line":25,"column":13},"end":{"line":25,"column":19}},{"start":{"line":25,"column":23},"end":{"line":25,"column":25}}]},"2":{"line":27,"type":"binary-expr","locations":[{"start":{"line":27,"column":18},"end":{"line":27,"column":34}},{"start":{"line":27,"column":38},"end":{"line":27,"column":62}}]},"3":{"line":28,"type":"binary-expr","locations":[{"start":{"line":28,"column":16},"end":{"line":28,"column":30}},{"start":{"line":28,"column":34},"end":{"line":28,"column":56}}]},"4":{"line":72,"type":"binary-expr","locations":[{"start":{"line":72,"column":23},"end":{"line":72,"column":31}},{"start":{"line":72,"column":35},"end":{"line":72,"column":37}}]},"5":{"line":93,"type":"if","locations":[{"start":{"line":93,"column":12},"end":{"line":93,"column":12}},{"start":{"line":93,"column":12},"end":{"line":93,"column":12}}]},"6":{"line":96,"type":"if","locations":[{"start":{"line":96,"column":12},"end":{"line":96,"column":12}},{"start":{"line":96,"column":12},"end":{"line":96,"column":12}}]},"7":{"line":101,"type":"if","locations":[{"start":{"line":101,"column":12},"end":{"line":101,"column":12}},{"start":{"line":101,"column":12},"end":{"line":101,"column":12}}]},"8":{"line":104,"type":"if","locations":[{"start":{"line":104,"column":20},"end":{"line":104,"column":20}},{"start":{"line":104,"column":20},"end":{"line":104,"column":20}}]},"9":{"line":104,"type":"binary-expr","locations":[{"start":{"line":104,"column":24},"end":{"line":104,"column":28}},{"start":{"line":104,"column":32},"end":{"line":104,"column":36}}]},"10":{"line":127,"type":"if","locations":[{"start":{"line":127,"column":12},"end":{"line":127,"column":12}},{"start":{"line":127,"column":12},"end":{"line":127,"column":12}}]},"11":{"line":128,"type":"binary-expr","locations":[{"start":{"line":128,"column":28},"end":{"line":128,"column":37}},{"start":{"line":128,"column":41},"end":{"line":128,"column":43}}]},"12":{"line":132,"type":"if","locations":[{"start":{"line":132,"column":12},"end":{"line":132,"column":12}},{"start":{"line":132,"column":12},"end":{"line":132,"column":12}}]},"13":{"line":154,"type":"switch","locations":[{"start":{"line":155,"column":24},"end":{"line":158,"column":34}},{"start":{"line":159,"column":24},"end":{"line":161,"column":34}}]}}},"/Users/okuni/projects/coz/lib/template/index.js":{"path":"/Users/okuni/projects/coz/lib/template/index.js","s":{"1":1,"2":1,"3":1,"4":6,"5":1,"6":7},"b":{},"f":{"1":1,"2":1,"3":6,"4":1,"5":7},"fnMap":{"1":{"name":"(anonymous_1)","line":15,"loc":{"start":{"line":15,"column":22},"end":{"line":15,"column":25}}},"2":{"name":"(anonymous_2)","line":20,"loc":{"start":{"line":20,"column":20},"end":{"line":20,"column":23}}},"3":{"name":"(anonymous_3)","line":25,"loc":{"start":{"line":25,"column":17},"end":{"line":25,"column":20}}},"4":{"name":"(anonymous_4)","line":30,"loc":{"start":{"line":30,"column":14},"end":{"line":30,"column":17}}},"5":{"name":"(anonymous_5)","line":35,"loc":{"start":{"line":35,"column":15},"end":{"line":35,"column":18}}}},"statementMap":{"1":{"start":{"line":10,"column":0},"end":{"line":36,"column":2}},"2":{"start":{"line":15,"column":27},"end":{"line":15,"column":63}},"3":{"start":{"line":20,"column":25},"end":{"line":20,"column":59}},"4":{"start":{"line":25,"column":22},"end":{"line":25,"column":53}},"5":{"start":{"line":30,"column":19},"end":{"line":30,"column":46}},"6":{"start":{"line":35,"column":20},"end":{"line":35,"column":49}}},"branchMap":{}},"/Users/okuni/projects/coz/lib/bud/bud_writer.js":{"path":"/Users/okuni/projects/coz/lib/bud/bud_writer.js","s":{"1":1,"2":1,"3":6,"4":1,"5":2,"6":2,"7":2,"8":2,"9":2,"10":2,"11":3,"12":3,"13":3,"14":3,"15":3,"16":1,"17":3,"18":3,"19":4,"20":4,"21":4,"22":4,"23":4,"24":4,"25":1,"26":1,"27":1,"28":3,"29":3,"30":2,"31":2,"32":1,"33":1,"34":3,"35":3,"36":3,"37":3,"38":2,"39":2,"40":1,"41":1,"42":1,"43":1,"44":1},"b":{"1":[3,2],"2":[4,4],"3":[1,3],"4":[3,2],"5":[2,1],"6":[2,1]},"f":{"1":6,"2":2,"3":2,"4":2,"5":2,"6":3,"7":3,"8":4,"9":4,"10":4,"11":3,"12":3,"13":1},"fnMap":{"1":{"name":"BudWriter","line":21,"loc":{"start":{"line":21,"column":0},"end":{"line":21,"column":21}}},"2":{"name":"(anonymous_2)","line":31,"loc":{"start":{"line":31,"column":11},"end":{"line":31,"column":36}}},"3":{"name":"(anonymous_3)","line":35,"loc":{"start":{"line":35,"column":12},"end":{"line":35,"column":32}}},"4":{"name":"(anonymous_4)","line":38,"loc":{"start":{"line":38,"column":12},"end":{"line":38,"column":37}}},"5":{"name":"(anonymous_5)","line":41,"loc":{"start":{"line":41,"column":12},"end":{"line":41,"column":37}}},"6":{"name":"(anonymous_6)","line":52,"loc":{"start":{"line":52,"column":19},"end":{"line":52,"column":44}}},"7":{"name":"(anonymous_7)","line":54,"loc":{"start":{"line":54,"column":25},"end":{"line":54,"column":50}}},"8":{"name":"(anonymous_8)","line":72,"loc":{"start":{"line":72,"column":19},"end":{"line":72,"column":44}}},"9":{"name":"(anonymous_9)","line":74,"loc":{"start":{"line":74,"column":25},"end":{"line":74,"column":50}}},"10":{"name":"(anonymous_10)","line":76,"loc":{"start":{"line":76,"column":36},"end":{"line":76,"column":61}}},"11":{"name":"(anonymous_11)","line":100,"loc":{"start":{"line":100,"column":18},"end":{"line":100,"column":43}}},"12":{"name":"(anonymous_12)","line":102,"loc":{"start":{"line":102,"column":25},"end":{"line":102,"column":50}}},"13":{"name":"(anonymous_13)","line":113,"loc":{"start":{"line":113,"column":15},"end":{"line":113,"column":30}}}},"statementMap":{"1":{"start":{"line":10,"column":0},"end":{"line":18,"column":38}},"2":{"start":{"line":21,"column":0},"end":{"line":23,"column":1}},"3":{"start":{"line":22,"column":4},"end":{"line":22,"column":17}},"4":{"start":{"line":25,"column":0},"end":{"line":119,"column":2}},"5":{"start":{"line":32,"column":8},"end":{"line":32,"column":21}},"6":{"start":{"line":33,"column":8},"end":{"line":33,"column":42}},"7":{"start":{"line":34,"column":8},"end":{"line":44,"column":21}},"8":{"start":{"line":36,"column":16},"end":{"line":36,"column":47}},"9":{"start":{"line":39,"column":16},"end":{"line":39,"column":47}},"10":{"start":{"line":42,"column":16},"end":{"line":42,"column":46}},"11":{"start":{"line":53,"column":8},"end":{"line":53,"column":21}},"12":{"start":{"line":54,"column":8},"end":{"line":64,"column":21}},"13":{"start":{"line":55,"column":12},"end":{"line":55,"column":27}},"14":{"start":{"line":56,"column":12},"end":{"line":63,"column":13}},"15":{"start":{"line":57,"column":16},"end":{"line":57,"column":47}},"16":{"start":{"line":59,"column":16},"end":{"line":59,"column":87}},"17":{"start":{"line":61,"column":16},"end":{"line":61,"column":30}},"18":{"start":{"line":62,"column":16},"end":{"line":62,"column":37}},"19":{"start":{"line":73,"column":8},"end":{"line":73,"column":21}},"20":{"start":{"line":74,"column":8},"end":{"line":92,"column":21}},"21":{"start":{"line":75,"column":12},"end":{"line":75,"column":36}},"22":{"start":{"line":76,"column":12},"end":{"line":91,"column":15}},"23":{"start":{"line":77,"column":16},"end":{"line":77,"column":53}},"24":{"start":{"line":78,"column":16},"end":{"line":82,"column":17}},"25":{"start":{"line":79,"column":20},"end":{"line":79,"column":37}},"26":{"start":{"line":80,"column":20},"end":{"line":80,"column":40}},"27":{"start":{"line":81,"column":20},"end":{"line":81,"column":26}},"28":{"start":{"line":83,"column":16},"end":{"line":83,"column":52}},"29":{"start":{"line":84,"column":16},"end":{"line":90,"column":17}},"30":{"start":{"line":85,"column":20},"end":{"line":85,"column":36}},"31":{"start":{"line":86,"column":20},"end":{"line":86,"column":40}},"32":{"start":{"line":88,"column":20},"end":{"line":88,"column":68}},"33":{"start":{"line":89,"column":20},"end":{"line":89,"column":40}},"34":{"start":{"line":101,"column":8},"end":{"line":101,"column":21}},"35":{"start":{"line":102,"column":8},"end":{"line":117,"column":21}},"36":{"start":{"line":103,"column":12},"end":{"line":103,"column":32}},"37":{"start":{"line":104,"column":12},"end":{"line":107,"column":13}},"38":{"start":{"line":105,"column":16},"end":{"line":105,"column":36}},"39":{"start":{"line":106,"column":16},"end":{"line":106,"column":23}},"40":{"start":{"line":108,"column":12},"end":{"line":108,"column":36}},"41":{"start":{"line":109,"column":12},"end":{"line":116,"column":15}},"42":{"start":{"line":114,"column":16},"end":{"line":114,"column":36}},"43":{"start":{"line":115,"column":16},"end":{"line":115,"column":35}},"44":{"start":{"line":121,"column":0},"end":{"line":121,"column":27}}},"branchMap":{"1":{"line":57,"type":"binary-expr","locations":[{"start":{"line":57,"column":31},"end":{"line":57,"column":39}},{"start":{"line":57,"column":43},"end":{"line":57,"column":45}}]},"2":{"line":77,"type":"binary-expr","locations":[{"start":{"line":77,"column":31},"end":{"line":77,"column":36}},{"start":{"line":77,"column":42},"end":{"line":77,"column":51}}]},"3":{"line":78,"type":"if","locations":[{"start":{"line":78,"column":16},"end":{"line":78,"column":16}},{"start":{"line":78,"column":16},"end":{"line":78,"column":16}}]},"4":{"line":83,"type":"binary-expr","locations":[{"start":{"line":83,"column":27},"end":{"line":83,"column":37}},{"start":{"line":83,"column":41},"end":{"line":83,"column":51}}]},"5":{"line":84,"type":"if","locations":[{"start":{"line":84,"column":16},"end":{"line":84,"column":16}},{"start":{"line":84,"column":16},"end":{"line":84,"column":16}}]},"6":{"line":104,"type":"if","locations":[{"start":{"line":104,"column":12},"end":{"line":104,"column":12}},{"start":{"line":104,"column":12},"end":{"line":104,"column":12}}]}}},"/Users/okuni/projects/coz/lib/bud/bud_logger.js":{"path":"/Users/okuni/projects/coz/lib/bud/bud_logger.js","s":{"1":1,"2":1,"3":1,"4":2,"5":2,"6":1,"7":1,"8":2,"9":2,"10":2,"11":1,"12":1,"13":1,"14":1,"15":1,"16":2,"17":1},"b":{"1":[1,1],"2":[1,0]},"f":{"1":2,"2":2,"3":2},"fnMap":{"1":{"name":"BudLogger","line":18,"loc":{"start":{"line":18,"column":0},"end":{"line":18,"column":28}}},"2":{"name":"(anonymous_2)","line":30,"loc":{"start":{"line":30,"column":26},"end":{"line":30,"column":51}}},"3":{"name":"(anonymous_3)","line":32,"loc":{"start":{"line":32,"column":27},"end":{"line":32,"column":42}}}},"statementMap":{"1":{"start":{"line":10,"column":0},"end":{"line":13,"column":22}},"2":{"start":{"line":15,"column":0},"end":{"line":15,"column":69}},"3":{"start":{"line":18,"column":0},"end":{"line":21,"column":1}},"4":{"start":{"line":19,"column":4},"end":{"line":19,"column":17}},"5":{"start":{"line":20,"column":4},"end":{"line":20,"column":24}},"6":{"start":{"line":23,"column":0},"end":{"line":23,"column":42}},"7":{"start":{"line":30,"column":0},"end":{"line":48,"column":2}},"8":{"start":{"line":31,"column":4},"end":{"line":31,"column":17}},"9":{"start":{"line":32,"column":4},"end":{"line":46,"column":7}},"10":{"start":{"line":33,"column":8},"end":{"line":35,"column":9}},"11":{"start":{"line":34,"column":12},"end":{"line":34,"column":19}},"12":{"start":{"line":36,"column":8},"end":{"line":36,"column":63}},"13":{"start":{"line":37,"column":8},"end":{"line":37,"column":47}},"14":{"start":{"line":38,"column":8},"end":{"line":45,"column":9}},"15":{"start":{"line":39,"column":12},"end":{"line":44,"column":15}},"16":{"start":{"line":47,"column":4},"end":{"line":47,"column":24}},"17":{"start":{"line":50,"column":0},"end":{"line":50,"column":27}}},"branchMap":{"1":{"line":33,"type":"if","locations":[{"start":{"line":33,"column":8},"end":{"line":33,"column":8}},{"start":{"line":33,"column":8},"end":{"line":33,"column":8}}]},"2":{"line":38,"type":"if","locations":[{"start":{"line":38,"column":8},"end":{"line":38,"column":8}},{"start":{"line":38,"column":8},"end":{"line":38,"column":8}}]}}},"/Users/okuni/projects/coz/lib/util/logging/console_logger.js":{"path":"/Users/okuni/projects/coz/lib/util/logging/console_logger.js","s":{"1":1,"2":1,"3":1,"4":9,"5":10,"6":2,"7":8,"8":1,"9":9,"10":9,"11":1,"12":9,"13":9,"14":1,"15":3,"16":3,"17":1,"18":2,"19":2,"20":1,"21":2,"22":2,"23":1,"24":1,"25":1,"26":1,"27":1,"28":1,"29":1},"b":{"1":[2,8],"2":[9,9],"3":[9,0]},"f":{"1":2,"2":9,"3":10,"4":9,"5":9,"6":3,"7":2,"8":2,"9":1,"10":1},"fnMap":{"1":{"name":"ConsoleLogger","line":14,"loc":{"start":{"line":14,"column":0},"end":{"line":14,"column":25}}},"2":{"name":"(anonymous_2)","line":22,"loc":{"start":{"line":22,"column":31},"end":{"line":22,"column":43}}},"3":{"name":"(anonymous_3)","line":24,"loc":{"start":{"line":24,"column":13},"end":{"line":24,"column":28}}},"4":{"name":"(anonymous_4)","line":40,"loc":{"start":{"line":40,"column":36},"end":{"line":40,"column":63}}},"5":{"name":"(anonymous_5)","line":53,"loc":{"start":{"line":53,"column":33},"end":{"line":53,"column":69}}},"6":{"name":"(anonymous_6)","line":63,"loc":{"start":{"line":63,"column":31},"end":{"line":63,"column":46}}},"7":{"name":"(anonymous_7)","line":72,"loc":{"start":{"line":72,"column":32},"end":{"line":72,"column":47}}},"8":{"name":"(anonymous_8)","line":81,"loc":{"start":{"line":81,"column":32},"end":{"line":81,"column":47}}},"9":{"name":"(anonymous_9)","line":90,"loc":{"start":{"line":90,"column":32},"end":{"line":90,"column":47}}},"10":{"name":"(anonymous_10)","line":99,"loc":{"start":{"line":99,"column":32},"end":{"line":99,"column":47}}}},"statementMap":{"1":{"start":{"line":10,"column":0},"end":{"line":11,"column":28}},"2":{"start":{"line":14,"column":0},"end":{"line":15,"column":1}},"3":{"start":{"line":22,"column":0},"end":{"line":31,"column":2}},"4":{"start":{"line":23,"column":4},"end":{"line":30,"column":19}},"5":{"start":{"line":25,"column":12},"end":{"line":27,"column":13}},"6":{"start":{"line":26,"column":16},"end":{"line":26,"column":52}},"7":{"start":{"line":28,"column":12},"end":{"line":28,"column":23}},"8":{"start":{"line":40,"column":0},"end":{"line":44,"column":2}},"9":{"start":{"line":41,"column":4},"end":{"line":42,"column":53}},"10":{"start":{"line":43,"column":4},"end":{"line":43,"column":46}},"11":{"start":{"line":53,"column":0},"end":{"line":57,"column":2}},"12":{"start":{"line":54,"column":4},"end":{"line":55,"column":40}},"13":{"start":{"line":56,"column":4},"end":{"line":56,"column":37}},"14":{"start":{"line":63,"column":0},"end":{"line":66,"column":2}},"15":{"start":{"line":64,"column":4},"end":{"line":64,"column":17}},"16":{"start":{"line":65,"column":4},"end":{"line":65,"column":46}},"17":{"start":{"line":72,"column":0},"end":{"line":75,"column":2}},"18":{"start":{"line":73,"column":4},"end":{"line":73,"column":17}},"19":{"start":{"line":74,"column":4},"end":{"line":74,"column":46}},"20":{"start":{"line":81,"column":0},"end":{"line":84,"column":2}},"21":{"start":{"line":82,"column":4},"end":{"line":82,"column":17}},"22":{"start":{"line":83,"column":4},"end":{"line":83,"column":46}},"23":{"start":{"line":90,"column":0},"end":{"line":93,"column":2}},"24":{"start":{"line":91,"column":4},"end":{"line":91,"column":17}},"25":{"start":{"line":92,"column":4},"end":{"line":92,"column":46}},"26":{"start":{"line":99,"column":0},"end":{"line":102,"column":2}},"27":{"start":{"line":100,"column":4},"end":{"line":100,"column":17}},"28":{"start":{"line":101,"column":4},"end":{"line":101,"column":48}},"29":{"start":{"line":105,"column":0},"end":{"line":105,"column":31}}},"branchMap":{"1":{"line":25,"type":"if","locations":[{"start":{"line":25,"column":12},"end":{"line":25,"column":12}},{"start":{"line":25,"column":12},"end":{"line":25,"column":12}}]},"2":{"line":42,"type":"binary-expr","locations":[{"start":{"line":42,"column":20},"end":{"line":42,"column":29}},{"start":{"line":42,"column":33},"end":{"line":42,"column":52}}]},"3":{"line":43,"type":"cond-expr","locations":[{"start":{"line":43,"column":23},"end":{"line":43,"column":38}},{"start":{"line":43,"column":41},"end":{"line":43,"column":45}}]}}},"/Users/okuni/projects/coz/lib/template/buildin_engines/handlebars_engine.js":{"path":"/Users/okuni/projects/coz/lib/template/buildin_engines/handlebars_engine.js","s":{"1":1,"2":1,"3":8,"4":8,"5":8,"6":8,"7":1,"8":1,"9":1,"10":1,"11":1,"12":1,"13":120,"14":120,"15":120,"16":120,"17":17,"18":17,"19":119,"20":119,"21":17,"22":3,"23":3,"24":3,"25":3,"26":1,"27":1,"28":2,"29":1,"30":2,"31":2,"32":2,"33":2,"34":26,"35":26,"36":2,"37":1,"38":2,"39":1,"40":7,"41":1,"42":1,"43":1,"44":0,"45":0,"46":0,"47":0,"48":0,"49":0,"50":2,"51":5,"52":1,"53":2,"54":1,"55":1,"56":1,"57":0,"58":0,"59":1},"b":{"1":[8,2],"2":[120,8],"3":[17,6],"4":[2,0],"5":[1,1,0],"6":[0,0],"7":[0,0],"8":[0,0,0,0],"9":[0,0]},"f":{"1":8,"2":1,"3":1,"4":1,"5":1,"6":120,"7":17,"8":3,"9":2,"10":26,"11":2,"12":1,"13":7,"14":1,"15":1,"16":1,"17":0,"18":2,"19":5,"20":1,"21":2,"22":1,"23":1,"24":0},"fnMap":{"1":{"name":"(anonymous_1)","line":33,"loc":{"start":{"line":33,"column":14},"end":{"line":33,"column":33}}},"2":{"name":"(anonymous_2)","line":39,"loc":{"start":{"line":39,"column":20},"end":{"line":39,"column":48}}},"3":{"name":"(anonymous_3)","line":41,"loc":{"start":{"line":41,"column":24},"end":{"line":41,"column":36}}},"4":{"name":"(anonymous_4)","line":47,"loc":{"start":{"line":47,"column":17},"end":{"line":47,"column":45}}},"5":{"name":"(anonymous_5)","line":49,"loc":{"start":{"line":49,"column":24},"end":{"line":49,"column":36}}},"6":{"name":"(anonymous_6)","line":66,"loc":{"start":{"line":66,"column":24},"end":{"line":66,"column":48}}},"7":{"name":"(anonymous_7)","line":77,"loc":{"start":{"line":77,"column":25},"end":{"line":77,"column":44}}},"8":{"name":"(anonymous_8)","line":86,"loc":{"start":{"line":86,"column":19},"end":{"line":86,"column":45}}},"9":{"name":"(anonymous_9)","line":103,"loc":{"start":{"line":103,"column":36},"end":{"line":103,"column":48}}},"10":{"name":"(anonymous_10)","line":107,"loc":{"start":{"line":107,"column":37},"end":{"line":107,"column":53}}},"11":{"name":"(anonymous_11)","line":125,"loc":{"start":{"line":125,"column":14},"end":{"line":125,"column":31}}},"12":{"name":"(anonymous_12)","line":133,"loc":{"start":{"line":133,"column":12},"end":{"line":133,"column":29}}},"13":{"name":"(anonymous_13)","line":141,"loc":{"start":{"line":141,"column":15},"end":{"line":141,"column":32}}},"14":{"name":"(anonymous_14)","line":149,"loc":{"start":{"line":149,"column":13},"end":{"line":149,"column":30}}},"15":{"name":"(anonymous_15)","line":157,"loc":{"start":{"line":157,"column":13},"end":{"line":157,"column":30}}},"16":{"name":"(anonymous_16)","line":166,"loc":{"start":{"line":166,"column":13},"end":{"line":166,"column":30}}},"17":{"name":"(anonymous_17)","line":174,"loc":{"start":{"line":174,"column":10},"end":{"line":174,"column":27}}},"18":{"name":"(anonymous_18)","line":188,"loc":{"start":{"line":188,"column":15},"end":{"line":188,"column":32}}},"19":{"name":"(anonymous_19)","line":196,"loc":{"start":{"line":196,"column":15},"end":{"line":196,"column":32}}},"20":{"name":"(anonymous_20)","line":204,"loc":{"start":{"line":204,"column":16},"end":{"line":204,"column":33}}},"21":{"name":"(anonymous_21)","line":212,"loc":{"start":{"line":212,"column":18},"end":{"line":212,"column":35}}},"22":{"name":"(anonymous_22)","line":220,"loc":{"start":{"line":220,"column":16},"end":{"line":220,"column":33}}},"23":{"name":"(anonymous_23)","line":228,"loc":{"start":{"line":228,"column":15},"end":{"line":228,"column":32}}},"24":{"name":"(anonymous_24)","line":234,"loc":{"start":{"line":234,"column":39},"end":{"line":234,"column":54}}}},"statementMap":{"1":{"start":{"line":14,"column":0},"end":{"line":21,"column":48}},"2":{"start":{"line":24,"column":0},"end":{"line":97,"column":7}},"3":{"start":{"line":34,"column":12},"end":{"line":34,"column":25}},"4":{"start":{"line":35,"column":12},"end":{"line":35,"column":36}},"5":{"start":{"line":36,"column":12},"end":{"line":36,"column":63}},"6":{"start":{"line":37,"column":12},"end":{"line":37,"column":47}},"7":{"start":{"line":40,"column":12},"end":{"line":40,"column":25}},"8":{"start":{"line":41,"column":12},"end":{"line":45,"column":25}},"9":{"start":{"line":42,"column":16},"end":{"line":44,"column":19}},"10":{"start":{"line":48,"column":12},"end":{"line":48,"column":25}},"11":{"start":{"line":49,"column":12},"end":{"line":53,"column":25}},"12":{"start":{"line":50,"column":16},"end":{"line":52,"column":19}},"13":{"start":{"line":67,"column":12},"end":{"line":67,"column":25}},"14":{"start":{"line":68,"column":12},"end":{"line":68,"column":40}},"15":{"start":{"line":69,"column":12},"end":{"line":69,"column":37}},"16":{"start":{"line":70,"column":12},"end":{"line":70,"column":21}},"17":{"start":{"line":78,"column":12},"end":{"line":79,"column":51}},"18":{"start":{"line":80,"column":12},"end":{"line":83,"column":13}},"19":{"start":{"line":81,"column":16},"end":{"line":81,"column":36}},"20":{"start":{"line":82,"column":16},"end":{"line":82,"column":54}},"21":{"start":{"line":84,"column":12},"end":{"line":84,"column":21}},"22":{"start":{"line":87,"column":12},"end":{"line":87,"column":25}},"23":{"start":{"line":88,"column":12},"end":{"line":88,"column":23}},"24":{"start":{"line":89,"column":12},"end":{"line":94,"column":13}},"25":{"start":{"line":90,"column":16},"end":{"line":90,"column":38}},"26":{"start":{"line":92,"column":16},"end":{"line":92,"column":28}},"27":{"start":{"line":93,"column":16},"end":{"line":93,"column":23}},"28":{"start":{"line":95,"column":12},"end":{"line":95,"column":35}},"29":{"start":{"line":103,"column":0},"end":{"line":113,"column":2}},"30":{"start":{"line":104,"column":4},"end":{"line":104,"column":41}},"31":{"start":{"line":105,"column":4},"end":{"line":105,"column":50}},"32":{"start":{"line":106,"column":4},"end":{"line":111,"column":5}},"33":{"start":{"line":107,"column":8},"end":{"line":110,"column":11}},"34":{"start":{"line":108,"column":12},"end":{"line":108,"column":39}},"35":{"start":{"line":109,"column":12},"end":{"line":109,"column":52}},"36":{"start":{"line":112,"column":4},"end":{"line":112,"column":22}},"37":{"start":{"line":119,"column":0},"end":{"line":231,"column":2}},"38":{"start":{"line":126,"column":8},"end":{"line":126,"column":36}},"39":{"start":{"line":134,"column":8},"end":{"line":134,"column":33}},"40":{"start":{"line":142,"column":8},"end":{"line":142,"column":39}},"41":{"start":{"line":150,"column":8},"end":{"line":150,"column":35}},"42":{"start":{"line":158,"column":8},"end":{"line":158,"column":35}},"43":{"start":{"line":167,"column":8},"end":{"line":167,"column":69}},"44":{"start":{"line":175,"column":8},"end":{"line":175,"column":73}},"45":{"start":{"line":176,"column":8},"end":{"line":176,"column":52}},"46":{"start":{"line":177,"column":8},"end":{"line":177,"column":45}},"47":{"start":{"line":178,"column":8},"end":{"line":180,"column":9}},"48":{"start":{"line":179,"column":12},"end":{"line":179,"column":53}},"49":{"start":{"line":181,"column":8},"end":{"line":181,"column":18}},"50":{"start":{"line":189,"column":8},"end":{"line":189,"column":39}},"51":{"start":{"line":197,"column":8},"end":{"line":197,"column":39}},"52":{"start":{"line":205,"column":8},"end":{"line":205,"column":40}},"53":{"start":{"line":213,"column":8},"end":{"line":213,"column":42}},"54":{"start":{"line":221,"column":8},"end":{"line":221,"column":40}},"55":{"start":{"line":229,"column":8},"end":{"line":229,"column":39}},"56":{"start":{"line":234,"column":0},"end":{"line":238,"column":2}},"57":{"start":{"line":235,"column":4},"end":{"line":236,"column":62}},"58":{"start":{"line":237,"column":4},"end":{"line":237,"column":38}},"59":{"start":{"line":240,"column":0},"end":{"line":240,"column":34}}},"branchMap":{"1":{"line":35,"type":"binary-expr","locations":[{"start":{"line":35,"column":22},"end":{"line":35,"column":29}},{"start":{"line":35,"column":33},"end":{"line":35,"column":35}}]},"2":{"line":68,"type":"binary-expr","locations":[{"start":{"line":68,"column":24},"end":{"line":68,"column":33}},{"start":{"line":68,"column":37},"end":{"line":68,"column":39}}]},"3":{"line":79,"type":"binary-expr","locations":[{"start":{"line":79,"column":36},"end":{"line":79,"column":43}},{"start":{"line":79,"column":47},"end":{"line":79,"column":49}}]},"4":{"line":106,"type":"if","locations":[{"start":{"line":106,"column":4},"end":{"line":106,"column":4}},{"start":{"line":106,"column":4},"end":{"line":106,"column":4}}]},"5":{"line":167,"type":"binary-expr","locations":[{"start":{"line":167,"column":15},"end":{"line":167,"column":20}},{"start":{"line":167,"column":24},"end":{"line":167,"column":62}},{"start":{"line":167,"column":66},"end":{"line":167,"column":68}}]},"6":{"line":178,"type":"if","locations":[{"start":{"line":178,"column":8},"end":{"line":178,"column":8}},{"start":{"line":178,"column":8},"end":{"line":178,"column":8}}]},"7":{"line":235,"type":"binary-expr","locations":[{"start":{"line":235,"column":15},"end":{"line":235,"column":18}},{"start":{"line":235,"column":22},"end":{"line":235,"column":30}}]},"8":{"line":236,"type":"binary-expr","locations":[{"start":{"line":236,"column":16},"end":{"line":236,"column":20}},{"start":{"line":236,"column":24},"end":{"line":236,"column":33}},{"start":{"line":236,"column":37},"end":{"line":236,"column":55}},{"start":{"line":236,"column":59},"end":{"line":236,"column":61}}]},"9":{"line":237,"type":"binary-expr","locations":[{"start":{"line":237,"column":11},"end":{"line":237,"column":20}},{"start":{"line":237,"column":24},"end":{"line":237,"column":37}}]}}},"/Users/okuni/projects/coz/lib/util/compiling/index.js":{"path":"/U
[...]
:29,"type":"binary-expr","locations":[{"start":{"line":29,"column":14},"end":{"line":29,"column":21}},{"start":{"line":29,"column":25},"end":{"line":29,"column":27}}]}}},"/Users/okuni/projects/coz/lib/util/compiling/_create_handlebars.js":{"path":"/Users/okuni/projects/coz/lib/util/compiling/_create_handlebars.js","s":{"1":1,"2":1,"3":4,"4":4,"5":4,"6":28,"7":28,"8":4,"9":1},"b":{"1":[4,0]},"f":{"1":4,"2":28},"fnMap":{"1":{"name":"_createHandlebars","line":15,"loc":{"start":{"line":15,"column":0},"end":{"line":15,"column":36}}},"2":{"name":"(anonymous_2)","line":18,"loc":{"start":{"line":18,"column":37},"end":{"line":18,"column":53}}}},"statementMap":{"1":{"start":{"line":11,"column":0},"end":{"line":12,"column":32}},"2":{"start":{"line":15,"column":0},"end":{"line":24,"column":1}},"3":{"start":{"line":16,"column":4},"end":{"line":16,"column":41}},"4":{"start":{"line":17,"column":4},"end":{"line":22,"column":5}},"5":{"start":{"line":18,"column":8},"end":{"line":21,"column":11}},"6":{"start":{"line":19,"column":12},"end":{"line":19,"column":39}},"7":{"start":{"line":20,"column":12},"end":{"line":20,"column":52}},"8":{"start":{"line":23,"column":4},"end":{"line":23,"column":22}},"9":{"start":{"line":26,"column":0},"end":{"line":26,"column":35}}},"branchMap":{"1":{"line":17,"type":"if","locations":[{"start":{"line":17,"column":4},"end":{"line":17,"column":4}},{"start":{"line":17,"column":4},"end":{"line":17,"column":4}}]}}},"/Users/okuni/projects/coz/lib/util/compiling/precompile_handlebars.js":{"path":"/Users/okuni/projects/coz/lib/util/compiling/precompile_handlebars.js","s":{"1":1,"2":1,"3":3,"4":1,"5":2,"6":2,"7":2,"8":1},"b":{"1":[1,2],"2":[2,0]},"f":{"1":3},"fnMap":{"1":{"name":"precompileHandlebars","line":25,"loc":{"start":{"line":25,"column":0},"end":{"line":25,"column":47}}}},"statementMap":{"1":{"start":{"line":22,"column":0},"end":{"line":22,"column":56}},"2":{"start":{"line":25,"column":0},"end":{"line":32,"column":1}},"3":{"start":{"line":26,"column":4},"end":{"line":28,"column":5}},"4":{"start":{"line":27,"column":8},"end":{"line":27,"column":20}},"5":{"start":{"line":29,"column":4},"end":{"line":29,"column":28}},"6":{"start":{"line":30,"column":4},"end":{"line":30,"column":56}},"7":{"start":{"line":31,"column":4},"end":{"line":31,"column":81}},"8":{"start":{"line":34,"column":0},"end":{"line":34,"column":38}}},"branchMap":{"1":{"line":26,"type":"if","locations":[{"start":{"line":26,"column":4},"end":{"line":26,"column":4}},{"start":{"line":26,"column":4},"end":{"line":26,"column":4}}]},"2":{"line":29,"type":"binary-expr","locations":[{"start":{"line":29,"column":14},"end":{"line":29,"column":21}},{"start":{"line":29,"column":25},"end":{"line":29,"column":27}}]}}},"/Users/okuni/projects/coz/lib/util/file/is_dir.js":{"path":"/Users/okuni/projects/coz/lib/util/file/is_dir.js","s":{"1":1,"2":1,"3":6,"4":6,"5":1,"6":1,"7":5,"8":5,"9":5,"10":1},"b":{"1":[1,5],"2":[5,5]},"f":{"1":6,"2":6,"3":5},"fnMap":{"1":{"name":"isDir","line":16,"loc":{"start":{"line":16,"column":0},"end":{"line":16,"column":35}}},"2":{"name":"(anonymous_2)","line":17,"loc":{"start":{"line":17,"column":24},"end":{"line":17,"column":42}}},"3":{"name":"(anonymous_3)","line":22,"loc":{"start":{"line":22,"column":26},"end":{"line":22,"column":48}}}},"statementMap":{"1":{"start":{"line":12,"column":0},"end":{"line":13,"column":17}},"2":{"start":{"line":16,"column":0},"end":{"line":28,"column":1}},"3":{"start":{"line":17,"column":4},"end":{"line":27,"column":7}},"4":{"start":{"line":18,"column":8},"end":{"line":21,"column":9}},"5":{"start":{"line":19,"column":12},"end":{"line":19,"column":28}},"6":{"start":{"line":20,"column":12},"end":{"line":20,"column":19}},"7":{"start":{"line":22,"column":8},"end":{"line":26,"column":11}},"8":{"start":{"line":24,"column":12},"end":{"line":24,"column":54}},"9":{"start":{"line":25,"column":12},"end":{"line":25,"column":28}},"10":{"start":{"line":30,"column":0},"end":{"line":30,"column":23}}},"branchMap":{"1":{"line":18,"type":"if","locations":[{"start":{"line":18,"column":8},"end":{"line":18,"column":8}},{"start":{"line":18,"column":8},"end":{"line":18,"column":8}}]},"2":{"line":24,"type":"binary-expr","locations":[{"start":{"line":24,"column":24},"end":{"line":24,"column":28}},{"start":{"line":24,"column":33},"end":{"line":24,"column":52}}]}}},"/Users/okuni/projects/coz/lib/util/file/unlink_file.js":{"path":"/Users/okuni/projects/coz/lib/util/file/unlink_file.js","s":{"1":1,"2":1,"3":3,"4":3,"5":3,"6":3,"7":0,"8":3,"9":3,"10":1,"11":5,"12":5,"13":2,"14":2,"15":5,"16":5,"17":1,"18":1,"19":4,"20":4,"21":1,"22":1,"23":3,"24":1},"b":{"1":[3,0],"2":[5,0],"3":[2,3],"4":[2,2],"5":[1,4],"6":[1,3]},"f":{"1":3,"2":3,"3":3,"4":3,"5":3,"6":5,"7":5,"8":4},"fnMap":{"1":{"name":"_doUnlink","line":19,"loc":{"start":{"line":19,"column":0},"end":{"line":19,"column":46}}},"2":{"name":"chmodIfNeeded","line":21,"loc":{"start":{"line":21,"column":8},"end":{"line":21,"column":41}}},"3":{"name":"(anonymous_3)","line":23,"loc":{"start":{"line":23,"column":42},"end":{"line":23,"column":57}}},"4":{"name":"doUnlink","line":30,"loc":{"start":{"line":30,"column":8},"end":{"line":30,"column":36}}},"5":{"name":"(anonymous_5)","line":33,"loc":{"start":{"line":33,"column":7},"end":{"line":33,"column":22}}},"6":{"name":"unlinkFile","line":39,"loc":{"start":{"line":39,"column":0},"end":{"line":39,"column":49}}},"7":{"name":"(anonymous_7)","line":45,"loc":{"start":{"line":45,"column":24},"end":{"line":45,"column":42}}},"8":{"name":"(anonymous_8)","line":50,"loc":{"start":{"line":50,"column":24},"end":{"line":50,"column":41}}}},"statementMap":{"1":{"start":{"line":13,"column":0},"end":{"line":17,"column":32}},"2":{"start":{"line":19,"column":0},"end":{"line":36,"column":1}},"3":{"start":{"line":20,"column":4},"end":{"line":35,"column":7}},"4":{"start":{"line":22,"column":12},"end":{"line":28,"column":13}},"5":{"start":{"line":23,"column":16},"end":{"line":25,"column":19}},"6":{"start":{"line":24,"column":20},"end":{"line":24,"column":34}},"7":{"start":{"line":27,"column":16},"end":{"line":27,"column":31}},"8":{"start":{"line":31,"column":12},"end":{"line":31,"column":42}},"9":{"start":{"line":34,"column":8},"end":{"line":34,"column":22}},"10":{"start":{"line":39,"column":0},"end":{"line":58,"column":1}},"11":{"start":{"line":40,"column":4},"end":{"line":40,"column":28}},"12":{"start":{"line":41,"column":4},"end":{"line":44,"column":5}},"13":{"start":{"line":42,"column":8},"end":{"line":42,"column":39}},"14":{"start":{"line":43,"column":8},"end":{"line":43,"column":21}},"15":{"start":{"line":45,"column":4},"end":{"line":57,"column":7}},"16":{"start":{"line":46,"column":8},"end":{"line":49,"column":9}},"17":{"start":{"line":47,"column":12},"end":{"line":47,"column":27}},"18":{"start":{"line":48,"column":12},"end":{"line":48,"column":19}},"19":{"start":{"line":50,"column":8},"end":{"line":56,"column":11}},"20":{"start":{"line":51,"column":12},"end":{"line":54,"column":13}},"21":{"start":{"line":52,"column":16},"end":{"line":52,"column":89}},"22":{"start":{"line":53,"column":16},"end":{"line":53,"column":23}},"23":{"start":{"line":55,"column":12},"end":{"line":55,"column":59}},"24":{"start":{"line":60,"column":0},"end":{"line":60,"column":28}}},"branchMap":{"1":{"line":22,"type":"if","locations":[{"start":{"line":22,"column":12},"end":{"line":22,"column":12}},{"start":{"line":22,"column":12},"end":{"line":22,"column":12}}]},"2":{"line":40,"type":"binary-expr","locations":[{"start":{"line":40,"column":14},"end":{"line":40,"column":21}},{"start":{"line":40,"column":25},"end":{"line":40,"column":27}}]},"3":{"line":41,"type":"if","locations":[{"start":{"line":41,"column":4},"end":{"line":41,"column":4}},{"start":{"line":41,"column":4},"end":{"line":41,"column":4}}]},"4":{"line":42,"type":"binary-expr","locations":[{"start":{"line":42,"column":19},"end":{"line":42,"column":27}},{"start":{"line":42,"column":31},"end":{"line":42,"column":38}}]},"5":{"line":46,"type":"if","locations":[{"start":{"line":46,"column":8},"end":{"line":46,"column":8}},{"start":{"line":46,"column":8},"end":{"line":46,"column":8}}]},"6":{"line":51,"type":"if","locations":[{"start":{"line":51,"column":12},"end":{"line":51,"column":12}},{"start":{"line":51,"column":12},"end":{"line":51,"column":12}}]}}},"/Users/okuni/projects/coz/lib/util/file/write_file.js":{"path":"/Users/okuni/projects/coz/lib/util/file/write_file.js","s":{"1":1,"2":1,"3":4,"4":4,"5":1,"6":1,"7":4,"8":4,"9":2,"10":2,"11":4,"12":1,"13":3,"14":4,"15":4,"16":1},"b":{"1":[4,0],"2":[1,3],"3":[1,1],"4":[2,2],"5":[1,3],"6":[4,2]},"f":{"1":4,"2":4,"3":4,"4":4,"5":4},"fnMap":{"1":{"name":"writeFile","line":25,"loc":{"start":{"line":25,"column":0},"end":{"line":25,"column":57}}},"2":{"name":"(anonymous_2)","line":32,"loc":{"start":{"line":32,"column":8},"end":{"line":32,"column":28}}},"3":{"name":"(anonymous_3)","line":39,"loc":{"start":{"line":39,"column":8},"end":{"line":39,"column":28}}},"4":{"name":"(anonymous_4)","line":46,"loc":{"start":{"line":46,"column":8},"end":{"line":46,"column":28}}},"5":{"name":"(anonymous_5)","line":51,"loc":{"start":{"line":51,"column":7},"end":{"line":51,"column":22}}}},"statementMap":{"1":{"start":{"line":16,"column":0},"end":{"line":22,"column":17}},"2":{"start":{"line":25,"column":0},"end":{"line":54,"column":1}},"3":{"start":{"line":26,"column":4},"end":{"line":26,"column":28}},"4":{"start":{"line":27,"column":4},"end":{"line":30,"column":5}},"5":{"start":{"line":28,"column":8},"end":{"line":28,"column":39}},"6":{"start":{"line":29,"column":8},"end":{"line":29,"column":21}},"7":{"start":{"line":31,"column":4},"end":{"line":53,"column":7}},"8":{"start":{"line":33,"column":12},"end":{"line":37,"column":13}},"9":{"start":{"line":34,"column":16},"end":{"line":34,"column":62}},"10":{"start":{"line":36,"column":16},"end":{"line":36,"column":31}},"11":{"start":{"line":40,"column":12},"end":{"line":44,"column":13}},"12":{"start":{"line":41,"column":16},"end":{"line":41,"column":57}},"13":{"start":{"line":43,"column":16},"end":{"line":43,"column":30}},"14":{"start":{"line":47,"column":12},"end":{"line":49,"column":25}},"15":{"start":{"line":52,"column":8},"end":{"line":52,"column":22}},"16":{"start":{"line":56,"column":0},"end":{"line":56,"column":27}}},"branchMap":{"1":{"line":26,"type":"binary-expr","locations":[{"start":{"line":26,"column":14},"end":{"line":26,"column":21}},{"start":{"line":26,"column":25},"end":{"line":26,"column":27}}]},"2":{"line":27,"type":"if","locations":[{"start":{"line":27,"column":4},"end":{"line":27,"column":4}},{"start":{"line":27,"column":4},"end":{"line":27,"column":4}}]},"3":{"line":28,"type":"binary-expr","locations":[{"start":{"line":28,"column":19},"end":{"line":28,"column":27}},{"start":{"line":28,"column":31},"end":{"line":28,"column":38}}]},"4":{"line":33,"type":"if","locations":[{"start":{"line":33,"column":12},"end":{"line":33,"column":12}},{"start":{"line":33,"column":12},"end":{"line":33,"column":12}}]},"5":{"line":40,"type":"if","locations":[{"start":{"line":40,"column":12},"end":{"line":40,"column":12}},{"start":{"line":40,"column":12},"end":{"line":40,"column":12}}]},"6":{"line":48,"type":"binary-expr","locations":[{"start":{"line":48,"column":22},"end":{"line":48,"column":34}},{"start":{"line":48,"column":38},"end":{"line":48,"column":43}}]}}},"/Users/okuni/projects/coz/lib/util/filtering/empty_reject.js":{"path":"/Users/okuni/projects/coz/lib/util/filtering/empty_reject.js","s":{"1":1,"2":3,"3":1,"4":2,"5":11,"6":1},"b":{"1":[1,2],"2":[11,10,9]},"f":{"1":3,"2":11},"fnMap":{"1":{"name":"emptyReject","line":11,"loc":{"start":{"line":11,"column":0},"end":{"line":11,"column":23}}},"2":{"name":"(anonymous_2)","line":15,"loc":{"start":{"line":15,"column":11},"end":{"line":15,"column":28}}}},"statementMap":{"1":{"start":{"line":11,"column":0},"end":{"line":18,"column":1}},"2":{"start":{"line":12,"column":4},"end":{"line":14,"column":5}},"3":{"start":{"line":13,"column":8},"end":{"line":13,"column":54}},"4":{"start":{"line":15,"column":4},"end":{"line":17,"column":6}},"5":{"start":{"line":16,"column":8},"end":{"line":16,"column":85}},"6":{"start":{"line":20,"column":0},"end":{"line":20,"column":29}}},"branchMap":{"1":{"line":12,"type":"if","locations":[{"start":{"line":12,"column":4},"end":{"line":12,"column":4}},{"start":{"line":12,"column":4},"end":{"line":12,"column":4}}]},"2":{"line":16,"type":"binary-expr","locations":[{"start":{"line":16,"column":16},"end":{"line":16,"column":30}},{"start":{"line":16,"column":36},"end":{"line":16,"column":65}},{"start":{"line":16,"column":71},"end":{"line":16,"column":83}}]}}},"/Users/okuni/projects/coz/lib/util/filtering/pattern_reject.js":{"path":"/Users/okuni/projects/coz/lib/util/filtering/pattern_reject.js","s":{"1":1,"2":4,"3":1,"4":3,"5":18,"6":1},"b":{"1":[1,3]},"f":{"1":4,"2":18},"fnMap":{"1":{"name":"patternReject","line":12,"loc":{"start":{"line":12,"column":0},"end":{"line":12,"column":32}}},"2":{"name":"(anonymous_2)","line":16,"loc":{"start":{"line":16,"column":11},"end":{"line":16,"column":26}}}},"statementMap":{"1":{"start":{"line":12,"column":0},"end":{"line":19,"column":1}},"2":{"start":{"line":13,"column":4},"end":{"line":15,"column":5}},"3":{"start":{"line":14,"column":8},"end":{"line":14,"column":56}},"4":{"start":{"line":16,"column":4},"end":{"line":18,"column":6}},"5":{"start":{"line":17,"column":8},"end":{"line":17,"column":43}},"6":{"start":{"line":21,"column":0},"end":{"line":21,"column":31}}},"branchMap":{"1":{"line":13,"type":"if","locations":[{"start":{"line":13,"column":4},"end":{"line":13,"column":4}},{"start":{"line":13,"column":4},"end":{"line":13,"column":4}}]}}},"/Users/okuni/projects/coz/lib/util/logging/index.js":{"path":"/Users/okuni/projects/coz/lib/util/logging/index.js","s":{"1":1,"2":1},"b":{},"f":{"1":1},"fnMap":{"1":{"name":"(anonymous_1)","line":14,"loc":{"start":{"line":14,"column":21},"end":{"line":14,"column":24}}}},"statementMap":{"1":{"start":{"line":9,"column":0},"end":{"line":15,"column":2}},"2":{"start":{"line":14,"column":26},"end":{"line":14,"column":61}}},"branchMap":{}},"/Users/okuni/projects/coz/lib/util/minifying/index.js":{"path":"/Users/okuni/projects/coz/lib/util/minifying/index.js","s":{"1":1,"2":1},"b":{},"f":{"1":1},"fnMap":{"1":{"name":"(anonymous_1)","line":10,"loc":{"start":{"line":10,"column":24},"end":{"line":10,"column":27}}}},"statementMap":{"1":{"start":{"line":9,"column":0},"end":{"line":11,"column":2}},"2":{"start":{"line":10,"column":29},"end":{"line":10,"column":67}}},"branchMap":{}},"/Users/okuni/projects/coz/lib/util/minifying/minify_javascript.js":{"path":"/Users/okuni/projects/coz/lib/util/minifying/minify_javascript.js","s":{"1":1,"2":1,"3":2,"4":1,"5":1,"6":1,"7":1},"b":{"1":[1,1],"2":[1,1]},"f":{"1":2},"fnMap":{"1":{"name":"minifyJavascript","line":17,"loc":{"start":{"line":17,"column":0},"end":{"line":17,"column":43}}}},"statementMap":{"1":{"start":{"line":13,"column":0},"end":{"line":14,"column":28}},"2":{"start":{"line":17,"column":0},"end":{"line":25,"column":1}},"3":{"start":{"line":18,"column":4},"end":{"line":20,"column":5}},"4":{"start":{"line":19,"column":8},"end":{"line":19,"column":20}},"5":{"start":{"line":21,"column":4},"end":{"line":21,"column":28}},"6":{"start":{"line":22,"column":4},"end":{"line":24,"column":12}},"7":{"start":{"line":28,"column":0},"end":{"line":28,"column":34}}},"branchMap":{"1":{"line":18,"type":"if","locations":[{"start":{"line":18,"column":4},"end":{"line":18,"column":4}},{"start":{"line":18,"column":4},"end":{"line":18,"column":4}}]},"2":{"line":21,"type":"binary-expr","locations":[{"start":{"line":21,"column":14},"end":{"line":21,"column":21}},{"start":{"line":21,"column":25},"end":{"line":21,"column":27}}]}}},"/Users/okuni/projects/coz/lib/util/sorting/string_sort.js":{"path":"/Users/okuni/projects/coz/lib/util/sorting/string_sort.js","s":{"1":1,"2":4,"3":1,"4":3,"5":3,"6":3,"7":14,"8":14,"9":1},"b":{"1":[1,3],"2":[3,2],"3":[3,11]},"f":{"1":4,"2":14},"fnMap":{"1":{"name":"stringSort","line":13,"loc":{"start":{"line":13,"column":0},"end":{"line":13,"column":29}}},"2":{"name":"(anonymous_2)","line":19,"loc":{"start":{"line":19,"column":11},"end":{"line":19,"column":27}}}},"statementMap":{"1":{"start":{"line":13,"column":0},"end":{"line":23,"column":1}},"2":{"start":{"line":14,"column":4},"end":{"line":16,"column":5}},"3":{"start":{"line":15,"column":8},"end":{"line":15,"column":54}},"4":{"start":{"line":17,"column":4},"end":{"line":17,"column":28}},"5":{"start":{"line":18,"column":4},"end":{"line":18,"column":30}},"6":{"start":{"line":19,"column":4},"end":{"line":22,"column":5}},"7":{"start":{"line":20,"column":8},"end":{"line":20,"column":42}},"8":{"start":{"line":21,"column":8},"end":{"line":21,"column":42}},"9":{"start":{"line":25,"column":0},"end":{"line":25,"column":28}}},"branchMap":{"1":{"line":14,"type":"if","locations":[{"start":{"line":14,"column":4},"end":{"line":14,"column":4}},{"start":{"line":14,"column":4},"end":{"line":14,"column":4}}]},"2":{"line":17,"type":"binary-expr","locations":[{"start":{"line":17,"column":14},"end":{"line":17,"column":21}},{"start":{"line":17,"column":25},"end":{"line":17,"column":27}}]},"3":{"line":21,"type":"cond-expr","locations":[{"start":{"line":21,"column":34},"end":{"line":21,"column":36}},{"start":{"line":21,"column":39},"end":{"line":21,"column":40}}]}}},"/Users/okuni/projects/coz/lib/util/string/sentencecase.js":{"path":"/Users/okuni/projects/coz/lib/util/string/sentencecase.js","s":{"1":1,"2":1,"3":1,"4":1,"5":1,"6":11,"7":11,"8":1,"9":10,"10":1},"b":{"1":[1,10]},"f":{"1":1,"2":11},"fnMap":{"1":{"name":"(anonymous_1)","line":18,"loc":{"start":{"line":18,"column":8},"end":{"line":18,"column":22}}},"2":{"name":"sentencecase","line":24,"loc":{"start":{"line":24,"column":0},"end":{"line":24,"column":27}}}},"statementMap":{"1":{"start":{"line":12,"column":0},"end":{"line":13,"column":43}},"2":{"start":{"line":15,"column":0},"end":{"line":15,"column":17}},"3":{"start":{"line":16,"column":0},"end":{"line":21,"column":2}},"4":{"start":{"line":19,"column":8},"end":{"line":19,"column":37}},"5":{"start":{"line":24,"column":0},"end":{"line":30,"column":1}},"6":{"start":{"line":25,"column":4},"end":{"line":25,"column":52}},"7":{"start":{"line":26,"column":4},"end":{"line":28,"column":5}},"8":{"start":{"line":27,"column":8},"end":{"line":27,"column":19}},"9":{"start":{"line":29,"column":4},"end":{"line":29,"column":73}},"10":{"start":{"line":32,"column":0},"end":{"line":32,"column":30}}},"branchMap":{"1":{"line":26,"type":"if","locations":[{"start":{"line":26,"column":4},"end":{"line":26,"column":4}},{"start":{"line":26,"column":4},"end":{"line":26,"column":4}}]}}},"/Users/okuni/projects/coz/lib/util/string/spinalcase.js":{"path":"/Users/okuni/projects/coz/lib/util/string/spinalcase.js","s":{"1":1,"2":1,"3":1,"4":1,"5":1,"6":10,"7":10,"8":1,"9":9,"10":1},"b":{"1":[1,9]},"f":{"1":1,"2":10},"fnMap":{"1":{"name":"(anonymous_1)","line":18,"loc":{"start":{"line":18,"column":8},"end":{"line":18,"column":22}}},"2":{"name":"spinalcase","line":24,"loc":{"start":{"line":24,"column":0},"end":{"line":24,"column":25}}}},"statementMap":{"1":{"start":{"line":12,"column":0},"end":{"line":12,"column":39}},"2":{"start":{"line":14,"column":0},"end":{"line":14,"column":17}},"3":{"start":{"line":16,"column":0},"end":{"line":21,"column":2}},"4":{"start":{"line":19,"column":8},"end":{"line":19,"column":37}},"5":{"start":{"line":24,"column":0},"end":{"line":30,"column":1}},"6":{"start":{"line":25,"column":4},"end":{"line":25,"column":50}},"7":{"start":{"line":26,"column":4},"end":{"line":28,"column":5}},"8":{"start":{"line":27,"column":8},"end":{"line":27,"column":19}},"9":{"start":{"line":29,"column":4},"end":{"line":29,"column":53}},"10":{"start":{"line":32,"column":0},"end":{"line":32,"column":28}}},"branchMap":{"1":{"line":26,"type":"if","locations":[{"start":{"line":26,"column":4},"end":{"line":26,"column":4}},{"start":{"line":26,"column":4},"end":{"line":26,"column":4}}]}}}}