{"/Users/okuni/projects/node-coz/lib/core.js":{"path":"/Users/okuni/projects/node-coz/lib/core.js","s":{"1":1,"2":6,"3":1,"4":1,"5":1,"6":1,"7":1,"8":1,"9":1,"10":1,"11":10,"12":1,"13":1,"14":1,"15":2,"16":12,"17":1,"18":1,"19":1,"20":1,"21":1,"22":1,"23":1,"24":1,"25":2,"26":1,"27":1,"28":1},"b":{},"f":{"1":6,"2":1,"3":1,"4":1,"5":1,"6":1,"7":1,"8":1,"9":1,"10":10,"11":1,"12":1,"13":1,"14":2,"15":12,"16":1,"17":1,"18":1,"19":1,"20":1,"21":1,"22":1,"23":1,"24":2,"25":1,"26":1,"27":1},"fnMap":{"1":{"name":"(anonymous_1)","line":36,"loc":{"start":{"line":36,"column":14},"end":{"line":36,"column":17}}},"2":{"name":"(anonymous_2)","line":37,"loc":{"start":{"line":37,"column":14},"end":{"line":37,"column":17}}},"3":{"name":"(anonymous_3)","line":38,"loc":{"start":{"line":38,"column":20},"end":{"line":38,"column":23}}},"4":{"name":"(anonymous_4)","line":39,"loc":{"start":{"line":39,"column":15},"end":{"line":39,"column":18}}},"5":{"name":"(anonymous_5)","line":40,"loc":{"start":{"line":40,"column":14},"end":{"line":40,"column":17}}},"6":{"name":"(anonymous_6)","line":41,"loc":{"start":{"line":41,"column":13},"end":{"line":41,"column":16}}},"7":{"name":"(anonymous_7)","line":42,"loc":{"start":{"line":42,"column":11},"end":{"line":42,"column":14}}},"8":{"name":"(anonymous_8)","line":43,"loc":{"start":{"line":43,"column":14},"end":{"line":43,"column":17}}},"9":{"name":"(anonymous_9)","line":44,"loc":{"start":{"line":44,"column":14},"end":{"line":44,"column":17}}},"10":{"name":"(anonymous_10)","line":45,"loc":{"start":{"line":45,"column":10},"end":{"line":45,"column":13}}},"11":{"name":"(anonymous_11)","line":46,"loc":{"start":{"line":46,"column":12},"end":{"line":46,"column":15}}},"12":{"name":"(anonymous_12)","line":47,"loc":{"start":{"line":47,"column":13},"end":{"line":47,"column":16}}},"13":{"name":"(anonymous_13)","line":48,"loc":{"start":{"line":48,"column":11},"end":{"line":48,"column":14}}},"14":{"name":"(anonymous_14)","line":49,"loc":{"start":{"line":49,"column":10},"end":{"line":49,"column":13}}},"15":{"name":"(anonymous_15)","line":50,"loc":{"start":{"line":50,"column":12},"end":{"line":50,"column":15}}},"16":{"name":"(anonymous_16)","line":51,"loc":{"start":{"line":51,"column":16},"end":{"line":51,"column":19}}},"17":{"name":"(anonymous_17)","line":52,"loc":{"start":{"line":52,"column":19},"end":{"line":52,"column":22}}},"18":{"name":"(anonymous_18)","line":53,"loc":{"start":{"line":53,"column":16},"end":{"line":53,"column":19}}},"19":{"name":"(anonymous_19)","line":54,"loc":{"start":{"line":54,"column":14},"end":{"line":54,"column":17}}},"20":{"name":"(anonymous_20)","line":55,"loc":{"start":{"line":55,"column":21},"end":{"line":55,"column":24}}},"21":{"name":"(anonymous_21)","line":56,"loc":{"start":{"line":56,"column":11},"end":{"line":56,"column":14}}},"22":{"name":"(anonymous_22)","line":57,"loc":{"start":{"line":57,"column":11},"end":{"line":57,"column":14}}},"23":{"name":"(anonymous_23)","line":58,"loc":{"start":{"line":58,"column":11},"end":{"line":58,"column":14}}},"24":{"name":"(anonymous_24)","line":59,"loc":{"start":{"line":59,"column":12},"end":{"line":59,"column":15}}},"25":{"name":"(anonymous_25)","line":60,"loc":{"start":{"line":60,"column":10},"end":{"line":60,"column":13}}},"26":{"name":"(anonymous_26)","line":61,"loc":{"start":{"line":61,"column":12},"end":{"line":61,"column":15}}},"27":{"name":"(anonymous_27)","line":62,"loc":{"start":{"line":62,"column":15},"end":{"line":62,"column":18}}}},"statementMap":{"1":{"start":{"line":35,"column":0},"end":{"line":63,"column":2}},"2":{"start":{"line":36,"column":19},"end":{"line":36,"column":44}},"3":{"start":{"line":37,"column":19},"end":{"line":37,"column":44}},"4":{"start":{"line":38,"column":25},"end":{"line":38,"column":57}},"5":{"start":{"line":39,"column":20},"end":{"line":39,"column":46}},"6":{"start":{"line":40,"column":19},"end":{"line":40,"column":44}},"7":{"start":{"line":41,"column":18},"end":{"line":41,"column":42}},"8":{"start":{"line":42,"column":16},"end":{"line":42,"column":38}},"9":{"start":{"line":43,"column":19},"end":{"line":43,"column":44}},"10":{"start":{"line":44,"column":19},"end":{"line":44,"column":44}},"11":{"start":{"line":45,"column":15},"end":{"line":45,"column":36}},"12":{"start":{"line":46,"column":17},"end":{"line":46,"column":40}},"13":{"start":{"line":47,"column":18},"end":{"line":47,"column":42}},"14":{"start":{"line":48,"column":16},"end":{"line":48,"column":38}},"15":{"start":{"line":49,"column":15},"end":{"line":49,"column":36}},"16":{"start":{"line":50,"column":17},"end":{"line":50,"column":40}},"17":{"start":{"line":51,"column":21},"end":{"line":51,"column":48}},"18":{"start":{"line":52,"column":24},"end":{"line":52,"column":54}},"19":{"start":{"line":53,"column":21},"end":{"line":53,"column":48}},"20":{"start":{"line":54,"column":19},"end":{"line":54,"column":44}},"21":{"start":{"line":55,"column":26},"end":{"line":55,"column":59}},"22":{"start":{"line":56,"column":16},"end":{"line":56,"column":38}},"23":{"start":{"line":57,"column":16},"end":{"line":57,"column":38}},"24":{"start":{"line":58,"column":16},"end":{"line":58,"column":38}},"25":{"start":{"line":59,"column":17},"end":{"line":59,"column":40}},"26":{"start":{"line":60,"column":15},"end":{"line":60,"column":36}},"27":{"start":{"line":61,"column":17},"end":{"line":61,"column":40}},"28":{"start":{"line":62,"column":20},"end":{"line":62,"column":46}}},"branchMap":{}},"/Users/okuni/projects/node-coz/lib/ext.js":{"path":"/Users/okuni/projects/node-coz/lib/ext.js","s":{"1":1,"2":13,"3":2,"4":1,"5":4,"6":3,"7":4,"8":2,"9":2},"b":{},"f":{"1":13,"2":2,"3":1,"4":4,"5":3,"6":4,"7":2,"8":2},"fnMap":{"1":{"name":"(anonymous_1)","line":12,"loc":{"start":{"line":12,"column":13},"end":{"line":12,"column":16}}},"2":{"name":"(anonymous_2)","line":16,"loc":{"start":{"line":16,"column":18},"end":{"line":16,"column":21}}},"3":{"name":"(anonymous_3)","line":20,"loc":{"start":{"line":20,"column":17},"end":{"line":20,"column":20}}},"4":{"name":"(anonymous_4)","line":24,"loc":{"start":{"line":24,"column":12},"end":{"line":24,"column":15}}},"5":{"name":"(anonymous_5)","line":28,"loc":{"start":{"line":28,"column":18},"end":{"line":28,"column":21}}},"6":{"name":"(anonymous_6)","line":32,"loc":{"start":{"line":32,"column":18},"end":{"line":32,"column":21}}},"7":{"name":"(anonymous_7)","line":36,"loc":{"start":{"line":36,"column":13},"end":{"line":36,"column":16}}},"8":{"name":"(anonymous_8)","line":40,"loc":{"start":{"line":40,"column":16},"end":{"line":40,"column":19}}}},"statementMap":{"1":{"start":{"line":8,"column":0},"end":{"line":41,"column":2}},"2":{"start":{"line":12,"column":18},"end":{"line":12,"column":42}},"3":{"start":{"line":16,"column":23},"end":{"line":16,"column":52}},"4":{"start":{"line":20,"column":22},"end":{"line":20,"column":50}},"5":{"start":{"line":24,"column":17},"end":{"line":24,"column":40}},"6":{"start":{"line":28,"column":23},"end":{"line":28,"column":52}},"7":{"start":{"line":32,"column":23},"end":{"line":32,"column":52}},"8":{"start":{"line":36,"column":18},"end":{"line":36,"column":42}},"9":{"start":{"line":40,"column":21},"end":{"line":40,"column":48}}},"branchMap":{}},"/Users/okuni/projects/node-coz/lib/index.js":{"path":"/Users/okuni/projects/node-coz/lib/index.js","s":{"1":1,"2":1,"3":1,"4":1,"5":1,"6":1,"7":1,"8":1,"9":1,"10":1,"11":1,"12":1},"b":{},"f":{},"fnMap":{},"statementMap":{"1":{"start":{"line":22,"column":0},"end":{"line":22,"column":27}},"2":{"start":{"line":24,"column":0},"end":{"line":24,"column":37}},"3":{"start":{"line":25,"column":0},"end":{"line":25,"column":22}},"4":{"start":{"line":30,"column":0},"end":{"line":30,"column":14}},"5":{"start":{"line":41,"column":0},"end":{"line":41,"column":27}},"6":{"start":{"line":49,"column":0},"end":{"line":49,"column":37}},"7":{"start":{"line":57,"column":0},"end":{"line":57,"column":29}},"8":{"start":{"line":65,"column":0},"end":{"line":65,"column":27}},"9":{"start":{"line":73,"column":0},"end":{"line":73,"column":29}},"10":{"start":{"line":85,"column":0},"end":{"line":85,"column":29}},"11":{"start":{"line":93,"column":0},"end":{"line":93,"column":25}},"12":{"start":{"line":101,"column":0},"end":{"line":101,"column":30}}},"branchMap":{}},"/Users/okuni/projects/node-coz/lib/coz.js":{"path":"/Users/okuni/projects/node-coz/lib/coz.js","s":{"1":1,"2":1,"3":24,"4":1,"5":8,"6":8,"7":1,"8":8,"9":8,"10":8,"11":8,"12":8,"13":4,"14":3,"15":3,"16":3,"17":4,"18":4,"19":4,"20":4,"21":4,"22":4,"23":4,"24":4,"25":4,"26":4,"27":4,"28":4,"29":4,"30":4,"31":4,"32":1,"33":1,"34":1,"35":1,"36":1,"37":1,"38":1,"39":1,"40":1,"41":1,"42":1,"43":1,"44":1,"45":1,"46":1,"47":1,"48":1,"49":1,"50":1,"51":1,"52":1,"53":5,"54":5,"55":2,"56":2,"57":2,"58":2,"59":2,"60":3,"61":3,"62":1},"b":{"1":[24,23,21],"2":[8,0],"3":[8,0],"4":[3],"5":[3,3],"6":[4,3],"7":[4,0],"8":[1],"9":[1,1],"10":[1,1],"11":[1,0],"12":[1,0],"13":[2,3],"14":[2,2,2,0]},"f":{"1":24,"2":8,"3":8,"4":4,"5":4,"6":4,"7":4,"8":4,"9":4,"10":4,"11":4,"12":1,"13":1,"14":1,"15":1,"16":1,"17":1,"18":1,"19":1,"20":5,"21":5},"fnMap":{"1":{"name":"_parseConfig","line":27,"loc":{"start":{"line":27,"column":0},"end":{"line":27,"column":30}}},"2":{"name":"Coz","line":32,"loc":{"start":{"line":32,"column":0},"end":{"line":32,"column":15}}},"3":{"name":"(anonymous_3)","line":49,"loc":{"start":{"line":49,"column":10},"end":{"line":49,"column":28}}},"4":{"name":"(anonymous_4)","line":68,"loc":{"start":{"line":68,"column":12},"end":{"line":68,"column":51}}},"5":{"name":"(anonymous_5)","line":92,"loc":{"start":{"line":92,"column":31},"end":{"line":92,"column":61}}},"6":{"name":"(anonymous_6)","line":94,"loc":{"start":{"line":94,"column":16},"end":{"line":94,"column":36}}},"7":{"name":"load","line":97,"loc":{"start":{"line":97,"column":16},"end":{"line":97,"column":45}}},"8":{"name":"compile","line":100,"loc":{"start":{"line":100,"column":16},"end":{"line":100,"column":48}}},"9":{"name":"write","line":103,"loc":{"start":{"line":103,"column":16},"end":{"line":103,"column":46}}},"10":{"name":"log","line":106,"loc":{"start":{"line":106,"column":16},"end":{"line":106,"column":44}}},"11":{"name":"(anonymous_11)","line":110,"loc":{"start":{"line":110,"column":11},"end":{"line":110,"column":31}}},"12":{"name":"(anonymous_12)","line":123,"loc":{"start":{"line":123,"column":11},"end":{"line":123,"column":50}}},"13":{"name":"(anonymous_13)","line":144,"loc":{"start":{"line":144,"column":31},"end":{"line":144,"column":61}}},"14":{"name":"(anonymous_14)","line":146,"loc":{"start":{"line":146,"column":16},"end":{"line":146,"column":36}}},"15":{"name":"load","line":149,"loc":{"start":{"line":149,"column":16},"end":{"line":149,"column":45}}},"16":{"name":"remove","line":152,"loc":{"start":{"line":152,"column":16},"end":{"line":152,"column":47}}},"17":{"name":"log","line":155,"loc":{"start":{"line":155,"column":16},"end":{"line":155,"column":44}}},"18":{"name":"(anonymous_18)","line":159,"loc":{"start":{"line":159,"column":11},"end":{"line":159,"column":26}}},"19":{"name":"(anonymous_19)","line":170,"loc":{"start":{"line":170,"column":18},"end":{"line":170,"column":33}}},"20":{"name":"(anonymous_20)","line":178,"loc":{"start":{"line":178,"column":15},"end":{"line":178,"column":53}}},"21":{"name":"(anonymous_21)","line":179,"loc":{"start":{"line":179,"column":37},"end":{"line":179,"column":66}}}},"statementMap":{"1":{"start":{"line":10,"column":0},"end":{"line":25,"column":44}},"2":{"start":{"line":27,"column":0},"end":{"line":29,"column":1}},"3":{"start":{"line":28,"column":4},"end":{"line":28,"column":49}},"4":{"start":{"line":32,"column":0},"end":{"line":35,"column":1}},"5":{"start":{"line":33,"column":4},"end":{"line":33,"column":17}},"6":{"start":{"line":34,"column":4},"end":{"line":34,"column":31}},"7":{"start":{"line":37,"column":0},"end":{"line":175,"column":2}},"8":{"start":{"line":50,"column":8},"end":{"line":50,"column":21}},"9":{"start":{"line":51,"column":8},"end":{"line":51,"column":44}},"10":{"start":{"line":53,"column":8},"end":{"line":53,"column":97}},"11":{"start":{"line":54,"column":8},"end":{"line":54,"column":60}},"12":{"start":{"line":55,"column":8},"end":{"line":55,"column":17}},"13":{"start":{"line":69,"column":8},"end":{"line":74,"column":9}},"14":{"start":{"line":71,"column":16},"end":{"line":71,"column":52}},"15":{"start":{"line":72,"column":16},"end":{"line":72,"column":31}},"16":{"start":{"line":73,"column":16},"end":{"line":73,"column":22}},"17":{"start":{"line":75,"column":8},"end":{"line":75,"column":32}},"18":{"start":{"line":77,"column":8},"end":{"line":77,"column":21}},"19":{"start":{"line":79,"column":8},"end":{"line":81,"column":40}},"20":{"start":{"line":83,"column":8},"end":{"line":89,"column":37}},"21":{"start":{"line":91,"column":8},"end":{"line":91,"column":42}},"22":{"start":{"line":92,"column":8},"end":{"line":114,"column":11}},"23":{"start":{"line":93,"column":12},"end":{"line":109,"column":25}},"24":{"start":{"line":95,"column":20},"end":{"line":95,"column":45}},"25":{"start":{"line":98,"column":20},"end":{"line":98,"column":47}},"26":{"start":{"line":101,"column":20},"end":{"line":101,"column":52}},"27":{"start":{"line":104,"column":20},"end":{"line":104,"column":48}},"28":{"start":{"line":107,"column":20},"end":{"line":107,"column":55}},"29":{"start":{"line":111,"column":12},"end":{"line":111,"column":59}},"30":{"start":{"line":112,"column":12},"end":{"line":112,"column":58}},"31":{"start":{"line":113,"column":12},"end":{"line":113,"column":36}},"32":{"start":{"line":125,"column":8},"end":{"line":130,"column":9}},"33":{"start":{"line":127,"column":16},"end":{"line":127,"column":52}},"34":{"start":{"line":128,"column":16},"end":{"line":128,"column":31}},"35":{"start":{"line":129,"column":16},"end":{"line":129,"column":22}},"36":{"start":{"line":131,"column":8},"end":{"line":131,"column":32}},"37":{"start":{"line":133,"column":8},"end":{"line":133,"column":21}},"38":{"start":{"line":135,"column":8},"end":{"line":137,"column":40}},"39":{"start":{"line":139,"column":8},"end":{"line":141,"column":39}},"40":{"start":{"line":143,"column":8},"end":{"line":143,"column":42}},"41":{"start":{"line":144,"column":8},"end":{"line":163,"column":11}},"42":{"start":{"line":145,"column":12},"end":{"line":158,"column":25}},"43":{"start":{"line":147,"column":20},"end":{"line":147,"column":45}},"44":{"start":{"line":150,"column":20},"end":{"line":150,"column":47}},"45":{"start":{"line":153,"column":20},"end":{"line":153,"column":50}},"46":{"start":{"line":156,"column":20},"end":{"line":156,"column":54}},"47":{"start":{"line":160,"column":12},"end":{"line":160,"column":59}},"48":{"start":{"line":161,"column":12},"end":{"line":161,"column":58}},"49":{"start":{"line":162,"column":12},"end":{"line":162,"column":26}},"50":{"start":{"line":171,"column":8},"end":{"line":173,"column":9}},"51":{"start":{"line":172,"column":12},"end":{"line":172,"column":31}},"52":{"start":{"line":178,"column":0},"end":{"line":192,"column":2}},"53":{"start":{"line":179,"column":4},"end":{"line":191,"column":17}},"54":{"start":{"line":180,"column":8},"end":{"line":190,"column":9}},"55":{"start":{"line":182,"column":16},"end":{"line":182,"column":34}},"56":{"start":{"line":183,"column":16},"end":{"line":183,"column":43}},"57":{"start":{"line":184,"column":16},"end":{"line":184,"column":92}},"58":{"start":{"line":185,"column":16},"end":{"line":185,"column":39}},"59":{"start":{"line":186,"column":16},"end":{"line":186,"column":22}},"60":{"start":{"line":188,"column":16},"end":{"line":188,"column":70}},"61":{"start":{"line":189,"column":16},"end":{"line":189,"column":22}},"62":{"start":{"line":194,"column":0},"end":{"line":194,"column":21}}},"branchMap":{"1":{"line":28,"type":"binary-expr","locations":[{"start":{"line":28,"column":11},"end":{"line":28,"column":32}},{"start":{"line":28,"column":36},"end":{"line":28,"column":42}},{"start":{"line":28,"column":46},"end":{"line":28,"column":48}}]},"2":{"line":51,"type":"binary-expr","locations":[{"start":{"line":51,"column":17},"end":{"line":51,"column":37}},{"start":{"line":51,"column":41},"end":{"line":51,"column":43}}]},"3":{"line":53,"type":"binary-expr","locations":[{"start":{"line":53,"column":36},"end":{"line":53,"column":64}},{"start":{"line":53,"column":68},"end":{"line":53,"column":95}}]},"4":{"line":69,"type":"switch","locations":[{"start":{"line":70,"column":12},"end":{"line":73,"column":22}}]},"5":{"line":71,"type":"binary-expr","locations":[{"start":{"line":71,"column":27},"end":{"line":71,"column":35}},{"start":{"line":71,"column":39},"end":{"line":71,"column":51}}]},"6":{"line":75,"type":"binary-expr","locations":[{"start":{"line":75,"column":18},"end":{"line":75,"column":25}},{"start":{"line":75,"column":29},"end":{"line":75,"column":31}}]},"7":{"line":112,"type":"binary-expr","locations":[{"start":{"line":112,"column":23},"end":{"line":112,"column":31}},{"start":{"line":112,"column":35},"end":{"line":112,"column":57}}]},"8":{"line":125,"type":"switch","locations":[{"start":{"line":126,"column":12},"end":{"line":129,"column":22}}]},"9":{"line":127,"type":"binary-expr","locations":[{"start":{"line":127,"column":27},"end":{"line":127,"column":35}},{"start":{"line":127,"column":39},"end":{"line":127,"column":51}}]},"10":{"line":131,"type":"binary-expr","locations":[{"start":{"line":131,"column":18},"end":{"line":131,"column":25}},{"start":{"line":131,"column":29},"end":{"line":131,"column":31}}]},"11":{"line":161,"type":"binary-expr","locations":[{"start":{"line":161,"column":23},"end":{"line":161,"column":31}},{"start":{"line":161,"column":35},"end":{"line":161,"column":57}}]},"12":{"line":171,"type":"if","locations":[{"start":{"line":171,"column":8},"end":{"line":171,"column":8}},{"start":{"line":171,"column":8},"end":{"line":171,"column":8}}]},"13":{"line":180,"type":"switch","locations":[{"start":{"line":181,"column":12},"end":{"line":186,"column":22}},{"start":{"line":187,"column":12},"end":{"line":189,"column":22}}]},"14":{"line":184,"type":"binary-expr","locations":[{"start":{"line":184,"column":26},"end":{"line":184,"column":33}},{"start":{"line":184,"column":38},"end":{"line":184,"column":44}},{"start":{"line":184,"column":48},"end":{"line":184,"column":77}},{"start":{"line":184,"column":82},"end":{"line":184,"column":91}}]}}},"/Users/okuni/projects/node-coz/lib/util/file/index.js":{"path":"/Users/okuni/projects/node-coz/lib/util/file/index.js","s":{"1":1,"2":6,"3":1,"4":11,"5":3,"6":3},"b":{},"f":{"1":6,"2":1,"3":11,"4":3,"5":3},"fnMap":{"1":{"name":"(anonymous_1)","line":10,"loc":{"start":{"line":10,"column":18},"end":{"line":10,"column":21}}},"2":{"name":"(anonymous_2)","line":11,"loc":{"start":{"line":11,"column":13},"end":{"line":11,"column":16}}},"3":{"name":"(anonymous_3)","line":12,"loc":{"start":{"line":12,"column":16},"end":{"line":12,"column":19}}},"4":{"name":"(anonymous_4)","line":13,"loc":{"start":{"line":13,"column":18},"end":{"line":13,"column":21}}},"5":{"name":"(anonymous_5)","line":14,"loc":{"start":{"line":14,"column":17},"end":{"line":14,"column":20}}}},"statementMap":{"1":{"start":{"line":9,"column":0},"end":{"line":15,"column":2}},"2":{"start":{"line":10,"column":23},"end":{"line":10,"column":55}},"3":{"start":{"line":11,"column":18},"end":{"line":11,"column":45}},"4":{"start":{"line":12,"column":21},"end":{"line":12,"column":51}},"5":{"start":{"line":13,"column":23},"end":{"line":13,"column":55}},"6":{"start":{"line":14,"column":22},"end":{"line":14,"column":53}}},"branchMap":{}},"/Users/okuni/projects/node-coz/lib/util/flow/index.js":{"path":"/Users/okuni/projects/node-coz/lib/util/flow/index.js","s":{"1":1,"2":4},"b":{},"f":{"1":4},"fnMap":{"1":{"name":"(anonymous_1)","line":10,"loc":{"start":{"line":10,"column":17},"end":{"line":10,"column":20}}}},"statementMap":{"1":{"start":{"line":9,"column":0},"end":{"line":11,"column":2}},"2":{"start":{"line":10,"column":22},"end":{"line":10,"column":53}}},"branchMap":{}},"/Users/okuni/projects/node-coz/lib/util/requiring/index.js":{"path":"/Users/okuni/projects/node-coz/lib/util/requiring/index.js","s":{"1":1,"2":2},"b":{},"f":{"1":2},"fnMap":{"1":{"name":"(anonymous_1)","line":10,"loc":{"start":{"line":10,"column":21},"end":{"line":10,"column":24}}}},"statementMap":{"1":{"start":{"line":9,"column":0},"end":{"line":11,"column":2}},"2":{"start":{"line":10,"column":26},"end":{"line":10,"column":61}}},"branchMap":{}},"/Users/okuni/projects/node-coz/lib/bud/index.js":{"path":"/Users/okuni/projects/node-coz/lib/bud/index.js","s":{"1":1,"2":1,"3":1,"4":1,"5":1,"6":1,"7":1,"8":6},"b":{},"f":{"1":1,"2":1,"3":1,"4":1,"5":1,"6":1,"7":6},"fnMap":{"1":{"name":"(anonymous_1)","line":14,"loc":{"start":{"line":14,"column":19},"end":{"line":14,"column":22}}},"2":{"name":"(anonymous_2)","line":19,"loc":{"start":{"line":19,"column":17},"end":{"line":19,"column":20}}},"3":{"name":"(anonymous_3)","line":24,"loc":{"start":{"line":24,"column":17},"end":{"line":24,"column":20}}},"4":{"name":"(anonymous_4)","line":29,"loc":{"start":{"line":29,"column":18},"end":{"line":29,"column":21}}},"5":{"name":"(anonymous_5)","line":34,"loc":{"start":{"line":34,"column":17},"end":{"line":34,"column":20}}},"6":{"name":"(anonymous_6)","line":39,"loc":{"start":{"line":39,"column":11},"end":{"line":39,"column":14}}},"7":{"name":"(anonymous_7)","line":44,"loc":{"start":{"line":44,"column":15},"end":{"line":44,"column":18}}}},"statementMap":{"1":{"start":{"line":9,"column":0},"end":{"line":45,"column":2}},"2":{"start":{"line":14,"column":24},"end":{"line":14,"column":57}},"3":{"start":{"line":19,"column":22},"end":{"line":19,"column":53}},"4":{"start":{"line":24,"column":22},"end":{"line":24,"column":53}},"5":{"start":{"line":29,"column":23},"end":{"line":29,"column":55}},"6":{"start":{"line":34,"column":22},"end":{"line":34,"column":53}},"7":{"start":{"line":39,"column":16},"end":{"line":39,"column":40}},"8":{"start":{"line":44,"column":20},"end":{"line":44,"column":48}}},"branchMap":{}},"/Users/okuni/projects/node-coz/lib/template/engine_set.js":{"path":"/Users/okuni/projects/node-coz/lib/template/engine_set.js","s":{"1":1,"2":1,"3":14,"4":14,"5":14,"6":14,"7":1,"8":17,"9":17,"10":1,"11":16,"12":16,"13":16,"14":28,"15":28,"16":28,"17":15,"18":15,"19":28,"20":25,"21":1,"22":24,"23":24,"24":24,"25":24,"26":14,"27":14,"28":3,"29":11,"30":11,"31":4,"32":7,"33":7,"34":19,"35":19,"36":1,"37":16,"38":1,"39":17,"40":15,"41":2,"42":0,"43":2,"44":2,"45":2,"46":1},"b":{"1":[14,6],"2":[1,16],"3":[1,24],"4":[3,11],"5":[4,7],"6":[7,0],"7":[1,18],"8":[15,2],"9":[0,0],"10":[2,2]},"f":{"1":14,"2":17,"3":28,"4":25,"5":17},"fnMap":{"1":{"name":"EngineSet","line":18,"loc":{"start":{"line":18,"column":0},"end":{"line":18,"column":28}}},"2":{"name":"(anonymous_2)","line":36,"loc":{"start":{"line":36,"column":20},"end":{"line":36,"column":44}}},"3":{"name":"(anonymous_3)","line":50,"loc":{"start":{"line":50,"column":21},"end":{"line":50,"column":40}}},"4":{"name":"(anonymous_4)","line":64,"loc":{"start":{"line":64,"column":19},"end":{"line":64,"column":35}}},"5":{"name":"(anonymous_5)","line":96,"loc":{"start":{"line":96,"column":28},"end":{"line":96,"column":56}}}},"statementMap":{"1":{"start":{"line":11,"column":0},"end":{"line":15,"column":60}},"2":{"start":{"line":18,"column":0},"end":{"line":23,"column":1}},"3":{"start":{"line":19,"column":4},"end":{"line":19,"column":17}},"4":{"start":{"line":20,"column":4},"end":{"line":20,"column":20}},"5":{"start":{"line":21,"column":4},"end":{"line":21,"column":38}},"6":{"start":{"line":22,"column":4},"end":{"line":22,"column":37}},"7":{"start":{"line":25,"column":0},"end":{"line":94,"column":2}},"8":{"start":{"line":37,"column":8},"end":{"line":37,"column":21}},"9":{"start":{"line":38,"column":8},"end":{"line":40,"column":9}},"10":{"start":{"line":39,"column":12},"end":{"line":39,"column":76}},"11":{"start":{"line":41,"column":8},"end":{"line":41,"column":57}},"12":{"start":{"line":42,"column":8},"end":{"line":42,"column":34}},"13":{"start":{"line":43,"column":8},"end":{"line":43,"column":17}},"14":{"start":{"line":51,"column":8},"end":{"line":51,"column":21}},"15":{"start":{"line":52,"column":8},"end":{"line":52,"column":41}},"16":{"start":{"line":53,"column":8},"end":{"line":56,"column":9}},"17":{"start":{"line":54,"column":12},"end":{"line":54,"column":32}},"18":{"start":{"line":55,"column":12},"end":{"line":55,"column":50}},"19":{"start":{"line":57,"column":8},"end":{"line":57,"column":17}},"20":{"start":{"line":65,"column":8},"end":{"line":67,"column":9}},"21":{"start":{"line":66,"column":12},"end":{"line":66,"column":24}},"22":{"start":{"line":68,"column":8},"end":{"line":68,"column":21}},"23":{"start":{"line":69,"column":8},"end":{"line":69,"column":33}},"24":{"start":{"line":70,"column":8},"end":{"line":70,"column":40}},"25":{"start":{"line":71,"column":8},"end":{"line":87,"column":9}},"26":{"start":{"line":72,"column":12},"end":{"line":72,"column":53}},"27":{"start":{"line":73,"column":12},"end":{"line":75,"column":13}},"28":{"start":{"line":74,"column":16},"end":{"line":74,"column":30}},"29":{"start":{"line":76,"column":12},"end":{"line":76,"column":68}},"30":{"start":{"line":77,"column":12},"end":{"line":79,"column":13}},"31":{"start":{"line":78,"column":16},"end":{"line":78,"column":30}},"32":{"start":{"line":80,"column":12},"end":{"line":80,"column":48}},"33":{"start":{"line":81,"column":12},"end":{"line":86,"column":13}},"34":{"start":{"line":82,"column":16},"end":{"line":82,"column":71}},"35":{"start":{"line":83,"column":16},"end":{"line":85,"column":17}},"36":{"start":{"line":84,"column":20},"end":{"line":84,"column":34}},"37":{"start":{"line":88,"column":8},"end":{"line":88,"column":20}},"38":{"start":{"line":96,"column":0},"end":{"line":108,"column":2}},"39":{"start":{"line":97,"column":4},"end":{"line":99,"column":5}},"40":{"start":{"line":98,"column":8},"end":{"line":98,"column":26}},"41":{"start":{"line":100,"column":4},"end":{"line":104,"column":5}},"42":{"start":{"line":103,"column":12},"end":{"line":103,"column":69}},"43":{"start":{"line":105,"column":4},"end":{"line":105,"column":42}},"44":{"start":{"line":106,"column":4},"end":{"line":106,"column":48}},"45":{"start":{"line":107,"column":4},"end":{"line":107,"column":37}},"46":{"start":{"line":110,"column":0},"end":{"line":110,"column":27}}},"branchMap":{"1":{"line":22,"type":"binary-expr","locations":[{"start":{"line":22,"column":22},"end":{"line":22,"column":29}},{"start":{"line":22,"column":33},"end":{"line":22,"column":35}}]},"2":{"line":38,"type":"if","locations":[{"start":{"line":38,"column":8},"end":{"line":38,"column":8}},{"start":{"line":38,"column":8},"end":{"line":38,"column":8}}]},"3":{"line":65,"type":"if","locations":[{"start":{"line":65,"column":8},"end":{"line":65,"column":8}},{"start":{"line":65,"column":8},"end":{"line":65,"column":8}}]},"4":{"line":73,"type":"if","locations":[{"start":{"line":73,"column":12},"end":{"line":73,"column":12}},{"start":{"line":73,"column":12},"end":{"line":73,"column":12}}]},"5":{"line":77,"type":"if","locations":[{"start":{"line":77,"column":12},"end":{"line":77,"column":12}},{"start":{"line":77,"column":12},"end":{"line":77,"column":12}}]},"6":{"line":80,"type":"binary-expr","locations":[{"start":{"line":80,"column":26},"end":{"line":80,"column":41}},{"start":{"line":80,"column":45},"end":{"line":80,"column":47}}]},"7":{"line":83,"type":"if","locations":[{"start":{"line":83,"column":16},"end":{"line":83,"column":16}},{"start":{"line":83,"column":16},"end":{"line":83,"column":16}}]},"8":{"line":97,"type":"if","locations":[{"start":{"line":97,"column":4},"end":{"line":97,"column":4}},{"start":{"line":97,"column":4},"end":{"line":97,"column":4}}]},"9":{"line":100,"type":"switch","locations":[{"start":{"line":101,"column":8},"end":{"line":101,"column":22}},{"start":{"line":102,"column":8},"end":{"line":103,"column":69}}]},"10":{"line":106,"type":"binary-expr","locations":[{"start":{"line":106,"column":23},"end":{"line":106,"column":39}},{"start":{"line":106,"column":43},"end":{"line":106,"column":47}}]}}},"/Users/okuni/projects/node-coz/lib/template/buildin_engines/index.js":{"path":"/Users/okuni/projects/node-coz/lib/template/buildin_engines/index.js","s":{"1":1,"2":17},"b":{},"f":{"1":17},"fnMap":{"1":{"name":"(anonymous_1)","line":14,"loc":{"start":{"line":14,"column":24},"end":{"line":14,"column":27}}}},"statementMap":{"1":{"start":{"line":9,"column":0},"end":{"line":15,"column":2}},"2":{"start":{"line":14,"column":29},"end":{"line":14,"column":67}}},"branchMap":{}},"/Users/okuni/projects/node-coz/lib/template/engine.js":{"path":"/Users/okuni/projects/node-coz/lib/template/engine.js","s":{"1":1,"2":1,"3":6,"4":6,"5":1,"6":8,"7":8,"8":8,"9":2,"10":2,"11":2,"12":2,"13":2,"14":1,"15":1,"16":10,"17":10,"18":10,"19":10,"20":8,"21":2,"22":10,"23":0,"24":0,"25":24,"26":24,"27":24,"28":8,"29":8,"30":22,"31":22,"32":8,"33":1,"34":4,"35":4,"36":12,"37":12,"38":4,"39":4,"40":4,"41":4,"42":4,"43":4,"44":4,"45":4,"46":1},"b":{"1":[8,5],"2":[8,6],"3":[8,2],"4":[8,0],"5":[4,3]},"f":{"1":6,"2":8,"3":2,"4":1,"5":10,"6":0,"7":0,"8":24,"9":8,"10":4,"11":12},"fnMap":{"1":{"name":"Engine","line":15,"loc":{"start":{"line":15,"column":0},"end":{"line":15,"column":18}}},"2":{"name":"(anonymous_2)","line":45,"loc":{"start":{"line":45,"column":10},"end":{"line":45,"column":29}}},"3":{"name":"(anonymous_3)","line":58,"loc":{"start":{"line":58,"column":11},"end":{"line":58,"column":23}}},"4":{"name":"(anonymous_4)","line":70,"loc":{"start":{"line":70,"column":9},"end":{"line":70,"column":24}}},"5":{"name":"(anonymous_5)","line":84,"loc":{"start":{"line":84,"column":9},"end":{"line":84,"column":29}}},"6":{"name":"(anonymous_6)","line":102,"loc":{"start":{"line":102,"column":16},"end":{"line":102,"column":44}}},"7":{"name":"(anonymous_7)","line":112,"loc":{"start":{"line":112,"column":13},"end":{"line":112,"column":41}}},"8":{"name":"(anonymous_8)","line":133,"loc":{"start":{"line":133,"column":18},"end":{"line":133,"column":38}}},"9":{"name":"(anonymous_9)","line":144,"loc":{"start":{"line":144,"column":20},"end":{"line":144,"column":38}}},"10":{"name":"(anonymous_10)","line":161,"loc":{"start":{"line":161,"column":16},"end":{"line":161,"column":38}}},"11":{"name":"(anonymous_11)","line":164,"loc":{"start":{"line":164,"column":24},"end":{"line":164,"column":36}}}},"statementMap":{"1":{"start":{"line":11,"column":0},"end":{"line":12,"column":25}},"2":{"start":{"line":15,"column":0},"end":{"line":18,"column":1}},"3":{"start":{"line":16,"column":4},"end":{"line":16,"column":17}},"4":{"start":{"line":17,"column":4},"end":{"line":17,"column":31}},"5":{"start":{"line":19,"column":0},"end":{"line":153,"column":2}},"6":{"start":{"line":46,"column":8},"end":{"line":46,"column":21}},"7":{"start":{"line":47,"column":8},"end":{"line":47,"column":32}},"8":{"start":{"line":48,"column":8},"end":{"line":48,"column":49}},"9":{"start":{"line":59,"column":8},"end":{"line":59,"column":21}},"10":{"start":{"line":60,"column":8},"end":{"line":60,"column":41}},"11":{"start":{"line":61,"column":8},"end":{"line":61,"column":39}},"12":{"start":{"line":62,"column":8},"end":{"line":62,"column":21}},"13":{"start":{"line":63,"column":8},"end":{"line":63,"column":21}},"14":{"start":{"line":71,"column":8},"end":{"line":71,"column":21}},"15":{"start":{"line":72,"column":8},"end":{"line":72,"column":22}},"16":{"start":{"line":85,"column":8},"end":{"line":85,"column":21}},"17":{"start":{"line":86,"column":8},"end":{"line":86,"column":29}},"18":{"start":{"line":87,"column":8},"end":{"line":87,"column":52}},"19":{"start":{"line":88,"column":8},"end":{"line":92,"column":9}},"20":{"start":{"line":89,"column":12},"end":{"line":89,"column":38}},"21":{"start":{"line":91,"column":12},"end":{"line":91,"column":37}},"22":{"start":{"line":93,"column":8},"end":{"line":93,"column":17}},"23":{"start":{"line":103,"column":8},"end":{"line":103,"column":63}},"24":{"start":{"line":113,"column":8},"end":{"line":113,"column":60}},"25":{"start":{"line":134,"column":8},"end":{"line":134,"column":21}},"26":{"start":{"line":135,"column":8},"end":{"line":135,"column":21}},"27":{"start":{"line":136,"column":8},"end":{"line":136,"column":17}},"28":{"start":{"line":145,"column":8},"end":{"line":146,"column":45}},"29":{"start":{"line":147,"column":8},"end":{"line":150,"column":9}},"30":{"start":{"line":148,"column":12},"end":{"line":148,"column":30}},"31":{"start":{"line":149,"column":12},"end":{"line":149,"column":45}},"32":{"start":{"line":151,"column":8},"end":{"line":151,"column":17}},"33":{"start":{"line":161,"column":0},"end":{"line":181,"column":2}},"34":{"start":{"line":162,"column":4},"end":{"line":162,"column":50}},"35":{"start":{"line":164,"column":4},"end":{"line":167,"column":6}},"36":{"start":{"line":165,"column":8},"end":{"line":165,"column":21}},"37":{"start":{"line":166,"column":8},"end":{"line":166,"column":35}},"38":{"start":{"line":168,"column":4},"end":{"line":168,"column":35}},"39":{"start":{"line":170,"column":4},"end":{"line":170,"column":59}},"40":{"start":{"line":171,"column":4},"end":{"line":171,"column":57}},"41":{"start":{"line":173,"column":4},"end":{"line":173,"column":43}},"42":{"start":{"line":174,"column":4},"end":{"line":174,"column":66}},"43":{"start":{"line":176,"column":4},"end":{"line":176,"column":82}},"44":{"start":{"line":177,"column":4},"end":{"line":177,"column":69}},"45":{"start":{"line":180,"column":4},"end":{"line":180,"column":25}},"46":{"start":{"line":183,"column":0},"end":{"line":183,"column":24}}},"branchMap":{"1":{"line":47,"type":"binary-expr","locations":[{"start":{"line":47,"column":18},"end":{"line":47,"column":25}},{"start":{"line":47,"column":29},"end":{"line":47,"column":31}}]},"2":{"line":48,"type":"binary-expr","locations":[{"start":{"line":48,"column":20},"end":{"line":48,"column":35}},{"start":{"line":48,"column":39},"end":{"line":48,"column":48}}]},"3":{"line":88,"type":"if","locations":[{"start":{"line":88,"column":8},"end":{"line":88,"column":8}},{"start":{"line":88,"column":8},"end":{"line":88,"column":8}}]},"4":{"line":146,"type":"binary-expr","locations":[{"start":{"line":146,"column":31},"end":{"line":146,"column":37}},{"start":{"line":146,"column":41},"end":{"line":146,"column":43}}]},"5":{"line":174,"type":"binary-expr","locations":[{"start":{"line":174,"column":39},"end":{"line":174,"column":58}},{"start":{"line":174,"column":62},"end":{"line":174,"column":64}}]}}},"/Users/okuni/projects/node-coz/lib/util/copying/index.js":{"path":"/Users/okuni/projects/node-coz/lib/util/copying/index.js","s":{"1":1,"2":31,"3":30},"b":{},"f":{"1":31,"2":30},"fnMap":{"1":{"name":"(anonymous_1)","line":10,"loc":{"start":{"line":10,"column":12},"end":{"line":10,"column":15}}},"2":{"name":"(anonymous_2)","line":11,"loc":{"start":{"line":11,"column":20},"end":{"line":11,"column":23}}}},"statementMap":{"1":{"start":{"line":9,"column":0},"end":{"line":12,"column":2}},"2":{"start":{"line":10,"column":17},"end":{"line":10,"column":42}},"3":{"start":{"line":11,"column":25},"end":{"line":11,"column":59}}},"branchMap":{}},"/Users/okuni/projects/node-coz/lib/template/_approximately_equal.js":{"path":"/Users/okuni/projects/node-coz/lib/template/_approximately_equal.js","s":{"1":1,"2":1,"3":1,"4":568,"5":2248,"6":2248,"7":2248,"8":8,"9":560,"10":1},"b":{"1":[8,2240]},"f":{"1":568},"fnMap":{"1":{"name":"_approximatelyEqual","line":24,"loc":{"start":{"line":24,"column":0},"end":{"line":24,"column":45}}}},"statementMap":{"1":{"start":{"line":13,"column":0},"end":{"line":14,"column":28}},"2":{"start":{"line":16,"column":0},"end":{"line":21,"column":2}},"3":{"start":{"line":24,"column":0},"end":{"line":33,"column":1}},"4":{"start":{"line":25,"column":4},"end":{"line":31,"column":5}},"5":{"start":{"line":26,"column":8},"end":{"line":26,"column":38}},"6":{"start":{"line":27,"column":8},"end":{"line":27,"column":58}},"7":{"start":{"line":28,"column":8},"end":{"line":30,"column":9}},"8":{"start":{"line":29,"column":12},"end":{"line":29,"column":24}},"9":{"start":{"line":32,"column":4},"end":{"line":32,"column":17}},"10":{"start":{"line":36,"column":0},"end":{"line":36,"column":37}}},"branchMap":{"1":{"line":28,"type":"if","locations":[{"start":{"line":28,"column":8},"end":{"line":28,"column":8}},{"start":{"line":28,"column":8},"end":{"line":28,"column":8}}]}}},"/Users/okuni/projects/node-coz/lib/template/tmpl_set.js":{"path":"/Users/okuni/projects/node-coz/lib/template/tmpl_set.js","s":{"1":1,"2":1,"3":14,"4":14,"5":14,"6":14,"7":1,"8":73,"9":73,"10":1,"11":72,"12":72,"13":28,"14":28,"15":28,"16":71,"17":71,"18":28,"19":82,"20":1,"21":81,"22":81,"23":1,"24":80,"25":80,"26":80,"27":184,"28":184,"29":2,"30":182,"31":182,"32":3,"33":179,"34":179,"35":356,"36":356,"37":0,"38":75,"39":1},"b":{"1":[14,6],"2":[1,72],"3":[72,2],"4":[1,81],"5":[1,80],"6":[2,182],"7":[3,179],"8":[179,1],"9":[0,356]},"f":{"1":14,"2":73,"3":28,"4":82},"fnMap":{"1":{"name":"TmplSet","line":15,"loc":{"start":{"line":15,"column":0},"end":{"line":15,"column":24}}},"2":{"name":"(anonymous_2)","line":28,"loc":{"start":{"line":28,"column":18},"end":{"line":28,"column":40}}},"3":{"name":"(anonymous_3)","line":41,"loc":{"start":{"line":41,"column":19},"end":{"line":41,"column":36}}},"4":{"name":"(anonymous_4)","line":55,"loc":{"start":{"line":55,"column":17},"end":{"line":55,"column":33}}}},"statementMap":{"1":{"start":{"line":10,"column":0},"end":{"line":11,"column":60}},"2":{"start":{"line":15,"column":0},"end":{"line":20,"column":1}},"3":{"start":{"line":16,"column":4},"end":{"line":16,"column":17}},"4":{"start":{"line":17,"column":4},"end":{"line":17,"column":18}},"5":{"start":{"line":18,"column":4},"end":{"line":18,"column":34}},"6":{"start":{"line":19,"column":4},"end":{"line":19,"column":33}},"7":{"start":{"line":22,"column":0},"end":{"line":86,"column":2}},"8":{"start":{"line":29,"column":8},"end":{"line":29,"column":21}},"9":{"start":{"line":30,"column":8},"end":{"line":32,"column":9}},"10":{"start":{"line":31,"column":12},"end":{"line":31,"column":74}},"11":{"start":{"line":33,"column":8},"end":{"line":33,"column":40}},"12":{"start":{"line":34,"column":8},"end":{"line":34,"column":30}},"13":{"start":{"line":42,"column":8},"end":{"line":42,"column":21}},"14":{"start":{"line":43,"column":8},"end":{"line":43,"column":39}},"15":{"start":{"line":44,"column":8},"end":{"line":47,"column":9}},"16":{"start":{"line":45,"column":12},"end":{"line":45,"column":32}},"17":{"start":{"line":46,"column":12},"end":{"line":46,"column":46}},"18":{"start":{"line":48,"column":8},"end":{"line":48,"column":17}},"19":{"start":{"line":56,"column":8},"end":{"line":58,"column":9}},"20":{"start":{"line":57,"column":12},"end":{"line":57,"column":24}},"21":{"start":{"line":59,"column":8},"end":{"line":59,"column":53}},"22":{"start":{"line":60,"column":8},"end":{"line":62,"column":9}},"23":{"start":{"line":61,"column":12},"end":{"line":61,"column":24}},"24":{"start":{"line":63,"column":8},"end":{"line":64,"column":29}},"25":{"start":{"line":65,"column":8},"end":{"line":65,"column":38}},"26":{"start":{"line":66,"column":8},"end":{"line":82,"column":9}},"27":{"start":{"line":67,"column":12},"end":{"line":67,"column":49}},"28":{"start":{"line":68,"column":12},"end":{"line":70,"column":13}},"29":{"start":{"line":69,"column":16},"end":{"line":69,"column":28}},"30":{"start":{"line":71,"column":12},"end":{"line":71,"column":66}},"31":{"start":{"line":72,"column":12},"end":{"line":74,"column":13}},"32":{"start":{"line":73,"column":16},"end":{"line":73,"column":28}},"33":{"start":{"line":75,"column":12},"end":{"line":75,"column":46}},"34":{"start":{"line":76,"column":12},"end":{"line":81,"column":13}},"35":{"start":{"line":77,"column":16},"end":{"line":77,"column":71}},"36":{"start":{"line":78,"column":16},"end":{"line":80,"column":17}},"37":{"start":{"line":79,"column":20},"end":{"line":79,"column":32}},"38":{"start":{"line":83,"column":8},"end":{"line":83,"column":20}},"39":{"start":{"line":88,"column":0},"end":{"line":88,"column":25}}},"branchMap":{"1":{"line":19,"type":"binary-expr","locations":[{"start":{"line":19,"column":20},"end":{"line":19,"column":25}},{"start":{"line":19,"column":29},"end":{"line":19,"column":31}}]},"2":{"line":30,"type":"if","locations":[{"start":{"line":30,"column":8},"end":{"line":30,"column":8}},{"start":{"line":30,"column":8},"end":{"line":30,"column":8}}]},"3":{"line":33,"type":"binary-expr","locations":[{"start":{"line":33,"column":21},"end":{"line":33,"column":31}},{"start":{"line":33,"column":35},"end":{"line":33,"column":39}}]},"4":{"line":56,"type":"if","locations":[{"start":{"line":56,"column":8},"end":{"line":56,"column":8}},{"start":{"line":56,"column":8},"end":{"line":56,"column":8}}]},"5":{"line":60,"type":"if","locations":[{"start":{"line":60,"column":8},"end":{"line":60,"column":8}},{"start":{"line":60,"column":8},"end":{"line":60,"column":8}}]},"6":{"line":68,"type":"if","locations":[{"start":{"line":68,"column":12},"end":{"line":68,"column":12}},{"start":{"line":68,"column":12},"end":{"line":68,"column":12}}]},"7":{"line":72,"type":"if","locations":[{"start":{"line":72,"column":12},"end":{"line":72,"column":12}},{"start":{"line":72,"column":12},"end":{"line":72,"column":12}}]},"8":{"line":75,"type":"binary-expr","locations":[{"start":{"line":75,"column":26},"end":{"line":75,"column":39}},{"start":{"line":75,"column":43},"end":{"line":75,"column":45}}]},"9":{"line":78,"type":"if","locations":[{"start":{"line":78,"column":16},"end":{"line":78,"column":16}},{"start":{"line":78,"column":16},"end":{"line":78,"column":16}}]}}},"/Users/okuni/projects/node-coz/lib/template/buildin_tmpls/index.js":{"path":"/Users/okuni/projects/node-coz/lib/template/buildin_tmpls/index.js","s":{"1":1,"2":14,"3":14,"4":14,"5":14,"6":14},"b":{},"f":{"1":14,"2":14,"3":14,"4":14,"5":14},"fnMap":{"1":{"name":"(anonymous_1)","line":10,"loc":{"start":{"line":10,"column":19},"end":{"line":10,"column":22}}},"2":{"name":"(anonymous_2)","line":11,"loc":{"start":{"line":11,"column":16},"end":{"line":11,"column":19}}},"3":{"name":"(anonymous_3)","line":12,"loc":{"start":{"line":12,"column":30},"end":{"line":12,"column":33}}},"4":{"name":"(anonymous_4)","line":13,"loc":{"start":{"line":13,"column":20},"end":{"line":13,"column":23}}},"5":{"name":"(anonymous_5)","line":14,"loc":{"start":{"line":14,"column":16},"end":{"line":14,"column":19}}}},"statementMap":{"1":{"start":{"line":9,"column":0},"end":{"line":15,"column":2}},"2":{"start":{"line":10,"column":24},"end":{"line":10,"column":57}},"3":{"start":{"line":11,"column":21},"end":{"line":11,"column":51}},"4":{"start":{"line":12,"column":35},"end":{"line":12,"column":80}},"5":{"start":{"line":13,"column":25},"end":{"line":13,"column":59}},"6":{"start":{"line":14,"column":21},"end":{"line":14,"column":51}}},"branchMap":{}},"/Users/okuni/projects/node-coz/lib/bud/bud_loader.js":{"path":"/Users/okuni/projects/node-coz/lib/bud/bud_loader.js","s":{"1":1,"2":1,"3":7,"4":1,"5":6,"6":6,"7":6,"8":6,"9":6,"10":6,"11":6,"12":6,"13":6,"14":6,"15":6,"16":6,"17":2,"18":2,"19":4,"20":4,"21":4,"22":4,"23":4,"24":4,"25":4,"26":0,"27":4,"28":4,"29":4,"30":4,"31":7,"32":7,"33":7,"34":1,"35":1,"36":1,"37":1,"38":1,"39":1,"40":1,"41":6,"42":6,"43":6,"44":6,"45":6,"46":6,"47":6,"48":6,"49":3,"50":6,"51":6,"52":6,"53":6,"54":1},"b":{"1":[6,2],"2":[2,4],"3":[4,0],"4":[4,0],"5":[1,6],"6":[6,4,2],"7":[6,4,2,2],"8":[6,0],"9":[6,1,1]},"f":{"1":7,"2":6,"3":6,"4":6,"5":6,"6":6,"7":6,"8":6,"9":6,"10":4,"11":4,"12":4,"13":4,"14":7,"15":7,"16":1,"17":1,"18":6,"19":6,"20":3,"21":6,"22":6},"fnMap":{"1":{"name":"BudLoader","line":24,"loc":{"start":{"line":24,"column":0},"end":{"line":24,"column":21}}},"2":{"name":"(anonymous_2)","line":34,"loc":{"start":{"line":34,"column":10},"end":{"line":34,"column":35}}},"3":{"name":"(anonymous_3)","line":38,"loc":{"start":{"line":38,"column":12},"end":{"line":38,"column":32}}},"4":{"name":"requireBud","line":41,"loc":{"start":{"line":41,"column":12},"end":{"line":41,"column":47}}},"5":{"name":"evaluateBud","line":44,"loc":{"start":{"line":44,"column":12},"end":{"line":44,"column":48}}},"6":{"name":"makeupBud","line":47,"loc":{"start":{"line":47,"column":12},"end":{"line":47,"column":46}}},"7":{"name":"convertBud","line":50,"loc":{"start":{"line":50,"column":12},"end":{"line":50,"column":47}}},"8":{"name":"(anonymous_8)","line":61,"loc":{"start":{"line":61,"column":17},"end":{"line":61,"column":42}}},"9":{"name":"(anonymous_9)","line":63,"loc":{"start":{"line":63,"column":25},"end":{"line":63,"column":50}}},"10":{"name":"(anonymous_10)","line":71,"loc":{"start":{"line":71,"column":16},"end":{"line":71,"column":36}}},"11":{"name":"(anonymous_11)","line":73,"loc":{"start":{"line":73,"column":40},"end":{"line":73,"column":58}}},"12":{"name":"(anonymous_12)","line":77,"loc":{"start":{"line":77,"column":16},"end":{"line":77,"column":32}}},"13":{"name":"(anonymous_13)","line":84,"loc":{"start":{"line":84,"column":55},"end":{"line":84,"column":70}}},"14":{"name":"(anonymous_14)","line":100,"loc":{"start":{"line":100,"column":18},"end":{"line":100,"column":43}}},"15":{"name":"(anonymous_15)","line":102,"loc":{"start":{"line":102,"column":25},"end":{"line":102,"column":50}}},"16":{"name":"(anonymous_16)","line":106,"loc":{"start":{"line":106,"column":25},"end":{"line":106,"column":45}}},"17":{"name":"(anonymous_17)","line":107,"loc":{"start":{"line":107,"column":49},"end":{"line":107,"column":64}}},"18":{"name":"(anonymous_18)","line":126,"loc":{"start":{"line":126,"column":16},"end":{"line":126,"column":41}}},"19":{"name":"(anonymous_19)","line":128,"loc":{"start":{"line":128,"column":25},"end":{"line":128,"column":50}}},"20":{"name":"(anonymous_20)","line":139,"loc":{"start":{"line":139,"column":28},"end":{"line":139,"column":44}}},"21":{"name":"(anonymous_21)","line":152,"loc":{"start":{"line":152,"column":17},"end":{"line":152,"column":42}}},"22":{"name":"(anonymous_22)","line":154,"loc":{"start":{"line":154,"column":25},"end":{"line":154,"column":51}}}},"statementMap":{"1":{"start":{"line":10,"column":0},"end":{"line":21,"column":27}},"2":{"start":{"line":24,"column":0},"end":{"line":26,"column":1}},"3":{"start":{"line":25,"column":4},"end":{"line":25,"column":17}},"4":{"start":{"line":28,"column":0},"end":{"line":158,"column":2}},"5":{"start":{"line":35,"column":8},"end":{"line":35,"column":21}},"6":{"start":{"line":36,"column":8},"end":{"line":36,"column":42}},"7":{"start":{"line":37,"column":8},"end":{"line":53,"column":21}},"8":{"start":{"line":39,"column":16},"end":{"line":39,"column":41}},"9":{"start":{"line":42,"column":16},"end":{"line":42,"column":45}},"10":{"start":{"line":45,"column":16},"end":{"line":45,"column":46}},"11":{"start":{"line":48,"column":16},"end":{"line":48,"column":44}},"12":{"start":{"line":51,"column":16},"end":{"line":51,"column":45}},"13":{"start":{"line":62,"column":8},"end":{"line":62,"column":21}},"14":{"start":{"line":63,"column":8},"end":{"line":92,"column":21}},"15":{"start":{"line":64,"column":12},"end":{"line":64,"column":37}},"16":{"start":{"line":65,"column":12},"end":{"line":69,"column":13}},"17":{"start":{"line":67,"column":16},"end":{"line":67,"column":36}},"18":{"start":{"line":68,"column":16},"end":{"line":68,"column":23}},"19":{"start":{"line":70,"column":12},"end":{"line":91,"column":25}},"20":{"start":{"line":72,"column":20},"end":{"line":72,"column":53}},"21":{"start":{"line":73,"column":20},"end":{"line":75,"column":23}},"22":{"start":{"line":74,"column":24},"end":{"line":74,"column":64}},"23":{"start":{"line":78,"column":20},"end":{"line":78,"column":35}},"24":{"start":{"line":79,"column":20},"end":{"line":89,"column":21}},"25":{"start":{"line":80,"column":24},"end":{"line":80,"column":44}},"26":{"start":{"line":82,"column":24},"end":{"line":82,"column":54}},"27":{"start":{"line":84,"column":24},"end":{"line":87,"column":27}},"28":{"start":{"line":85,"column":28},"end":{"line":85,"column":56}},"29":{"start":{"line":86,"column":28},"end":{"line":86,"column":38}},"30":{"start":{"line":88,"column":24},"end":{"line":88,"column":43}},"31":{"start":{"line":101,"column":8},"end":{"line":101,"column":21}},"32":{"start":{"line":102,"column":8},"end":{"line":118,"column":21}},"33":{"start":{"line":103,"column":12},"end":{"line":117,"column":13}},"34":{"start":{"line":105,"column":20},"end":{"line":105,"column":35}},"35":{"start":{"line":106,"column":20},"end":{"line":112,"column":23}},"36":{"start":{"line":107,"column":24},"end":{"line":110,"column":27}},"37":{"start":{"line":108,"column":28},"end":{"line":108,"column":60}},"38":{"start":{"line":109,"column":28},"end":{"line":109,"column":39}},"39":{"start":{"line":111,"column":24},"end":{"line":111,"column":42}},"40":{"start":{"line":113,"column":20},"end":{"line":113,"column":26}},"41":{"start":{"line":115,"column":20},"end":{"line":115,"column":40}},"42":{"start":{"line":116,"column":20},"end":{"line":116,"column":26}},"43":{"start":{"line":127,"column":8},"end":{"line":127,"column":21}},"44":{"start":{"line":128,"column":8},"end":{"line":144,"column":21}},"45":{"start":{"line":129,"column":12},"end":{"line":131,"column":65}},"46":{"start":{"line":132,"column":12},"end":{"line":132,"column":89}},"47":{"start":{"line":133,"column":12},"end":{"line":133,"column":30}},"48":{"start":{"line":134,"column":12},"end":{"line":142,"column":39}},"49":{"start":{"line":140,"column":24},"end":{"line":140,"column":44}},"50":{"start":{"line":143,"column":12},"end":{"line":143,"column":32}},"51":{"start":{"line":153,"column":8},"end":{"line":153,"column":21}},"52":{"start":{"line":154,"column":8},"end":{"line":156,"column":21}},"53":{"start":{"line":155,"column":12},"end":{"line":155,"column":42}},"54":{"start":{"line":160,"column":0},"end":{"line":160,"column":27}}},"branchMap":{"1":{"line":64,"type":"binary-expr","locations":[{"start":{"line":64,"column":22},"end":{"line":64,"column":29}},{"start":{"line":64,"column":33},"end":{"line":64,"column":36}}]},"2":{"line":65,"type":"if","locations":[{"start":{"line":65,"column":12},"end":{"line":65,"column":12}},{"start":{"line":65,"column":12},"end":{"line":65,"column":12}}]},"3":{"line":74,"type":"cond-expr","locations":[{"start":{"line":74,"column":48},"end":{"line":74,"column":56}},{"start":{"line":74,"column":59},"end":{"line":74,"column":62}}]},"4":{"line":84,"type":"binary-expr","locations":[{"start":{"line":84,"column":40},"end":{"line":84,"column":43}},{"start":{"line":84,"column":47},"end":{"line":84,"column":49}}]},"5":{"line":103,"type":"switch","locations":[{"start":{"line":104,"column":16},"end":{"line":113,"column":26}},{"start":{"line":114,"column":16},"end":{"line":116,"column":26}}]},"6":{"line":129,"type":"binary-expr","locations":[{"start":{"line":129,"column":22},"end":{"line":129,"column":29}},{"start":{"line":129,"column":33},"end":{"line":129,"column":54}},{"start":{"line":129,"column":58},"end":{"line":129,"column":62}}]},"7":{"line":130,"type":"binary-expr","locations":[{"start":{"line":130,"column":26},"end":{"line":130,"column":29}},{"start":{"line":130,"column":33},"end":{"line":130,"column":50}},{"start":{"line":130,"column":54},"end":{"line":130,"column":61}},{"start":{"line":130,"column":65},"end":{"line":130,"column":78}}]},"8":{"line":132,"type":"binary-expr","locations":[{"start":{"line":132,"column":45},"end":{"line":132,"column":53}},{"start":{"line":132,"column":57},"end":{"line":132,"column":87}}]},"9":{"line":134,"type":"binary-expr","locations":[{"start":{"line":134,"column":23},"end":{"line":134,"column":31}},{"start":{"line":134,"column":35},"end":{"line":142,"column":28}},{"start":{"line":142,"column":32},"end":{"line":142,"column":38}}]}}},"/Users/okuni/projects/node-coz/lib/bud/_next_tick.js":{"path":"/Users/okuni/projects/node-coz/lib/bud/_next_tick.js","s":{"1":1,"2":18,"3":18,"4":1},"b":{},"f":{"1":18,"2":18},"fnMap":{"1":{"name":"_nextTick","line":13,"loc":{"start":{"line":13,"column":0},"end":{"line":13,"column":34}}},"2":{"name":"(anonymous_2)","line":14,"loc":{"start":{"line":14,"column":21},"end":{"line":14,"column":33}}}},"statementMap":{"1":{"start":{"line":13,"column":0},"end":{"line":17,"column":1}},"2":{"start":{"line":14,"column":4},"end":{"line":16,"column":7}},"3":{"start":{"line":15,"column":8},"end":{"line":15,"column":28}},"4":{"start":{"line":19,"column":0},"end":{"line":19,"column":27}}},"branchMap":{}},"/Users/okuni/projects/node-coz/lib/bud/_concat_buds.js":{"path":"/Users/okuni/projects/node-coz/lib/bud/_concat_buds.js","s":{"1":1,"2":1,"3":70,"4":1},"b":{},"f":{"1":70},"fnMap":{"1":{"name":"_concatBuds","line":18,"loc":{"start":{"line":18,"column":0},"end":{"line":18,"column":48}}}},"statementMap":{"1":{"start":{"line":13,"column":0},"end":{"line":15,"column":22}},"2":{"start":{"line":18,"column":0},"end":{"line":20,"column":1}},"3":{"start":{"line":19,"column":4},"end":{"line":19,"column":61}},"4":{"start":{"line":22,"column":0},"end":{"line":22,"column":29}}},"branchMap":{}},"/Users/okuni/projects/node-coz/lib/bud/bud.js":{"path":"/Users/okuni/projects/node-coz/lib/bud/bud.js","s":{"1":1,"2":1,"3":28,"4":28,"5":28,"6":28,"7":1,"8":28,"9":1,"10":308,"11":99,"12":209,"13":209,"14":28,"15":28,"16":28,"17":28,"18":28,"19":28,"20":28,"21":28,"22":28,"23":28,"24":28,"25":1,"26":24,"27":4,"28":24,"29":1},"b":{"1":[99,209],"2":[4,20]},"f":{"1":28,"2":28,"3":308,"4":24},"fnMap":{"1":{"name":"Bud","line":26,"loc":{"start":{"line":26,"column":0},"end":{"line":26,"column":21}}},"2":{"name":"(anonymous_2)","line":93,"loc":{"start":{"line":93,"column":14},"end":{"line":93,"column":26}}},"3":{"name":"_assertType","line":96,"loc":{"start":{"line":96,"column":8},"end":{"line":96,"column":47}}},"4":{"name":"(anonymous_4)","line":123,"loc":{"start":{"line":123,"column":10},"end":{"line":123,"column":28}}}},"statementMap":{"1":{"start":{"line":21,"column":0},"end":{"line":23,"column":25}},"2":{"start":{"line":26,"column":0},"end":{"line":31,"column":1}},"3":{"start":{"line":27,"column":4},"end":{"line":27,"column":17}},"4":{"start":{"line":28,"column":4},"end":{"line":28,"column":28}},"5":{"start":{"line":29,"column":4},"end":{"line":29,"column":42}},"6":{"start":{"line":30,"column":4},"end":{"line":30,"column":17}},"7":{"start":{"line":33,"column":0},"end":{"line":116,"column":2}},"8":{"start":{"line":94,"column":8},"end":{"line":94,"column":21}},"9":{"start":{"line":96,"column":8},"end":{"line":102,"column":9}},"10":{"start":{"line":97,"column":12},"end":{"line":99,"column":13}},"11":{"start":{"line":98,"column":16},"end":{"line":98,"column":23}},"12":{"start":{"line":100,"column":12},"end":{"line":100,"column":68}},"13":{"start":{"line":101,"column":12},"end":{"line":101,"column":31}},"14":{"start":{"line":104,"column":8},"end":{"line":104,"column":86}},"15":{"start":{"line":105,"column":8},"end":{"line":105,"column":66}},"16":{"start":{"line":106,"column":8},"end":{"line":106,"column":68}},"17":{"start":{"line":107,"column":8},"end":{"line":107,"column":70}},"18":{"start":{"line":108,"column":8},"end":{"line":108,"column":74}},"19":{"start":{"line":109,"column":8},"end":{"line":109,"column":70}},"20":{"start":{"line":110,"column":8},"end":{"line":110,"column":72}},"21":{"start":{"line":111,"column":8},"end":{"line":111,"column":82}},"22":{"start":{"line":112,"column":8},"end":{"line":112,"column":68}},"23":{"start":{"line":113,"column":8},"end":{"line":113,"column":66}},"24":{"start":{"line":114,"column":8},"end":{"line":114,"column":86}},"25":{"start":{"line":123,"column":0},"end":{"line":128,"column":2}},"26":{"start":{"line":124,"column":4},"end":{"line":126,"column":5}},"27":{"start":{"line":125,"column":8},"end":{"line":125,"column":31}},"28":{"start":{"line":127,"column":4},"end":{"line":127,"column":27}},"29":{"start":{"line":131,"column":0},"end":{"line":131,"column":21}}},"branchMap":{"1":{"line":97,"type":"if","locations":[{"start":{"line":97,"column":12},"end":{"line":97,"column":12}},{"start":{"line":97,"column":12},"end":{"line":97,"column":12}}]},"2":{"line":124,"type":"if","locations":[{"start":{"line":124,"column":4},"end":{"line":124,"column":4}},{"start":{"line":124,"column":4},"end":{"line":124,"column":4}}]}}},"/Users/okuni/projects/node-coz/lib/bud/bud_compiler.js":{"path":"/Users/okuni/projects/node-coz/lib/bud/bud_compiler.js","s":{"1":1,"2":1,"3":9,"4":9,"5":9,"6":9,"7":1,"8":5,"9":5,"10":5,"11":5,"12":5,"13":5,"14":5,"15":5,"16":5,"17":5,"18":5,"19":5,"20":5,"21":5,"22":5,"23":0,"24":0,"25":5,"26":5,"27":5,"28":5,"29":7,"30":7,"31":7,"32":7,"33":7,"34":3,"35":7,"36":1,"37":1,"38":6,"39":6,"40":6,"41":6,"42":6,"43":6,"44":6,"45":6,"46":5,"47":5,"48":5,"49":6,"50":1,"51":1,"52":5,"53":5,"54":6,"55":6,"56":6,"57":6,"58":6,"59":3,"60":3,"61":3,"62":3,"63":3,"64":3,"65":3,"66":0,"67":3,"68":3,"69":6,"70":6,"71":1},"b":{"1":[9,5],"2":[9,5],"3":[9,5],"4":[5,1],"5":[0,5],"6":[3,4],"7":[1,6],"8":[5,1],"9":[5,4],"10":[1,5],"11":[3,3],"12":[3,3],"13":[3,0],"14":[0,3]},"f":{"1":9,"2":5,"3":5,"4":5,"5":5,"6":5,"7":5,"8":5,"9":5,"10":5,"11":5,"12":7,"13":7,"14":6,"15":6,"16":6,"17":6,"18":6,"19":6,"20":3,"21":3,"22":6},"fnMap":{"1":{"name":"BudCompiler","line":26,"loc":{"start":{"line":26,"column":0},"end":{"line":26,"column":29}}},"2":{"name":"(anonymous_2)","line":39,"loc":{"start":{"line":39,"column":13},"end":{"line":39,"column":38}}},"3":{"name":"(anonymous_3)","line":43,"loc":{"start":{"line":43,"column":12},"end":{"line":43,"column":32}}},"4":{"name":"(anonymous_4)","line":46,"loc":{"start":{"line":46,"column":12},"end":{"line":46,"column":37}}},"5":{"name":"(anonymous_5)","line":49,"loc":{"start":{"line":49,"column":12},"end":{"line":49,"column":37}}},"6":{"name":"(anonymous_6)","line":52,"loc":{"start":{"line":52,"column":12},"end":{"line":52,"column":37}}},"7":{"name":"(anonymous_7)","line":55,"loc":{"start":{"line":55,"column":12},"end":{"line":55,"column":37}}},"8":{"name":"(anonymous_8)","line":57,"loc":{"start":{"line":57,"column":39},"end":{"line":57,"column":59}}},"9":{"name":"(anonymous_9)","line":61,"loc":{"start":{"line":61,"column":11},"end":{"line":61,"column":31}}},"10":{"name":"(anonymous_10)","line":71,"loc":{"start":{"line":71,"column":21},"end":{"line":71,"column":46}}},"11":{"name":"(anonymous_11)","line":73,"loc":{"start":{"line":73,"column":25},"end":{"line":73,"column":50}}},"12":{"name":"(anonymous_12)","line":95,"loc":{"start":{"line":95,"column":21},"end":{"line":95,"column":46}}},"13":{"name":"(anonymous_13)","line":97,"loc":{"start":{"line":97,"column":25},"end":{"line":97,"column":50}}},"14":{"name":"(anonymous_14)","line":107,"loc":{"start":{"line":107,"column":47},"end":{"line":107,"column":68}}},"15":{"name":"(anonymous_15)","line":119,"loc":{"start":{"line":119,"column":23},"end":{"line":119,"column":48}}},"16":{"name":"(anonymous_16)","line":121,"loc":{"start":{"line":121,"column":25},"end":{"line":121,"column":50}}},"17":{"name":"(anonymous_17)","line":143,"loc":{"start":{"line":143,"column":21},"end":{"line":143,"column":46}}},"18":{"name":"(anonymous_18)","line":145,"loc":{"start":{"line":145,"column":25},"end":{"line":145,"column":50}}},"19":{"name":"(anonymous_19)","line":149,"loc":{"start":{"line":149,"column":16},"end":{"line":149,"column":36}}},"20":{"name":"(anonymous_20)","line":157,"loc":{"start":{"line":157,"column":46},"end":{"line":157,"column":66}}},"21":{"name":"(anonymous_21)","line":159,"loc":{"start":{"line":159,"column":40},"end":{"line":159,"column":65}}},"22":{"name":"(anonymous_22)","line":169,"loc":{"start":{"line":169,"column":15},"end":{"line":169,"column":36}}}},"statementMap":{"1":{"start":{"line":13,"column":0},"end":{"line":22,"column":61}},"2":{"start":{"line":26,"column":0},"end":{"line":31,"column":1}},"3":{"start":{"line":27,"column":4},"end":{"line":27,"column":26}},"4":{"start":{"line":28,"column":4},"end":{"line":28,"column":17}},"5":{"start":{"line":29,"column":4},"end":{"line":29,"column":63}},"6":{"start":{"line":30,"column":4},"end":{"line":30,"column":57}},"7":{"start":{"line":33,"column":0},"end":{"line":175,"column":2}},"8":{"start":{"line":40,"column":8},"end":{"line":40,"column":21}},"9":{"start":{"line":41,"column":8},"end":{"line":41,"column":42}},"10":{"start":{"line":42,"column":8},"end":{"line":63,"column":11}},"11":{"start":{"line":44,"column":16},"end":{"line":44,"column":41}},"12":{"start":{"line":47,"column":16},"end":{"line":47,"column":49}},"13":{"start":{"line":50,"column":16},"end":{"line":50,"column":49}},"14":{"start":{"line":53,"column":16},"end":{"line":53,"column":51}},"15":{"start":{"line":56,"column":16},"end":{"line":56,"column":37}},"16":{"start":{"line":57,"column":16},"end":{"line":59,"column":19}},"17":{"start":{"line":58,"column":20},"end":{"line":58,"column":39}},"18":{"start":{"line":62,"column":12},"end":{"line":62,"column":31}},"19":{"start":{"line":72,"column":8},"end":{"line":72,"column":21}},"20":{"start":{"line":73,"column":8},"end":{"line":87,"column":21}},"21":{"start":{"line":74,"column":12},"end":{"line":74,"column":38}},"22":{"start":{"line":75,"column":12},"end":{"line":78,"column":13}},"23":{"start":{"line":76,"column":16},"end":{"line":76,"column":59}},"24":{"start":{"line":77,"column":16},"end":{"line":77,"column":41}},"25":{"start":{"line":79,"column":12},"end":{"line":79,"column":32}},"26":{"start":{"line":80,"column":12},"end":{"line":84,"column":14}},"27":{"start":{"line":85,"column":12},"end":{"line":85,"column":28}},"28":{"start":{"line":86,"column":12},"end":{"line":86,"column":32}},"29":{"start":{"line":96,"column":8},"end":{"line":96,"column":21}},"30":{"start":{"line":97,"column":8},"end":{"line":111,"column":21}},"31":{"start":{"line":98,"column":12},"end":{"line":98,"column":32}},"32":{"start":{"line":99,"column":12},"end":{"line":99,"column":55}},"33":{"start":{"line":100,"column":12},"end":{"line":102,"column":13}},"34":{"start":{"line":101,"column":16},"end":{"line":101,"column":32}},"35":{"start":{"line":103,"column":12},"end":{"line":106,"column":13}},"36":{"start":{"line":104,"column":16},"end":{"line":104,"column":83}},"37":{"start":{"line":105,"column":16},"end":{"line":105,"column":23}},"38":{"start":{"line":107,"column":12},"end":{"line":110,"column":15}},"39":{"start":{"line":108,"column":16},"end":{"line":108,"column":32}},"40":{"start":{"line":109,"column":16},"end":{"line":109,"column":35}},"41":{"start":{"line":120,"column":8},"end":{"line":120,"column":21}},"42":{"start":{"line":121,"column":8},"end":{"line":135,"column":21}},"43":{"start":{"line":122,"column":12},"end":{"line":122,"column":36}},"44":{"start":{"line":123,"column":12},"end":{"line":123,"column":59}},"45":{"start":{"line":124,"column":12},"end":{"line":128,"column":13}},"46":{"start":{"line":125,"column":16},"end":{"line":125,"column":44}},"47":{"start":{"line":126,"column":16},"end":{"line":126,"column":40}},"48":{"start":{"line":127,"column":16},"end":{"line":127,"column":43}},"49":{"start":{"line":129,"column":12},"end":{"line":132,"column":13}},"50":{"start":{"line":130,"column":16},"end":{"line":130,"column":83}},"51":{"start":{"line":131,"column":16},"end":{"line":131,"column":23}},"52":{"start":{"line":133,"column":12},"end":{"line":133,"column":32}},"53":{"start":{"line":134,"column":12},"end":{"line":134,"column":32}},"54":{"start":{"line":144,"column":8},"end":{"line":144,"column":21}},"55":{"start":{"line":145,"column":8},"end":{"line":173,"column":21}},"56":{"start":{"line":146,"column":12},"end":{"line":147,"column":36}},"57":{"start":{"line":148,"column":12},"end":{"line":172,"column":15}},"58":{"start":{"line":150,"column":20},"end":{"line":167,"column":21}},"59":{"start":{"line":153,"column":28},"end":{"line":153,"column":49}},"60":{"start":{"line":154,"column":28},"end":{"line":154,"column":34}},"61":{"start":{"line":156,"column":28},"end":{"line":156,"column":65}},"62":{"start":{"line":157,"column":28},"end":{"line":165,"column":31}},"63":{"start":{"line":158,"column":32},"end":{"line":158,"column":63}},"64":{"start":{"line":160,"column":32},"end":{"line":160,"column":77}},"65":{"start":{"line":161,"column":32},"end":{"line":163,"column":33}},"66":{"start":{"line":162,"column":36},"end":{"line":162,"column":86}},"67":{"start":{"line":164,"column":32},"end":{"line":164,"column":55}},"68":{"start":{"line":166,"column":28},"end":{"line":166,"column":34}},"69":{"start":{"line":170,"column":16},"end":{"line":170,"column":32}},"70":{"start":{"line":171,"column":16},"end":{"line":171,"column":35}},"71":{"start":{"line":177,"column":0},"end":{"line":177,"column":29}}},"branchMap":{"1":{"line":27,"type":"binary-expr","locations":[{"start":{"line":27,"column":13},"end":{"line":27,"column":19}},{"start":{"line":27,"column":23},"end":{"line":27,"column":25}}]},"2":{"line":29,"type":"binary-expr","locations":[{"start":{"line":29,"column":18},"end":{"line":29,"column":34}},{"start":{"line":29,"column":38},"end":{"line":29,"column":62}}]},"3":{"line":30,"type":"binary-expr","locations":[{"start":{"line":30,"column":16},"end":{"line":30,"column":30}},{"start":{"line":30,"column":34},"end":{"line":30,"column":56}}]},"4":{"line":74,"type":"binary-expr","locations":[{"start":{"line":74,"column":23},"end":{"line":74,"column":31}},{"start":{"line":74,"column":35},"end":{"line":74,"column":37}}]},"5":{"line":75,"type":"if","locations":[{"start":{"line":75,"column":12},"end":{"line":75,"column":12}},{"start":{"line":75,"column":12},"end":{"line":75,"column":12}}]},"6":{"line":100,"type":"if","locations":[{"start":{"line":100,"column":12},"end":{"line":100,"column":12}},{"start":{"line":100,"column":12},"end":{"line":100,"column":12}}]},"7":{"line":103,"type":"if","locations":[{"start":{"line":103,"column":12},"end":{"line":103,"column":12}},{"start":{"line":103,"column":12},"end":{"line":103,"column":12}}]},"8":{"line":124,"type":"if","locations":[{"start":{"line":124,"column":12},"end":{"line":124,"column":12}},{"start":{"line":124,"column":12},"end":{"line":124,"column":12}}]},"9":{"line":125,"type":"binary-expr","locations":[{"start":{"line":125,"column":28},"end":{"line":125,"column":37}},{"start":{"line":125,"column":41},"end":{"line":125,"column":43}}]},"10":{"line":129,"type":"if","locations":[{"start":{"line":129,"column":12},"end":{"line":129,"column":12}},{"start":{"line":129,"column":12},"end":{"line":129,"column":12}}]},"11":{"line":150,"type":"switch","locations":[{"start":{"line":151,"column":24},"end":{"line":154,"column":34}},{"start":{"line":155,"column":24},"end":{"line":166,"column":34}}]},"12":{"line":156,"type":"binary-expr","locations":[{"start":{"line":156,"column":42},"end":{"line":156,"column":56}},{"start":{"line":156,"column":60},"end":{"line":156,"column":64}}]},"13":{"line":160,"type":"binary-expr","locations":[{"start":{"line":160,"column":54},"end":{"line":160,"column":57}},{"start":{"line":160,"column":61},"end":{"line":160,"column":75}}]},"14":{"line":161,"type":"if","locations":[{"start":{"line":161,"column":32},"end":{"line":161,"column":32}},{"start":{"line":161,"column":32},"end":{"line":161,"column":32}}]}}},"/Users/okuni/projects/node-coz/lib/template/index.js":{"path":"/Users/okuni/projects/node-coz/lib/template/index.js","s":{"1":1,"2":1,"3":1,"4":1,"5":6,"6":1,"7":6},"b":{},"f":{"1":1,"2":1,"3":1,"4":6,"5":1,"6":6},"fnMap":{"1":{"name":"(anonymous_1)","line":15,"loc":{"start":{"line":15,"column":22},"end":{"line":15,"column":25}}},"2":{"name":"(anonymous_2)","line":16,"loc":{"start":{"line":16,"column":22},"end":{"line":16,"column":25}}},"3":{"name":"(anonymous_3)","line":21,"loc":{"start":{"line":21,"column":20},"end":{"line":21,"column":23}}},"4":{"name":"(anonymous_4)","line":26,"loc":{"start":{"line":26,"column":17},"end":{"line":26,"column":20}}},"5":{"name":"(anonymous_5)","line":31,"loc":{"start":{"line":31,"column":14},"end":{"line":31,"column":17}}},"6":{"name":"(anonymous_6)","line":36,"loc":{"start":{"line":36,"column":15},"end":{"line":36,"column":18}}}},"statementMap":{"1":{"start":{"line":10,"column":0},"end":{"line":37,"column":2}},"2":{"start":{"line":15,"column":27},"end":{"line":15,"column":63}},"3":{"start":{"line":16,"column":27},"end":{"line":16,"column":63}},"4":{"start":{"line":21,"column":25},"end":{"line":21,"column":59}},"5":{"start":{"line":26,"column":22},"end":{"line":26,"column":53}},"6":{"start":{"line":31,"column":19},"end":{"line":31,"column":46}},"7":{"start":{"line":36,"column":20},"end":{"line":36,"column":49}}},"branchMap":{}},"/Users/okuni/projects/node-coz/lib/bud/_async_with_timeout.js":{"path":"/Users/okuni/projects/node-coz/lib/bud/_async_with_timeout.js","s":{"1":1,"2":3,"3":0,"4":0,"5":0,"6":0,"7":0,"8":3,"9":3,"10":3,"11":3,"12":3,"13":1},"b":{"1":[0,0],"2":[3,0]},"f":{"1":3,"2":0,"3":3},"fnMap":{"1":{"name":"_asyncWithTimeout","line":14,"loc":{"start":{"line":14,"column":0},"end":{"line":14,"column":52}}},"2":{"name":"(anonymous_2)","line":15,"loc":{"start":{"line":15,"column":27},"end":{"line":15,"column":39}}},"3":{"name":"(anonymous_3)","line":23,"loc":{"start":{"line":23,"column":9},"end":{"line":23,"column":21}}}},"statementMap":{"1":{"start":{"line":14,"column":0},"end":{"line":31,"column":1}},"2":{"start":{"line":15,"column":4},"end":{"line":22,"column":16}},"3":{"start":{"line":16,"column":8},"end":{"line":21,"column":9}},"4":{"start":{"line":17,"column":12},"end":{"line":17,"column":56}},"5":{"start":{"line":18,"column":12},"end":{"line":18,"column":36}},"6":{"start":{"line":19,"column":12},"end":{"line":19,"column":28}},"7":{"start":{"line":20,"column":12},"end":{"line":20,"column":28}},"8":{"start":{"line":23,"column":4},"end":{"line":28,"column":7}},"9":{"start":{"line":24,"column":8},"end":{"line":27,"column":9}},"10":{"start":{"line":25,"column":12},"end":{"line":25,"column":44}},"11":{"start":{"line":26,"column":12},"end":{"line":26,"column":28}},"12":{"start":{"line":29,"column":4},"end":{"line":29,"column":18}},"13":{"start":{"line":33,"column":0},"end":{"line":33,"column":35}}},"branchMap":{"1":{"line":16,"type":"if","locations":[{"start":{"line":16,"column":8},"end":{"line":16,"column":8}},{"start":{"line":16,"column":8},"end":{"line":16,"column":8}}]},"2":{"line":24,"type":"if","locations":[{"start":{"line":24,"column":8},"end":{"line":24,"column":8}},{"start":{"line":24,"column":8},"end":{"line":24,"column":8}}]}}},"/Users/okuni/projects/node-coz/lib/bud/_resolve_string_value.js":{"path":"/Users/okuni/projects/node-coz/lib/bud/_resolve_string_value.js","s":{"1":1,"2":1,"3":6,"4":6,"5":3,"6":3,"7":3,"8":3,"9":3,"10":1,"11":3,"12":1},"b":{"1":[3,3],"2":[1,2],"3":[3,3]},"f":{"1":6,"2":3},"fnMap":{"1":{"name":"_resolveStringValue","line":18,"loc":{"start":{"line":18,"column":0},"end":{"line":18,"column":56}}},"2":{"name":"(anonymous_2)","line":25,"loc":{"start":{"line":25,"column":28},"end":{"line":25,"column":49}}}},"statementMap":{"1":{"start":{"line":14,"column":0},"end":{"line":16,"column":35}},"2":{"start":{"line":18,"column":0},"end":{"line":31,"column":1}},"3":{"start":{"line":19,"column":4},"end":{"line":19,"column":47}},"4":{"start":{"line":20,"column":4},"end":{"line":23,"column":5}},"5":{"start":{"line":21,"column":8},"end":{"line":21,"column":31}},"6":{"start":{"line":22,"column":8},"end":{"line":22,"column":15}},"7":{"start":{"line":24,"column":4},"end":{"line":24,"column":49}},"8":{"start":{"line":25,"column":4},"end":{"line":30,"column":7}},"9":{"start":{"line":26,"column":8},"end":{"line":28,"column":9}},"10":{"start":{"line":27,"column":12},"end":{"line":27,"column":26}},"11":{"start":{"line":29,"column":8},"end":{"line":29,"column":31}},"12":{"start":{"line":32,"column":0},"end":{"line":32,"column":37}}},"branchMap":{"1":{"line":20,"type":"if","locations":[{"start":{"line":20,"column":4},"end":{"line":20,"column":4}},{"start":{"line":20,"column":4},"end":{"line":20,"column":4}}]},"2":{"line":26,"type":"if","locations":[{"start":{"line":26,"column":8},"end":{"line":26,"column":8}},{"start":{"line":26,"column":8},"end":{"line":26,"column":8}}]},"3":{"line":26,"type":"binary-expr","locations":[{"start":{"line":26,"column":12},"end":{"line":26,"column":16}},{"start":{"line":26,"column":20},"end":{"line":26,"column":24}}]}}},"/Users/okuni/projects/node-coz/lib/bud/bud_remover.js":{"path":"/Users/okuni/projects/node-coz/lib/bud/bud_remover.js","s":{"1":1,"2":1,"3":2,"4":1,"5":2,"6":2,"7":2,"8":2,"9":2,"10":2,"11":2,"12":2,"13":2,"14":2,"15":0,"16":0,"17":2,"18":2,"19":2,"20":2,"21":2,"22":1},"b":{"1":[0,2]},"f":{"1":2,"2":2,"3":2,"4":2,"5":2,"6":2,"7":2,"8":2},"fnMap":{"1":{"name":"BudRemover","line":21,"loc":{"start":{"line":21,"column":0},"end":{"line":21,"column":22}}},"2":{"name":"(anonymous_2)","line":31,"loc":{"start":{"line":31,"column":12},"end":{"line":31,"column":37}}},"3":{"name":"(anonymous_3)","line":35,"loc":{"start":{"line":35,"column":12},"end":{"line":35,"column":32}}},"4":{"name":"(anonymous_4)","line":38,"loc":{"start":{"line":38,"column":12},"end":{"line":38,"column":37}}},"5":{"name":"(anonymous_5)","line":49,"loc":{"start":{"line":49,"column":24},"end":{"line":49,"column":49}}},"6":{"name":"(anonymous_6)","line":51,"loc":{"start":{"line":51,"column":25},"end":{"line":51,"column":50}}},"7":{"name":"(anonymous_7)","line":53,"loc":{"start":{"line":53,"column":32},"end":{"line":53,"column":50}}},"8":{"name":"(anonymous_8)","line":60,"loc":{"start":{"line":60,"column":19},"end":{"line":60,"column":34}}}},"statementMap":{"1":{"start":{"line":11,"column":0},"end":{"line":18,"column":44}},"2":{"start":{"line":21,"column":0},"end":{"line":23,"column":1}},"3":{"start":{"line":22,"column":4},"end":{"line":22,"column":17}},"4":{"start":{"line":25,"column":0},"end":{"line":69,"column":2}},"5":{"start":{"line":32,"column":8},"end":{"line":32,"column":21}},"6":{"start":{"line":33,"column":8},"end":{"line":33,"column":42}},"7":{"start":{"line":34,"column":8},"end":{"line":41,"column":21}},"8":{"start":{"line":36,"column":16},"end":{"line":36,"column":41}},"9":{"start":{"line":39,"column":16},"end":{"line":39,"column":52}},"10":{"start":{"line":50,"column":8},"end":{"line":50,"column":21}},"11":{"start":{"line":51,"column":8},"end":{"line":67,"column":21}},"12":{"start":{"line":52,"column":12},"end":{"line":52,"column":36}},"13":{"start":{"line":53,"column":12},"end":{"line":66,"column":15}},"14":{"start":{"line":54,"column":16},"end":{"line":57,"column":17}},"15":{"start":{"line":55,"column":20},"end":{"line":55,"column":40}},"16":{"start":{"line":56,"column":20},"end":{"line":56,"column":27}},"17":{"start":{"line":58,"column":16},"end":{"line":65,"column":19}},"18":{"start":{"line":61,"column":20},"end":{"line":61,"column":34}},"19":{"start":{"line":62,"column":20},"end":{"line":62,"column":35}},"20":{"start":{"line":63,"column":20},"end":{"line":63,"column":37}},"21":{"start":{"line":64,"column":20},"end":{"line":64,"column":39}},"22":{"start":{"line":71,"column":0},"end":{"line":71,"column":28}}},"branchMap":{"1":{"line":54,"type":"if","locations":[{"start":{"line":54,"column":16},"end":{"line":54,"column":16}},{"start":{"line":54,"column":16},"end":{"line":54,"column":16}}]}}},"/Users/okuni/projects/node-coz/lib/bud/bud_writer.js":{"path":"/Users/okuni/projects/node-coz/lib/bud/bud_writer.js","s":{"1":1,"2":1,"3":9,"4":1,"5":5,"6":5,"7":5,"8":5,"9":5,"10":5,"11":5,"12":6,"13":6,"14":6,"15":6,"16":6,"17":1,"18":6,"19":6,"20":7,"21":7,"22":7,"23":7,"24":7,"25":7,"26":2,"27":2,"28":2,"29":5,"30":5,"31":2,"32":2,"33":3,"34":3,"35":6,"36":6,"37":6,"38":6,"39":4,"40":4,"41":2,"42":2,"43":2,"44":2,"45":1},"b":{"1":[6,2],"2":[7,7],"3":[2,5],"4":[5,2],"5":[2,3],"6":[4,2]},"f":{"1":9,"2":5,"3":5,"4":5,"5":5,"6":5,"7":6,"8":6,"9":7,"10":7,"11":7,"12":6,"13":6,"14":2},"fnMap":{"1":{"name":"BudWriter","line":19,"loc":{"start":{"line":19,"column":0},"end":{"line":19,"column":21}}},"2":{"name":"(anonymous_2)","line":29,"loc":{"start":{"line":29,"column":11},"end":{"line":29,"column":36}}},"3":{"name":"(anonymous_3)","line":33,"loc":{"start":{"line":33,"column":12},"end":{"line":33,"column":32}}},"4":{"name":"(anonymous_4)","line":36,"loc":{"start":{"line":36,"column":12},"end":{"line":36,"column":37}}},"5":{"name":"(anonymous_5)","line":39,"loc":{"start":{"line":39,"column":12},"end":{"line":39,"column":37}}},"6":{"name":"(anonymous_6)","line":42,"loc":{"start":{"line":42,"column":12},"end":{"line":42,"column":37}}},"7":{"name":"(anonymous_7)","line":53,"loc":{"start":{"line":53,"column":19},"end":{"line":53,"column":44}}},"8":{"name":"(anonymous_8)","line":55,"loc":{"start":{"line":55,"column":25},"end":{"line":55,"column":50}}},"9":{"name":"(anonymous_9)","line":73,"loc":{"start":{"line":73,"column":19},"end":{"line":73,"column":44}}},"10":{"name":"(anonymous_10)","line":75,"loc":{"start":{"line":75,"column":25},"end":{"line":75,"column":50}}},"11":{"name":"(anonymous_11)","line":77,"loc":{"start":{"line":77,"column":36},"end":{"line":77,"column":61}}},"12":{"name":"(anonymous_12)","line":101,"loc":{"start":{"line":101,"column":18},"end":{"line":101,"column":43}}},"13":{"name":"(anonymous_13)","line":103,"loc":{"start":{"line":103,"column":25},"end":{"line":103,"column":50}}},"14":{"name":"(anonymous_14)","line":114,"loc":{"start":{"line":114,"column":15},"end":{"line":114,"column":30}}}},"statementMap":{"1":{"start":{"line":10,"column":0},"end":{"line":16,"column":44}},"2":{"start":{"line":19,"column":0},"end":{"line":21,"column":1}},"3":{"start":{"line":20,"column":4},"end":{"line":20,"column":17}},"4":{"start":{"line":23,"column":0},"end":{"line":120,"column":2}},"5":{"start":{"line":30,"column":8},"end":{"line":30,"column":21}},"6":{"start":{"line":31,"column":8},"end":{"line":31,"column":42}},"7":{"start":{"line":32,"column":8},"end":{"line":45,"column":21}},"8":{"start":{"line":34,"column":16},"end":{"line":34,"column":41}},"9":{"start":{"line":37,"column":16},"end":{"line":37,"column":47}},"10":{"start":{"line":40,"column":16},"end":{"line":40,"column":47}},"11":{"start":{"line":43,"column":16},"end":{"line":43,"column":46}},"12":{"start":{"line":54,"column":8},"end":{"line":54,"column":21}},"13":{"start":{"line":55,"column":8},"end":{"line":65,"column":21}},"14":{"start":{"line":56,"column":12},"end":{"line":56,"column":27}},"15":{"start":{"line":57,"column":12},"end":{"line":64,"column":13}},"16":{"start":{"line":58,"column":16},"end":{"line":58,"column":47}},"17":{"start":{"line":60,"column":16},"end":{"line":60,"column":110}},"18":{"start":{"line":62,"column":16},"end":{"line":62,"column":30}},"19":{"start":{"line":63,"column":16},"end":{"line":63,"column":37}},"20":{"start":{"line":74,"column":8},"end":{"line":74,"column":21}},"21":{"start":{"line":75,"column":8},"end":{"line":93,"column":21}},"22":{"start":{"line":76,"column":12},"end":{"line":76,"column":36}},"23":{"start":{"line":77,"column":12},"end":{"line":92,"column":15}},"24":{"start":{"line":78,"column":16},"end":{"line":78,"column":53}},"25":{"start":{"line":79,"column":16},"end":{"line":83,"column":17}},"26":{"start":{"line":80,"column":20},"end":{"line":80,"column":37}},"27":{"start":{"line":81,"column":20},"end":{"line":81,"column":40}},"28":{"start":{"line":82,"column":20},"end":{"line":82,"column":26}},"29":{"start":{"line":84,"column":16},"end":{"line":84,"column":52}},"30":{"start":{"line":85,"column":16},"end":{"line":91,"column":17}},"31":{"start":{"line":86,"column":20},"end":{"line":86,"column":36}},"32":{"start":{"line":87,"column":20},"end":{"line":87,"column":40}},"33":{"start":{"line":89,"column":20},"end":{"line":89,"column":68}},"34":{"start":{"line":90,"column":20},"end":{"line":90,"column":40}},"35":{"start":{"line":102,"column":8},"end":{"line":102,"column":21}},"36":{"start":{"line":103,"column":8},"end":{"line":118,"column":21}},"37":{"start":{"line":104,"column":12},"end":{"line":104,"column":32}},"38":{"start":{"line":105,"column":12},"end":{"line":108,"column":13}},"39":{"start":{"line":106,"column":16},"end":{"line":106,"column":36}},"40":{"start":{"line":107,"column":16},"end":{"line":107,"column":23}},"41":{"start":{"line":109,"column":12},"end":{"line":109,"column":36}},"42":{"start":{"line":110,"column":12},"end":{"line":117,"column":
[...]
26}},"7":{"start":{"line":20,"column":8},"end":{"line":20,"column":28}},"8":{"start":{"line":21,"column":8},"end":{"line":21,"column":55}},"9":{"start":{"line":22,"column":8},"end":{"line":24,"column":9}},"10":{"start":{"line":23,"column":12},"end":{"line":23,"column":33}},"11":{"start":{"line":26,"column":4},"end":{"line":26,"column":16}},"12":{"start":{"line":29,"column":0},"end":{"line":29,"column":30}}},"branchMap":{"1":{"line":15,"type":"binary-expr","locations":[{"start":{"line":15,"column":10},"end":{"line":15,"column":13}},{"start":{"line":15,"column":17},"end":{"line":15,"column":19}}]},"2":{"line":16,"type":"binary-expr","locations":[{"start":{"line":16,"column":11},"end":{"line":16,"column":15}},{"start":{"line":16,"column":19},"end":{"line":16,"column":21}}]},"3":{"line":22,"type":"if","locations":[{"start":{"line":22,"column":8},"end":{"line":22,"column":8}},{"start":{"line":22,"column":8},"end":{"line":22,"column":8}}]}}},"/Users/okuni/projects/node-coz/lib/util/file/expand_glob.js":{"path":"/Users/okuni/projects/node-coz/lib/util/file/expand_glob.js","s":{"1":1,"2":1,"3":7,"4":7,"5":7,"6":7,"7":7,"8":7,"9":6,"10":7,"11":0,"12":7,"13":7,"14":1,"15":7,"16":1,"17":2,"18":4,"19":4,"20":1},"b":{"1":[7,0],"2":[7,0],"3":[7,7],"4":[7,1],"5":[6,6],"6":[0,7],"7":[7,6],"8":[1,6],"9":[2,0]},"f":{"1":7,"2":6,"3":7,"4":2,"5":4,"6":4},"fnMap":{"1":{"name":"expandGlob","line":19,"loc":{"start":{"line":19,"column":0},"end":{"line":19,"column":48}}},"2":{"name":"(anonymous_2)","line":27,"loc":{"start":{"line":27,"column":26},"end":{"line":27,"column":55}}},"3":{"name":"(anonymous_3)","line":31,"loc":{"start":{"line":31,"column":7},"end":{"line":31,"column":33}}},"4":{"name":"(anonymous_4)","line":50,"loc":{"start":{"line":50,"column":18},"end":{"line":50,"column":47}}},"5":{"name":"(anonymous_5)","line":51,"loc":{"start":{"line":51,"column":41},"end":{"line":51,"column":60}}},"6":{"name":"(anonymous_6)","line":53,"loc":{"start":{"line":53,"column":14},"end":{"line":53,"column":30}}}},"statementMap":{"1":{"start":{"line":13,"column":0},"end":{"line":15,"column":20}},"2":{"start":{"line":19,"column":0},"end":{"line":42,"column":1}},"3":{"start":{"line":20,"column":4},"end":{"line":20,"column":28}},"4":{"start":{"line":21,"column":4},"end":{"line":24,"column":5}},"5":{"start":{"line":22,"column":8},"end":{"line":22,"column":39}},"6":{"start":{"line":23,"column":8},"end":{"line":23,"column":21}},"7":{"start":{"line":26,"column":4},"end":{"line":26,"column":39}},"8":{"start":{"line":27,"column":4},"end":{"line":41,"column":7}},"9":{"start":{"line":28,"column":8},"end":{"line":30,"column":21}},"10":{"start":{"line":32,"column":8},"end":{"line":40,"column":9}},"11":{"start":{"line":33,"column":12},"end":{"line":33,"column":26}},"12":{"start":{"line":35,"column":12},"end":{"line":35,"column":75}},"13":{"start":{"line":36,"column":12},"end":{"line":38,"column":13}},"14":{"start":{"line":37,"column":16},"end":{"line":37,"column":70}},"15":{"start":{"line":39,"column":12},"end":{"line":39,"column":38}},"16":{"start":{"line":50,"column":0},"end":{"line":56,"column":2}},"17":{"start":{"line":51,"column":4},"end":{"line":55,"column":11}},"18":{"start":{"line":52,"column":8},"end":{"line":52,"column":43}},"19":{"start":{"line":54,"column":8},"end":{"line":54,"column":27}},"20":{"start":{"line":59,"column":0},"end":{"line":59,"column":28}}},"branchMap":{"1":{"line":20,"type":"binary-expr","locations":[{"start":{"line":20,"column":14},"end":{"line":20,"column":21}},{"start":{"line":20,"column":25},"end":{"line":20,"column":27}}]},"2":{"line":21,"type":"if","locations":[{"start":{"line":21,"column":4},"end":{"line":21,"column":4}},{"start":{"line":21,"column":4},"end":{"line":21,"column":4}}]},"3":{"line":22,"type":"binary-expr","locations":[{"start":{"line":22,"column":19},"end":{"line":22,"column":27}},{"start":{"line":22,"column":31},"end":{"line":22,"column":38}}]},"4":{"line":26,"type":"binary-expr","locations":[{"start":{"line":26,"column":24},"end":{"line":26,"column":31}},{"start":{"line":26,"column":35},"end":{"line":26,"column":37}}]},"5":{"line":29,"type":"binary-expr","locations":[{"start":{"line":29,"column":17},"end":{"line":29,"column":28}},{"start":{"line":29,"column":32},"end":{"line":29,"column":45}}]},"6":{"line":32,"type":"if","locations":[{"start":{"line":32,"column":8},"end":{"line":32,"column":8}},{"start":{"line":32,"column":8},"end":{"line":32,"column":8}}]},"7":{"line":35,"type":"binary-expr","locations":[{"start":{"line":35,"column":28},"end":{"line":35,"column":46}},{"start":{"line":35,"column":52},"end":{"line":35,"column":73}}]},"8":{"line":36,"type":"if","locations":[{"start":{"line":36,"column":12},"end":{"line":36,"column":12}},{"start":{"line":36,"column":12},"end":{"line":36,"column":12}}]},"9":{"line":51,"type":"binary-expr","locations":[{"start":{"line":51,"column":21},"end":{"line":51,"column":29}},{"start":{"line":51,"column":33},"end":{"line":51,"column":35}}]}}},"/Users/okuni/projects/node-coz/lib/util/file/is_dir.js":{"path":"/Users/okuni/projects/node-coz/lib/util/file/is_dir.js","s":{"1":1,"2":1,"3":8,"4":8,"5":1,"6":1,"7":7,"8":7,"9":7,"10":1},"b":{"1":[1,7],"2":[7,7]},"f":{"1":8,"2":8,"3":7},"fnMap":{"1":{"name":"isDir","line":16,"loc":{"start":{"line":16,"column":0},"end":{"line":16,"column":35}}},"2":{"name":"(anonymous_2)","line":17,"loc":{"start":{"line":17,"column":24},"end":{"line":17,"column":42}}},"3":{"name":"(anonymous_3)","line":22,"loc":{"start":{"line":22,"column":26},"end":{"line":22,"column":48}}}},"statementMap":{"1":{"start":{"line":12,"column":0},"end":{"line":13,"column":17}},"2":{"start":{"line":16,"column":0},"end":{"line":28,"column":1}},"3":{"start":{"line":17,"column":4},"end":{"line":27,"column":7}},"4":{"start":{"line":18,"column":8},"end":{"line":21,"column":9}},"5":{"start":{"line":19,"column":12},"end":{"line":19,"column":28}},"6":{"start":{"line":20,"column":12},"end":{"line":20,"column":19}},"7":{"start":{"line":22,"column":8},"end":{"line":26,"column":11}},"8":{"start":{"line":24,"column":12},"end":{"line":24,"column":54}},"9":{"start":{"line":25,"column":12},"end":{"line":25,"column":28}},"10":{"start":{"line":30,"column":0},"end":{"line":30,"column":23}}},"branchMap":{"1":{"line":18,"type":"if","locations":[{"start":{"line":18,"column":8},"end":{"line":18,"column":8}},{"start":{"line":18,"column":8},"end":{"line":18,"column":8}}]},"2":{"line":24,"type":"binary-expr","locations":[{"start":{"line":24,"column":24},"end":{"line":24,"column":28}},{"start":{"line":24,"column":33},"end":{"line":24,"column":52}}]}}},"/Users/okuni/projects/node-coz/lib/util/file/read_file.js":{"path":"/Users/okuni/projects/node-coz/lib/util/file/read_file.js","s":{"1":1,"2":1,"3":11,"4":11,"5":10,"6":10,"7":11,"8":11,"9":7,"10":4,"11":1},"b":{"1":[11,0],"2":[10,1],"3":[10,10],"4":[7,4]},"f":{"1":11,"2":11},"fnMap":{"1":{"name":"readFile","line":18,"loc":{"start":{"line":18,"column":0},"end":{"line":18,"column":47}}},"2":{"name":"(anonymous_2)","line":24,"loc":{"start":{"line":24,"column":24},"end":{"line":24,"column":42}}}},"statementMap":{"1":{"start":{"line":13,"column":0},"end":{"line":15,"column":17}},"2":{"start":{"line":18,"column":0},"end":{"line":31,"column":1}},"3":{"start":{"line":19,"column":4},"end":{"line":19,"column":28}},"4":{"start":{"line":20,"column":4},"end":{"line":23,"column":5}},"5":{"start":{"line":21,"column":8},"end":{"line":21,"column":39}},"6":{"start":{"line":22,"column":8},"end":{"line":22,"column":21}},"7":{"start":{"line":24,"column":4},"end":{"line":30,"column":7}},"8":{"start":{"line":25,"column":8},"end":{"line":29,"column":9}},"9":{"start":{"line":26,"column":12},"end":{"line":26,"column":44}},"10":{"start":{"line":28,"column":12},"end":{"line":28,"column":33}},"11":{"start":{"line":33,"column":0},"end":{"line":33,"column":26}}},"branchMap":{"1":{"line":19,"type":"binary-expr","locations":[{"start":{"line":19,"column":14},"end":{"line":19,"column":21}},{"start":{"line":19,"column":25},"end":{"line":19,"column":27}}]},"2":{"line":20,"type":"if","locations":[{"start":{"line":20,"column":4},"end":{"line":20,"column":4}},{"start":{"line":20,"column":4},"end":{"line":20,"column":4}}]},"3":{"line":21,"type":"binary-expr","locations":[{"start":{"line":21,"column":19},"end":{"line":21,"column":27}},{"start":{"line":21,"column":31},"end":{"line":21,"column":38}}]},"4":{"line":25,"type":"if","locations":[{"start":{"line":25,"column":8},"end":{"line":25,"column":8}},{"start":{"line":25,"column":8},"end":{"line":25,"column":8}}]}}},"/Users/okuni/projects/node-coz/lib/util/file/unlink_file.js":{"path":"/Users/okuni/projects/node-coz/lib/util/file/unlink_file.js","s":{"1":1,"2":1,"3":5,"4":5,"5":3,"6":3,"7":2,"8":5,"9":5,"10":1,"11":8,"12":8,"13":2,"14":2,"15":8,"16":8,"17":2,"18":2,"19":6,"20":6,"21":1,"22":1,"23":5,"24":1},"b":{"1":[3,2],"2":[8,0],"3":[2,6],"4":[2,2],"5":[2,6],"6":[1,5]},"f":{"1":5,"2":5,"3":3,"4":5,"5":5,"6":8,"7":8,"8":6},"fnMap":{"1":{"name":"_doUnlink","line":19,"loc":{"start":{"line":19,"column":0},"end":{"line":19,"column":46}}},"2":{"name":"chmodIfNeeded","line":21,"loc":{"start":{"line":21,"column":8},"end":{"line":21,"column":41}}},"3":{"name":"(anonymous_3)","line":23,"loc":{"start":{"line":23,"column":42},"end":{"line":23,"column":57}}},"4":{"name":"doUnlink","line":30,"loc":{"start":{"line":30,"column":8},"end":{"line":30,"column":36}}},"5":{"name":"(anonymous_5)","line":33,"loc":{"start":{"line":33,"column":7},"end":{"line":33,"column":22}}},"6":{"name":"unlinkFile","line":39,"loc":{"start":{"line":39,"column":0},"end":{"line":39,"column":49}}},"7":{"name":"(anonymous_7)","line":45,"loc":{"start":{"line":45,"column":24},"end":{"line":45,"column":42}}},"8":{"name":"(anonymous_8)","line":50,"loc":{"start":{"line":50,"column":24},"end":{"line":50,"column":41}}}},"statementMap":{"1":{"start":{"line":13,"column":0},"end":{"line":17,"column":32}},"2":{"start":{"line":19,"column":0},"end":{"line":36,"column":1}},"3":{"start":{"line":20,"column":4},"end":{"line":35,"column":7}},"4":{"start":{"line":22,"column":12},"end":{"line":28,"column":13}},"5":{"start":{"line":23,"column":16},"end":{"line":25,"column":19}},"6":{"start":{"line":24,"column":20},"end":{"line":24,"column":34}},"7":{"start":{"line":27,"column":16},"end":{"line":27,"column":31}},"8":{"start":{"line":31,"column":12},"end":{"line":31,"column":42}},"9":{"start":{"line":34,"column":8},"end":{"line":34,"column":22}},"10":{"start":{"line":39,"column":0},"end":{"line":58,"column":1}},"11":{"start":{"line":40,"column":4},"end":{"line":40,"column":28}},"12":{"start":{"line":41,"column":4},"end":{"line":44,"column":5}},"13":{"start":{"line":42,"column":8},"end":{"line":42,"column":39}},"14":{"start":{"line":43,"column":8},"end":{"line":43,"column":21}},"15":{"start":{"line":45,"column":4},"end":{"line":57,"column":7}},"16":{"start":{"line":46,"column":8},"end":{"line":49,"column":9}},"17":{"start":{"line":47,"column":12},"end":{"line":47,"column":27}},"18":{"start":{"line":48,"column":12},"end":{"line":48,"column":19}},"19":{"start":{"line":50,"column":8},"end":{"line":56,"column":11}},"20":{"start":{"line":51,"column":12},"end":{"line":54,"column":13}},"21":{"start":{"line":52,"column":16},"end":{"line":52,"column":89}},"22":{"start":{"line":53,"column":16},"end":{"line":53,"column":23}},"23":{"start":{"line":55,"column":12},"end":{"line":55,"column":59}},"24":{"start":{"line":60,"column":0},"end":{"line":60,"column":28}}},"branchMap":{"1":{"line":22,"type":"if","locations":[{"start":{"line":22,"column":12},"end":{"line":22,"column":12}},{"start":{"line":22,"column":12},"end":{"line":22,"column":12}}]},"2":{"line":40,"type":"binary-expr","locations":[{"start":{"line":40,"column":14},"end":{"line":40,"column":21}},{"start":{"line":40,"column":25},"end":{"line":40,"column":27}}]},"3":{"line":41,"type":"if","locations":[{"start":{"line":41,"column":4},"end":{"line":41,"column":4}},{"start":{"line":41,"column":4},"end":{"line":41,"column":4}}]},"4":{"line":42,"type":"binary-expr","locations":[{"start":{"line":42,"column":19},"end":{"line":42,"column":27}},{"start":{"line":42,"column":31},"end":{"line":42,"column":38}}]},"5":{"line":46,"type":"if","locations":[{"start":{"line":46,"column":8},"end":{"line":46,"column":8}},{"start":{"line":46,"column":8},"end":{"line":46,"column":8}}]},"6":{"line":51,"type":"if","locations":[{"start":{"line":51,"column":12},"end":{"line":51,"column":12}},{"start":{"line":51,"column":12},"end":{"line":51,"column":12}}]}}},"/Users/okuni/projects/node-coz/lib/util/file/write_file.js":{"path":"/Users/okuni/projects/node-coz/lib/util/file/write_file.js","s":{"1":1,"2":1,"3":5,"4":5,"5":1,"6":1,"7":5,"8":5,"9":3,"10":2,"11":5,"12":5,"13":1},"b":{"1":[5,0],"2":[1,4],"3":[1,1],"4":[3,2],"5":[5,2]},"f":{"1":5,"2":5,"3":5,"4":5},"fnMap":{"1":{"name":"writeFile","line":25,"loc":{"start":{"line":25,"column":0},"end":{"line":25,"column":57}}},"2":{"name":"(anonymous_2)","line":32,"loc":{"start":{"line":32,"column":8},"end":{"line":32,"column":28}}},"3":{"name":"(anonymous_3)","line":39,"loc":{"start":{"line":39,"column":8},"end":{"line":39,"column":28}}},"4":{"name":"(anonymous_4)","line":45,"loc":{"start":{"line":45,"column":7},"end":{"line":45,"column":22}}}},"statementMap":{"1":{"start":{"line":16,"column":0},"end":{"line":22,"column":17}},"2":{"start":{"line":25,"column":0},"end":{"line":48,"column":1}},"3":{"start":{"line":26,"column":4},"end":{"line":26,"column":28}},"4":{"start":{"line":27,"column":4},"end":{"line":30,"column":5}},"5":{"start":{"line":28,"column":8},"end":{"line":28,"column":39}},"6":{"start":{"line":29,"column":8},"end":{"line":29,"column":21}},"7":{"start":{"line":31,"column":4},"end":{"line":47,"column":7}},"8":{"start":{"line":33,"column":12},"end":{"line":37,"column":13}},"9":{"start":{"line":34,"column":16},"end":{"line":34,"column":62}},"10":{"start":{"line":36,"column":16},"end":{"line":36,"column":31}},"11":{"start":{"line":40,"column":12},"end":{"line":43,"column":25}},"12":{"start":{"line":46,"column":8},"end":{"line":46,"column":22}},"13":{"start":{"line":50,"column":0},"end":{"line":50,"column":27}}},"branchMap":{"1":{"line":26,"type":"binary-expr","locations":[{"start":{"line":26,"column":14},"end":{"line":26,"column":21}},{"start":{"line":26,"column":25},"end":{"line":26,"column":27}}]},"2":{"line":27,"type":"if","locations":[{"start":{"line":27,"column":4},"end":{"line":27,"column":4}},{"start":{"line":27,"column":4},"end":{"line":27,"column":4}}]},"3":{"line":28,"type":"binary-expr","locations":[{"start":{"line":28,"column":19},"end":{"line":28,"column":27}},{"start":{"line":28,"column":31},"end":{"line":28,"column":38}}]},"4":{"line":33,"type":"if","locations":[{"start":{"line":33,"column":12},"end":{"line":33,"column":12}},{"start":{"line":33,"column":12},"end":{"line":33,"column":12}}]},"5":{"line":42,"type":"binary-expr","locations":[{"start":{"line":42,"column":22},"end":{"line":42,"column":34}},{"start":{"line":42,"column":38},"end":{"line":42,"column":43}}]}}},"/Users/okuni/projects/node-coz/lib/util/filtering/empty_reject.js":{"path":"/Users/okuni/projects/node-coz/lib/util/filtering/empty_reject.js","s":{"1":1,"2":3,"3":1,"4":2,"5":13,"6":1},"b":{"1":[1,2],"2":[13,12,11]},"f":{"1":3,"2":13},"fnMap":{"1":{"name":"emptyReject","line":11,"loc":{"start":{"line":11,"column":0},"end":{"line":11,"column":23}}},"2":{"name":"(anonymous_2)","line":15,"loc":{"start":{"line":15,"column":11},"end":{"line":15,"column":28}}}},"statementMap":{"1":{"start":{"line":11,"column":0},"end":{"line":18,"column":1}},"2":{"start":{"line":12,"column":4},"end":{"line":14,"column":5}},"3":{"start":{"line":13,"column":8},"end":{"line":13,"column":54}},"4":{"start":{"line":15,"column":4},"end":{"line":17,"column":6}},"5":{"start":{"line":16,"column":8},"end":{"line":16,"column":85}},"6":{"start":{"line":20,"column":0},"end":{"line":20,"column":29}}},"branchMap":{"1":{"line":12,"type":"if","locations":[{"start":{"line":12,"column":4},"end":{"line":12,"column":4}},{"start":{"line":12,"column":4},"end":{"line":12,"column":4}}]},"2":{"line":16,"type":"binary-expr","locations":[{"start":{"line":16,"column":16},"end":{"line":16,"column":30}},{"start":{"line":16,"column":36},"end":{"line":16,"column":65}},{"start":{"line":16,"column":71},"end":{"line":16,"column":83}}]}}},"/Users/okuni/projects/node-coz/lib/util/filtering/pattern_reject.js":{"path":"/Users/okuni/projects/node-coz/lib/util/filtering/pattern_reject.js","s":{"1":1,"2":4,"3":1,"4":3,"5":22,"6":1},"b":{"1":[1,3]},"f":{"1":4,"2":22},"fnMap":{"1":{"name":"patternReject","line":12,"loc":{"start":{"line":12,"column":0},"end":{"line":12,"column":32}}},"2":{"name":"(anonymous_2)","line":16,"loc":{"start":{"line":16,"column":11},"end":{"line":16,"column":26}}}},"statementMap":{"1":{"start":{"line":12,"column":0},"end":{"line":19,"column":1}},"2":{"start":{"line":13,"column":4},"end":{"line":15,"column":5}},"3":{"start":{"line":14,"column":8},"end":{"line":14,"column":56}},"4":{"start":{"line":16,"column":4},"end":{"line":18,"column":6}},"5":{"start":{"line":17,"column":8},"end":{"line":17,"column":43}},"6":{"start":{"line":21,"column":0},"end":{"line":21,"column":31}}},"branchMap":{"1":{"line":13,"type":"if","locations":[{"start":{"line":13,"column":4},"end":{"line":13,"column":4}},{"start":{"line":13,"column":4},"end":{"line":13,"column":4}}]}}},"/Users/okuni/projects/node-coz/lib/util/flow/each_files.js":{"path":"/Users/okuni/projects/node-coz/lib/util/flow/each_files.js","s":{"1":1,"2":1,"3":4,"4":4,"5":4,"6":1},"b":{},"f":{"1":4,"2":4,"3":4},"fnMap":{"1":{"name":"eachFiles","line":17,"loc":{"start":{"line":17,"column":0},"end":{"line":17,"column":47}}},"2":{"name":"(anonymous_2)","line":19,"loc":{"start":{"line":19,"column":8},"end":{"line":19,"column":28}}},"3":{"name":"(anonymous_3)","line":22,"loc":{"start":{"line":22,"column":8},"end":{"line":22,"column":39}}}},"statementMap":{"1":{"start":{"line":12,"column":0},"end":{"line":14,"column":22}},"2":{"start":{"line":17,"column":0},"end":{"line":26,"column":1}},"3":{"start":{"line":18,"column":4},"end":{"line":25,"column":17}},"4":{"start":{"line":20,"column":12},"end":{"line":20,"column":47}},"5":{"start":{"line":23,"column":12},"end":{"line":23,"column":59}},"6":{"start":{"line":28,"column":0},"end":{"line":28,"column":27}}},"branchMap":{}},"/Users/okuni/projects/node-coz/lib/util/sorting/string_sort.js":{"path":"/Users/okuni/projects/node-coz/lib/util/sorting/string_sort.js","s":{"1":1,"2":4,"3":1,"4":3,"5":3,"6":3,"7":28,"8":28,"9":1},"b":{"1":[1,3],"2":[3,2],"3":[3,25]},"f":{"1":4,"2":28},"fnMap":{"1":{"name":"stringSort","line":13,"loc":{"start":{"line":13,"column":0},"end":{"line":13,"column":29}}},"2":{"name":"(anonymous_2)","line":19,"loc":{"start":{"line":19,"column":11},"end":{"line":19,"column":27}}}},"statementMap":{"1":{"start":{"line":13,"column":0},"end":{"line":23,"column":1}},"2":{"start":{"line":14,"column":4},"end":{"line":16,"column":5}},"3":{"start":{"line":15,"column":8},"end":{"line":15,"column":54}},"4":{"start":{"line":17,"column":4},"end":{"line":17,"column":28}},"5":{"start":{"line":18,"column":4},"end":{"line":18,"column":30}},"6":{"start":{"line":19,"column":4},"end":{"line":22,"column":5}},"7":{"start":{"line":20,"column":8},"end":{"line":20,"column":42}},"8":{"start":{"line":21,"column":8},"end":{"line":21,"column":42}},"9":{"start":{"line":25,"column":0},"end":{"line":25,"column":28}}},"branchMap":{"1":{"line":14,"type":"if","locations":[{"start":{"line":14,"column":4},"end":{"line":14,"column":4}},{"start":{"line":14,"column":4},"end":{"line":14,"column":4}}]},"2":{"line":17,"type":"binary-expr","locations":[{"start":{"line":17,"column":14},"end":{"line":17,"column":21}},{"start":{"line":17,"column":25},"end":{"line":17,"column":27}}]},"3":{"line":21,"type":"cond-expr","locations":[{"start":{"line":21,"column":34},"end":{"line":21,"column":36}},{"start":{"line":21,"column":39},"end":{"line":21,"column":40}}]}}}}