TN:
SF:/Users/okuni/projects/coz/lib/core.js
FN:36,(anonymous_1)
FN:37,(anonymous_2)
FN:38,(anonymous_3)
FN:39,(anonymous_4)
FN:40,(anonymous_5)
FN:41,(anonymous_6)
FN:42,(anonymous_7)
FN:43,(anonymous_8)
FN:44,(anonymous_9)
FN:45,(anonymous_10)
FN:46,(anonymous_11)
FN:47,(anonymous_12)
FN:48,(anonymous_13)
FN:49,(anonymous_14)
FN:50,(anonymous_15)
FN:51,(anonymous_16)
FN:52,(anonymous_17)
FN:53,(anonymous_18)
FN:54,(anonymous_19)
FN:55,(anonymous_20)
FN:56,(anonymous_21)
FN:57,(anonymous_22)
FN:58,(anonymous_23)
FN:59,(anonymous_24)
FN:60,(anonymous_25)
FN:61,(anonymous_26)
FN:62,(anonymous_27)
FNF:27
FNH:27
FNDA:3,(anonymous_1)
FNDA:1,(anonymous_2)
FNDA:1,(anonymous_3)
FNDA:1,(anonymous_4)
FNDA:1,(anonymous_5)
FNDA:1,(anonymous_6)
FNDA:1,(anonymous_7)
FNDA:1,(anonymous_8)
FNDA:1,(anonymous_9)
FNDA:8,(anonymous_10)
FNDA:1,(anonymous_11)
FNDA:1,(anonymous_12)
FNDA:1,(anonymous_13)
FNDA:1,(anonymous_14)
FNDA:7,(anonymous_15)
FNDA:1,(anonymous_16)
FNDA:1,(anonymous_17)
FNDA:1,(anonymous_18)
FNDA:1,(anonymous_19)
FNDA:1,(anonymous_20)
FNDA:1,(anonymous_21)
FNDA:1,(anonymous_22)
FNDA:1,(anonymous_23)
FNDA:1,(anonymous_24)
FNDA:1,(anonymous_25)
FNDA:1,(anonymous_26)
FNDA:1,(anonymous_27)
DA:35,1
DA:36,3
DA:37,1
DA:38,1
DA:39,1
DA:40,1
DA:41,1
DA:42,1
DA:43,1
DA:44,1
DA:45,8
DA:46,1
DA:47,1
DA:48,1
DA:49,1
DA:50,7
DA:51,1
DA:52,1
DA:53,1
DA:54,1
DA:55,1
DA:56,1
DA:57,1
DA:58,1
DA:59,1
DA:60,1
DA:61,1
DA:62,1
LF:28
LH:28
BRF:0
BRH:0
end_of_record
TN:
SF:/Users/okuni/projects/coz/lib/coz.js
FN:21,Kyo
FN:35,(anonymous_2)
FN:46,(anonymous_3)
FN:61,(anonymous_4)
FN:64,(anonymous_5)
FN:65,(anonymous_6)
FN:67,load
FN:70,compile
FN:73,write
FN:76,log
FN:82,(anonymous_11)
FNF:11
FNH:11
FNDA:2,Kyo
FNDA:2,(anonymous_2)
FNDA:1,(anonymous_3)
FNDA:1,(anonymous_4)
FNDA:1,(anonymous_5)
FNDA:1,(anonymous_6)
FNDA:1,load
FNDA:1,compile
FNDA:1,write
FNDA:1,log
FNDA:1,(anonymous_11)
DA:8,1
DA:21,1
DA:22,2
DA:23,2
DA:26,1
DA:36,2
DA:37,2
DA:47,1
DA:49,1
DA:50,1
DA:52,1
DA:59,1
DA:60,1
DA:62,1
DA:65,1
DA:66,1
DA:68,1
DA:71,1
DA:74,1
DA:77,1
DA:83,1
DA:84,1
DA:85,1
DA:87,0
DA:88,0
DA:95,1
LF:26
LH:24
BRDA:84,1,0,1
BRDA:84,1,1,0
BRDA:87,2,0,0
BRDA:87,2,1,0
BRF:4
BRH:1
end_of_record
TN:
SF:/Users/okuni/projects/coz/lib/ext.js
FN:17,(anonymous_1)
FN:18,(anonymous_2)
FN:19,(anonymous_3)
FN:20,(anonymous_4)
FN:21,(anonymous_5)
FN:22,(anonymous_6)
FN:23,(anonymous_7)
FN:24,(anonymous_8)
FNF:8
FNH:6
FNDA:9,(anonymous_1)
FNDA:1,(anonymous_2)
FNDA:0,(anonymous_3)
FNDA:2,(anonymous_4)
FNDA:2,(anonymous_5)
FNDA:0,(anonymous_6)
FNDA:1,(anonymous_7)
FNDA:1,(anonymous_8)
DA:16,1
DA:17,9
DA:18,1
DA:19,0
DA:20,2
DA:21,2
DA:22,0
DA:23,1
DA:24,1
LF:9
LH:7
BRF:0
BRH:0
end_of_record
TN:
SF:/Users/okuni/projects/coz/lib/util/file/index.js
FN:9,(anonymous_1)
FN:10,(anonymous_2)
FN:11,(anonymous_3)
FN:12,(anonymous_4)
FN:13,(anonymous_5)
FNF:5
FNH:3
FNDA:1,(anonymous_1)
FNDA:0,(anonymous_2)
FNDA:2,(anonymous_3)
FNDA:0,(anonymous_4)
FNDA:2,(anonymous_5)
DA:8,1
DA:9,1
DA:10,0
DA:11,2
DA:12,0
DA:13,2
LF:6
LH:4
BRF:0
BRH:0
end_of_record
TN:
SF:/Users/okuni/projects/coz/lib/bud/index.js
FN:9,(anonymous_1)
FN:10,(anonymous_2)
FN:11,(anonymous_3)
FN:12,(anonymous_4)
FN:13,(anonymous_5)
FNF:5
FNH:0
FNDA:0,(anonymous_1)
FNDA:0,(anonymous_2)
FNDA:0,(anonymous_3)
FNDA:0,(anonymous_4)
FNDA:0,(anonymous_5)
DA:8,1
DA:9,0
DA:10,0
DA:11,0
DA:12,0
DA:13,0
LF:6
LH:1
BRF:0
BRH:0
end_of_record
TN:
SF:/Users/okuni/projects/coz/lib/template/engine_set.js
FN:15,EngineSet
FN:32,(anonymous_2)
FN:46,(anonymous_3)
FN:60,(anonymous_4)
FN:92,(anonymous_5)
FNF:5
FNH:5
FNDA:3,EngineSet
FNDA:3,(anonymous_2)
FNDA:3,(anonymous_3)
FNDA:5,(anonymous_4)
FNDA:3,(anonymous_5)
DA:9,1
DA:15,1
DA:16,3
DA:17,3
DA:18,3
DA:21,1
DA:33,3
DA:34,3
DA:35,0
DA:37,3
DA:38,3
DA:39,3
DA:47,3
DA:48,3
DA:49,3
DA:50,3
DA:51,3
DA:53,3
DA:61,5
DA:62,0
DA:64,5
DA:65,5
DA:66,5
DA:67,5
DA:68,2
DA:69,2
DA:70,0
DA:72,2
DA:73,2
DA:74,2
DA:76,0
DA:77,0
DA:78,0
DA:79,0
DA:80,0
DA:84,3
DA:92,1
DA:93,3
DA:94,3
DA:96,0
DA:97,0
DA:98,0
DA:101,1
LF:43
LH:32
BRDA:34,1,0,0
BRDA:34,1,1,3
BRDA:61,2,0,0
BRDA:61,2,1,5
BRDA:69,3,0,0
BRDA:69,3,1,2
BRDA:73,4,0,2
BRDA:73,4,1,0
BRDA:76,5,0,0
BRDA:76,5,1,0
BRDA:79,6,0,0
BRDA:79,6,1,0
BRDA:93,7,0,3
BRDA:93,7,1,0
BRDA:97,8,0,0
BRDA:97,8,1,0
BRF:16
BRH:5
end_of_record
TN:
SF:/Users/okuni/projects/coz/lib/template/buildin_engines/index.js
FN:9,(anonymous_1)
FNF:1
FNH:1
FNDA:4,(anonymous_1)
DA:8,1
DA:9,4
LF:2
LH:2
BRF:0
BRH:0
end_of_record
TN:
SF:/Users/okuni/projects/coz/lib/template/engine.js
FN:14,Engine
FN:43,(anonymous_2)
FN:50,(anonymous_3)
FN:62,(anonymous_4)
FN:76,(anonymous_5)
FN:94,(anonymous_6)
FN:104,(anonymous_7)
FN:125,(anonymous_8)
FN:136,(anonymous_9)
FN:153,(anonymous_10)
FN:156,(anonymous_11)
FNF:11
FNH:9
FNDA:4,Engine
FNDA:5,(anonymous_2)
FNDA:2,(anonymous_3)
FNDA:1,(anonymous_4)
FNDA:8,(anonymous_5)
FNDA:0,(anonymous_6)
FNDA:0,(anonymous_7)
FNDA:19,(anonymous_8)
FNDA:6,(anonymous_9)
FNDA:2,(anonymous_10)
FNDA:7,(anonymous_11)
DA:10,1
DA:14,1
DA:15,4
DA:16,4
DA:18,1
DA:44,5
DA:51,2
DA:52,2
DA:53,2
DA:54,2
DA:55,2
DA:63,1
DA:64,1
DA:77,8
DA:78,8
DA:79,8
DA:80,8
DA:81,6
DA:83,2
DA:85,8
DA:95,0
DA:105,0
DA:126,19
DA:127,19
DA:128,19
DA:137,6
DA:139,6
DA:140,17
DA:141,17
DA:143,6
DA:153,1
DA:154,2
DA:156,2
DA:157,7
DA:158,7
DA:160,2
DA:162,2
DA:163,2
DA:165,2
DA:166,2
DA:168,2
DA:169,2
DA:172,2
DA:175,1
LF:44
LH:42
BRDA:80,1,0,6
BRDA:80,1,1,2
BRDA:138,2,0,6
BRDA:138,2,1,0
BRF:4
BRH:3
end_of_record
TN:
SF:/Users/okuni/projects/coz/lib/util/copying/index.js
FN:9,(anonymous_1)
FN:10,(anonymous_2)
FNF:2
FNH:2
FNDA:10,(anonymous_1)
FNDA:10,(anonymous_2)
DA:8,1
DA:9,10
DA:10,10
LF:3
LH:3
BRF:0
BRH:0
end_of_record
TN:
SF:/Users/okuni/projects/coz/lib/template/_approximately_equal.js
FN:23,_approximatelyEqual
FNF:1
FNH:1
FNDA:28,_approximatelyEqual
DA:13,1
DA:15,1
DA:23,1
DA:24,28
DA:25,100
DA:26,100
DA:27,100
DA:28,4
DA:31,24
DA:35,1
LF:10
LH:10
BRDA:27,1,0,4
BRDA:27,1,1,96
BRF:2
BRH:2
end_of_record
TN:
SF:/Users/okuni/projects/coz/lib/util/string/index.js
FN:9,(anonymous_1)
FN:10,(anonymous_2)
FN:11,(anonymous_3)
FN:12,(anonymous_4)
FN:13,(anonymous_5)
FN:14,(anonymous_6)
FN:15,(anonymous_7)
FN:16,(anonymous_8)
FNF:8
FNH:4
FNDA:1,(anonymous_1)
FNDA:0,(anonymous_2)
FNDA:2,(anonymous_3)
FNDA:1,(anonymous_4)
FNDA:0,(anonymous_5)
FNDA:1,(anonymous_6)
FNDA:0,(anonymous_7)
FNDA:0,(anonymous_8)
DA:8,1
DA:9,1
DA:10,0
DA:11,2
DA:12,1
DA:13,0
DA:14,1
DA:15,0
DA:16,0
LF:9
LH:5
BRF:0
BRH:0
end_of_record
TN:
SF:/Users/okuni/projects/coz/lib/util/string/camelcase.js
FN:16,(anonymous_1)
FN:22,camelcase
FNF:2
FNH:2
FNDA:10,(anonymous_1)
FNDA:120,camelcase
DA:11,1
DA:14,1
DA:17,10
DA:22,1
DA:23,120
DA:24,120
DA:25,2
DA:27,118
DA:30,1
LF:9
LH:9
BRDA:24,1,0,2
BRDA:24,1,1,118
BRF:2
BRH:2
end_of_record
TN:
SF:/Users/okuni/projects/coz/lib/util/string/lowercase.js
FN:12,lowercase
FNF:1
FNH:1
FNDA:196,lowercase
DA:12,1
DA:13,196
DA:14,196
DA:15,0
DA:17,196
DA:20,1
LF:6
LH:5
BRDA:14,1,0,0
BRDA:14,1,1,196
BRF:2
BRH:1
end_of_record
TN:
SF:/Users/okuni/projects/coz/lib/util/string/uppercase.js
FN:12,uppercase
FNF:1
FNH:1
FNDA:74,uppercase
DA:12,1
DA:13,74
DA:14,74
DA:15,0
DA:17,74
DA:20,1
LF:6
LH:5
BRDA:14,1,0,0
BRDA:14,1,1,74
BRF:2
BRH:1
end_of_record
TN:
SF:/Users/okuni/projects/coz/lib/util/string/pascalcase.js
FN:15,pascalcase
FNF:1
FNH:1
FNDA:56,pascalcase
DA:11,1
DA:15,1
DA:16,56
DA:17,56
DA:18,1
DA:20,55
DA:24,1
LF:7
LH:7
BRDA:17,1,0,1
BRDA:17,1,1,55
BRF:2
BRH:2
end_of_record
TN:
SF:/Users/okuni/projects/coz/lib/util/string/capitalcase.js
FN:16,capitalcase
FNF:1
FNH:1
FNDA:64,capitalcase
DA:12,1
DA:16,1
DA:17,64
DA:18,64
DA:19,0
DA:21,64
DA:24,1
LF:7
LH:6
BRDA:18,1,0,0
BRDA:18,1,1,64
BRF:2
BRH:1
end_of_record
TN:
SF:/Users/okuni/projects/coz/lib/util/string/snakecase.js
FN:18,(anonymous_1)
FN:24,snakecase
FNF:2
FNH:2
FNDA:27,(anonymous_1)
FNDA:57,snakecase
DA:12,1
DA:14,1
DA:16,1
DA:19,27
DA:24,1
DA:25,57
DA:26,57
DA:27,1
DA:29,56
DA:32,1
LF:10
LH:10
BRDA:26,1,0,1
BRDA:26,1,1,56
BRF:2
BRH:2
end_of_record
TN:
SF:/Users/okuni/projects/coz/lib/bud/bud_loader.js
FN:20,BudLoader
FN:30,(anonymous_2)
FN:34,requireBud
FN:37,evaluateBud
FN:40,makeupBud
FN:43,convertBud
FN:54,(anonymous_7)
FN:56,(anonymous_8)
FN:59,(anonymous_9)
FN:61,(anonymous_10)
FN:65,(anonymous_11)
FN:85,(anonymous_12)
FN:87,(anonymous_13)
FN:91,(anonymous_14)
FN:92,(anonymous_15)
FN:111,(anonymous_16)
FN:113,(anonymous_17)
FN:120,(anonymous_18)
FN:133,(anonymous_19)
FN:135,(anonymous_20)
FNF:20
FNH:17
FNDA:2,BudLoader
FNDA:2,(anonymous_2)
FNDA:2,requireBud
FNDA:2,evaluateBud
FNDA:2,makeupBud
FNDA:2,convertBud
FNDA:2,(anonymous_7)
FNDA:2,(anonymous_8)
FNDA:2,(anonymous_9)
FNDA:2,(anonymous_10)
FNDA:2,(anonymous_11)
FNDA:2,(anonymous_12)
FNDA:2,(anonymous_13)
FNDA:0,(anonymous_14)
FNDA:0,(anonymous_15)
FNDA:2,(anonymous_16)
FNDA:2,(anonymous_17)
FNDA:0,(anonymous_18)
FNDA:2,(anonymous_19)
FNDA:2,(anonymous_20)
DA:9,1
DA:20,1
DA:21,2
DA:24,1
DA:31,2
DA:32,2
DA:33,2
DA:35,2
DA:38,2
DA:41,2
DA:44,2
DA:55,2
DA:56,2
DA:57,2
DA:58,2
DA:60,2
DA:61,2
DA:62,2
DA:66,2
DA:67,2
DA:68,2
DA:70,0
DA:72,2
DA:73,2
DA:86,2
DA:87,2
DA:88,2
DA:90,0
DA:91,0
DA:92,0
DA:93,0
DA:94,0
DA:96,0
DA:98,0
DA:100,2
DA:101,2
DA:112,2
DA:113,2
DA:114,2
DA:117,2
DA:118,2
DA:119,2
DA:121,0
DA:124,2
DA:134,2
DA:135,2
DA:136,2
DA:141,1
LF:48
LH:39
BRDA:57,1,0,2
BRDA:57,1,1,0
BRDA:62,2,0,2
BRDA:62,2,1,0
BRDA:88,3,0,0
BRDA:88,3,1,2
BRDA:114,4,0,2
BRDA:114,4,1,0
BRDA:117,5,0,2
BRDA:117,5,1,0
BRDA:119,6,0,2
BRDA:119,6,1,0
BRF:12
BRH:6
end_of_record
TN:
SF:/Users/okuni/projects/coz/lib/bud/_concat_buds.js
FN:17,_concatBuds
FNF:1
FNH:1
FNDA:20,_concatBuds
DA:12,1
DA:17,1
DA:18,20
DA:21,1
LF:4
LH:4
BRF:0
BRH:0
end_of_record
TN:
SF:/Users/okuni/projects/coz/lib/bud/bud.js
FN:25,Bud
FN:59,(anonymous_2)
FN:62,_assertType
FN:88,(anonymous_4)
FNF:4
FNH:4
FNDA:10,Bud
FNDA:10,(anonymous_2)
FNDA:110,_assertType
FNDA:8,(anonymous_4)
DA:19,1
DA:25,1
DA:26,10
DA:27,10
DA:28,10
DA:29,10
DA:33,1
DA:60,10
DA:62,1
DA:63,110
DA:64,32
DA:66,78
DA:69,10
DA:70,10
DA:71,10
DA:72,10
DA:73,10
DA:74,10
DA:75,10
DA:76,10
DA:77,10
DA:78,10
DA:79,10
DA:88,1
DA:89,8
DA:90,2
DA:92,8
DA:96,1
LF:28
LH:28
BRDA:63,1,0,32
BRDA:63,1,1,78
BRDA:89,2,0,2
BRDA:89,2,1,6
BRF:4
BRH:4
end_of_record
TN:
SF:/Users/okuni/projects/coz/lib/bud/bud_compiler.js
FN:23,BudCompiler
FN:36,(anonymous_2)
FN:40,(anonymous_3)
FN:43,(anonymous_4)
FN:46,(anonymous_5)
FN:48,(anonymous_6)
FN:52,(anonymous_7)
FN:62,(anonymous_8)
FN:64,(anonymous_9)
FN:77,(anonymous_10)
FN:96,(anonymous_11)
FN:98,(anonymous_12)
FN:118,(anonymous_13)
FN:121,(anonymous_14)
FN:125,(anonymous_15)
FN:136,(anonymous_16)
FNF:16
FNH:15
FNDA:2,BudCompiler
FNDA:2,(anonymous_2)
FNDA:2,(anonymous_3)
FNDA:2,(anonymous_4)
FNDA:2,(anonymous_5)
FNDA:2,(anonymous_6)
FNDA:2,(anonymous_7)
FNDA:2,(anonymous_8)
FNDA:2,(anonymous_9)
FNDA:0,(anonymous_10)
FNDA:2,(anonymous_11)
FNDA:2,(anonymous_12)
FNDA:2,(anonymous_13)
FNDA:2,(anonymous_14)
FNDA:2,(anonymous_15)
FNDA:2,(anonymous_16)
DA:12,1
DA:23,1
DA:24,2
DA:25,2
DA:26,2
DA:27,2
DA:30,1
DA:37,2
DA:38,2
DA:39,2
DA:41,2
DA:44,2
DA:47,2
DA:48,2
DA:49,2
DA:53,2
DA:63,2
DA:64,2
DA:65,2
DA:66,2
DA:67,2
DA:68,2
DA:70,2
DA:71,0
DA:72,0
DA:74,2
DA:75,2
DA:76,0
DA:77,0
DA:78,0
DA:79,0
DA:81,0
DA:82,0
DA:85,2
DA:86,2
DA:97,2
DA:98,2
DA:99,2
DA:100,2
DA:101,2
DA:102,2
DA:104,2
DA:105,0
DA:106,0
DA:108,2
DA:109,2
DA:119,2
DA:120,2
DA:121,2
DA:122,2
DA:124,2
DA:126,2
DA:129,2
DA:130,2
DA:132,0
DA:133,0
DA:137,2
DA:138,2
DA:144,1
LF:59
LH:47
BRDA:24,1,0,2
BRDA:24,1,1,1
BRDA:26,2,0,2
BRDA:26,2,1,1
BRDA:27,3,0,2
BRDA:27,3,1,2
BRDA:67,4,0,2
BRDA:67,4,1,0
BRDA:70,5,0,0
BRDA:70,5,1,2
BRDA:75,6,0,0
BRDA:75,6,1,2
BRDA:78,7,0,0
BRDA:78,7,1,0
BRDA:78,8,0,0
BRDA:78,8,1,0
BRDA:101,9,0,2
BRDA:101,9,1,0
BRDA:104,10,0,0
BRDA:104,10,1,2
BRDA:126,11,0,2
BRDA:126,11,1,0
BRF:22
BRH:12
end_of_record
TN:
SF:/Users/okuni/projects/coz/lib/template/index.js
FN:15,(anonymous_1)
FN:16,(anonymous_2)
FN:17,(anonymous_3)
FN:18,(anonymous_4)
FN:19,(anonymous_5)
FNF:5
FNH:2
FNDA:0,(anonymous_1)
FNDA:0,(anonymous_2)
FNDA:1,(anonymous_3)
FNDA:0,(anonymous_4)
FNDA:2,(anonymous_5)
DA:14,1
DA:15,0
DA:16,0
DA:17,1
DA:18,0
DA:19,2
LF:6
LH:3
BRF:0
BRH:0
end_of_record
TN:
SF:/Users/okuni/projects/coz/lib/bud/bud_writer.js
FN:20,BudWriter
FN:30,(anonymous_2)
FN:34,(anonymous_3)
FN:37,(anonymous_4)
FN:40,(anonymous_5)
FN:51,(anonymous_6)
FN:53,(anonymous_7)
FN:71,(anonymous_8)
FN:73,(anonymous_9)
FN:75,(anonymous_10)
FN:99,(anonymous_11)
FN:101,(anonymous_12)
FN:112,(anonymous_13)
FNF:13
FNH:13
FNDA:2,BudWriter
FNDA:2,(anonymous_2)
FNDA:2,(anonymous_3)
FNDA:2,(anonymous_4)
FNDA:2,(anonymous_5)
FNDA:2,(anonymous_6)
FNDA:2,(anonymous_7)
FNDA:2,(anonymous_8)
FNDA:2,(anonymous_9)
FNDA:2,(anonymous_10)
FNDA:2,(anonymous_11)
FNDA:2,(anonymous_12)
FNDA:2,(anonymous_13)
DA:9,1
DA:20,1
DA:21,2
DA:24,1
DA:31,2
DA:32,2
DA:33,2
DA:35,2
DA:38,2
DA:41,2
DA:52,2
DA:53,2
DA:54,2
DA:55,2
DA:56,2
DA:58,0
DA:60,2
DA:61,2
DA:72,2
DA:73,2
DA:74,2
DA:75,2
DA:76,2
DA:77,2
DA:78,2
DA:79,2
DA:80,2
DA:82,0
DA:83,0
DA:84,0
DA:85,0
DA:87,0
DA:88,0
DA:100,2
DA:101,2
DA:102,2
DA:103,2
DA:104,0
DA:105,0
DA:107,2
DA:108,2
DA:113,2
DA:114,2
DA:120,1
LF:44
LH:35
BRDA:56,1,0,2
BRDA:56,1,1,1
BRDA:76,2,0,2
BRDA:76,2,1,2
BRDA:77,3,0,2
BRDA:77,3,1,0
BRDA:82,4,0,0
BRDA:82,4,1,0
BRDA:83,5,0,0
BRDA:83,5,1,0
BRDA:103,6,0,0
BRDA:103,6,1,2
BRF:12
BRH:6
end_of_record
TN:
SF:/Users/okuni/projects/coz/lib/bud/bud_logger.js
FN:17,BudLogger
FN:29,(anonymous_2)
FN:31,(anonymous_3)
FNF:3
FNH:3
FNDA:1,BudLogger
FNDA:1,(anonymous_2)
FNDA:1,(anonymous_3)
DA:9,1
DA:14,1
DA:17,1
DA:18,1
DA:19,1
DA:22,1
DA:29,1
DA:30,1
DA:31,1
DA:32,1
DA:33,0
DA:35,1
DA:36,1
DA:37,1
DA:38,0
DA:46,1
DA:49,1
LF:17
LH:15
BRDA:32,1,0,0
BRDA:32,1,1,1
BRDA:37,2,0,0
BRDA:37,2,1,1
BRF:4
BRH:2
end_of_record
TN:
SF:/Users/okuni/projects/coz/lib/util/logging/console_logger.js
FN:12,ConsoleLogger
FN:20,(anonymous_2)
FN:22,(anonymous_3)
FN:38,(anonymous_4)
FN:51,(anonymous_5)
FN:60,(anonymous_6)
FN:68,(anonymous_7)
FN:76,(anonymous_8)
FN:84,(anonymous_9)
FN:92,(anonymous_10)
FNF:10
FNH:10
FNDA:2,ConsoleLogger
FNDA:8,(anonymous_2)
FNDA:9,(anonymous_3)
FNDA:8,(anonymous_4)
FNDA:8,(anonymous_5)
FNDA:3,(anonymous_6)
FNDA:2,(anonymous_7)
FNDA:1,(anonymous_8)
FNDA:1,(anonymous_9)
FNDA:1,(anonymous_10)
DA:9,1
DA:12,1
DA:20,1
DA:21,8
DA:23,9
DA:24,1
DA:26,8
DA:38,1
DA:39,8
DA:41,8
DA:51,1
DA:52,8
DA:54,8
DA:60,1
DA:61,3
DA:62,3
DA:68,1
DA:69,2
DA:70,2
DA:76,1
DA:77,1
DA:78,1
DA:84,1
DA:85,1
DA:86,1
DA:92,1
DA:93,1
DA:94,1
DA:98,1
LF:29
LH:29
BRDA:23,1,0,1
BRDA:23,1,1,8
BRDA:40,2,0,8
BRDA:40,2,1,8
BRDA:41,3,0,8
BRDA:41,3,1,0
BRF:6
BRH:5
end_of_record
TN:
SF:/Users/okuni/projects/coz/lib/template/buildin_engines/handlebars_engine.js
FN:29,(anonymous_1)
FN:35,(anonymous_2)
FN:37,(anonymous_3)
FN:43,(anonymous_4)
FN:45,(anonymous_5)
FN:62,(anonymous_6)
FN:73,(anonymous_7)
FN:82,(anonymous_8)
FN:99,(anonymous_9)
FN:103,(anonymous_10)
FN:121,(anonymous_11)
FN:129,(anonymous_12)
FN:137,(anonymous_13)
FN:145,(anonymous_14)
FN:153,(anonymous_15)
FN:161,(anonymous_16)
FN:169,(anonymous_17)
FNF:17
FNH:9
FNDA:6,(anonymous_1)
FNDA:0,(anonymous_2)
FNDA:0,(anonymous_3)
FNDA:1,(anonymous_4)
FNDA:1,(anonymous_5)
FNDA:52,(anonymous_6)
FNDA:13,(anonymous_7)
FNDA:1,(anonymous_8)
FNDA:1,(anonymous_9)
FNDA:7,(anonymous_10)
FNDA:0,(anonymous_11)
FNDA:1,(anonymous_12)
FNDA:0,(anonymous_13)
FNDA:0,(anonymous_14)
FNDA:0,(anonymous_15)
FNDA:0,(anonymous_16)
FNDA:0,(anonymous_17)
DA:13,1
DA:20,1
DA:30,6
DA:31,6
DA:32,6
DA:33,6
DA:36,0
DA:37,0
DA:38,0
DA:44,1
DA:45,1
DA:46,1
DA:63,52
DA:64,52
DA:65,52
DA:66,52
DA:74,13
DA:76,13
DA:77,51
DA:78,51
DA:80,13
DA:83,1
DA:84,1
DA:85,1
DA:86,1
DA:88,0
DA:89,0
DA:91,1
DA:99,1
DA:100,1
DA:101,1
DA:102,1
DA:103,1
DA:104,7
DA:105,7
DA:108,1
DA:115,1
DA:122,0
DA:130,1
DA:138,0
DA:146,0
DA:154,0
DA:162,0
DA:170,0
DA:174,1
LF:45
LH:34
BRDA:31,1,0,6
BRDA:31,1,1,0
BRDA:64,2,0,52
BRDA:64,2,1,6
BRDA:75,3,0,13
BRDA:75,3,1,4
BRDA:102,4,0,1
BRDA:102,4,1,0
BRF:8
BRH:6
end_of_record
TN:
SF:/Users/okuni/projects/coz/lib/util/compiling/index.js
FN:9,(anonymous_1)
FN:10,(anonymous_2)
FNF:2
FNH:1
FNDA:1,(anonymous_1)
FNDA:0,(anonymous_2)
DA:8,1
DA:9,1
DA:10,0
LF:3
LH:2
BRF:0
BRH:0
end_of_record
TN:
SF:/Users/okuni/projects/coz/lib/template/tmpl_set.js
FN:14,TmplSet
FN:26,(anonymous_2)
FN:39,(anonymous_3)
FN:53,(anonymous_4)
FNF:4
FNH:4
FNDA:2,TmplSet
FNDA:6,(anonymous_2)
FNDA:2,(anonymous_3)
FNDA:8,(anonymous_4)
DA:9,1
DA:14,1
DA:15,2
DA:16,2
DA:17,2
DA:20,1
DA:27,6
DA:28,6
DA:29,0
DA:31,6
DA:32,6
DA:40,2
DA:41,2
DA:42,2
DA:43,6
DA:44,6
DA:46,2
DA:54,8
DA:55,0
DA:57,8
DA:58,8
DA:59,0
DA:61,8
DA:63,8
DA:64,8
DA:65,10
DA:66,10
DA:67,0
DA:69,10
DA:70,10
DA:71,2
DA:73,8
DA:74,8
DA:75,16
DA:76,16
DA:77,0
DA:81,6
DA:86,1
LF:38
LH:33
BRDA:28,1,0,0
BRDA:28,1,1,6
BRDA:31,2,0,6
BRDA:31,2,1,0
BRDA:54,3,0,0
BRDA:54,3,1,8
BRDA:58,4,0,0
BRDA:58,4,1,8
BRDA:66,5,0,0
BRDA:66,5,1,10
BRDA:70,6,0,2
BRDA:70,6,1,8
BRDA:73,7,0,8
BRDA:73,7,1,0
BRDA:76,8,0,0
BRDA:76,8,1,16
BRF:16
BRH:9
end_of_record
TN:
SF:/Users/okuni/projects/coz/lib/template/buildin_tmpls/index.js
FN:9,(anonymous_1)
FN:10,(anonymous_2)
FN:11,(anonymous_3)
FNF:3
FNH:3
FNDA:2,(anonymous_1)
FNDA:2,(anonymous_2)
FNDA:2,(anonymous_3)
DA:8,1
DA:9,2
DA:10,2
DA:11,2
LF:4
LH:4
BRF:0
BRH:0
end_of_record
TN:
SF:/Users/okuni/projects/coz/lib/template/buildin_tmpls/indexjs_tmpl.js
FN:15,(anonymous_1)
FN:22,(anonymous_2)
FN:27,(anonymous_3)
FN:34,(anonymous_4)
FN:43,(anonymous_5)
FN:49,(anonymous_6)
FN:54,(anonymous_7)
FN:57,(anonymous_8)
FN:59,(anonymous_9)
FN:68,(anonymous_10)
FN:70,(anonymous_11)
FN:72,(anonymous_12)
FN:74,(anonymous_13)
FN:76,(anonymous_14)
FN:89,indexjsTmpl
FNF:15
FNH:0
FNDA:0,(anonymous_1)
FNDA:0,(anonymous_2)
FNDA:0,(anonymous_3)
FNDA:0,(anonymous_4)
FNDA:0,(anonymous_5)
FNDA:0,(anonymous_6)
FNDA:0,(anonymous_7)
FNDA:0,(anonymous_8)
FNDA:0,(anonymous_9)
FNDA:0,(anonymous_10)
FNDA:0,(anonymous_11)
FNDA:0,(anonymous_12)
FNDA:0,(anonymous_13)
FNDA:0,(anonymous_14)
FNDA:0,indexjsTmpl
DA:11,1
DA:15,1
DA:16,0
DA:18,0
DA:23,0
DA:25,0
DA:28,0
DA:30,0
DA:35,0
DA:37,0
DA:44,0
DA:46,0
DA:50,0
DA:52,0
DA:55,0
DA:58,0
DA:60,0
DA:62,0
DA:69,0
DA:71,0
DA:73,0
DA:75,0
DA:77,0
DA:79,0
DA:89,1
DA:90,0
DA:93,1
DA:94,1
DA:99,1
LF:29
LH:6
BRDA:19,1,0,0
BRDA:19,1,1,0
BRDA:19,2,0,0
BRDA:19,2,1,0
BRDA:19,2,2,0
BRDA:19,3,0,0
BRDA:19,3,1,0
BRDA:25,4,0,0
BRDA:25,4,1,0
BRDA:25,5,0,0
BRDA:25,5,1,0
BRDA:31,6,0,0
BRDA:31,6,1,0
BRDA:31,6,2,0
BRDA:31,6,3,0
BRDA:31,7,0,0
BRDA:31,7,1,0
BRDA:33,8,0,0
BRDA:33,8,1,0
BRDA:33,9,0,0
BRDA:33,9,1,0
BRDA:33,10,0,0
BRDA:33,10,1,0
BRDA:38,11,0,0
BRDA:38,11,1,0
BRDA:38,12,0,0
BRDA:38,12,1,0
BRDA:39,13,0,0
BRDA:39,13,1,0
BRDA:39,13,2,0
BRDA:39,13,3,0
BRDA:39,14,0,0
BRDA:39,14,1,0
BRDA:41,15,0,0
BRDA:41,15,1,0
BRDA:41,15,2,0
BRDA:41,15,3,0
BRDA:41,16,0,0
BRDA:41,16,1,0
BRDA:47,17,0,0
BRDA:47,17,1,0
BRDA:47,18,0,0
BRDA:47,18,1,0
BRDA:52,19,0,0
BRDA:52,19,1,0
BRDA:52,20,0,0
BRDA:52,20,1,0
BRDA:55,21,0,0
BRDA:55,21,1,0
BRDA:55,21,2,0
BRDA:55,21,3,0
BRDA:55,22,0,0
BRDA:55,22,1,0
BRDA:63,23,0,0
BRDA:63,23,1,0
BRDA:63,24,0,0
BRDA:63,24,1,0
BRDA:65,25,0,0
BRDA:65,25,1,0
BRDA:65,25,2,0
BRDA:65,25,3,0
BRDA:65,26,0,0
BRDA:65,26,1,0
BRDA:67,27,0,0
BRDA:67,27,1,0
BRDA:67,28,0,0
BRDA:67,28,1,0
BRDA:69,29,0,0
BRDA:69,29,1,0
BRDA:69,29,2,0
BRDA:69,29,3,0
BRDA:69,30,0,0
BRDA:69,30,1,0
BRDA:71,31,0,0
BRDA:71,31,1,0
BRDA:71,31,2,0
BRDA:71,31,3,0
BRDA:71,32,0,0
BRDA:71,32,1,0
BRDA:80,33,0,0
BRDA:80,33,1,0
BRDA:80,34,0,0
BRDA:80,34,1,0
BRDA:80,35,0,0
BRDA:80,35,1,0
BRDA:80,36,0,0
BRDA:80,36,1,0
BRDA:81,37,0,0
BRDA:81,37,1,0
BRDA:81,38,0,0
BRDA:81,38,1,0
BRDA:82,39,0,0
BRDA:82,39,1,0
BRDA:82,40,0,0
BRDA:82,40,1,0
BRDA:84,41,0,0
BRDA:84,41,1,0
BRDA:84,42,0,0
BRDA:84,42,1,0
BRF:99
BRH:0
end_of_record
TN:
SF:/Users/okuni/projects/coz/lib/template/buildin_tmpls/json_tmpl.js
FN:12,jsonTmpl
FNF:1
FNH:1
FNDA:2,jsonTmpl
DA:12,1
DA:13,2
DA:16,1
DA:17,1
DA:22,1
LF:5
LH:5
BRF:0
BRH:0
end_of_record
TN:
SF:/Users/okuni/projects/coz/lib/template/buildin_tmpls/text_tmpl.js
FN:12,textTmpl
FNF:1
FNH:1
FNDA:1,textTmpl
DA:12,1
DA:13,1
DA:15,1
DA:16,1
DA:21,1
LF:5
LH:5
BRF:0
BRH:0
end_of_record
TN:
SF:/Users/okuni/projects/coz/lib/util/file/expand_glob.js
FN:19,expandGlob
FN:27,(anonymous_2)
FN:31,(anonymous_3)
FNF:3
FNH:3
FNDA:4,expandGlob
FNDA:3,(anonymous_2)
FNDA:4,(anonymous_3)
DA:13,1
DA:19,1
DA:20,4
DA:21,4
DA:22,4
DA:23,4
DA:26,4
DA:27,4
DA:28,3
DA:32,4
DA:33,0
DA:35,4
DA:36,4
DA:37,1
DA:39,4
DA:45,1
LF:16
LH:15
BRDA:20,1,0,4
BRDA:20,1,1,0
BRDA:21,2,0,4
BRDA:21,2,1,0
BRDA:22,3,0,4
BRDA:22,3,1,4
BRDA:26,4,0,4
BRDA:26,4,1,1
BRDA:29,5,0,3
BRDA:29,5,1,3
BRDA:32,6,0,0
BRDA:32,6,1,4
BRDA:35,7,0,4
BRDA:35,7,1,3
BRDA:36,8,0,1
BRDA:36,8,1,3
BRF:16
BRH:13
end_of_record
TN:
SF:/Users/okuni/projects/coz/lib/util/copying/copy.js
FN:13,copy
FNF:1
FNH:1
FNDA:11,copy
DA:13,1
DA:14,11
DA:15,11
DA:16,11
DA:17,11
DA:18,51
DA:19,51
DA:21,11
DA:24,1
LF:9
LH:9
BRDA:14,1,0,11
BRDA:14,1,1,0
BRDA:15,2,0,11
BRDA:15,2,1,0
BRF:4
BRH:2
end_of_record
TN:
SF:/Users/okuni/projects/coz/lib/util/copying/fallback_copy.js
FN:14,fallbackCopy
FNF:1
FNH:1
FNDA:11,fallbackCopy
DA:14,1
DA:15,11
DA:16,11
DA:17,11
DA:18,11
DA:19,2
DA:20,2
DA:21,2
DA:22,2
DA:23,1
DA:26,11
DA:29,1
LF:12
LH:12
BRDA:15,1,0,11
BRDA:15,1,1,10
BRDA:16,2,0,11
BRDA:16,2,1,0
BRDA:22,3,0,1
BRDA:22,3,1,1
BRF:6
BRH:5
end_of_record
TN:
SF:/Users/okuni/projects/coz/lib/util/file/read_file.js
FN:18,readFile
FN:24,(anonymous_2)
FNF:2
FNH:2
FNDA:3,readFile
FNDA:3,(anonymous_2)
DA:13,1
DA:18,1
DA:19,3
DA:20,3
DA:21,2
DA:22,2
DA:24,3
DA:25,3
DA:26,1
DA:28,2
DA:33,1
LF:11
LH:11
BRDA:19,1,0,3
BRDA:19,1,1,0
BRDA:20,2,0,2
BRDA:20,2,1,1
BRDA:21,3,0,2
BRDA:21,3,1,2
BRDA:25,4,0,1
BRDA:25,4,1,2
BRF:8
BRH:7
end_of_record
TN:
SF:/Users/okuni/projects/coz/lib/util/file/write_file.js
FN:25,writeFile
FN:32,(anonymous_2)
FN:39,(anonymous_3)
FN:46,(anonymous_4)
FN:51,(anonymous_5)
FNF:5
FNH:5
FNDA:5,writeFile
FNDA:5,(anonymous_2)
FNDA:5,(anonymous_3)
FNDA:5,(anonymous_4)
FNDA:5,(anonymous_5)
DA:16,1
DA:25,1
DA:26,5
DA:27,5
DA:28,1
DA:29,1
DA:31,5
DA:33,5
DA:34,3
DA:36,2
DA:40,5
DA:41,3
DA:43,2
DA:47,5
DA:52,5
DA:56,1
LF:16
LH:16
BRDA:26,1,0,5
BRDA:26,1,1,0
BRDA:27,2,0,1
BRDA:27,2,1,4
BRDA:28,3,0,1
BRDA:28,3,1,1
BRDA:33,4,0,3
BRDA:33,4,1,2
BRDA:40,5,0,3
BRDA:40,5,1,2
BRDA:48,6,0,5
BRDA:48,6,1,2
BRF:12
BRH:11
end_of_record
TN:
SF:/Users/okuni/projects/coz/lib/util/file/unlink_file.js
FN:19,_doUnlink
FN:21,chmodIfNeeded
FN:23,(anonymous_3)
FN:30,doUnlink
FN:33,(anonymous_5)
FN:39,unlinkFile
FN:45,(anonymous_7)
FN:50,(anonymous_8)
FNF:8
FNH:8
FNDA:2,_doUnlink
FNDA:2,chmodIfNeeded
FNDA:2,(anonymous_3)
FNDA:2,doUnlink
FNDA:2,(anonymous_5)
FNDA:6,unlinkFile
FNDA:6,(anonymous_7)
FNDA:3,(anonymous_8)
DA:13,1
DA:19,1
DA:20,2
DA:22,2
DA:23,2
DA:24,2
DA:27,0
DA:31,2
DA:34,2
DA:39,1
DA:40,6
DA:41,6
DA:42,2
DA:43,2
DA:45,6
DA:46,6
DA:47,3
DA:48,3
DA:50,3
DA:51,3
DA:52,1
DA:53,1
DA:55,2
DA:60,1
LF:24
LH:23
BRDA:22,1,0,2
BRDA:22,1,1,0
BRDA:40,2,0,6
BRDA:40,2,1,0
BRDA:41,3,0,2
BRDA:41,3,1,4
BRDA:42,4,0,2
BRDA:42,4,1,2
BRDA:46,5,0,3
BRDA:46,5,1,3
BRDA:51,6,0,1
BRDA:51,6,1,2
BRF:12
BRH:10
end_of_record
TN:
SF:/Users/okuni/projects/coz/lib/util/file/is_dir.js
FN:16,isDir
FN:17,(anonymous_2)
FN:22,(anonymous_3)
FNF:3
FNH:3
FNDA:5,isDir
FNDA:5,(anonymous_2)
FNDA:4,(anonymous_3)
DA:12,1
DA:16,1
DA:17,5
DA:18,5
DA:19,1
DA:20,1
DA:22,4
DA:24,4
DA:25,4
DA:30,1
LF:10
LH:10
BRDA:18,1,0,1
BRDA:18,1,1,4
BRDA:24,2,0,4
BRDA:24,2,1,4
BRF:4
BRH:4
end_of_record
TN:
SF:/Users/okuni/projects/coz/lib/util/compiling/compile_handlebars.js
FN:25,compileHandlebars
FNF:1
FNH:1
FNDA:2,compileHandlebars
DA:22,1
DA:25,1
DA:26,2
DA:27,0
DA:29,2
DA:30,2
DA:31,2
DA:34,1
LF:8
LH:7
BRDA:26,1,0,0
BRDA:26,1,1,2
BRDA:29,2,0,2
BRDA:29,2,1,0
BRF:4
BRH:2
end_of_record
TN:
SF:/Users/okuni/projects/coz/lib/util/compiling/_create_handlebars.js
FN:15,_createHandlebars
FN:18,(anonymous_2)
FNF:2
FNH:2
FNDA:3,_createHandlebars
FNDA:9,(anonymous_2)
DA:11,1
DA:15,1
DA:16,3
DA:17,3
DA:18,3
DA:19,9
DA:20,9
DA:23,3
DA:26,1
LF:9
LH:9
BRDA:17,1,0,3
BRDA:17,1,1,0
BRF:2
BRH:1
end_of_record
TN:
SF:/Users/okuni/projects/coz/lib/util/minifying/minify_javascript.js
FN:17,minifyJavascript
FNF:1
FNH:1
FNDA:1,minifyJavascript
DA:13,1
DA:17,1
DA:18,1
DA:19,0
DA:21,1
DA:22,1
DA:28,1
LF:7
LH:6
BRDA:18,1,0,0
BRDA:18,1,1,1
BRDA:21,2,0,1
BRDA:21,2,1,1
BRF:4
BRH:3
end_of_record
TN:
SF:/Users/okuni/projects/coz/lib/util/filtering/pattern_reject.js
FN:12,patternReject
FN:16,(anonymous_2)
FNF:2
FNH:2
FNDA:2,patternReject
FNDA:2,(anonymous_2)
DA:12,1
DA:13,2
DA:14,1
DA:16,1
DA:17,2
DA:21,1
LF:6
LH:6
BRDA:13,1,0,1
BRDA:13,1,1,1
BRF:2
BRH:2
end_of_record
TN:
SF:/Users/okuni/projects/coz/lib/util/compiling/precompile_handlebars.js
FN:25,precompileHandlebars
FNF:1
FNH:1
FNDA:1,precompileHandlebars
DA:22,1
DA:25,1
DA:26,1
DA:27,0
DA:29,1
DA:30,1
DA:31,1
DA:34,1
LF:8
LH:7
BRDA:26,1,0,0
BRDA:26,1,1,1
BRDA:29,2,0,1
BRDA:29,2,1,0
BRF:4
BRH:2
end_of_record
TN:
SF:/Users/okuni/projects/coz/lib/util/string/sentencecase.js
FN:18,(anonymous_1)
FN:24,sentencecase
FNF:2
FNH:2
FNDA:1,(anonymous_1)
FNDA:9,sentencecase
DA:12,1
DA:15,1
DA:16,1
DA:19,1
DA:24,1
DA:25,9
DA:26,9
DA:27,1
DA:29,8
DA:32,1
LF:10
LH:10
BRDA:26,1,0,1
BRDA:26,1,1,8
BRF:2
BRH:2
end_of_record
TN:
SF:/Users/okuni/projects/coz/lib/util/string/spinalcase.js
FN:18,(anonymous_1)
FN:24,spinalcase
FNF:2
FNH:2
FNDA:1,(anonymous_1)
FNDA:9,spinalcase
DA:12,1
DA:14,1
DA:16,1
DA:19,1
DA:24,1
DA:25,9
DA:26,9
DA:27,1
DA:29,8
DA:32,1
LF:10
LH:10
BRDA:26,1,0,1
BRDA:26,1,1,8
BRF:2
BRH:2
end_of_record
TN:
SF:/Users/okuni/projects/coz/lib/util/sorting/string_sort.js
FN:13,stringSort
FN:19,(anonymous_2)
FNF:2
FNH:2
FNDA:2,stringSort
FNDA:6,(anonymous_2)
DA:13,1
DA:14,2
DA:15,0
DA:17,2
DA:18,2
DA:19,2
DA:20,6
DA:21,6
DA:25,1
LF:9
LH:8
BRDA:14,1,0,0
BRDA:14,1,1,2
BRDA:17,2,0,2
BRDA:17,2,1,1
BRDA:21,3,0,3
BRDA:21,3,1,3
BRF:6
BRH:5
end_of_record
