TN:
SF:/Users/okuni/projects/coz/lib/core.js
FN:36,(anonymous_1)
FN:37,(anonymous_2)
FN:38,(anonymous_3)
FN:39,(anonymous_4)
FN:40,(anonymous_5)
FN:41,(anonymous_6)
FN:42,(anonymous_7)
FN:43,(anonymous_8)
FN:44,(anonymous_9)
FN:45,(anonymous_10)
FN:46,(anonymous_11)
FN:47,(anonymous_12)
FN:48,(anonymous_13)
FN:49,(anonymous_14)
FN:50,(anonymous_15)
FN:51,(anonymous_16)
FN:52,(anonymous_17)
FN:53,(anonymous_18)
FN:54,(anonymous_19)
FN:55,(anonymous_20)
FN:56,(anonymous_21)
FN:57,(anonymous_22)
FN:58,(anonymous_23)
FN:59,(anonymous_24)
FN:60,(anonymous_25)
FN:61,(anonymous_26)
FN:62,(anonymous_27)
FNF:27
FNH:27
FNDA:5,(anonymous_1)
FNDA:1,(anonymous_2)
FNDA:1,(anonymous_3)
FNDA:1,(anonymous_4)
FNDA:1,(anonymous_5)
FNDA:1,(anonymous_6)
FNDA:1,(anonymous_7)
FNDA:1,(anonymous_8)
FNDA:1,(anonymous_9)
FNDA:9,(anonymous_10)
FNDA:1,(anonymous_11)
FNDA:1,(anonymous_12)
FNDA:1,(anonymous_13)
FNDA:1,(anonymous_14)
FNDA:10,(anonymous_15)
FNDA:1,(anonymous_16)
FNDA:1,(anonymous_17)
FNDA:1,(anonymous_18)
FNDA:1,(anonymous_19)
FNDA:1,(anonymous_20)
FNDA:1,(anonymous_21)
FNDA:1,(anonymous_22)
FNDA:1,(anonymous_23)
FNDA:1,(anonymous_24)
FNDA:1,(anonymous_25)
FNDA:1,(anonymous_26)
FNDA:1,(anonymous_27)
DA:35,1
DA:36,5
DA:37,1
DA:38,1
DA:39,1
DA:40,1
DA:41,1
DA:42,1
DA:43,1
DA:44,1
DA:45,9
DA:46,1
DA:47,1
DA:48,1
DA:49,1
DA:50,10
DA:51,1
DA:52,1
DA:53,1
DA:54,1
DA:55,1
DA:56,1
DA:57,1
DA:58,1
DA:59,1
DA:60,1
DA:61,1
DA:62,1
LF:28
LH:28
BRF:0
BRH:0
end_of_record
TN:
SF:/Users/okuni/projects/coz/lib/coz.js
FN:22,Coz
FN:35,(anonymous_2)
FN:51,(anonymous_3)
FN:66,(anonymous_4)
FN:69,(anonymous_5)
FN:70,(anonymous_6)
FN:72,load
FN:75,compile
FN:78,write
FN:81,log
FN:87,(anonymous_11)
FN:98,(anonymous_12)
FNF:12
FNH:12
FNDA:4,Coz
FNDA:4,(anonymous_2)
FNDA:1,(anonymous_3)
FNDA:1,(anonymous_4)
FNDA:1,(anonymous_5)
FNDA:1,(anonymous_6)
FNDA:1,load
FNDA:1,compile
FNDA:1,write
FNDA:1,log
FNDA:1,(anonymous_11)
FNDA:1,(anonymous_12)
DA:9,1
DA:22,1
DA:23,4
DA:24,4
DA:27,1
DA:36,4
DA:37,4
DA:38,4
DA:52,1
DA:54,1
DA:55,1
DA:57,1
DA:64,1
DA:65,1
DA:67,1
DA:70,1
DA:71,1
DA:73,1
DA:76,1
DA:79,1
DA:82,1
DA:88,1
DA:89,1
DA:90,1
DA:99,1
DA:100,1
DA:105,1
LF:27
LH:27
BRDA:89,1,0,1
BRDA:89,1,1,0
BRDA:99,2,0,1
BRDA:99,2,1,0
BRF:4
BRH:2
end_of_record
TN:
SF:/Users/okuni/projects/coz/lib/ext.js
FN:17,(anonymous_1)
FN:18,(anonymous_2)
FN:19,(anonymous_3)
FN:20,(anonymous_4)
FN:21,(anonymous_5)
FN:22,(anonymous_6)
FN:23,(anonymous_7)
FN:24,(anonymous_8)
FNF:8
FNH:8
FNDA:11,(anonymous_1)
FNDA:2,(anonymous_2)
FNDA:1,(anonymous_3)
FNDA:4,(anonymous_4)
FNDA:3,(anonymous_5)
FNDA:2,(anonymous_6)
FNDA:2,(anonymous_7)
FNDA:2,(anonymous_8)
DA:16,1
DA:17,11
DA:18,2
DA:19,1
DA:20,4
DA:21,3
DA:22,2
DA:23,2
DA:24,2
LF:9
LH:9
BRF:0
BRH:0
end_of_record
TN:
SF:/Users/okuni/projects/coz/lib/util/file/index.js
FN:9,(anonymous_1)
FN:10,(anonymous_2)
FN:11,(anonymous_3)
FN:12,(anonymous_4)
FN:13,(anonymous_5)
FNF:5
FNH:5
FNDA:2,(anonymous_1)
FNDA:1,(anonymous_2)
FNDA:6,(anonymous_3)
FNDA:1,(anonymous_4)
FNDA:2,(anonymous_5)
DA:8,1
DA:9,2
DA:10,1
DA:11,6
DA:12,1
DA:13,2
LF:6
LH:6
BRF:0
BRH:0
end_of_record
TN:
SF:/Users/okuni/projects/coz/lib/bud/index.js
FN:9,(anonymous_1)
FN:10,(anonymous_2)
FN:11,(anonymous_3)
FN:12,(anonymous_4)
FN:13,(anonymous_5)
FN:14,(anonymous_6)
FNF:6
FNH:6
FNDA:1,(anonymous_1)
FNDA:1,(anonymous_2)
FNDA:1,(anonymous_3)
FNDA:1,(anonymous_4)
FNDA:1,(anonymous_5)
FNDA:5,(anonymous_6)
DA:8,1
DA:9,1
DA:10,1
DA:11,1
DA:12,1
DA:13,1
DA:14,5
LF:7
LH:7
BRF:0
BRH:0
end_of_record
TN:
SF:/Users/okuni/projects/coz/lib/template/engine_set.js
FN:16,EngineSet
FN:33,(anonymous_2)
FN:47,(anonymous_3)
FN:61,(anonymous_4)
FN:93,(anonymous_5)
FNF:5
FNH:5
FNDA:10,EngineSet
FNDA:12,(anonymous_2)
FNDA:10,(anonymous_3)
FNDA:17,(anonymous_4)
FNDA:12,(anonymous_5)
DA:10,1
DA:16,1
DA:17,10
DA:18,10
DA:19,10
DA:22,1
DA:34,12
DA:35,12
DA:36,1
DA:38,11
DA:39,11
DA:40,11
DA:48,10
DA:49,10
DA:50,10
DA:51,10
DA:52,10
DA:54,10
DA:62,17
DA:63,1
DA:65,16
DA:66,16
DA:67,16
DA:68,16
DA:69,9
DA:70,9
DA:71,2
DA:73,7
DA:74,7
DA:75,2
DA:77,5
DA:78,5
DA:79,13
DA:80,13
DA:81,1
DA:85,11
DA:93,1
DA:94,12
DA:95,11
DA:97,1
DA:98,1
DA:99,1
DA:102,1
LF:43
LH:43
BRDA:35,1,0,1
BRDA:35,1,1,11
BRDA:62,2,0,1
BRDA:62,2,1,16
BRDA:70,3,0,2
BRDA:70,3,1,7
BRDA:74,4,0,2
BRDA:74,4,1,5
BRDA:77,5,0,5
BRDA:77,5,1,0
BRDA:80,6,0,1
BRDA:80,6,1,12
BRDA:94,7,0,11
BRDA:94,7,1,1
BRDA:98,8,0,1
BRDA:98,8,1,1
BRF:16
BRH:15
end_of_record
TN:
SF:/Users/okuni/projects/coz/lib/template/buildin_engines/index.js
FN:9,(anonymous_1)
FNF:1
FNH:1
FNDA:12,(anonymous_1)
DA:8,1
DA:9,12
LF:2
LH:2
BRF:0
BRH:0
end_of_record
TN:
SF:/Users/okuni/projects/coz/lib/template/engine.js
FN:15,Engine
FN:44,(anonymous_2)
FN:51,(anonymous_3)
FN:63,(anonymous_4)
FN:77,(anonymous_5)
FN:95,(anonymous_6)
FN:105,(anonymous_7)
FN:126,(anonymous_8)
FN:137,(anonymous_9)
FN:154,(anonymous_10)
FN:157,(anonymous_11)
FNF:11
FNH:9
FNDA:5,Engine
FNDA:6,(anonymous_2)
FNDA:2,(anonymous_3)
FNDA:1,(anonymous_4)
FNDA:9,(anonymous_5)
FNDA:0,(anonymous_6)
FNDA:0,(anonymous_7)
FNDA:21,(anonymous_8)
FNDA:7,(anonymous_9)
FNDA:3,(anonymous_10)
FNDA:9,(anonymous_11)
DA:11,1
DA:15,1
DA:16,5
DA:17,5
DA:19,1
DA:45,6
DA:52,2
DA:53,2
DA:54,2
DA:55,2
DA:56,2
DA:64,1
DA:65,1
DA:78,9
DA:79,9
DA:80,9
DA:81,9
DA:82,7
DA:84,2
DA:86,9
DA:96,0
DA:106,0
DA:127,21
DA:128,21
DA:129,21
DA:138,7
DA:140,7
DA:141,19
DA:142,19
DA:144,7
DA:154,1
DA:155,3
DA:157,3
DA:158,9
DA:159,9
DA:161,3
DA:163,3
DA:164,3
DA:166,3
DA:167,3
DA:169,3
DA:170,3
DA:173,3
DA:176,1
LF:44
LH:42
BRDA:81,1,0,7
BRDA:81,1,1,2
BRDA:139,2,0,7
BRDA:139,2,1,0
BRDA:167,3,0,3
BRDA:167,3,1,2
BRF:6
BRH:5
end_of_record
TN:
SF:/Users/okuni/projects/coz/lib/util/copying/index.js
FN:9,(anonymous_1)
FN:10,(anonymous_2)
FNF:2
FNH:2
FNDA:13,(anonymous_1)
FNDA:13,(anonymous_2)
DA:8,1
DA:9,13
DA:10,13
LF:3
LH:3
BRF:0
BRH:0
end_of_record
TN:
SF:/Users/okuni/projects/coz/lib/template/_approximately_equal.js
FN:23,_approximatelyEqual
FNF:1
FNH:1
FNDA:202,_approximatelyEqual
DA:13,1
DA:15,1
DA:23,1
DA:24,202
DA:25,793
DA:26,793
DA:27,793
DA:28,5
DA:31,197
DA:35,1
LF:10
LH:10
BRDA:27,1,0,5
BRDA:27,1,1,788
BRF:2
BRH:2
end_of_record
TN:
SF:/Users/okuni/projects/coz/lib/util/string/index.js
FN:9,(anonymous_1)
FN:10,(anonymous_2)
FN:11,(anonymous_3)
FN:12,(anonymous_4)
FN:13,(anonymous_5)
FN:14,(anonymous_6)
FN:15,(anonymous_7)
FN:16,(anonymous_8)
FNF:8
FNH:8
FNDA:7,(anonymous_1)
FNDA:1,(anonymous_2)
FNDA:4,(anonymous_3)
FNDA:5,(anonymous_4)
FNDA:3,(anonymous_5)
FNDA:7,(anonymous_6)
FNDA:2,(anonymous_7)
FNDA:2,(anonymous_8)
DA:8,1
DA:9,7
DA:10,1
DA:11,4
DA:12,5
DA:13,3
DA:14,7
DA:15,2
DA:16,2
LF:9
LH:9
BRF:0
BRH:0
end_of_record
TN:
SF:/Users/okuni/projects/coz/lib/util/string/camelcase.js
FN:16,(anonymous_1)
FN:22,camelcase
FNF:2
FNH:2
FNDA:132,(anonymous_1)
FNDA:822,camelcase
DA:11,1
DA:14,1
DA:17,132
DA:22,1
DA:23,822
DA:24,822
DA:25,2
DA:27,820
DA:30,1
LF:9
LH:9
BRDA:24,1,0,2
BRDA:24,1,1,820
BRF:2
BRH:2
end_of_record
TN:
SF:/Users/okuni/projects/coz/lib/util/string/lowercase.js
FN:12,lowercase
FNF:1
FNH:1
FNDA:1503,lowercase
DA:12,1
DA:13,1503
DA:14,1503
DA:15,1
DA:17,1502
DA:20,1
LF:6
LH:6
BRDA:14,1,0,1
BRDA:14,1,1,1502
BRF:2
BRH:2
end_of_record
TN:
SF:/Users/okuni/projects/coz/lib/util/string/uppercase.js
FN:12,uppercase
FNF:1
FNH:1
FNDA:550,uppercase
DA:12,1
DA:13,550
DA:14,550
DA:15,1
DA:17,549
DA:20,1
LF:6
LH:6
BRDA:14,1,0,1
BRDA:14,1,1,549
BRF:2
BRH:2
end_of_record
TN:
SF:/Users/okuni/projects/coz/lib/util/string/pascalcase.js
FN:15,pascalcase
FNF:1
FNH:1
FNDA:405,pascalcase
DA:11,1
DA:15,1
DA:16,405
DA:17,405
DA:18,1
DA:20,404
DA:24,1
LF:7
LH:7
BRDA:17,1,0,1
BRDA:17,1,1,404
BRF:2
BRH:2
end_of_record
TN:
SF:/Users/okuni/projects/coz/lib/util/string/capitalcase.js
FN:16,capitalcase
FNF:1
FNH:1
FNDA:416,capitalcase
DA:12,1
DA:16,1
DA:17,416
DA:18,416
DA:19,1
DA:21,415
DA:24,1
LF:7
LH:7
BRDA:18,1,0,1
BRDA:18,1,1,415
BRF:2
BRH:2
end_of_record
TN:
SF:/Users/okuni/projects/coz/lib/util/string/snakecase.js
FN:18,(anonymous_1)
FN:24,snakecase
FNF:2
FNH:2
FNDA:283,(anonymous_1)
FNDA:408,snakecase
DA:12,1
DA:14,1
DA:16,1
DA:19,283
DA:24,1
DA:25,408
DA:26,408
DA:27,1
DA:29,407
DA:32,1
LF:10
LH:10
BRDA:26,1,0,1
BRDA:26,1,1,407
BRF:2
BRH:2
end_of_record
TN:
SF:/Users/okuni/projects/coz/lib/bud/bud_loader.js
FN:21,BudLoader
FN:31,(anonymous_2)
FN:35,requireBud
FN:38,evaluateBud
FN:41,makeupBud
FN:44,convertBud
FN:55,(anonymous_7)
FN:57,(anonymous_8)
FN:60,(anonymous_9)
FN:62,(anonymous_10)
FN:66,(anonymous_11)
FN:73,(anonymous_12)
FN:89,(anonymous_13)
FN:91,(anonymous_14)
FN:95,(anonymous_15)
FN:96,(anonymous_16)
FN:115,(anonymous_17)
FN:117,(anonymous_18)
FN:124,(anonymous_19)
FN:137,(anonymous_20)
FN:139,(anonymous_21)
FNF:21
FNH:20
FNDA:3,BudLoader
FNDA:2,(anonymous_2)
FNDA:2,requireBud
FNDA:2,evaluateBud
FNDA:2,makeupBud
FNDA:2,convertBud
FNDA:2,(anonymous_7)
FNDA:2,(anonymous_8)
FNDA:2,(anonymous_9)
FNDA:2,(anonymous_10)
FNDA:2,(anonymous_11)
FNDA:2,(anonymous_12)
FNDA:3,(anonymous_13)
FNDA:3,(anonymous_14)
FNDA:1,(anonymous_15)
FNDA:1,(anonymous_16)
FNDA:2,(anonymous_17)
FNDA:2,(anonymous_18)
FNDA:0,(anonymous_19)
FNDA:2,(anonymous_20)
FNDA:2,(anonymous_21)
DA:10,1
DA:21,1
DA:22,3
DA:25,1
DA:32,2
DA:33,2
DA:34,2
DA:36,2
DA:39,2
DA:42,2
DA:45,2
DA:56,2
DA:57,2
DA:58,2
DA:59,2
DA:61,2
DA:62,2
DA:63,2
DA:67,2
DA:68,2
DA:69,2
DA:71,0
DA:73,2
DA:74,2
DA:75,2
DA:77,2
DA:90,3
DA:91,3
DA:92,3
DA:94,1
DA:95,1
DA:96,1
DA:97,1
DA:98,1
DA:100,1
DA:102,1
DA:104,2
DA:105,2
DA:116,2
DA:117,2
DA:118,2
DA:121,2
DA:122,2
DA:123,2
DA:125,0
DA:128,2
DA:138,2
DA:139,2
DA:140,2
DA:145,1
LF:50
LH:48
BRDA:58,1,0,2
BRDA:58,1,1,0
BRDA:63,2,0,2
BRDA:63,2,1,0
BRDA:92,3,0,1
BRDA:92,3,1,2
BRDA:118,4,0,2
BRDA:118,4,1,0
BRDA:121,5,0,2
BRDA:121,5,1,0
BRDA:123,6,0,2
BRDA:123,6,1,0
BRF:12
BRH:7
end_of_record
TN:
SF:/Users/okuni/projects/coz/lib/bud/_concat_buds.js
FN:17,_concatBuds
FNF:1
FNH:1
FNDA:29,_concatBuds
DA:12,1
DA:17,1
DA:18,29
DA:21,1
LF:4
LH:4
BRF:0
BRH:0
end_of_record
TN:
SF:/Users/okuni/projects/coz/lib/bud/bud.js
FN:25,Bud
FN:92,(anonymous_2)
FN:95,_assertType
FN:121,(anonymous_4)
FNF:4
FNH:4
FNDA:11,Bud
FNDA:11,(anonymous_2)
FNDA:121,_assertType
FNDA:8,(anonymous_4)
DA:20,1
DA:25,1
DA:26,11
DA:27,11
DA:28,11
DA:29,11
DA:32,1
DA:93,11
DA:95,1
DA:96,121
DA:97,36
DA:99,85
DA:102,11
DA:103,11
DA:104,11
DA:105,11
DA:106,11
DA:107,11
DA:108,11
DA:109,11
DA:110,11
DA:111,11
DA:112,11
DA:121,1
DA:122,8
DA:123,2
DA:125,8
DA:129,1
LF:28
LH:28
BRDA:96,1,0,36
BRDA:96,1,1,85
BRDA:122,2,0,2
BRDA:122,2,1,6
BRF:4
BRH:4
end_of_record
TN:
SF:/Users/okuni/projects/coz/lib/bud/bud_compiler.js
FN:24,BudCompiler
FN:37,(anonymous_2)
FN:41,(anonymous_3)
FN:44,(anonymous_4)
FN:47,(anonymous_5)
FN:49,(anonymous_6)
FN:53,(anonymous_7)
FN:63,(anonymous_8)
FN:65,(anonymous_9)
FN:78,(anonymous_10)
FN:97,(anonymous_11)
FN:99,(anonymous_12)
FN:119,(anonymous_13)
FN:122,(anonymous_14)
FN:126,(anonymous_15)
FN:137,(anonymous_16)
FNF:16
FNH:16
FNDA:6,BudCompiler
FNDA:2,(anonymous_2)
FNDA:2,(anonymous_3)
FNDA:2,(anonymous_4)
FNDA:2,(anonymous_5)
FNDA:2,(anonymous_6)
FNDA:2,(anonymous_7)
FNDA:4,(anonymous_8)
FNDA:4,(anonymous_9)
FNDA:1,(anonymous_10)
FNDA:3,(anonymous_11)
FNDA:3,(anonymous_12)
FNDA:3,(anonymous_13)
FNDA:3,(anonymous_14)
FNDA:3,(anonymous_15)
FNDA:3,(anonymous_16)
DA:13,1
DA:24,1
DA:25,6
DA:26,6
DA:27,6
DA:28,6
DA:31,1
DA:38,2
DA:39,2
DA:40,2
DA:42,2
DA:45,2
DA:48,2
DA:49,2
DA:50,2
DA:54,2
DA:64,4
DA:65,4
DA:66,4
DA:67,4
DA:68,4
DA:69,2
DA:71,4
DA:72,1
DA:73,1
DA:75,3
DA:76,3
DA:77,1
DA:78,1
DA:79,1
DA:80,1
DA:82,1
DA:83,1
DA:86,2
DA:87,2
DA:98,3
DA:99,3
DA:100,3
DA:101,3
DA:102,3
DA:103,2
DA:105,3
DA:106,1
DA:107,1
DA:109,2
DA:110,2
DA:120,3
DA:121,3
DA:122,3
DA:123,3
DA:125,3
DA:127,3
DA:130,2
DA:131,2
DA:133,1
DA:134,1
DA:138,3
DA:139,3
DA:145,1
LF:59
LH:59
BRDA:25,1,0,6
BRDA:25,1,1,5
BRDA:27,2,0,6
BRDA:27,2,1,5
BRDA:28,3,0,6
BRDA:28,3,1,6
BRDA:68,4,0,2
BRDA:68,4,1,2
BRDA:71,5,0,1
BRDA:71,5,1,3
BRDA:76,6,0,1
BRDA:76,6,1,2
BRDA:79,7,0,1
BRDA:79,7,1,0
BRDA:79,8,0,1
BRDA:79,8,1,1
BRDA:102,9,0,2
BRDA:102,9,1,1
BRDA:105,10,0,1
BRDA:105,10,1,2
BRDA:127,11,0,2
BRDA:127,11,1,1
BRF:22
BRH:21
end_of_record
TN:
SF:/Users/okuni/projects/coz/lib/template/index.js
FN:10,(anonymous_1)
FN:11,(anonymous_2)
FN:12,(anonymous_3)
FN:13,(anonymous_4)
FN:14,(anonymous_5)
FNF:5
FNH:5
FNDA:1,(anonymous_1)
FNDA:1,(anonymous_2)
FNDA:6,(anonymous_3)
FNDA:1,(anonymous_4)
FNDA:7,(anonymous_5)
DA:9,1
DA:10,1
DA:11,1
DA:12,6
DA:13,1
DA:14,7
LF:6
LH:6
BRF:0
BRH:0
end_of_record
TN:
SF:/Users/okuni/projects/coz/lib/bud/bud_writer.js
FN:21,BudWriter
FN:31,(anonymous_2)
FN:35,(anonymous_3)
FN:38,(anonymous_4)
FN:41,(anonymous_5)
FN:52,(anonymous_6)
FN:54,(anonymous_7)
FN:72,(anonymous_8)
FN:74,(anonymous_9)
FN:76,(anonymous_10)
FN:100,(anonymous_11)
FN:102,(anonymous_12)
FN:113,(anonymous_13)
FNF:13
FNH:13
FNDA:6,BudWriter
FNDA:2,(anonymous_2)
FNDA:2,(anonymous_3)
FNDA:2,(anonymous_4)
FNDA:2,(anonymous_5)
FNDA:3,(anonymous_6)
FNDA:3,(anonymous_7)
FNDA:4,(anonymous_8)
FNDA:4,(anonymous_9)
FNDA:4,(anonymous_10)
FNDA:3,(anonymous_11)
FNDA:3,(anonymous_12)
FNDA:1,(anonymous_13)
DA:10,1
DA:21,1
DA:22,6
DA:25,1
DA:32,2
DA:33,2
DA:34,2
DA:36,2
DA:39,2
DA:42,2
DA:53,3
DA:54,3
DA:55,3
DA:56,3
DA:57,3
DA:59,1
DA:61,3
DA:62,3
DA:73,4
DA:74,4
DA:75,4
DA:76,4
DA:77,4
DA:78,4
DA:79,1
DA:80,1
DA:81,1
DA:83,3
DA:84,3
DA:85,2
DA:86,2
DA:88,1
DA:89,1
DA:101,3
DA:102,3
DA:103,3
DA:104,3
DA:105,2
DA:106,2
DA:108,1
DA:109,1
DA:114,1
DA:115,1
DA:121,1
LF:44
LH:44
BRDA:57,1,0,3
BRDA:57,1,1,2
BRDA:77,2,0,4
BRDA:77,2,1,4
BRDA:78,3,0,1
BRDA:78,3,1,3
BRDA:83,4,0,3
BRDA:83,4,1,2
BRDA:84,5,0,2
BRDA:84,5,1,1
BRDA:104,6,0,2
BRDA:104,6,1,1
BRF:12
BRH:12
end_of_record
TN:
SF:/Users/okuni/projects/coz/lib/bud/bud_logger.js
FN:18,BudLogger
FN:30,(anonymous_2)
FN:32,(anonymous_3)
FNF:3
FNH:3
FNDA:2,BudLogger
FNDA:2,(anonymous_2)
FNDA:2,(anonymous_3)
DA:10,1
DA:15,1
DA:18,1
DA:19,2
DA:20,2
DA:23,1
DA:30,1
DA:31,2
DA:32,2
DA:33,2
DA:34,1
DA:36,1
DA:37,1
DA:38,1
DA:39,1
DA:47,2
DA:50,1
LF:17
LH:17
BRDA:33,1,0,1
BRDA:33,1,1,1
BRDA:38,2,0,1
BRDA:38,2,1,0
BRF:4
BRH:3
end_of_record
TN:
SF:/Users/okuni/projects/coz/lib/util/logging/console_logger.js
FN:14,ConsoleLogger
FN:22,(anonymous_2)
FN:24,(anonymous_3)
FN:40,(anonymous_4)
FN:53,(anonymous_5)
FN:63,(anonymous_6)
FN:72,(anonymous_7)
FN:81,(anonymous_8)
FN:90,(anonymous_9)
FN:99,(anonymous_10)
FNF:10
FNH:10
FNDA:2,ConsoleLogger
FNDA:9,(anonymous_2)
FNDA:10,(anonymous_3)
FNDA:9,(anonymous_4)
FNDA:9,(anonymous_5)
FNDA:3,(anonymous_6)
FNDA:2,(anonymous_7)
FNDA:2,(anonymous_8)
FNDA:1,(anonymous_9)
FNDA:1,(anonymous_10)
DA:10,1
DA:14,1
DA:22,1
DA:23,9
DA:25,10
DA:26,2
DA:28,8
DA:40,1
DA:41,9
DA:43,9
DA:53,1
DA:54,9
DA:56,9
DA:63,1
DA:64,3
DA:65,3
DA:72,1
DA:73,2
DA:74,2
DA:81,1
DA:82,2
DA:83,2
DA:90,1
DA:91,1
DA:92,1
DA:99,1
DA:100,1
DA:101,1
DA:105,1
LF:29
LH:29
BRDA:25,1,0,2
BRDA:25,1,1,8
BRDA:42,2,0,9
BRDA:42,2,1,9
BRDA:43,3,0,9
BRDA:43,3,1,0
BRF:6
BRH:5
end_of_record
TN:
SF:/Users/okuni/projects/coz/lib/template/buildin_engines/handlebars_engine.js
FN:32,(anonymous_1)
FN:38,(anonymous_2)
FN:40,(anonymous_3)
FN:46,(anonymous_4)
FN:48,(anonymous_5)
FN:65,(anonymous_6)
FN:76,(anonymous_7)
FN:85,(anonymous_8)
FN:102,(anonymous_9)
FN:106,(anonymous_10)
FN:124,(anonymous_11)
FN:132,(anonymous_12)
FN:140,(anonymous_13)
FN:148,(anonymous_14)
FN:156,(anonymous_15)
FN:164,(anonymous_16)
FN:172,(anonymous_17)
FN:180,(anonymous_18)
FN:188,(anonymous_19)
FN:196,(anonymous_20)
FN:204,(anonymous_21)
FNF:21
FNH:21
FNDA:8,(anonymous_1)
FNDA:1,(anonymous_2)
FNDA:1,(anonymous_3)
FNDA:1,(anonymous_4)
FNDA:1,(anonymous_5)
FNDA:102,(anonymous_6)
FNDA:17,(anonymous_7)
FNDA:3,(anonymous_8)
FNDA:2,(anonymous_9)
FNDA:22,(anonymous_10)
FNDA:2,(anonymous_11)
FNDA:1,(anonymous_12)
FNDA:5,(anonymous_13)
FNDA:1,(anonymous_14)
FNDA:1,(anonymous_15)
FNDA:2,(anonymous_16)
FNDA:5,(anonymous_17)
FNDA:3,(anonymous_18)
FNDA:2,(anonymous_19)
FNDA:1,(anonymous_20)
FNDA:1,(anonymous_21)
DA:14,1
DA:23,1
DA:33,8
DA:34,8
DA:35,8
DA:36,8
DA:39,1
DA:40,1
DA:41,1
DA:47,1
DA:48,1
DA:49,1
DA:66,102
DA:67,102
DA:68,102
DA:69,102
DA:77,17
DA:79,17
DA:80,101
DA:81,101
DA:83,17
DA:86,3
DA:87,3
DA:88,3
DA:89,3
DA:91,1
DA:92,1
DA:94,2
DA:102,1
DA:103,2
DA:104,2
DA:105,2
DA:106,2
DA:107,22
DA:108,22
DA:111,2
DA:118,1
DA:125,2
DA:133,1
DA:141,5
DA:149,1
DA:157,1
DA:165,2
DA:173,5
DA:181,3
DA:189,2
DA:197,1
DA:205,1
DA:209,1
LF:49
LH:49
BRDA:34,1,0,8
BRDA:34,1,1,2
BRDA:67,2,0,102
BRDA:67,2,1,8
BRDA:78,3,0,17
BRDA:78,3,1,6
BRDA:105,4,0,2
BRDA:105,4,1,0
BRF:8
BRH:7
end_of_record
TN:
SF:/Users/okuni/projects/coz/lib/util/compiling/index.js
FN:9,(anonymous_1)
FN:10,(anonymous_2)
FNF:2
FNH:2
FNDA:2,(anonymous_1)
FNDA:2,(anonymous_2)
DA:8,1
DA:9,2
DA:10,2
LF:3
LH:3
BRF:0
BRH:0
end_of_record
TN:
SF:/Users/okuni/projects/coz/lib/template/tmpl_set.js
FN:15,TmplSet
FN:27,(anonymous_2)
FN:40,(anonymous_3)
FN:54,(anonymous_4)
FNF:4
FNH:4
FNDA:7,TmplSet
FNDA:30,(anonymous_2)
FNDA:7,(anonymous_3)
FNDA:36,(anonymous_4)
DA:10,1
DA:15,1
DA:16,7
DA:17,7
DA:18,7
DA:21,1
DA:28,30
DA:29,30
DA:30,1
DA:32,29
DA:33,29
DA:41,7
DA:42,7
DA:43,7
DA:44,28
DA:45,28
DA:47,7
DA:55,36
DA:56,1
DA:58,35
DA:59,35
DA:60,1
DA:62,34
DA:64,34
DA:65,34
DA:66,64
DA:67,64
DA:68,2
DA:70,62
DA:71,62
DA:72,2
DA:74,60
DA:75,60
DA:76,120
DA:77,120
DA:78,0
DA:82,30
DA:87,1
LF:38
LH:37
BRDA:29,1,0,1
BRDA:29,1,1,29
BRDA:32,2,0,29
BRDA:32,2,1,1
BRDA:55,3,0,1
BRDA:55,3,1,35
BRDA:59,4,0,1
BRDA:59,4,1,34
BRDA:67,5,0,2
BRDA:67,5,1,62
BRDA:71,6,0,2
BRDA:71,6,1,60
BRDA:74,7,0,60
BRDA:74,7,1,0
BRDA:77,8,0,0
BRDA:77,8,1,120
BRF:16
BRH:14
end_of_record
TN:
SF:/Users/okuni/projects/coz/lib/template/buildin_tmpls/index.js
FN:9,(anonymous_1)
FN:10,(anonymous_2)
FN:11,(anonymous_3)
FN:12,(anonymous_4)
FNF:4
FNH:4
FNDA:7,(anonymous_1)
FNDA:7,(anonymous_2)
FNDA:7,(anonymous_3)
FNDA:7,(anonymous_4)
DA:8,1
DA:9,7
DA:10,7
DA:11,7
DA:12,7
LF:5
LH:5
BRF:0
BRH:0
end_of_record
TN:
SF:/Users/okuni/projects/coz/lib/template/buildin_tmpls/indexjs_tmpl.js
FN:15,(anonymous_1)
FN:22,(anonymous_2)
FN:31,(anonymous_3)
FN:33,(anonymous_4)
FN:35,(anonymous_5)
FN:37,(anonymous_6)
FN:39,(anonymous_7)
FN:51,indexjsTmpl
FNF:8
FNH:8
FNDA:1,(anonymous_1)
FNDA:4,(anonymous_2)
FNDA:2,(anonymous_3)
FNDA:2,(anonymous_4)
FNDA:2,(anonymous_5)
FNDA:2,(anonymous_6)
FNDA:2,(anonymous_7)
FNDA:2,indexjsTmpl
DA:11,1
DA:15,1
DA:16,1
DA:18,1
DA:23,4
DA:25,4
DA:32,2
DA:34,2
DA:36,2
DA:38,2
DA:40,2
DA:42,2
DA:51,1
DA:52,2
DA:55,1
DA:56,1
DA:61,1
LF:17
LH:17
BRDA:19,1,0,1
BRDA:19,1,1,0
BRDA:19,2,0,1
BRDA:19,2,1,1
BRDA:19,2,2,1
BRDA:19,3,0,0
BRDA:19,3,1,1
BRDA:26,4,0,4
BRDA:26,4,1,0
BRDA:26,5,0,4
BRDA:26,5,1,0
BRDA:28,6,0,4
BRDA:28,6,1,0
BRDA:28,6,2,0
BRDA:28,6,3,0
BRDA:28,7,0,4
BRDA:28,7,1,0
BRDA:30,8,0,4
BRDA:30,8,1,0
BRDA:30,9,0,4
BRDA:30,9,1,4
BRDA:32,10,0,2
BRDA:32,10,1,0
BRDA:32,10,2,0
BRDA:32,10,3,0
BRDA:32,11,0,2
BRDA:32,11,1,0
BRDA:34,12,0,2
BRDA:34,12,1,0
BRDA:34,12,2,0
BRDA:34,12,3,0
BRDA:34,13,0,2
BRDA:34,13,1,0
BRDA:43,14,0,1
BRDA:43,14,1,1
BRDA:43,15,0,2
BRDA:43,15,1,2
BRDA:43,16,0,2
BRDA:43,16,1,0
BRDA:43,17,0,1
BRDA:43,17,1,1
BRDA:44,18,0,2
BRDA:44,18,1,0
BRDA:44,19,0,2
BRDA:44,19,1,0
BRDA:46,20,0,2
BRDA:46,20,1,0
BRDA:46,21,0,2
BRDA:46,21,1,0
BRF:49
BRH:27
end_of_record
TN:
SF:/Users/okuni/projects/coz/lib/template/buildin_tmpls/json_tmpl.js
FN:12,jsonTmpl
FNF:1
FNH:1
FNDA:2,jsonTmpl
DA:12,1
DA:13,2
DA:16,1
DA:17,1
DA:22,1
LF:5
LH:5
BRF:0
BRH:0
end_of_record
TN:
SF:/Users/okuni/projects/coz/lib/template/buildin_tmpls/nodeunit_testcasejs_tmpl.js
FN:15,(anonymous_1)
FN:30,nodeunitTestcasejsTmpl
FNF:2
FNH:2
FNDA:1,(anonymous_1)
FNDA:1,nodeunitTestcasejsTmpl
DA:11,1
DA:15,1
DA:16,1
DA:18,1
DA:30,1
DA:31,1
DA:34,1
DA:35,1
DA:40,1
LF:9
LH:9
BRDA:19,1,0,1
BRDA:19,1,1,0
BRDA:19,1,2,0
BRDA:19,1,3,0
BRDA:19,2,0,1
BRDA:19,2,1,0
BRDA:21,3,0,1
BRDA:21,3,1,0
BRDA:21,3,2,0
BRDA:21,3,3,0
BRDA:21,4,0,1
BRDA:21,4,1,0
BRDA:23,5,0,0
BRDA:23,5,1,1
BRDA:23,6,0,1
BRDA:23,6,1,1
BRDA:23,7,0,1
BRDA:23,7,1,0
BRDA:23,8,0,1
BRDA:23,8,1,0
BRDA:25,9,0,1
BRDA:25,9,1,0
BRDA:25,9,2,0
BRDA:25,9,3,0
BRDA:25,10,0,1
BRDA:25,10,1,0
BRF:26
BRH:11
end_of_record
TN:
SF:/Users/okuni/projects/coz/lib/template/buildin_tmpls/text_tmpl.js
FN:12,textTmpl
FNF:1
FNH:1
FNDA:1,textTmpl
DA:12,1
DA:13,1
DA:15,1
DA:16,1
DA:21,1
LF:5
LH:5
BRF:0
BRH:0
end_of_record
TN:
SF:/Users/okuni/projects/coz/lib/util/file/expand_glob.js
FN:19,expandGlob
FN:27,(anonymous_2)
FN:31,(anonymous_3)
FNF:3
FNH:3
FNDA:4,expandGlob
FNDA:3,(anonymous_2)
FNDA:4,(anonymous_3)
DA:13,1
DA:19,1
DA:20,4
DA:21,4
DA:22,4
DA:23,4
DA:26,4
DA:27,4
DA:28,3
DA:32,4
DA:33,0
DA:35,4
DA:36,4
DA:37,1
DA:39,4
DA:45,1
LF:16
LH:15
BRDA:20,1,0,4
BRDA:20,1,1,0
BRDA:21,2,0,4
BRDA:21,2,1,0
BRDA:22,3,0,4
BRDA:22,3,1,4
BRDA:26,4,0,4
BRDA:26,4,1,1
BRDA:29,5,0,3
BRDA:29,5,1,3
BRDA:32,6,0,0
BRDA:32,6,1,4
BRDA:35,7,0,4
BRDA:35,7,1,3
BRDA:36,8,0,1
BRDA:36,8,1,3
BRF:16
BRH:13
end_of_record
TN:
SF:/Users/okuni/projects/coz/lib/util/copying/copy.js
FN:13,copy
FNF:1
FNH:1
FNDA:13,copy
DA:13,1
DA:14,13
DA:15,13
DA:16,13
DA:17,13
DA:18,58
DA:19,58
DA:21,13
DA:24,1
LF:9
LH:9
BRDA:14,1,0,13
BRDA:14,1,1,0
BRDA:15,2,0,13
BRDA:15,2,1,1
BRF:4
BRH:3
end_of_record
TN:
SF:/Users/okuni/projects/coz/lib/util/copying/fallback_copy.js
FN:14,fallbackCopy
FNF:1
FNH:1
FNDA:13,fallbackCopy
DA:14,1
DA:15,13
DA:16,13
DA:17,13
DA:18,13
DA:19,2
DA:20,2
DA:21,2
DA:22,2
DA:23,1
DA:26,13
DA:29,1
LF:12
LH:12
BRDA:15,1,0,13
BRDA:15,1,1,11
BRDA:16,2,0,13
BRDA:16,2,1,0
BRDA:22,3,0,1
BRDA:22,3,1,1
BRF:6
BRH:5
end_of_record
TN:
SF:/Users/okuni/projects/coz/lib/util/file/read_file.js
FN:18,readFile
FN:24,(anonymous_2)
FNF:2
FNH:2
FNDA:6,readFile
FNDA:6,(anonymous_2)
DA:13,1
DA:18,1
DA:19,6
DA:20,6
DA:21,5
DA:22,5
DA:24,6
DA:25,6
DA:26,5
DA:28,1
DA:33,1
LF:11
LH:11
BRDA:19,1,0,6
BRDA:19,1,1,0
BRDA:20,2,0,5
BRDA:20,2,1,1
BRDA:21,3,0,5
BRDA:21,3,1,5
BRDA:25,4,0,5
BRDA:25,4,1,1
BRF:8
BRH:7
end_of_record
TN:
SF:/Users/okuni/projects/coz/lib/index.js
FNF:0
FNH:0
DA:20,1
DA:22,1
DA:27,1
DA:38,1
DA:46,1
DA:54,1
DA:62,1
DA:70,1
DA:82,1
DA:90,1
DA:98,1
LF:11
LH:11
BRF:0
BRH:0
end_of_record
TN:
SF:/Users/okuni/projects/coz/lib/util/index.js
FN:9,(anonymous_1)
FN:10,(anonymous_2)
FN:11,(anonymous_3)
FN:12,(anonymous_4)
FN:13,(anonymous_5)
FN:14,(anonymous_6)
FN:15,(anonymous_7)
FN:16,(anonymous_8)
FNF:8
FNH:8
FNDA:4,(anonymous_1)
FNDA:4,(anonymous_2)
FNDA:8,(anonymous_3)
FNDA:4,(anonymous_4)
FNDA:3,(anonymous_5)
FNDA:3,(anonymous_6)
FNDA:3,(anonymous_7)
FNDA:11,(anonymous_8)
DA:8,1
DA:9,4
DA:10,4
DA:11,8
DA:12,4
DA:13,3
DA:14,3
DA:15,3
DA:16,11
LF:9
LH:9
BRF:0
BRH:0
end_of_record
TN:
SF:/Users/okuni/projects/coz/lib/bud/factory/index.js
FN:9,(anonymous_1)
FN:10,(anonymous_2)
FNF:2
FNH:2
FNDA:1,(anonymous_1)
FNDA:1,(anonymous_2)
DA:8,1
DA:9,1
DA:10,1
LF:3
LH:3
BRF:0
BRH:0
end_of_record
TN:
SF:/Users/okuni/projects/coz/lib/bud/factory/index_js_bud.js
FN:25,indexJsBud
FN:37,(anonymous_2)
FN:42,(anonymous_3)
FN:58,(anonymous_4)
FNF:4
FNH:4
FNDA:1,indexJsBud
FNDA:1,(anonymous_2)
FNDA:7,(anonymous_3)
FNDA:10,(anonymous_4)
DA:13,1
DA:25,1
DA:26,1
DA:27,1
DA:28,1
DA:38,1
DA:43,7
DA:44,7
DA:45,7
DA:50,0
DA:58,1
DA:59,10
DA:60,8
DA:62,2
DA:67,1
LF:15
LH:14
BRDA:59,1,0,8
BRDA:59,1,1,2
BRDA:62,2,0,2
BRDA:62,2,1,2
BRDA:62,2,2,1
BRF:5
BRH:5
end_of_record
TN:
SF:/Users/okuni/projects/coz/lib/util/sorting/index.js
FN:9,(anonymous_1)
FNF:1
FNH:1
FNDA:2,(anonymous_1)
DA:8,1
DA:9,2
LF:2
LH:2
BRF:0
BRH:0
end_of_record
TN:
SF:/Users/okuni/projects/coz/lib/util/filtering/index.js
FN:9,(anonymous_1)
FN:10,(anonymous_2)
FNF:2
FNH:2
FNDA:2,(anonymous_1)
FNDA:3,(anonymous_2)
DA:8,1
DA:9,2
DA:10,3
LF:3
LH:3
BRF:0
BRH:0
end_of_record
TN:
SF:/Users/okuni/projects/coz/lib/bud/factory/nodeunit_testcase_js_bud.js
FN:21,nodeunitTestcaseJsBud
FN:26,(anonymous_2)
FN:29,(anonymous_3)
FN:32,(anonymous_4)
FN:35,(anonymous_5)
FN:38,(anonymous_6)
FN:46,(anonymous_7)
FNF:7
FNH:7
FNDA:1,nodeunitTestcaseJsBud
FNDA:1,(anonymous_2)
FNDA:1,(anonymous_3)
FNDA:1,(anonymous_4)
FNDA:1,(anonymous_5)
FNDA:1,(anonymous_6)
FNDA:1,(anonymous_7)
DA:13,1
DA:21,1
DA:22,1
DA:24,1
DA:25,1
DA:27,1
DA:30,1
DA:33,1
DA:36,1
DA:39,1
DA:40,1
DA:41,1
DA:43,0
DA:47,1
DA:48,1
DA:62,1
LF:16
LH:15
BRDA:23,1,0,1
BRDA:23,1,1,0
BRF:2
BRH:1
end_of_record
TN:
SF:/Users/okuni/projects/coz/lib/util/compiling/compile_handlebars.js
FN:25,compileHandlebars
FNF:1
FNH:1
FNDA:3,compileHandlebars
DA:22,1
DA:25,1
DA:26,3
DA:27,1
DA:29,2
DA:30,2
DA:31,2
DA:34,1
LF:8
LH:8
BRDA:26,1,0,1
BRDA:26,1,1,2
BRDA:29,2,0,2
BRDA:29,2,1,0
BRF:4
BRH:3
end_of_record
TN:
SF:/Users/okuni/projects/coz/lib/util/compiling/_create_handlebars.js
FN:15,_createHandlebars
FN:18,(anonymous_2)
FNF:2
FNH:2
FNDA:4,_createHandlebars
FNDA:24,(anonymous_2)
DA:11,1
DA:15,1
DA:16,4
DA:17,4
DA:18,4
DA:19,24
DA:20,24
DA:23,4
DA:26,1
LF:9
LH:9
BRDA:17,1,0,4
BRDA:17,1,1,0
BRF:2
BRH:1
end_of_record
TN:
SF:/Users/okuni/projects/coz/lib/util/compiling/precompile_handlebars.js
FN:25,precompileHandlebars
FNF:1
FNH:1
FNDA:3,precompileHandlebars
DA:22,1
DA:25,1
DA:26,3
DA:27,1
DA:29,2
DA:30,2
DA:31,2
DA:34,1
LF:8
LH:8
BRDA:26,1,0,1
BRDA:26,1,1,2
BRDA:29,2,0,2
BRDA:29,2,1,0
BRF:4
BRH:3
end_of_record
TN:
SF:/Users/okuni/projects/coz/lib/util/file/is_dir.js
FN:16,isDir
FN:17,(anonymous_2)
FN:22,(anonymous_3)
FNF:3
FNH:3
FNDA:6,isDir
FNDA:6,(anonymous_2)
FNDA:5,(anonymous_3)
DA:12,1
DA:16,1
DA:17,6
DA:18,6
DA:19,1
DA:20,1
DA:22,5
DA:24,5
DA:25,5
DA:30,1
LF:10
LH:10
BRDA:18,1,0,1
BRDA:18,1,1,5
BRDA:24,2,0,5
BRDA:24,2,1,5
BRF:4
BRH:4
end_of_record
TN:
SF:/Users/okuni/projects/coz/lib/util/file/unlink_file.js
FN:19,_doUnlink
FN:21,chmodIfNeeded
FN:23,(anonymous_3)
FN:30,doUnlink
FN:33,(anonymous_5)
FN:39,unlinkFile
FN:45,(anonymous_7)
FN:50,(anonymous_8)
FNF:8
FNH:8
FNDA:3,_doUnlink
FNDA:3,chmodIfNeeded
FNDA:3,(anonymous_3)
FNDA:3,doUnlink
FNDA:3,(anonymous_5)
FNDA:5,unlinkFile
FNDA:5,(anonymous_7)
FNDA:4,(anonymous_8)
DA:13,1
DA:19,1
DA:20,3
DA:22,3
DA:23,3
DA:24,3
DA:27,0
DA:31,3
DA:34,3
DA:39,1
DA:40,5
DA:41,5
DA:42,2
DA:43,2
DA:45,5
DA:46,5
DA:47,1
DA:48,1
DA:50,4
DA:51,4
DA:52,1
DA:53,1
DA:55,3
DA:60,1
LF:24
LH:23
BRDA:22,1,0,3
BRDA:22,1,1,0
BRDA:40,2,0,5
BRDA:40,2,1,0
BRDA:41,3,0,2
BRDA:41,3,1,3
BRDA:42,4,0,2
BRDA:42,4,1,2
BRDA:46,5,0,1
BRDA:46,5,1,4
BRDA:51,6,0,1
BRDA:51,6,1,3
BRF:12
BRH:10
end_of_record
TN:
SF:/Users/okuni/projects/coz/lib/util/file/write_file.js
FN:25,writeFile
FN:32,(anonymous_2)
FN:39,(anonymous_3)
FN:46,(anonymous_4)
FN:51,(anonymous_5)
FNF:5
FNH:5
FNDA:4,writeFile
FNDA:4,(anonymous_2)
FNDA:4,(anonymous_3)
FNDA:4,(anonymous_4)
FNDA:4,(anonymous_5)
DA:16,1
DA:25,1
DA:26,4
DA:27,4
DA:28,1
DA:29,1
DA:31,4
DA:33,4
DA:34,2
DA:36,2
DA:40,4
DA:41,1
DA:43,3
DA:47,4
DA:52,4
DA:56,1
LF:16
LH:16
BRDA:26,1,0,4
BRDA:26,1,1,0
BRDA:27,2,0,1
BRDA:27,2,1,3
BRDA:28,3,0,1
BRDA:28,3,1,1
BRDA:33,4,0,2
BRDA:33,4,1,2
BRDA:40,5,0,1
BRDA:40,5,1,3
BRDA:48,6,0,4
BRDA:48,6,1,2
BRF:12
BRH:11
end_of_record
TN:
SF:/Users/okuni/projects/coz/lib/util/filtering/empty_reject.js
FN:11,emptyReject
FN:15,(anonymous_2)
FNF:2
FNH:2
FNDA:3,emptyReject
FNDA:11,(anonymous_2)
DA:11,1
DA:12,3
DA:13,1
DA:15,2
DA:16,11
DA:20,1
LF:6
LH:6
BRDA:12,1,0,1
BRDA:12,1,1,2
BRDA:16,2,0,11
BRDA:16,2,1,10
BRDA:16,2,2,9
BRF:5
BRH:5
end_of_record
TN:
SF:/Users/okuni/projects/coz/lib/util/filtering/pattern_reject.js
FN:12,patternReject
FN:16,(anonymous_2)
FNF:2
FNH:2
FNDA:4,patternReject
FNDA:18,(anonymous_2)
DA:12,1
DA:13,4
DA:14,1
DA:16,3
DA:17,18
DA:21,1
LF:6
LH:6
BRDA:13,1,0,1
BRDA:13,1,1,3
BRF:2
BRH:2
end_of_record
TN:
SF:/Users/okuni/projects/coz/lib/util/logging/index.js
FN:9,(anonymous_1)
FNF:1
FNH:1
FNDA:1,(anonymous_1)
DA:8,1
DA:9,1
LF:2
LH:2
BRF:0
BRH:0
end_of_record
TN:
SF:/Users/okuni/projects/coz/lib/util/minifying/index.js
FN:9,(anonymous_1)
FNF:1
FNH:1
FNDA:1,(anonymous_1)
DA:8,1
DA:9,1
LF:2
LH:2
BRF:0
BRH:0
end_of_record
TN:
SF:/Users/okuni/projects/coz/lib/util/minifying/minify_javascript.js
FN:17,minifyJavascript
FNF:1
FNH:1
FNDA:2,minifyJavascript
DA:13,1
DA:17,1
DA:18,2
DA:19,1
DA:21,1
DA:22,1
DA:28,1
LF:7
LH:7
BRDA:18,1,0,1
BRDA:18,1,1,1
BRDA:21,2,0,1
BRDA:21,2,1,1
BRF:4
BRH:4
end_of_record
TN:
SF:/Users/okuni/projects/coz/lib/util/sorting/string_sort.js
FN:13,stringSort
FN:19,(anonymous_2)
FNF:2
FNH:2
FNDA:4,stringSort
FNDA:14,(anonymous_2)
DA:13,1
DA:14,4
DA:15,1
DA:17,3
DA:18,3
DA:19,3
DA:20,14
DA:21,14
DA:25,1
LF:9
LH:9
BRDA:14,1,0,1
BRDA:14,1,1,3
BRDA:17,2,0,3
BRDA:17,2,1,2
BRDA:21,3,0,3
BRDA:21,3,1,11
BRF:6
BRH:6
end_of_record
TN:
SF:/Users/okuni/projects/coz/lib/util/string/sentencecase.js
FN:18,(anonymous_1)
FN:24,sentencecase
FNF:2
FNH:2
FNDA:1,(anonymous_1)
FNDA:11,sentencecase
DA:12,1
DA:15,1
DA:16,1
DA:19,1
DA:24,1
DA:25,11
DA:26,11
DA:27,1
DA:29,10
DA:32,1
LF:10
LH:10
BRDA:26,1,0,1
BRDA:26,1,1,10
BRF:2
BRH:2
end_of_record
TN:
SF:/Users/okuni/projects/coz/lib/util/string/spinalcase.js
FN:18,(anonymous_1)
FN:24,spinalcase
FNF:2
FNH:2
FNDA:1,(anonymous_1)
FNDA:10,spinalcase
DA:12,1
DA:14,1
DA:16,1
DA:19,1
DA:24,1
DA:25,10
DA:26,10
DA:27,1
DA:29,9
DA:32,1
LF:10
LH:10
BRDA:26,1,0,1
BRDA:26,1,1,9
BRF:2
BRH:2
end_of_record
