{"/Users/okunishinishi/projects/coz/lib/_require_safely.js":{"path":"/Users/okunishinishi/projects/coz/lib/_require_safely.js","s":{"1":1,"2":1,"3":31,"4":31,"5":27,"6":4,"7":4,"8":2,"9":2,"10":2,"11":1,"12":1,"13":1},"b":{"1":[31,9],"2":[27,4],"3":[1,1]},"f":{"1":31},"fnMap":{"1":{"name":"_requireSafely","line":14,"loc":{"start":{"line":14,"column":0},"end":{"line":14,"column":30}}}},"statementMap":{"1":{"start":{"line":11,"column":0},"end":{"line":11,"column":29}},"2":{"start":{"line":14,"column":0},"end":{"line":30,"column":1}},"3":{"start":{"line":15,"column":4},"end":{"line":15,"column":59}},"4":{"start":{"line":16,"column":4},"end":{"line":18,"column":5}},"5":{"start":{"line":17,"column":8},"end":{"line":17,"column":20}},"6":{"start":{"line":19,"column":4},"end":{"line":29,"column":5}},"7":{"start":{"line":20,"column":8},"end":{"line":20,"column":30}},"8":{"start":{"line":21,"column":8},"end":{"line":21,"column":29}},"9":{"start":{"line":23,"column":8},"end":{"line":23,"column":42}},"10":{"start":{"line":24,"column":8},"end":{"line":28,"column":9}},"11":{"start":{"line":25,"column":12},"end":{"line":25,"column":44}},"12":{"start":{"line":27,"column":12},"end":{"line":27,"column":24}},"13":{"start":{"line":32,"column":0},"end":{"line":32,"column":32}}},"branchMap":{"1":{"line":15,"type":"binary-expr","locations":[{"start":{"line":15,"column":21},"end":{"line":15,"column":27}},{"start":{"line":15,"column":32},"end":{"line":15,"column":57}}]},"2":{"line":16,"type":"if","locations":[{"start":{"line":16,"column":4},"end":{"line":16,"column":4}},{"start":{"line":16,"column":4},"end":{"line":16,"column":4}}]},"3":{"line":24,"type":"if","locations":[{"start":{"line":24,"column":8},"end":{"line":24,"column":8}},{"start":{"line":24,"column":8},"end":{"line":24,"column":8}}]}}},"/Users/okunishinishi/projects/coz/lib/buildin/buildin_engines.js":{"path":"/Users/okunishinishi/projects/coz/lib/buildin/buildin_engines.js","s":{"1":1},"b":{},"f":{},"fnMap":{},"statementMap":{"1":{"start":{"line":8,"column":0},"end":{"line":10,"column":2}}},"branchMap":{}},"/Users/okunishinishi/projects/coz/lib/buildin/buildin_tmpls.js":{"path":"/Users/okunishinishi/projects/coz/lib/buildin/buildin_tmpls.js","s":{"1":1,"2":2,"3":0},"b":{},"f":{"1":2,"2":0},"fnMap":{"1":{"name":"jsonTmpl","line":9,"loc":{"start":{"line":9,"column":10},"end":{"line":9,"column":34}}},"2":{"name":"textTmpl","line":12,"loc":{"start":{"line":12,"column":10},"end":{"line":12,"column":34}}}},"statementMap":{"1":{"start":{"line":8,"column":0},"end":{"line":15,"column":2}},"2":{"start":{"line":10,"column":8},"end":{"line":10,"column":45}},"3":{"start":{"line":13,"column":8},"end":{"line":13,"column":28}}},"branchMap":{}},"/Users/okunishinishi/projects/coz/lib/commands/clean.js":{"path":"/Users/okunishinishi/projects/coz/lib/commands/clean.js","s":{"1":1,"2":1,"3":0,"4":0,"5":0,"6":1,"7":1},"b":{"1":[0,0]},"f":{"1":0},"fnMap":{"1":{"name":"clean","line":17,"loc":{"start":{"line":17,"column":0},"end":{"line":17,"column":44}}}},"statementMap":{"1":{"start":{"line":13,"column":0},"end":{"line":14,"column":23}},"2":{"start":{"line":17,"column":0},"end":{"line":23,"column":1}},"3":{"start":{"line":18,"column":4},"end":{"line":18,"column":28}},"4":{"start":{"line":19,"column":4},"end":{"line":19,"column":44}},"5":{"start":{"line":20,"column":4},"end":{"line":22,"column":17}},"6":{"start":{"line":25,"column":0},"end":{"line":25,"column":75}},"7":{"start":{"line":27,"column":0},"end":{"line":27,"column":23}}},"branchMap":{"1":{"line":18,"type":"binary-expr","locations":[{"start":{"line":18,"column":14},"end":{"line":18,"column":21}},{"start":{"line":18,"column":25},"end":{"line":18,"column":27}}]}}},"/Users/okunishinishi/projects/coz/lib/create.js":{"path":"/Users/okunishinishi/projects/coz/lib/create.js","s":{"1":1,"2":1,"3":2,"4":1},"b":{},"f":{"1":2},"fnMap":{"1":{"name":"create","line":16,"loc":{"start":{"line":16,"column":0},"end":{"line":16,"column":24}}}},"statementMap":{"1":{"start":{"line":13,"column":0},"end":{"line":13,"column":29}},"2":{"start":{"line":16,"column":0},"end":{"line":18,"column":1}},"3":{"start":{"line":17,"column":4},"end":{"line":17,"column":27}},"4":{"start":{"line":20,"column":0},"end":{"line":20,"column":24}}},"branchMap":{}},"/Users/okunishinishi/projects/coz/lib/coz.js":{"path":"/Users/okunishinishi/projects/coz/lib/coz.js","s":{"1":1,"2":1,"3":27,"4":1,"5":9,"6":9,"7":1,"8":9,"9":9,"10":9,"11":9,"12":9,"13":4,"14":4,"15":4,"16":4,"17":4,"18":4,"19":4,"20":4,"21":4,"22":4,"23":4,"24":4,"25":4,"26":4,"27":4,"28":4,"29":4,"30":4,"31":1,"32":1,"33":1,"34":1,"35":1,"36":1,"37":1,"38":1,"39":1,"40":1,"41":1,"42":1,"43":1,"44":1,"45":1,"46":1,"47":1,"48":1,"49":1,"50":1},"b":{"1":[27,26,22],"2":[9,0],"3":[9,0],"4":[4,0],"5":[4,0],"6":[4,4],"7":[4,4],"8":[4,0],"9":[1,0],"10":[1,0],"11":[1,1],"12":[1,1],"13":[1,0],"14":[1,0]},"f":{"1":27,"2":9,"3":9,"4":4,"5":4,"6":4,"7":4,"8":4,"9":4,"10":4,"11":4,"12":1,"13":1},"fnMap":{"1":{"name":"_parseConfig","line":23,"loc":{"start":{"line":23,"column":0},"end":{"line":23,"column":30}}},"2":{"name":"Coz","line":28,"loc":{"start":{"line":28,"column":0},"end":{"line":28,"column":15}}},"3":{"name":"(anonymous_3)","line":45,"loc":{"start":{"line":45,"column":10},"end":{"line":45,"column":28}}},"4":{"name":"(anonymous_4)","line":65,"loc":{"start":{"line":65,"column":12},"end":{"line":65,"column":51}}},"5":{"name":"(anonymous_5)","line":89,"loc":{"start":{"line":89,"column":26},"end":{"line":89,"column":56}}},"6":{"name":"(anonymous_6)","line":91,"loc":{"start":{"line":91,"column":16},"end":{"line":91,"column":36}}},"7":{"name":"load","line":94,"loc":{"start":{"line":94,"column":16},"end":{"line":94,"column":45}}},"8":{"name":"compile","line":97,"loc":{"start":{"line":97,"column":16},"end":{"line":97,"column":48}}},"9":{"name":"write","line":100,"loc":{"start":{"line":100,"column":16},"end":{"line":100,"column":46}}},"10":{"name":"log","line":103,"loc":{"start":{"line":103,"column":16},"end":{"line":103,"column":44}}},"11":{"name":"(anonymous_11)","line":107,"loc":{"start":{"line":107,"column":11},"end":{"line":107,"column":31}}},"12":{"name":"(anonymous_12)","line":121,"loc":{"start":{"line":121,"column":11},"end":{"line":121,"column":50}}},"13":{"name":"(anonymous_13)","line":167,"loc":{"start":{"line":167,"column":18},"end":{"line":167,"column":33}}}},"statementMap":{"1":{"start":{"line":10,"column":0},"end":{"line":21,"column":50}},"2":{"start":{"line":23,"column":0},"end":{"line":25,"column":1}},"3":{"start":{"line":24,"column":4},"end":{"line":24,"column":50}},"4":{"start":{"line":28,"column":0},"end":{"line":31,"column":1}},"5":{"start":{"line":29,"column":4},"end":{"line":29,"column":17}},"6":{"start":{"line":30,"column":4},"end":{"line":30,"column":31}},"7":{"start":{"line":33,"column":0},"end":{"line":172,"column":2}},"8":{"start":{"line":46,"column":8},"end":{"line":46,"column":21}},"9":{"start":{"line":47,"column":8},"end":{"line":47,"column":44}},"10":{"start":{"line":49,"column":8},"end":{"line":49,"column":97}},"11":{"start":{"line":50,"column":8},"end":{"line":50,"column":60}},"12":{"start":{"line":51,"column":8},"end":{"line":51,"column":17}},"13":{"start":{"line":66,"column":8},"end":{"line":66,"column":21}},"14":{"start":{"line":67,"column":8},"end":{"line":67,"column":35}},"15":{"start":{"line":68,"column":8},"end":{"line":68,"column":66}},"16":{"start":{"line":69,"column":8},"end":{"line":69,"column":59}},"17":{"start":{"line":70,"column":8},"end":{"line":70,"column":45}},"18":{"start":{"line":72,"column":8},"end":{"line":75,"column":45}},"19":{"start":{"line":77,"column":8},"end":{"line":86,"column":38}},"20":{"start":{"line":88,"column":8},"end":{"line":88,"column":42}},"21":{"start":{"line":89,"column":8},"end":{"line":111,"column":11}},"22":{"start":{"line":90,"column":12},"end":{"line":106,"column":25}},"23":{"start":{"line":92,"column":20},"end":{"line":92,"column":45}},"24":{"start":{"line":95,"column":20},"end":{"line":95,"column":47}},"25":{"start":{"line":98,"column":20},"end":{"line":98,"column":52}},"26":{"start":{"line":101,"column":20},"end":{"line":101,"column":48}},"27":{"start":{"line":104,"column":20},"end":{"line":104,"column":55}},"28":{"start":{"line":108,"column":12},"end":{"line":108,"column":59}},"29":{"start":{"line":109,"column":12},"end":{"line":109,"column":58}},"30":{"start":{"line":110,"column":12},"end":{"line":110,"column":36}},"31":{"start":{"line":122,"column":8},"end":{"line":122,"column":21}},"32":{"start":{"line":123,"column":8},"end":{"line":123,"column":35}},"33":{"start":{"line":124,"column":8},"end":{"line":124,"column":66}},"34":{"start":{"line":125,"column":8},"end":{"line":125,"column":59}},"35":{"start":{"line":126,"column":8},"end":{"line":126,"column":45}},"36":{"start":{"line":128,"column":8},"end":{"line":131,"column":45}},"37":{"start":{"line":133,"column":8},"end":{"line":138,"column":40}},"38":{"start":{"line":140,"column":8},"end":{"line":140,"column":42}},"39":{"start":{"line":141,"column":8},"end":{"line":160,"column":11}},"40":{"start":{"line":142,"column":12},"end":{"line":155,"column":25}},"41":{"start":{"line":144,"column":20},"end":{"line":144,"column":45}},"42":{"start":{"line":147,"column":20},"end":{"line":147,"column":47}},"43":{"start":{"line":150,"column":20},"end":{"line":150,"column":50}},"44":{"start":{"line":153,"column":20},"end":{"line":153,"column":54}},"45":{"start":{"line":157,"column":12},"end":{"line":157,"column":59}},"46":{"start":{"line":158,"column":12},"end":{"line":158,"column":58}},"47":{"start":{"line":159,"column":12},"end":{"line":159,"column":26}},"48":{"start":{"line":168,"column":8},"end":{"line":170,"column":9}},"49":{"start":{"line":169,"column":12},"end":{"line":169,"column":31}},"50":{"start":{"line":175,"column":0},"end":{"line":175,"column":21}}},"branchMap":{"1":{"line":24,"type":"binary-expr","locations":[{"start":{"line":24,"column":11},"end":{"line":24,"column":33}},{"start":{"line":24,"column":37},"end":{"line":24,"column":43}},{"start":{"line":24,"column":47},"end":{"line":24,"column":49}}]},"2":{"line":47,"type":"binary-expr","locations":[{"start":{"line":47,"column":17},"end":{"line":47,"column":37}},{"start":{"line":47,"column":41},"end":{"line":47,"column":43}}]},"3":{"line":49,"type":"binary-expr","locations":[{"start":{"line":49,"column":36},"end":{"line":49,"column":64}},{"start":{"line":49,"column":68},"end":{"line":49,"column":95}}]},"4":{"line":68,"type":"binary-expr","locations":[{"start":{"line":68,"column":19},"end":{"line":68,"column":39}},{"start":{"line":68,"column":43},"end":{"line":68,"column":65}}]},"5":{"line":69,"type":"binary-expr","locations":[{"start":{"line":69,"column":19},"end":{"line":69,"column":52}},{"start":{"line":69,"column":56},"end":{"line":69,"column":58}}]},"6":{"line":70,"type":"binary-expr","locations":[{"start":{"line":70,"column":18},"end":{"line":70,"column":38}},{"start":{"line":70,"column":42},"end":{"line":70,"column":44}}]},"7":{"line":75,"type":"binary-expr","locations":[{"start":{"line":75,"column":21},"end":{"line":75,"column":35}},{"start":{"line":75,"column":39},"end":{"line":75,"column":44}}]},"8":{"line":109,"type":"binary-expr","locations":[{"start":{"line":109,"column":23},"end":{"line":109,"column":31}},{"start":{"line":109,"column":35},"end":{"line":109,"column":57}}]},"9":{"line":124,"type":"binary-expr","locations":[{"start":{"line":124,"column":19},"end":{"line":124,"column":39}},{"start":{"line":124,"column":43},"end":{"line":124,"column":65}}]},"10":{"line":125,"type":"binary-expr","locations":[{"start":{"line":125,"column":19},"end":{"line":125,"column":52}},{"start":{"line":125,"column":56},"end":{"line":125,"column":58}}]},"11":{"line":126,"type":"binary-expr","locations":[{"start":{"line":126,"column":18},"end":{"line":126,"column":38}},{"start":{"line":126,"column":42},"end":{"line":126,"column":44}}]},"12":{"line":131,"type":"binary-expr","locations":[{"start":{"line":131,"column":21},"end":{"line":131,"column":35}},{"start":{"line":131,"column":39},"end":{"line":131,"column":44}}]},"13":{"line":158,"type":"binary-expr","locations":[{"start":{"line":158,"column":23},"end":{"line":158,"column":31}},{"start":{"line":158,"column":35},"end":{"line":158,"column":57}}]},"14":{"line":168,"type":"if","locations":[{"start":{"line":168,"column":8},"end":{"line":168,"column":8}},{"start":{"line":168,"column":8},"end":{"line":168,"column":8}}]}}},"/Users/okunishinishi/projects/coz/lib/each_bud.js":{"path":"/Users/okunishinishi/projects/coz/lib/each_bud.js","s":{"1":1,"2":1,"3":6,"4":6,"5":2,"6":2,"7":2,"8":2,"9":0,"10":0,"11":0,"12":0,"13":4,"14":4,"15":1,"16":2,"17":2,"18":1,"19":4,"20":4,"21":4,"22":4,"23":0,"24":4,"25":1},"b":{"1":[2,0,4],"2":[2,2],"3":[2,2,0],"4":[4,4],"5":[0,4]},"f":{"1":6,"2":2,"3":4,"4":4,"5":4},"fnMap":{"1":{"name":"eachBud","line":17,"loc":{"start":{"line":17,"column":0},"end":{"line":17,"column":45}}},"2":{"name":"_cwd","line":42,"loc":{"start":{"line":42,"column":0},"end":{"line":42,"column":16}}},"3":{"name":"_eachFiles","line":47,"loc":{"start":{"line":47,"column":0},"end":{"line":47,"column":48}}},"4":{"name":"(anonymous_4)","line":49,"loc":{"start":{"line":49,"column":8},"end":{"line":49,"column":28}}},"5":{"name":"(anonymous_5)","line":52,"loc":{"start":{"line":52,"column":8},"end":{"line":52,"column":39}}}},"statementMap":{"1":{"start":{"line":12,"column":0},"end":{"line":14,"column":29}},"2":{"start":{"line":17,"column":0},"end":{"line":40,"column":1}},"3":{"start":{"line":18,"column":4},"end":{"line":39,"column":17}},"4":{"start":{"line":19,"column":8},"end":{"line":38,"column":9}},"5":{"start":{"line":21,"column":16},"end":{"line":21,"column":34}},"6":{"start":{"line":22,"column":16},"end":{"line":22,"column":44}},"7":{"start":{"line":23,"column":16},"end":{"line":23,"column":39}},"8":{"start":{"line":24,"column":16},"end":{"line":24,"column":22}},"9":{"start":{"line":26,"column":16},"end":{"line":33,"column":29}},"10":{"start":{"line":28,"column":24},"end":{"line":28,"column":42}},"11":{"start":{"line":31,"column":24},"end":{"line":31,"column":57}},"12":{"start":{"line":34,"column":16},"end":{"line":34,"column":22}},"13":{"start":{"line":36,"column":16},"end":{"line":36,"column":66}},"14":{"start":{"line":37,"column":16},"end":{"line":37,"column":22}},"15":{"start":{"line":42,"column":0},"end":{"line":45,"column":1}},"16":{"start":{"line":43,"column":4},"end":{"line":43,"column":31}},"17":{"start":{"line":44,"column":4},"end":{"line":44,"column":70}},"18":{"start":{"line":47,"column":0},"end":{"line":60,"column":1}},"19":{"start":{"line":48,"column":4},"end":{"line":59,"column":17}},"20":{"start":{"line":50,"column":12},"end":{"line":50,"column":42}},"21":{"start":{"line":53,"column":12},"end":{"line":53,"column":75}},"22":{"start":{"line":54,"column":12},"end":{"line":56,"column":13}},"23":{"start":{"line":55,"column":16},"end":{"line":55,"column":81}},"24":{"start":{"line":57,"column":12},"end":{"line":57,"column":59}},"25":{"start":{"line":62,"column":0},"end":{"line":62,"column":25}}},"branchMap":{"1":{"line":19,"type":"switch","locations":[{"start":{"line":20,"column":12},"end":{"line":24,"column":22}},{"start":{"line":25,"column":12},"end":{"line":34,"column":22}},{"start":{"line":35,"column":12},"end":{"line":37,"column":22}}]},"2":{"line":22,"type":"binary-expr","locations":[{"start":{"line":22,"column":26},"end":{"line":22,"column":33}},{"start":{"line":22,"column":37},"end":{"line":22,"column":43}}]},"3":{"line":44,"type":"binary-expr","locations":[{"start":{"line":44,"column":12},"end":{"line":44,"column":18}},{"start":{"line":44,"column":22},"end":{"line":44,"column":51}},{"start":{"line":44,"column":56},"end":{"line":44,"column":69}}]},"4":{"line":53,"type":"binary-expr","locations":[{"start":{"line":53,"column":28},"end":{"line":53,"column":46}},{"start":{"line":53,"column":52},"end":{"line":53,"column":73}}]},"5":{"line":54,"type":"if","locations":[{"start":{"line":54,"column":12},"end":{"line":54,"column":12}},{"start":{"line":54,"column":12},"end":{"line":54,"column":12}}]}}},"/Users/okunishinishi/projects/coz/lib/sets/engine_set.js":{"path":"/Users/okunishinishi/projects/coz/lib/sets/engine_set.js","s":{"1":1,"2":1,"3":10,"4":10,"5":10,"6":10,"7":1,"8":13,"9":13,"10":1,"11":12,"12":12,"13":12,"14":20,"15":20,"16":20,"17":11,"18":11,"19":20,"20":18,"21":0,"22":18,"23":18,"24":1,"25":13,"26":10,"27":3,"28":0,"29":3,"30":3,"31":1},"b":{"1":[10,1],"2":[1,12],"3":[0,18],"4":[18,12],"5":[10,3],"6":[0,0,0]},"f":{"1":10,"2":13,"3":20,"4":18,"5":13},"fnMap":{"1":{"name":"EngineSet","line":16,"loc":{"start":{"line":16,"column":0},"end":{"line":16,"column":28}}},"2":{"name":"(anonymous_2)","line":31,"loc":{"start":{"line":31,"column":20},"end":{"line":31,"column":44}}},"3":{"name":"(anonymous_3)","line":45,"loc":{"start":{"line":45,"column":21},"end":{"line":45,"column":40}}},"4":{"name":"(anonymous_4)","line":59,"loc":{"start":{"line":59,"column":19},"end":{"line":59,"column":35}}},"5":{"name":"(anonymous_5)","line":72,"loc":{"start":{"line":72,"column":23},"end":{"line":72,"column":45}}}},"statementMap":{"1":{"start":{"line":11,"column":0},"end":{"line":13,"column":31}},"2":{"start":{"line":16,"column":0},"end":{"line":21,"column":1}},"3":{"start":{"line":17,"column":4},"end":{"line":17,"column":17}},"4":{"start":{"line":18,"column":4},"end":{"line":18,"column":20}},"5":{"start":{"line":19,"column":4},"end":{"line":19,"column":38}},"6":{"start":{"line":20,"column":4},"end":{"line":20,"column":37}},"7":{"start":{"line":23,"column":0},"end":{"line":70,"column":2}},"8":{"start":{"line":32,"column":8},"end":{"line":32,"column":21}},"9":{"start":{"line":33,"column":8},"end":{"line":35,"column":9}},"10":{"start":{"line":34,"column":12},"end":{"line":34,"column":76}},"11":{"start":{"line":36,"column":8},"end":{"line":36,"column":52}},"12":{"start":{"line":37,"column":8},"end":{"line":37,"column":34}},"13":{"start":{"line":38,"column":8},"end":{"line":38,"column":17}},"14":{"start":{"line":46,"column":8},"end":{"line":46,"column":21}},"15":{"start":{"line":47,"column":8},"end":{"line":47,"column":41}},"16":{"start":{"line":48,"column":8},"end":{"line":51,"column":9}},"17":{"start":{"line":49,"column":12},"end":{"line":49,"column":32}},"18":{"start":{"line":50,"column":12},"end":{"line":50,"column":50}},"19":{"start":{"line":52,"column":8},"end":{"line":52,"column":17}},"20":{"start":{"line":60,"column":8},"end":{"line":62,"column":9}},"21":{"start":{"line":61,"column":12},"end":{"line":61,"column":24}},"22":{"start":{"line":63,"column":8},"end":{"line":63,"column":21}},"23":{"start":{"line":64,"column":8},"end":{"line":64,"column":40}},"24":{"start":{"line":72,"column":0},"end":{"line":84,"column":2}},"25":{"start":{"line":73,"column":4},"end":{"line":75,"column":5}},"26":{"start":{"line":74,"column":8},"end":{"line":74,"column":26}},"27":{"start":{"line":76,"column":4},"end":{"line":81,"column":5}},"28":{"start":{"line":80,"column":12},"end":{"line":80,"column":69}},"29":{"start":{"line":82,"column":4},"end":{"line":82,"column":40}},"30":{"start":{"line":83,"column":4},"end":{"line":83,"column":33}},"31":{"start":{"line":86,"column":0},"end":{"line":86,"column":27}}},"branchMap":{"1":{"line":20,"type":"binary-expr","locations":[{"start":{"line":20,"column":22},"end":{"line":20,"column":29}},{"start":{"line":20,"column":33},"end":{"line":20,"column":35}}]},"2":{"line":33,"type":"if","locations":[{"start":{"line":33,"column":8},"end":{"line":33,"column":8}},{"start":{"line":33,"column":8},"end":{"line":33,"column":8}}]},"3":{"line":60,"type":"if","locations":[{"start":{"line":60,"column":8},"end":{"line":60,"column":8}},{"start":{"line":60,"column":8},"end":{"line":60,"column":8}}]},"4":{"line":64,"type":"binary-expr","locations":[{"start":{"line":64,"column":15},"end":{"line":64,"column":31}},{"start":{"line":64,"column":35},"end":{"line":64,"column":39}}]},"5":{"line":73,"type":"if","locations":[{"start":{"line":73,"column":4},"end":{"line":73,"column":4}},{"start":{"line":73,"column":4},"end":{"line":73,"column":4}}]},"6":{"line":76,"type":"switch","locations":[{"start":{"line":77,"column":8},"end":{"line":77,"column":22}},{"start":{"line":78,"column":8},"end":{"line":78,"column":23}},{"start":{"line":79,"column":8},"end":{"line":80,"column":69}}]}}},"/Users/okunishinishi/projects/coz/lib/sets/tmpl_set.js":{"path":"/Users/okunishinishi/projects/coz/lib/sets/tmpl_set.js","s":{"1":1,"2":1,"3":10,"4":10,"5":10,"6":10,"7":1,"8":23,"9":23,"10":1,"11":22,"12":20,"13":20,"14":20,"15":21,"16":21,"17":20,"18":29,"19":0,"20":29,"21":29,"22":1,"23":28,"24":28,"25":1},"b":{"1":[10,1],"2":[1,22],"3":[0,29],"4":[1,28],"5":[28,24]},"f":{"1":10,"2":23,"3":20,"4":29},"fnMap":{"1":{"name":"TmplSet","line":14,"loc":{"start":{"line":14,"column":0},"end":{"line":14,"column":24}}},"2":{"name":"(anonymous_2)","line":27,"loc":{"start":{"line":27,"column":18},"end":{"line":27,"column":40}}},"3":{"name":"(anonymous_3)","line":39,"loc":{"start":{"line":39,"column":19},"end":{"line":39,"column":36}}},"4":{"name":"(anonymous_4)","line":53,"loc":{"start":{"line":53,"column":17},"end":{"line":53,"column":33}}}},"statementMap":{"1":{"start":{"line":10,"column":0},"end":{"line":10,"column":57}},"2":{"start":{"line":14,"column":0},"end":{"line":19,"column":1}},"3":{"start":{"line":15,"column":4},"end":{"line":15,"column":17}},"4":{"start":{"line":16,"column":4},"end":{"line":16,"column":18}},"5":{"start":{"line":17,"column":4},"end":{"line":17,"column":34}},"6":{"start":{"line":18,"column":4},"end":{"line":18,"column":33}},"7":{"start":{"line":21,"column":0},"end":{"line":65,"column":2}},"8":{"start":{"line":28,"column":8},"end":{"line":28,"column":21}},"9":{"start":{"line":29,"column":8},"end":{"line":31,"column":9}},"10":{"start":{"line":30,"column":12},"end":{"line":30,"column":74}},"11":{"start":{"line":32,"column":8},"end":{"line":32,"column":30}},"12":{"start":{"line":40,"column":8},"end":{"line":40,"column":21}},"13":{"start":{"line":41,"column":8},"end":{"line":41,"column":39}},"14":{"start":{"line":42,"column":8},"end":{"line":45,"column":9}},"15":{"start":{"line":43,"column":12},"end":{"line":43,"column":32}},"16":{"start":{"line":44,"column":12},"end":{"line":44,"column":46}},"17":{"start":{"line":46,"column":8},"end":{"line":46,"column":17}},"18":{"start":{"line":54,"column":8},"end":{"line":56,"column":9}},"19":{"start":{"line":55,"column":12},"end":{"line":55,"column":24}},"20":{"start":{"line":57,"column":8},"end":{"line":57,"column":53}},"21":{"start":{"line":58,"column":8},"end":{"line":60,"column":9}},"22":{"start":{"line":59,"column":12},"end":{"line":59,"column":24}},"23":{"start":{"line":61,"column":8},"end":{"line":61,"column":21}},"24":{"start":{"line":62,"column":8},"end":{"line":62,"column":38}},"25":{"start":{"line":67,"column":0},"end":{"line":67,"column":25}}},"branchMap":{"1":{"line":18,"type":"binary-expr","locations":[{"start":{"line":18,"column":20},"end":{"line":18,"column":25}},{"start":{"line":18,"column":29},"end":{"line":18,"column":31}}]},"2":{"line":29,"type":"if","locations":[{"start":{"line":29,"column":8},"end":{"line":29,"column":8}},{"start":{"line":29,"column":8},"end":{"line":29,"column":8}}]},"3":{"line":54,"type":"if","locations":[{"start":{"line":54,"column":8},"end":{"line":54,"column":8}},{"start":{"line":54,"column":8},"end":{"line":54,"column":8}}]},"4":{"line":58,"type":"if","locations":[{"start":{"line":58,"column":8},"end":{"line":58,"column":8}},{"start":{"line":58,"column":8},"end":{"line":58,"column":8}}]},"5":{"line":62,"type":"binary-expr","locations":[{"start":{"line":62,"column":15},"end":{"line":62,"column":29}},{"start":{"line":62,"column":33},"end":{"line":62,"column":37}}]}}},"/Users/okunishinishi/projects/coz/doc/mockups/mock-coz-configuration.js":{"path":"/Users/okunishinishi/projects/coz/doc/mockups/mock-coz-configuration.js","s":{"1":1,"2":1,"3":1,"4":1},"b":{},"f":{"1":1,"2":1,"3":1,"4":0},"fnMap":{"1":{"name":"(anonymous_1)","line":4,"loc":{"start":{"line":4,"column":21},"end":{"line":4,"column":49}}},"2":{"name":"(anonymous_2)","line":5,"loc":{"start":{"line":5,"column":27},"end":{"line":5,"column":39}}},"3":{"name":"(anonymous_3)","line":6,"loc":{"start":{"line":6,"column":35},"end":{"line":6,"column":47}}},"4":{"name":"(anonymous_4)","line":14,"loc":{"start":{"line":14,"column":13},"end":{"line":14,"column":25}}}},"statementMap":{"1":{"start":{"line":1,"column":0},"end":{"line":18,"column":2}},"2":{"start":{"line":5,"column":16},"end":{"line":9,"column":23}},"3":{"start":{"line":6,"column":20},"end":{"line":8,"column":23}},"4":{"start":{"line":7,"column":24},"end":{"line":7,"column":49}}},"branchMap":{}},"/Users/okunishinishi/projects/coz/lib/index.js":{"path":"/Users/okunishinishi/projects/coz/lib/index.js","s":{"1":1,"2":1,"3":1,"4":1,"5":1,"6":1},"b":{},"f":{},"fnMap":{},"statementMap":{"1":{"start":{"line":31,"column":0},"end":{"line":33,"column":37}},"2":{"start":{"line":35,"column":0},"end":{"line":35,"column":21}},"3":{"start":{"line":36,"column":0},"end":{"line":36,"column":26}},"4":{"start":{"line":37,"column":0},"end":{"line":37,"column":20}},"5":{"start":{"line":38,"column":0},"end":{"line":38,"column":14}},"6":{"start":{"line":40,"column":0},"end":{"line":40,"column":21}}},"branchMap":{}},"/Users/okunishinishi/projects/coz/lib/commands/render.js":{"path":"/Users/okunishinishi/projects/coz/lib/commands/render.js","s":{"1":1,"2":1,"3":0,"4":0,"5":0,"6":1,"7":1},"b":{"1":[0,0]},"f":{"1":0},"fnMap":{"1":{"name":"render","line":17,"loc":{"start":{"line":17,"column":0},"end":{"line":17,"column":45}}}},"statementMap":{"1":{"start":{"line":13,"column":0},"end":{"line":14,"column":23}},"2":{"start":{"line":17,"column":0},"end":{"line":24,"column":1}},"3":{"start":{"line":18,"column":4},"end":{"line":18,"column":28}},"4":{"start":{"line":19,"column":4},"end":{"line":19,"column":44}},"5":{"start":{"line":21,"column":4},"end":{"line":23,"column":17}},"6":{"start":{"line":26,"column":0},"end":{"line":26,"column":77}},"7":{"start":{"line":28,"column":0},"end":{"line":28,"column":24}}},"branchMap":{"1":{"line":18,"type":"binary-expr","locations":[{"start":{"line":18,"column":14},"end":{"line":18,"column":21}},{"start":{"line":18,"column":25},"end":{"line":18,"column":27}}]}}}}