{"/Users/okunishitaka/projects/planter/lib/core.js":{"path":"/Users/okunishitaka/projects/planter/lib/core.js","s":{"1":1,"2":2,"3":1,"4":1,"5":1,"6":1,"7":1,"8":1,"9":1,"10":1,"11":6,"12":1,"13":1,"14":1,"15":1,"16":6,"17":1,"18":1,"19":1,"20":1,"21":1,"22":1,"23":1,"24":1,"25":1,"26":1,"27":1,"28":1},"b":{},"f":{"1":2,"2":1,"3":1,"4":1,"5":1,"6":1,"7":1,"8":1,"9":1,"10":6,"11":1,"12":1,"13":1,"14":1,"15":6,"16":1,"17":1,"18":1,"19":1,"20":1,"21":1,"22":1,"23":1,"24":1,"25":1,"26":1,"27":1},"fnMap":{"1":{"name":"(anonymous_1)","line":36,"loc":{"start":{"line":36,"column":14},"end":{"line":36,"column":17}}},"2":{"name":"(anonymous_2)","line":37,"loc":{"start":{"line":37,"column":14},"end":{"line":37,"column":17}}},"3":{"name":"(anonymous_3)","line":38,"loc":{"start":{"line":38,"column":20},"end":{"line":38,"column":23}}},"4":{"name":"(anonymous_4)","line":39,"loc":{"start":{"line":39,"column":15},"end":{"line":39,"column":18}}},"5":{"name":"(anonymous_5)","line":40,"loc":{"start":{"line":40,"column":14},"end":{"line":40,"column":17}}},"6":{"name":"(anonymous_6)","line":41,"loc":{"start":{"line":41,"column":13},"end":{"line":41,"column":16}}},"7":{"name":"(anonymous_7)","line":42,"loc":{"start":{"line":42,"column":11},"end":{"line":42,"column":14}}},"8":{"name":"(anonymous_8)","line":43,"loc":{"start":{"line":43,"column":14},"end":{"line":43,"column":17}}},"9":{"name":"(anonymous_9)","line":44,"loc":{"start":{"line":44,"column":14},"end":{"line":44,"column":17}}},"10":{"name":"(anonymous_10)","line":45,"loc":{"start":{"line":45,"column":10},"end":{"line":45,"column":13}}},"11":{"name":"(anonymous_11)","line":46,"loc":{"start":{"line":46,"column":12},"end":{"line":46,"column":15}}},"12":{"name":"(anonymous_12)","line":47,"loc":{"start":{"line":47,"column":13},"end":{"line":47,"column":16}}},"13":{"name":"(anonymous_13)","line":48,"loc":{"start":{"line":48,"column":11},"end":{"line":48,"column":14}}},"14":{"name":"(anonymous_14)","line":49,"loc":{"start":{"line":49,"column":10},"end":{"line":49,"column":13}}},"15":{"name":"(anonymous_15)","line":50,"loc":{"start":{"line":50,"column":12},"end":{"line":50,"column":15}}},"16":{"name":"(anonymous_16)","line":51,"loc":{"start":{"line":51,"column":16},"end":{"line":51,"column":19}}},"17":{"name":"(anonymous_17)","line":52,"loc":{"start":{"line":52,"column":19},"end":{"line":52,"column":22}}},"18":{"name":"(anonymous_18)","line":53,"loc":{"start":{"line":53,"column":16},"end":{"line":53,"column":19}}},"19":{"name":"(anonymous_19)","line":54,"loc":{"start":{"line":54,"column":14},"end":{"line":54,"column":17}}},"20":{"name":"(anonymous_20)","line":55,"loc":{"start":{"line":55,"column":21},"end":{"line":55,"column":24}}},"21":{"name":"(anonymous_21)","line":56,"loc":{"start":{"line":56,"column":11},"end":{"line":56,"column":14}}},"22":{"name":"(anonymous_22)","line":57,"loc":{"start":{"line":57,"column":11},"end":{"line":57,"column":14}}},"23":{"name":"(anonymous_23)","line":58,"loc":{"start":{"line":58,"column":11},"end":{"line":58,"column":14}}},"24":{"name":"(anonymous_24)","line":59,"loc":{"start":{"line":59,"column":12},"end":{"line":59,"column":15}}},"25":{"name":"(anonymous_25)","line":60,"loc":{"start":{"line":60,"column":10},"end":{"line":60,"column":13}}},"26":{"name":"(anonymous_26)","line":61,"loc":{"start":{"line":61,"column":12},"end":{"line":61,"column":15}}},"27":{"name":"(anonymous_27)","line":62,"loc":{"start":{"line":62,"column":15},"end":{"line":62,"column":18}}}},"statementMap":{"1":{"start":{"line":35,"column":0},"end":{"line":63,"column":2}},"2":{"start":{"line":36,"column":19},"end":{"line":36,"column":44}},"3":{"start":{"line":37,"column":19},"end":{"line":37,"column":44}},"4":{"start":{"line":38,"column":25},"end":{"line":38,"column":57}},"5":{"start":{"line":39,"column":20},"end":{"line":39,"column":46}},"6":{"start":{"line":40,"column":19},"end":{"line":40,"column":44}},"7":{"start":{"line":41,"column":18},"end":{"line":41,"column":42}},"8":{"start":{"line":42,"column":16},"end":{"line":42,"column":38}},"9":{"start":{"line":43,"column":19},"end":{"line":43,"column":44}},"10":{"start":{"line":44,"column":19},"end":{"line":44,"column":44}},"11":{"start":{"line":45,"column":15},"end":{"line":45,"column":36}},"12":{"start":{"line":46,"column":17},"end":{"line":46,"column":40}},"13":{"start":{"line":47,"column":18},"end":{"line":47,"column":42}},"14":{"start":{"line":48,"column":16},"end":{"line":48,"column":38}},"15":{"start":{"line":49,"column":15},"end":{"line":49,"column":36}},"16":{"start":{"line":50,"column":17},"end":{"line":50,"column":40}},"17":{"start":{"line":51,"column":21},"end":{"line":51,"column":48}},"18":{"start":{"line":52,"column":24},"end":{"line":52,"column":54}},"19":{"start":{"line":53,"column":21},"end":{"line":53,"column":48}},"20":{"start":{"line":54,"column":19},"end":{"line":54,"column":44}},"21":{"start":{"line":55,"column":26},"end":{"line":55,"column":59}},"22":{"start":{"line":56,"column":16},"end":{"line":56,"column":38}},"23":{"start":{"line":57,"column":16},"end":{"line":57,"column":38}},"24":{"start":{"line":58,"column":16},"end":{"line":58,"column":38}},"25":{"start":{"line":59,"column":17},"end":{"line":59,"column":40}},"26":{"start":{"line":60,"column":15},"end":{"line":60,"column":36}},"27":{"start":{"line":61,"column":17},"end":{"line":61,"column":40}},"28":{"start":{"line":62,"column":20},"end":{"line":62,"column":46}}},"branchMap":{}},"/Users/okunishitaka/projects/planter/lib/planter.js":{"path":"/Users/okunishitaka/projects/planter/lib/planter.js","s":{"1":1,"2":1,"3":2,"4":2,"5":1,"6":2,"7":2,"8":1,"9":1,"10":1,"11":1,"12":1,"13":1,"14":1,"15":1,"16":1,"17":1,"18":1,"19":1,"20":1,"21":0,"22":1,"23":1,"24":1,"25":1,"26":1,"27":1,"28":1,"29":1,"30":1},"b":{"1":[1,0],"2":[1,0],"3":[0,1]},"f":{"1":2,"2":2,"3":1,"4":1,"5":1,"6":1,"7":1,"8":1,"9":1,"10":1,"11":1,"12":1,"13":1,"14":1,"15":1},"fnMap":{"1":{"name":"Planter","line":21,"loc":{"start":{"line":21,"column":0},"end":{"line":21,"column":19}}},"2":{"name":"(anonymous_2)","line":35,"loc":{"start":{"line":35,"column":10},"end":{"line":35,"column":22}}},"3":{"name":"(anonymous_3)","line":46,"loc":{"start":{"line":46,"column":13},"end":{"line":46,"column":53}}},"4":{"name":"(anonymous_4)","line":49,"loc":{"start":{"line":49,"column":12},"end":{"line":49,"column":32}}},"5":{"name":"(anonymous_5)","line":52,"loc":{"start":{"line":52,"column":12},"end":{"line":52,"column":43}}},"6":{"name":"(anonymous_6)","line":53,"loc":{"start":{"line":53,"column":44},"end":{"line":53,"column":74}}},"7":{"name":"(anonymous_7)","line":54,"loc":{"start":{"line":54,"column":43},"end":{"line":54,"column":63}}},"8":{"name":"(anonymous_8)","line":74,"loc":{"start":{"line":74,"column":13},"end":{"line":74,"column":37}}},"9":{"name":"(anonymous_9)","line":91,"loc":{"start":{"line":91,"column":16},"end":{"line":91,"column":41}}},"10":{"name":"load","line":94,"loc":{"start":{"line":94,"column":12},"end":{"line":94,"column":36}}},"11":{"name":"prepare","line":97,"loc":{"start":{"line":97,"column":12},"end":{"line":97,"column":44}}},"12":{"name":"compile","line":100,"loc":{"start":{"line":100,"column":12},"end":{"line":100,"column":44}}},"13":{"name":"writeout","line":103,"loc":{"start":{"line":103,"column":12},"end":{"line":103,"column":45}}},"14":{"name":"clean","line":106,"loc":{"start":{"line":106,"column":12},"end":{"line":106,"column":42}}},"15":{"name":"(anonymous_15)","line":109,"loc":{"start":{"line":109,"column":11},"end":{"line":109,"column":31}}}},"statementMap":{"1":{"start":{"line":9,"column":0},"end":{"line":18,"column":30}},"2":{"start":{"line":21,"column":0},"end":{"line":24,"column":1}},"3":{"start":{"line":22,"column":4},"end":{"line":22,"column":17}},"4":{"start":{"line":23,"column":4},"end":{"line":23,"column":31}},"5":{"start":{"line":26,"column":0},"end":{"line":113,"column":2}},"6":{"start":{"line":36,"column":8},"end":{"line":36,"column":21}},"7":{"start":{"line":37,"column":8},"end":{"line":37,"column":41}},"8":{"start":{"line":47,"column":8},"end":{"line":47,"column":21}},"9":{"start":{"line":48,"column":8},"end":{"line":62,"column":21}},"10":{"start":{"line":50,"column":16},"end":{"line":50,"column":53}},"11":{"start":{"line":53,"column":16},"end":{"line":60,"column":29}},"12":{"start":{"line":54,"column":20},"end":{"line":59,"column":23}},"13":{"start":{"line":55,"column":24},"end":{"line":57,"column":25}},"14":{"start":{"line":56,"column":28},"end":{"line":56,"column":60}},"15":{"start":{"line":58,"column":24},"end":{"line":58,"column":38}},"16":{"start":{"line":75,"column":8},"end":{"line":76,"column":44}},"17":{"start":{"line":77,"column":8},"end":{"line":83,"column":9}},"18":{"start":{"line":78,"column":12},"end":{"line":78,"column":74}},"19":{"start":{"line":79,"column":12},"end":{"line":79,"column":58}},"20":{"start":{"line":80,"column":12},"end":{"line":82,"column":13}},"21":{"start":{"line":81,"column":16},"end":{"line":81,"column":43}},"22":{"start":{"line":92,"column":8},"end":{"line":92,"column":21}},"23":{"start":{"line":93,"column":8},"end":{"line":111,"column":11}},"24":{"start":{"line":95,"column":16},"end":{"line":95,"column":39}},"25":{"start":{"line":98,"column":16},"end":{"line":98,"column":38}},"26":{"start":{"line":101,"column":16},"end":{"line":101,"column":38}},"27":{"start":{"line":104,"column":16},"end":{"line":104,"column":39}},"28":{"start":{"line":107,"column":16},"end":{"line":107,"column":36}},"29":{"start":{"line":110,"column":12},"end":{"line":110,"column":31}},"30":{"start":{"line":115,"column":0},"end":{"line":115,"column":25}}},"branchMap":{"1":{"line":55,"type":"if","locations":[{"start":{"line":55,"column":24},"end":{"line":55,"column":24}},{"start":{"line":55,"column":24},"end":{"line":55,"column":24}}]},"2":{"line":77,"type":"if","locations":[{"start":{"line":77,"column":8},"end":{"line":77,"column":8}},{"start":{"line":77,"column":8},"end":{"line":77,"column":8}}]},"3":{"line":80,"type":"if","locations":[{"start":{"line":80,"column":12},"end":{"line":80,"column":12}},{"start":{"line":80,"column":12},"end":{"line":80,"column":12}}]}}},"/Users/okunishitaka/projects/planter/lib/ext.js":{"path":"/Users/okunishitaka/projects/planter/lib/ext.js","s":{"1":1,"2":7,"3":1,"4":0,"5":2,"6":1,"7":1},"b":{},"f":{"1":7,"2":1,"3":0,"4":2,"5":1,"6":1},"fnMap":{"1":{"name":"(anonymous_1)","line":15,"loc":{"start":{"line":15,"column":13},"end":{"line":15,"column":16}}},"2":{"name":"(anonymous_2)","line":16,"loc":{"start":{"line":16,"column":16},"end":{"line":16,"column":19}}},"3":{"name":"(anonymous_3)","line":17,"loc":{"start":{"line":17,"column":17},"end":{"line":17,"column":20}}},"4":{"name":"(anonymous_4)","line":18,"loc":{"start":{"line":18,"column":12},"end":{"line":18,"column":15}}},"5":{"name":"(anonymous_5)","line":19,"loc":{"start":{"line":19,"column":18},"end":{"line":19,"column":21}}},"6":{"name":"(anonymous_6)","line":20,"loc":{"start":{"line":20,"column":14},"end":{"line":20,"column":17}}}},"statementMap":{"1":{"start":{"line":14,"column":0},"end":{"line":21,"column":2}},"2":{"start":{"line":15,"column":18},"end":{"line":15,"column":42}},"3":{"start":{"line":16,"column":21},"end":{"line":16,"column":49}},"4":{"start":{"line":17,"column":22},"end":{"line":17,"column":50}},"5":{"start":{"line":18,"column":17},"end":{"line":18,"column":40}},"6":{"start":{"line":19,"column":23},"end":{"line":19,"column":52}},"7":{"start":{"line":20,"column":19},"end":{"line":20,"column":44}}},"branchMap":{}},"/Users/okunishitaka/projects/planter/lib/bud/index.js":{"path":"/Users/okunishitaka/projects/planter/lib/bud/index.js","s":{"1":1},"b":{},"f":{},"fnMap":{},"statementMap":{"1":{"start":{"line":1,"column":0},"end":{"line":5,"column":2}}},"branchMap":{}},"/Users/okunishitaka/projects/planter/lib/bud/bud.js":{"path":"/Users/okunishitaka/projects/planter/lib/bud/bud.js","s":{"1":1,"2":1,"3":4,"4":4,"5":1,"6":1,"7":4,"8":4,"9":4,"10":4,"11":4,"12":1,"13":1,"14":1,"15":0,"16":0,"17":1,"18":1,"19":1,"20":1,"21":1,"22":1,"23":1,"24":1,"25":1,"26":0,"27":0,"28":1,"29":0,"30":0,"31":1,"32":1,"33":1,"34":0,"35":0,"36":1,"37":1,"38":0,"39":0,"40":1,"41":1,"42":1,"43":1,"44":1,"45":1,"46":1,"47":1,"48":0,"49":0,"50":1,"51":1,"52":1,"53":1,"54":1,"55":1,"56":1,"57":1,"58":1,"59":1,"60":0,"61":0,"62":1,"63":1,"64":1,"65":1,"66":1,"67":0,"68":0,"69":1,"70":1,"71":1,"72":0,"73":1,"74":1,"75":1,"76":1,"77":0,"78":0,"79":0,"80":0,"81":1},"b":{"1":[1,0],"2":[0,1],"3":[1,0],"4":[0,1],"5":[0,1],"6":[0,1],"7":[0,1],"8":[1,0],"9":[0,1],"10":[1,0],"11":[1,0],"12":[0,1],"13":[1,1],"14":[1,0],"15":[0,0],"16":[0,0]},"f":{"1":4,"2":4,"3":1,"4":1,"5":1,"6":1,"7":1,"8":1,"9":1,"10":1,"11":1,"12":1,"13":1,"14":1,"15":1},"fnMap":{"1":{"name":"Bud","line":28,"loc":{"start":{"line":28,"column":0},"end":{"line":28,"column":15}}},"2":{"name":"(anonymous_2)","line":42,"loc":{"start":{"line":42,"column":10},"end":{"line":42,"column":28}}},"3":{"name":"(anonymous_3)","line":61,"loc":{"start":{"line":61,"column":13},"end":{"line":61,"column":33}}},"4":{"name":"(anonymous_4)","line":79,"loc":{"start":{"line":79,"column":13},"end":{"line":79,"column":33}}},"5":{"name":"(anonymous_5)","line":102,"loc":{"start":{"line":102,"column":30},"end":{"line":102,"column":51}}},"6":{"name":"(anonymous_6)","line":113,"loc":{"start":{"line":113,"column":14},"end":{"line":113,"column":34}}},"7":{"name":"render","line":124,"loc":{"start":{"line":124,"column":12},"end":{"line":124,"column":38}}},"8":{"name":"write","line":127,"loc":{"start":{"line":127,"column":12},"end":{"line":127,"column":46}}},"9":{"name":"(anonymous_9)","line":129,"loc":{"start":{"line":129,"column":63},"end":{"line":129,"column":85}}},"10":{"name":"(anonymous_10)","line":135,"loc":{"start":{"line":135,"column":27},"end":{"line":135,"column":42}}},"11":{"name":"(anonymous_11)","line":145,"loc":{"start":{"line":145,"column":11},"end":{"line":145,"column":26}}},"12":{"name":"(anonymous_12)","line":153,"loc":{"start":{"line":153,"column":21},"end":{"line":153,"column":33}}},"13":{"name":"(anonymous_13)","line":186,"loc":{"start":{"line":186,"column":13},"end":{"line":186,"column":39}}},"14":{"name":"(anonymous_14)","line":207,"loc":{"start":{"line":207,"column":17},"end":{"line":207,"column":63}}},"15":{"name":"(anonymous_15)","line":208,"loc":{"start":{"line":208,"column":32},"end":{"line":208,"column":57}}}},"statementMap":{"1":{"start":{"line":13,"column":0},"end":{"line":25,"column":46}},"2":{"start":{"line":28,"column":0},"end":{"line":31,"column":1}},"3":{"start":{"line":29,"column":4},"end":{"line":29,"column":17}},"4":{"start":{"line":30,"column":4},"end":{"line":30,"column":31}},"5":{"start":{"line":32,"column":0},"end":{"line":32,"column":18}},"6":{"start":{"line":33,"column":0},"end":{"line":223,"column":2}},"7":{"start":{"line":43,"column":8},"end":{"line":43,"column":21}},"8":{"start":{"line":44,"column":8},"end":{"line":44,"column":41}},"9":{"start":{"line":45,"column":8},"end":{"line":45,"column":55}},"10":{"start":{"line":46,"column":8},"end":{"line":46,"column":55}},"11":{"start":{"line":47,"column":8},"end":{"line":47,"column":49}},"12":{"start":{"line":62,"column":8},"end":{"line":62,"column":21}},"13":{"start":{"line":63,"column":8},"end":{"line":63,"column":46}},"14":{"start":{"line":64,"column":8},"end":{"line":67,"column":9}},"15":{"start":{"line":65,"column":12},"end":{"line":65,"column":53}},"16":{"start":{"line":66,"column":12},"end":{"line":66,"column":19}},"17":{"start":{"line":68,"column":8},"end":{"line":68,"column":30}},"18":{"start":{"line":69,"column":8},"end":{"line":69,"column":27}},"19":{"start":{"line":70,"column":8},"end":{"line":70,"column":45}},"20":{"start":{"line":71,"column":8},"end":{"line":71,"column":43}},"21":{"start":{"line":72,"column":8},"end":{"line":72,"column":45}},"22":{"start":{"line":73,"column":8},"end":{"line":73,"column":29}},"23":{"start":{"line":80,"column":8},"end":{"line":80,"column":21}},"24":{"start":{"line":81,"column":8},"end":{"line":81,"column":46}},"25":{"start":{"line":82,"column":8},"end":{"line":85,"column":9}},"26":{"start":{"line":83,"column":12},"end":{"line":83,"column":65}},"27":{"start":{"line":84,"column":12},"end":{"line":84,"column":19}},"28":{"start":{"line":86,"column":8},"end":{"line":89,"column":9}},"29":{"start":{"line":87,"column":12},"end":{"line":87,"column":53}},"30":{"start":{"line":88,"column":12},"end":{"line":88,"column":19}},"31":{"start":{"line":90,"column":8},"end":{"line":90,"column":30}},"32":{"start":{"line":91,"column":8},"end":{"line":91,"column":55}},"33":{"start":{"line":92,"column":8},"end":{"line":95,"column":9}},"34":{"start":{"line":93,"column":12},"end":{"line":93,"column":69}},"35":{"start":{"line":94,"column":12},"end":{"line":94,"column":19}},"36":{"start":{"line":96,"column":8},"end":{"line":96,"column":61}},"37":{"start":{"line":97,"column":8},"end":{"line":100,"column":9}},"38":{"start":{"line":98,"column":12},"end":{"line":98,"column":69}},"39":{"start":{"line":99,"column":12},"end":{"line":99,"column":19}},"40":{"start":{"line":101,"column":8},"end":{"line":101,"column":45}},"41":{"start":{"line":102,"column":8},"end":{"line":106,"column":11}},"42":{"start":{"line":103,"column":12},"end":{"line":103,"column":31}},"43":{"start":{"line":104,"column":12},"end":{"line":104,"column":26}},"44":{"start":{"line":105,"column":12},"end":{"line":105,"column":29}},"45":{"start":{"line":114,"column":8},"end":{"line":114,"column":21}},"46":{"start":{"line":115,"column":8},"end":{"line":115,"column":46}},"47":{"start":{"line":116,"column":8},"end":{"line":119,"column":9}},"48":{"start":{"line":117,"column":12},"end":{"line":117,"column":66}},"49":{"start":{"line":118,"column":12},"end":{"line":118,"column":19}},"50":{"start":{"line":120,"column":8},"end":{"line":120,"column":30}},"51":{"start":{"line":121,"column":8},"end":{"line":121,"column":26}},"52":{"start":{"line":123,"column":8},"end":{"line":147,"column":11}},"53":{"start":{"line":125,"column":16},"end":{"line":125,"column":49}},"54":{"start":{"line":128,"column":16},"end":{"line":128,"column":86}},"55":{"start":{"line":129,"column":16},"end":{"line":143,"column":19}},"56":{"start":{"line":130,"column":20},"end":{"line":142,"column":21}},"57":{"start":{"line":131,"column":24},"end":{"line":138,"column":27}},"58":{"start":{"line":136,"column":28},"end":{"line":136,"column":49}},"59":{"start":{"line":137,"column":28},"end":{"line":137,"column":42}},"60":{"start":{"line":140,"column":24},"end":{"line":140,"column":42}},"61":{"start":{"line":141,"column":24},"end":{"line":141,"column":39}},"62":{"start":{"line":146,"column":12},"end":{"line":146,"column":29}},"63":{"start":{"line":154,"column":8},"end":{"line":154,"column":21}},"64":{"start":{"line":155,"column":8},"end":{"line":155,"column":26}},"65":{"start":{"line":187,"column":8},"end":{"line":187,"column":21}},"66":{"start":{"line":188,"column":8},"end":{"line":191,"column":9}},"67":{"start":{"line":189,"column":12},"end":{"line":189,"column":50}},"68":{"start":{"line":190,"column":12},"end":{"line":190,"column":19}},"69":{"start":{"line":192,"column":8},"end":{"line":197,"column":9}},"70":{"start":{"line":193,"column":12},"end":{"line":193,"column":39}},"71":{"start":{"line":194,"column":12},"end":{"line":194,"column":36}},"72":{"start":{"line":196,"column":12},"end":{"line":196,"column":24}},"73":{"start":{"line":208,"column":8},"end":{"line":220,"column":11}},"74":{"start":{"line":209,"column":12},"end":{"line":209,"column":49}},"75":{"start":{"line":210,"column":12},"end":{"line":219,"column":13}},"76":{"start":{"line":211,"column":16},"end":{"line":211,"column":31}},"77":{"start":{"line":213,"column":16},"end":{"line":213,"column":48}},"78":{"start":{"line":214,"column":16},"end":{"line":218,"column":17}},"79":{"start":{"line":215,"column":20},"end":{"line":215,"column":36}},"80":{"start":{"line":217,"column":20},"end":{"line":217,"column":67}},"81":{"start":{"line":225,"column":0},"end":{"line":225,"column":21}}},"branchMap":{"1":{"line":63,"type":"binary-expr","locations":[{"start":{"line":63,"column":19},"end":{"line":63,"column":27}},{"start":{"line":63,"column":31},"end":{"line":63,"column":45}}]},"2":{"line":64,"type":"if","locations":[{"start":{"line":64,"column":8},"end":{"line":64,"column":8}},{"start":{"line":64,"column":8},"end":{"line":64,"column":8}}]},"3":{"line":81,"type":"binary-expr","locations":[{"start":{"line":81,"column":19},"end":{"line":81,"column":27}},{"start":{"line":81,"column":31},"end":{"line":81,"column":45}}]},"4":{"line":82,"type":"if","locations":[{"start":{"line":82,"column":8},"end":{"line":82,"column":8}},{"start":{"line":82,"column":8},"end":{"line":82,"column":8}}]},"5":{"line":86,"type":"if","locations":[{"start":{"line":86,"column":8},"end":{"line":86,"column":8}},{"start":{"line":86,"column":8},"end":{"line":86,"column":8}}]},"6":{"line":92,"type":"if","locations":[{"start":{"line":92,"column":8},"end":{"line":92,"column":8}},{"start":{"line":92,"column":8},"end":{"line":92,"column":8}}]},"7":{"line":97,"type":"if","locations":[{"start":{"line":97,"column":8},"end":{"line":97,"column":8}},{"start":{"line":97,"column":8},"end":{"line":97,"column":8}}]},"8":{"line":115,"type":"binary-expr","locations":[{"start":{"line":115,"column":19},"end":{"line":115,"column":27}},{"start":{"line":115,"column":31},"end":{"line":115,"column":45}}]},"9":{"line":116,"type":"if","locations":[{"start":{"line":116,"column":8},"end":{"line":116,"column":8}},{"start":{"line":116,"column":8},"end":{"line":116,"column":8}}]},"10":{"line":128,"type":"binary-expr","locations":[{"start":{"line":128,"column":44},"end":{"line":128,"column":54}},{"start":{"line":128,"column":58},"end":{"line":128,"column":71}}]},"11":{"line":130,"type":"if","locations":[{"start":{"line":130,"column":20},"end":{"line":130,"column":20}},{"start":{"line":130,"column":20},"end":{"line":130,"column":20}}]},"12":{"line":188,"type":"if","locations":[{"start":{"line":188,"column":8},"end":{"line":188,"column":8}},{"start":{"line":188,"column":8},"end":{"line":188,"column":8}}]},"13":{"line":209,"type":"binary-expr","locations":[{"start":{"line":209,"column":27},"end":{"line":209,"column":32}},{"start":{"line":209,"column":38},"end":{"line":209,"column":47}}]},"14":{"line":210,"type":"if","locations":[{"start":{"line":210,"column":12},"end":{"line":210,"column":12}},{"start":{"line":210,"column":12},"end":{"line":210,"column":12}}]},"15":{"line":213,"type":"binary-expr","locations":[{"start":{"line":213,"column":27},"end":{"line":213,"column":33}},{"start":{"line":213,"column":37},"end":{"line":213,"column":47}}]},"16":{"line":214,"type":"if","locations":[{"start":{"line":214,"column":16},"end":{"line":214,"column":16}},{"start":{"line":214,"column":16},"end":{"line":214,"column":16}}]}}},"/Users/okunishitaka/projects/planter/lib/tmpls/index.js":{"path":"/Users/okunishitaka/projects/planter/lib/tmpls/index.js","s":{"1":1},"b":{},"f":{},"fnMap":{},"statementMap":{"1":{"start":{"line":1,"column":0},"end":{"line":4,"column":2}}},"branchMap":{}},"/Users/okunishitaka/projects/planter/lib/tmpls/json_tmpl.js":{"path":"/Users/okunishitaka/projects/planter/lib/tmpls/json_tmpl.js","s":{"1":1,"2":2,"3":1},"b":{},"f":{"1":2},"fnMap":{"1":{"name":"jsonTmpl","line":12,"loc":{"start":{"line":12,"column":0},"end":{"line":12,"column":24}}}},"statementMap":{"1":{"start":{"line":12,"column":0},"end":{"line":14,"column":1}},"2":{"start":{"line":13,"column":4},"end":{"line":13,"column":41}},"3":{"start":{"line":16,"column":0},"end":{"line":16,"column":26}}},"branchMap":{}},"/Users/okunishitaka/projects/planter/lib/tmpls/text_tmpl.js":{"path":"/Users/okunishitaka/projects/planter/lib/tmpls/text_tmpl.js","s":{"1":1,"2":1,"3":1},"b":{},"f":{"1":1},"fnMap":{"1":{"name":"textTmpl","line":12,"loc":{"start":{"line":12,"column":0},"end":{"line":12,"column":24}}}},"statementMap":{"1":{"start":{"line":12,"column":0},"end":{"line":14,"column":1}},"2":{"start":{"line":13,"column":4},"end":{"line":13,"column":24}},"3":{"start":{"line":16,"column":0},"end":{"line":16,"column":26}}},"branchMap":{}},"/Users/okunishitaka/projects/planter/lib/helpers/index.js":{"path":"/Users/okunishitaka/projects/planter/lib/helpers/index.js","s":{"1":1},"b":{},"f":{},"fnMap":{},"statementMap":{"1":{"start":{"line":1,"column":0},"end":{"line":3,"column":2}}},"branchMap":{}},"/Users/okunishitaka/projects/planter/lib/helpers/camelcase.js":{"path":"/Users/okunishitaka/projects/planter/lib/helpers/camelcase.js","s":{"1":1,"2":1},"b":{},"f":{},"fnMap":{},"statementMap":{"1":{"start":{"line":9,"column":0},"end":{"line":9,"column":39}},"2":{"start":{"line":11,"column":0},"end":{"line":11,"column":34}}},"branchMap":{}},"/Users/okunishitaka/projects/planter/lib/util/string/index.js":{"path":"/Users/okunishitaka/projects/planter/lib/util/string/index.js","s":{"1":1},"b":{},"f":{},"fnMap":{},"statementMap":{"1":{"start":{"line":1,"column":0},"end":{"line":4,"column":2}}},"branchMap":{}},"/Users/okunishitaka/projects/planter/lib/util/string/camelcase.js":{"path":"/Users/okunishitaka/projects/planter/lib/util/string/camelcase.js","s":{"1":1,"2":5,"3":1,"4":8,"5":8,"6":1,"7":7,"8":1},"b":{"1":[1,7]},"f":{"1":5,"2":8},"fnMap":{"1":{"name":"(anonymous_1)","line":14,"loc":{"start":{"line":14,"column":8},"end":{"line":14,"column":24}}},"2":{"name":"camelcase","line":20,"loc":{"start":{"line":20,"column":0},"end":{"line":20,"column":24}}}},"statementMap":{"1":{"start":{"line":12,"column":0},"end":{"line":17,"column":2}},"2":{"start":{"line":15,"column":8},"end":{"line":15,"column":31}},"3":{"start":{"line":20,"column":0},"end":{"line":26,"column":1}},"4":{"start":{"line":21,"column":4},"end":{"line":21,"column":46}},"5":{"start":{"line":22,"column":4},"end":{"line":24,"column":5}},"6":{"start":{"line":23,"column":8},"end":{"line":23,"column":19}},"7":{"start":{"line":25,"column":4},"end":{"line":25,"column":85}},"8":{"start":{"line":28,"column":0},"end":{"line":28,"column":27}}},"branchMap":{"1":{"line":22,"type":"if","locations":[{"start":{"line":22,"column":4},"end":{"line":22,"column":4}},{"start":{"line":22,"column":4},"end":{"line":22,"column":4}}]}}},"/Users/okunishitaka/projects/planter/lib/util/string/snakecase.js":{"path":"/Users/okunishitaka/projects/planter/lib/util/string/snakecase.js","s":{"1":1,"2":1,"3":1,"4":9,"5":9,"6":1,"7":8,"8":1},"b":{"1":[1,8]},"f":{"1":1,"2":9},"fnMap":{"1":{"name":"(anonymous_1)","line":13,"loc":{"start":{"line":13,"column":8},"end":{"line":13,"column":22}}},"2":{"name":"snakecase","line":19,"loc":{"start":{"line":19,"column":0},"end":{"line":19,"column":24}}}},"statementMap":{"1":{"start":{"line":11,"column":0},"end":{"line":16,"column":2}},"2":{"start":{"line":14,"column":8},"end":{"line":14,"column":38}},"3":{"start":{"line":19,"column":0},"end":{"line":25,"column":1}},"4":{"start":{"line":20,"column":4},"end":{"line":20,"column":45}},"5":{"start":{"line":21,"column":4},"end":{"line":23,"column":5}},"6":{"start":{"line":22,"column":8},"end":{"line":22,"column":19}},"7":{"start":{"line":24,"column":4},"end":{"line":24,"column":53}},"8":{"start":{"line":27,"column":0},"end":{"line":27,"column":27}}},"branchMap":{"1":{"line":21,"type":"if","locations":[{"start":{"line":21,"column":4},"end":{"line":21,"column":4}},{"start":{"line":21,"column":4},"end":{"line":21,"column":4}}]}}},"/Users/okunishitaka/projects/planter/lib/engines/index.js":{"path":"/Users/okunishitaka/projects/planter/lib/engines/index.js","s":{"1":1},"b":{},"f":{},"fnMap":{},"statementMap":{"1":{"start":{"line":1,"column":0},"end":{"line":3,"column":1}}},"branchMap":{}},"/Users/okunishitaka/projects/planter/lib/engines/handlebars_engine.js":{"path":"/Users/okunishitaka/projects/planter/lib/engines/handlebars_engine.js","s":{"1":1,"2":1,"3":2,"4":1,"5":1,"6":1,"7":1,"8":1,"9":1,"10":1,"11":0,"12":1,"13":0,"14":1},"b":{"1":[1,1,0],"2":[1,1]},"f":{"1":2,"2":1,"3":1},"fnMap":{"1":{"name":"handlebarsEngine","line":18,"loc":{"start":{"line":18,"column":0},"end":{"line":18,"column":51}}},"2":{"name":"(anonymous_2)","line":25,"loc":{"start":{"line":25,"column":16},"end":{"line":25,"column":36}}},"3":{"name":"(anonymous_3)","line":28,"loc":{"start":{"line":28,"column":16},"end":{"line":28,"column":45}}}},"statementMap":{"1":{"start":{"line":12,"column":0},"end":{"line":15,"column":41}},"2":{"start":{"line":18,"column":0},"end":{"line":43,"column":1}},"3":{"start":{"line":19,"column":4},"end":{"line":42,"column":5}},"4":{"start":{"line":21,"column":12},"end":{"line":21,"column":33}},"5":{"start":{"line":22,"column":12},"end":{"line":22,"column":18}},"6":{"start":{"line":24,"column":12},"end":{"line":38,"column":25}},"7":{"start":{"line":26,"column":20},"end":{"line":26,"column":50}},"8":{"start":{"line":29,"column":20},"end":{"line":36,"column":21}},"9":{"start":{"line":30,"column":24},"end":{"line":32,"column":27}},"10":{"start":{"line":33,"column":24},"end":{"line":33,"column":49}},"11":{"start":{"line":35,"column":24},"end":{"line":35,"column":36}},"12":{"start":{"line":39,"column":12},"end":{"line":39,"column":18}},"13":{"start":{"line":41,"column":12},"end":{"line":41,"column":33}},"14":{"start":{"line":45,"column":0},"end":{"line":45,"column":34}}},"branchMap":{"1":{"line":19,"type":"switch","locations":[{"start":{"line":20,"column":8},"end":{"line":22,"column":18}},{"start":{"line":23,"column":8},"end":{"line":39,"column":18}},{"start":{"line":40,"column":8},"end":{"line":41,"column":33}}]},"2":{"line":30,"type":"binary-expr","locations":[{"start":{"line":30,"column":65},"end":{"line":30,"column":72}},{"start":{"line":30,"column":76},"end":{"line":30,"column":80}}]}}},"/Users/okunishitaka/projects/planter/lib/util/file/index.js":{"path":"/Users/okunishitaka/projects/planter/lib/util/file/index.js","s":{"1":1},"b":{},"f":{},"fnMap":{},"statementMap":{"1":{"start":{"line":1,"column":0},"end":{"line":5,"column":2}}},"branchMap":{}},"/Users/okunishitaka/projects/planter/lib/util/file/read_file.js":{"path":"/Users/okunishitaka/projects/planter/lib/util/file/read_file.js","s":{"1":1,"2":1,"3":3,"4":3,"5":2,"6":2,"7":3,"8":3,"9":1,"10":2,"11":1},"b":{"1":[3,0],"2":[2,1],"3":[2,2],"4":[1,2]},"f":{"1":3,"2":3},"fnMap":{"1":{"name":"readFile","line":18,"loc":{"start":{"line":18,"column":0},"end":{"line":18,"column":47}}},"2":{"name":"(anonymous_2)","line":24,"loc":{"start":{"line":24,"column":24},"end":{"line":24,"column":42}}}},"statementMap":{"1":{"start":{"line":13,"column":0},"end":{"line":15,"column":17}},"2":{"start":{"line":18,"column":0},"end":{"line":31,"column":1}},"3":{"start":{"line":19,"column":4},"end":{"line":19,"column":28}},"4":{"start":{"line":20,"column":4},"end":{"line":23,"column":5}},"5":{"start":{"line":21,"column":8},"end":{"line":21,"column":39}},"6":{"start":{"line":22,"column":8},"end":{"line":22,"column":21}},"7":{"start":{"line":24,"column":4},"end":{"line":30,"column":7}},"8":{"start":{"line":25,"column":8},"end":{"line":29,"column":9}},"9":{"start":{"line":26,"column":12},"end":{"line":26,"column":44}},"10":{"start":{"line":28,"column":12},"end":{"line":28,"column":33}},"11":{"start":{"line":33,"column":0},"end":{"line":33,"column":26}}},"branchMap":{"1":{"line":19,"type":"binary-expr","locations":[{"start":{"line":19,"column":14},"end":{"line":19,"column":21}},{"start":{"line":19,"column":25},"end":{"line":19,"column":27}}]},"2":{"line":20,"type":"if","locations":[{"start":{"line":20,"column":4},"end":{"line":20,"column":4}},{"start":{"line":20,"column":4},"end":{"line":20,"column":4}}]},"3":{"line":21,"type":"binary-expr","locations":[{"start":{"line":21,"column":19},"end":{"line":21,"column":27}},{"start":{"line":21,"column":31},"end":{"line":21,"column":38}}]},"4":{"line":25,"type":"if","locations":[{"start":{"line":25,"column":8},"end":{"line":25,"column":8}},{"start":{"line":25,"column":8},"end":{"line":25,"column":8}}]}}},"/Users/okunishitaka/projects/planter/lib/util/file/write_file.js":{"path":"/Users/okunishitaka/projects/planter/lib/util/file/write_file.js","s":{"1":1,"2":1,"3":4,"4":4,"5":1,"6":1,"7":4,"8":4,"9":2,"10":2,"11":4,"12":2,"13":2,"14":4,"15":4,"16":1},"b":{"1":[4,0],"2":[1,3],"3":[1,1],"4":[2,2],"5":[2,2],"6":[4,2]},"f":{"1":4,"2":4,"3":4,"4":4,"5":4},"fnMap":{"1":{"name":"writeFile","line":25,"loc":{"start":{"line":25,"column":0},"end":{"line":25,"column":57}}},"2":{"name":"(anonymous_2)","line":32,"loc":{"start":{"line":32,"column":8},"end":{"line":32,"column":28}}},"3":{"name":"(anonymous_3)","line":39,"loc":{"start":{"line":39,"column":8},"end":{"line":39,"column":28}}},"4":{"name":"(anonymous_4)","line":46,"loc":{"start":{"line":46,"column":8},"end":{"line":46,"column":28}}},"5":{"name":"(anonymous_5)","line":51,"loc":{"start":{"line":51,"column":7},"end":{"line":51,"column":22}}}},"statementMap":{"1":{"start":{"line":16,"column":0},"end":{"line":22,"column":17}},"2":{"start":{"line":25,"column":0},"end":{"line":54,"column":1}},"3":{"start":{"line":26,"column":4},"end":{"line":26,"column":28}},"4":{"start":{"line":27,"column":4},"end":{"line":30,"column":5}},"5":{"start":{"line":28,"column":8},"end":{"line":28,"column":39}},"6":{"start":{"line":29,"column":8},"end":{"line":29,"column":21}},"7":{"start":{"line":31,"column":4},"end":{"line":53,"column":7}},"8":{"start":{"line":33,"column":12},"end":{"line":37,"column":13}},"9":{"start":{"line":34,"column":16},"end":{"line":34,"column":62}},"10":{"start":{"line":36,"column":16},"end":{"line":36,"column":31}},"11":{"start":{"line":40,"column":12},"end":{"line":44,"column":13}},"12":{"start":{"line":41,"column":16},"end":{"line":41,"column":57}},"13":{"start":{"line":43,"column":16},"end":{"line":43,"column":30}},"14":{"start":{"line":47,"column":12},"end":{"line":49,"column":25}},"15":{"start":{"line":52,"column":8},"end":{"line":52,"column":22}},"16":{"start":{"line":56,"column":0},"end":{"line":56,"column":27}}},"branchMap":{"1":{"line":26,"type":"binary-expr","locations":[{"start":{"line":26,"column":14},"end":{"line":26,"column":21}},{"start":{"line":26,"column":25},"end":{"line":26,"column":27}}]},"2":{"line":27,"type":"if","locations":[{"start":{"line":27,"column":4},"end":{"line":27,"column":4}},{"start":{"line":27,"column":4},"end":{"line":27,"column":4}}]},"3":{"line":28,"type":"binary-expr","locations":[{"start":{"line":28,"column":19},"end":{"line":28,"column":27}},{"start":{"line":28,"column":31},"end":{"line":28,"column":38}}]},"4":{"line":33,"type":"if","locations":[{"start":{"line":33,"column":12},"end":{"line":33,"column":12}},{"start":{"line":33,"column":12},"end":{"line":33,"column":12}}]},"5":{"line":40,"type":"if","locations":[{"start":{"line":40,"column":12},"end":{"line":40,"column":12}},{"start":{"line":40,"column":12},"end":{"line":40,"column":12}}]},"6":{"line":48,"type":"binary-expr","locations":[{"start":{"line":48,"column":22},"end":{"line":48,"column":34}},{"start":{"line":48,"column":38},"end":{"line":48,"column":43}}]}}},"/Users/okunishitaka/projects/planter/lib/util/file/unlink_file.js":{"path":"/Users/okunishitaka/projects/planter/lib/util/file/unlink_file.js","s":{"1":1,"2":1,"3":2,"4":2,"5":2,"6":2,"7":0,"8":2,"9":2,"10":1,"11":5,"12":5,"13":2,"14":2,"15":5,"16":5,"17":2,"18":2,"19":3,"20":3,"21":1,"22":1,"23":2,"24":1},"b":{"1":[2,0],"2":[5,0],"3":[2,3],"4":[2,2],"5":[2,3],"6":[1,2]},"f":{"1":2,"2":2,"3":2,"4":2,"5":2,"6":5,"7":5,"8":3},"fnMap":{"1":{"name":"_doUnlink","line":19,"loc":{"start":{"line":19,"column":0},"end":{"line":19,"column":46}}},"2":{"name":"chmodIfNeeded","line":21,"loc":{"start":{"line":21,"column":8},"end":{"line":21,"column":41}}},"3":{"name":"(anonymous_3)","line":23,"loc":{"start":{"line":23,"column":42},"end":{"line":23,"column":57}}},"4":{"name":"doUnlink","line":30,"loc":{"start":{"line":30,"column":8},"end":{"line":30,"column":36}}},"5":{"name":"(anonymous_5)","line":33,"loc":{"start":{"line":33,"column":7},"end":{"line":33,"column":22}}},"6":{"name":"unlinkFile","line":39,"loc":{"start":{"line":39,"column":0},"end":{"line":39,"column":49}}},"7":{"name":"(anonymous_7)","line":45,"loc":{"start":{"line":45,"column":24},"end":{"line":45,"column":42}}},"8":{"name":"(anonymous_8)","line":50,"loc":{"start":{"line":50,"column":24},"end":{"line":50,"column":41}}}},"statementMap":{"1":{"start":{"line":13,"column":0},"end":{"line":17,"column":32}},"2":{"start":{"line":19,"column":0},"end":{"line":36,"column":1}},"3":{"start":{"line":20,"column":4},"end":{"line":35,"column":7}},"4":{"start":{"line":22,"column":12},"end":{"line":28,"column":13}},"5":{"start":{"line":23,"column":16},"end":{"line":25,"column":19}},"6":{"start":{"line":24,"column":20},"end":{"line":24,"column":34}},"7":{"start":{"line":27,"column":16},"end":{"line":27,"column":31}},"8":{"start":{"line":31,"column":12},"end":{"line":31,"column":42}},"9":{"start":{"line":34,"column":8},"end":{"line":34,"column":22}},"10":{"start":{"line":39,"column":0},"end":{"line":58,"column":1}},"11":{"start":{"line":40,"column":4},"end":{"line":40,"column":28}},"12":{"start":{"line":41,"column":4},"end":{"line":44,"column":5}},"13":{"start":{"line":42,"column":8},"end":{"line":42,"column":39}},"14":{"start":{"line":43,"column":8},"end":{"line":43,"column":21}},"15":{"start":{"line":45,"column":4},"end":{"line":57,"column":7}},"16":{"start":{"line":46,"column":8},"end":{"line":49,"column":9}},"17":{"start":{"line":47,"column":12},"end":{"line":47,"column":27}},"18":{"start":{"line":48,"column":12},"end":{"line":48,"column":19}},"19":{"start":{"line":50,"column":8},"end":{"line":56,"column":11}},"20":{"start":{"line":51,"column":12},"end":{"line":54,"column":13}},"21":{"start":{"line":52,"column":16},"end":{"line":52,"column":89}},"22":{"start":{"line":53,"column":16},"end":{"line":53,"column":23}},"23":{"start":{"line":55,"column":12},"end":{"line":55,"column":59}},"24":{"start":{"line":60,"column":0},"end":{"line":60,"column":28}}},"branchMap":{"1":{"line":22,"type":"if","locations":[{"start":{"line":22,"column":12},"end":{"line":22,"column":12}},{"start":{"line":22,"column":12},"end":{"line":22,"column":12}}]},"2":{"line":40,"type":"binary-expr","locations":[{"start":{"line":40,"column":14},"end":{"line":40,"column":21}},{"start":{"line":40,"column":25},"end":{"line":40,"column":27}}]},"3":{"line":41,"type":"if","locations":[{"start":{"line":41,"column":4},"end":{"line":41,"column":4}},{"start":{"line":41,"column":4},"end":{"line":41,"column":4}}]},"4":{"line":42,"type":"binary-expr","locations":[{"start":{"line":42,"column":19},"end":{"line":42,"column":27}},{"start":{"line":42,"column":31},"end":{"line":42,"column":38}}]},"5":{"line":46,"type":"if","locations":[{"start":{"line":46,"column":8},"end":{"line":46,"column":8}},{"start":{"line":46,"column":8},"end":{"line":46,"column":8}}]},"6":{"line":51,"type":"if","locations":[{"start":{"line":51,"column":12},"end":{"line":51,"column":12}},{"start":{"line":51,"column":12},"end":{"line":51,"column":12}}]}}},"/Users/okunishitaka/projects/planter/lib/util/file/is_dir.js":{"path":"/Users/okunishitaka/projects/planter/lib/util/file/is_dir.js","s":{"1":1,"2":1,"3":5,"4":5,"5":1,"6":1,"7":4,"8":4,"9":4,"10":1},"b":{"1":[1,4],"2":[4,4]},"f":{"1":5,"2":5,"3":4},"fnMap":{"1":{"name":"isDir","line":16,"loc":{"start":{"line":16,"column":0},"end":{"line":16,"column":35}}},"2":{"name":"(anonymous_2)","line":17,"loc":{"start":{"line":17,"column":24},"end":{"line":17,"column":42}}},"3":{"name":"(anonymous_3)","line":22,"loc":{"start":{"line":22,"column":26},"end":{"line":22,"column":48}}}},"statementMap":{"1":{"start":{"line":12,"column":0},"end":{"line":13,"column":17}},"2":{"start":{"line":16,"column":0},"end":{"line":28,"column":1}},"3":{"start":{"line":17,"column":4},"end":{"line":27,"column":7}},"4":{"start":{"line":18,"column":8},"end":{"line":21,"column":9}},"5":{"start":{"line":19,"column":12},"end":{"line":19,"column":28}},"6":{"start":{"line":20,"column":12},"end":{"line":20,"column":19}},"7":{"start":{"line":22,"column":8},"end":{"line":26,"column":11}},"8":{"start":{"line":24,"column":12},"end":{"line":24,"column":54}},"9":{"start":{"line":25,"column":12},"end":{"line":25,"column":28}},"10":{"start":{"line":30,"column":0},"end":{"line":30,"column":23}}},"branchMap":{"1":{"line":18,"type":"if","locations":[{"start":{"line":18,"column":8},"end":{"line":18,"column":8}},{"start":{"line":18,"column":8},"end":{"line":18,"column":8}}]},"2":{"line":24,"type":"binary-expr","locations":[{"start":{"line":24,"column":24},"end":{"line":24,"column":28}},{"start":{"line":24,"column":33},"end":{"line":24,"column":52}}]}}},"/Users/okunishitaka/projects/planter/lib/util/file/expand_glob.js":{"path":"/Users/okunishitaka/projects/planter/lib/util/file/expand_glob.js","s":{"1":1,"2":1,"3":4,"4":4,"5":4,"6":4,"7":4,"8":4,"9":3,"10":4,"11":0,"12":4,"13":4,"14":1,"15":4,"16":1},"b":{"1":[4,0],"2":[4,0],"3":[4,4],"4":[4,1],"5":[3,3],"6":[0,4],"7":[4,3],"8":[1,3]},"f":{"1":4,"2":3,"3":4},"fnMap":{"1":{"name":"expandGlob","line":19,"loc":{"start":{"line":19,"column":0},"end":{"line":19,"column":48}}},"2":{"name":"(anonymous_2)","line":27,"loc":{"start":{"line":27,"column":26},"end":{"line":27,"column":55}}},"3":{"name":"(anonymous_3)","line":31,"loc":{"start":{"line":31,"column":7},"end":{"line":31,"column":33}}}},"statementMap":{"1":{"start":{"line":13,"column":0},"end":{"line":15,"column":20}},"2":{"start":{"line":19,"column":0},"end":{"line":42,"column":1}},"3":{"start":{"line":20,"column":4},"end":{"line":20,"column":28}},"4":{"start":{"line":21,"column":4},"end":{"line":24,"column":5}},"5":{"start":{"line":22,"column":8},"end":{"line":22,"column":39}},"6":{"start":{"line":23,"column":8},"end":{"line":23,"column":21}},"7":{"start":{"line":26,"column":4},"end":{"line":26,"column":39}},"8":{"start":{"line":27,"column":4},"end":{"line":41,"column":7}},"9":{"start":{"line":28,"column":8},"end":{"line":30,"column":21}},"10":{"start":{"line":32,"column":8},"end":{"line":40,"column":9}},"11":{"start":{"line":33,"column":12},"end":{"line":33,"column":26}},"12":{"start":{"line":35,"column":12},"end":{"line":35,"column":75}},"13":{"start":{"line":36,"column":12},"end":{"line":38,"column":13}},"14":{"start":{"line":37,"column":16},"end":{"line":37,"column":70}},"15":{"start":{"line":39,"column":12},"end":{"line":39,"column":38}},"16":{"start":{"line":45,"column":0},"end":{"line":45,"column":28}}},"branchMap":{"1":{"line":20,"type":"binary-expr","locations":[{"start":{"line":20,"column":14},"end":{"line":20,"column":21}},{"start":{"line":20,"column":25},"end":{"line":20,"column":27}}]},"2":{"line":21,"type":"if","locations":[{"start":{"line":21,"column":4},"end":{"line":21,"column":4}},{"start":{"line":21,"column":4},"end":{"line":21,"column":4}}]},"3":{"line":22,"type":"binary-expr","locations":[{"start":{"line":22,"column":19},"end":{"line":22,"column":27}},{"start":{"line":22,"column":31},"end":{"line":22,"column":38}}]},"4":{"line":26,"type":"binary-expr","locations":[{"start":{"line":26,"column":24},"end":{"line":26,"column":31}},{"start":{"line":26,"column":35},"end":{"line":26,"column":37}}]},"5":{"line":29,"type":"binary-expr","locations":[{"start":{"line":29,"column":17},"end":{"line":29,"column":28}},{"start":{"line":29,"column":32},"end":{"line":29,"column":45}}]},"6":{"line":32,"type":"if","locations":[{"start":{"line":32,"column":8},"end":{"line":32,"column":8}},{"start":{"line":32,"column":8},"end":{"line":32,"column":8}}]},"7":{"line":35,"type":"binary-expr","locations":[{"start":{"line":35,"column":28},"end":{"line":35,"column":46}},{"start":{"line":35,"column":52},"end":{"line":35,"column":73}}]},"8":{"line":36,"type":"if","locations":[{"start":{"line":36,"column":12},"end":{"line":36,"column":12}},{"start":{"line":36,"column":12},"end":{"line":36,"column":12}}]}}},"/Users/okunishitaka/projects/planter/lib/util/compile/index.js":{"path":"/Users/okunishitaka/projects/planter/lib/util/compile/index.js","s":{"1":1},"b":{},"f":{},"fnMap":{},"statementMap":{"1":{"start":{"line":6,"column":0},"end":{"line":8,"column":2}}},"branchMap":{}},"/Users/okunishitaka/projects/planter/lib/util/compile/compile_handlebars.js":{"path":"/Users/okunishitaka/projects/planter/lib/util/compile/compile_handlebars.js","s":{"1":1,"2":1,"3":2,"4":0,"5":2,"6":2,"7":2,"8":2,"9":2,"10":2,"11":2,"12":1},"b":{"1":[0,2],"2":[2,0],"3":[2,0]},"f":{"1":2,"2":2},"fnMap":{"1":{"name":"compileHandlebars","line":26,"loc":{"start":{"line":26,"column":0},"end":{"line":26,"column":44}}},"2":{"name":"(anonymous_2)","line":34,"loc":{"start":{"line":34,"column":45},"end":{"line":34,"column":61}}}},"statementMap":{"1":{"start":{"line":22,"column":0},"end":{"line":23,"column":32}},"2":{"start":{"line":26,"column":0},"end":{"line":40,"column":1}},"3":{"start":{"line":27,"column":4},"end":{"line":29,"column":5}},"4":{"start":{"line":28,"column":8},"end":{"line":28,"column":20}},"5":{"start":{"line":30,"column":4},"end":{"line":30,"column":28}},"6":{"start":{"line":31,"column":4},"end":{"line":31,"column":41}},"7":{"start":{"line":32,"column":4},"end":{"line":38,"column":5}},"8":{"start":{"line":34,"column":8},"end":{"line":37,"column":11}},"9":{"start":{"line":35,"column":12},"end":{"line":35,"column":47}},"10":{"start":{"line":36,"column":12},"end":{"line":36,"column":52}},"11":{"start":{"line":39,"column":4},"end":{"line":39,"column":46}},"12":{"start":{"line":42,"column":0},"end":{"line":42,"column":35}}},"branchMap":{"1":{"line":27,"type":"if","locations":[{"start":{"line":27,"column":4},"end":{"line":27,"column":4}},{"start":{"line":27,"column":4},"end":{"line":27,"column":4}}]},"2":{"line":30,"type":"binary-expr","locations":[{"start":{"line":30,"column":14},"end":{"line":30,"column":21}},{"start":{"line":30,"column":25},"end":{"line":30,"column":27}}]},"3":{"line":32,"type":"if","locations":[{"start":{"line":32,"column":4},"end":{"line":32,"column":4}},{"start":{"line":32,"column":4},"end":{"line":32,"column":4}}]}}},"/Users/okunishitaka/projects/planter/lib/bud/bud_config.js":{"path":"/Users/okunishitaka/projects/planter/lib/bud/bud_config.js","s":{"1":1,"2":1,"3":9,"4":9,"5":9,"6":9,"7":1,"8":9,"9":1,"10":81,"11":9,"12":9,"13":9,"14":9,"15":9,"16":9,"17":9,"18":9,"19":9,"20":1,"21":1},"b":{},"f":{"1":9,"2":9,"3":81},"fnMap":{"1":{"name":"BudConfig","line":24,"loc":{"start":{"line":24,"column":0},"end":{"line":24,"column":27}}},"2":{"name":"(anonymous_2)","line":35,"loc":{"start":{"line":35,"column":14},"end":{"line":35,"column":26}}},"3":{"name":"_assertType","line":38,"loc":{"start":{"line":38,"column":8},"end":{"line":38,"column":48}}}},"statementMap":{"1":{"start":{"line":18,"column":0},"end":{"line":20,"column":25}},"2":{"start":{"line":24,"column":0},"end":{"line":29,"column":1}},"3":{"start":{"line":25,"column":4},"end":{"line":25,"column":17}},"4":{"start":{"line":26,"column":4},"end":{"line":26,"column":28}},"5":{"start":{"line":27,"column":4},"end":{"line":27,"column":48}},"6":{"start":{"line":28,"column":4},"end":{"line":28,"column":17}},"7":{"start":{"line":31,"column":0},"end":{"line":52,"column":2}},"8":{"start":{"line":36,"column":8},"end":{"line":36,"column":21}},"9":{"start":{"line":38,"column":8},"end":{"line":40,"column":9}},"10":{"start":{"line":39,"column":12},"end":{"line":39,"column":57}},"11":{"start":{"line":42,"column":8},"end":{"line":42,"column":83}},"12":{"start":{"line":43,"column":8},"end":{"line":43,"column":101}},"13":{"start":{"line":44,"column":8},"end":{"line":44,"column":85}},"14":{"start":{"line":45,"column":8},"end":{"line":45,"column":79}},"15":{"start":{"line":46,"column":8},"end":{"line":46,"column":98}},"16":{"start":{"line":47,"column":8},"end":{"line":47,"column":73}},"17":{"start":{"line":48,"column":8},"end":{"line":48,"column":100}},"18":{"start":{"line":49,"column":8},"end":{"line":49,"column":93}},"19":{"start":{"line":50,"column":8},"end":{"line":50,"column":97}},"20":{"start":{"line":58,"column":0},"end":{"line":68,"column":2}},"21":{"start":{"line":71,"column":0},"end":{"line":71,"column":27}}},"branchMap":{}},"/Users/okunishitaka/projects/planter/lib/util/copying/index.js":{"path":"/Users/okunishitaka/projects/planter/lib/util/copying/index.js","s":{"1":1,"2":1},"b":{},"f":{},"fnMap":{},"statementMap":{"1":{"start":{"line":1,"column":0},"end":{"line":1,"column":33}},"2":{"start":{"line":2,"column":0},"end":{"line":2,"column":50}}},"branchMap":{}},"/Users/okunishitaka/projects/planter/lib/util/copying/copy.js":{"path":"/Users/okunishitaka/projects/planter/lib/util/copying/copy.js","s":{"1":1,"2":40,"3":40,"4":40,"5":40,"6":92,"7":92,"8":40,"9":1},"b":{"1":[40,3],"2":[40,4]},"f":{"1":40},"fnMap":{"1":{"name":"copy","line":13,"loc":{"start":{"line":13,"column":0},"end":{"line":13,"column":25}}}},"statementMap":{"1":{"start":{"line":13,"column":0},"end":{"line":22,"column":1}},"2":{"start":{"line":14,"column":4},"end":{"line":14,"column":20}},"3":{"start":{"line":15,"column":4},"end":{"line":15,"column":22}},"4":{"start":{"line":16,"column":4},"end":{"line":16,"column":32}},"5":{"start":{"line":17,"column":4},"end":{"line":20,"column":5}},"6":{"start":{"line":18,"column":8},"end":{"line":18,"column":26}},"7":{"start":{"line":19,"column":8},"end":{"line":19,"column":29}},"8":{"start":{"line":21,"column":4},"end":{"line":21,"column":16}},"9":{"start":{"line":24,"column":0},"end":{"line":24,"column":22}}},"branchMap":{"1":{"line":14,"type":"binary-expr","locations":[{"start":{"line":14,"column":10},"end":{"line":14,"column":13}},{"start":{"line":14,"column":17},"end":{"line":14,"column":19}}]},"2":{"line":15,"type":"binary-expr","locations":[{"start":{"line":15,"column":11},"end":{"line":15,"column":15}},{"start":{"line":15,"column":19},"end":{"line":15,"column":21}}]}}},"/Users/okunishitaka/projects/planter/lib/util/copying/fallback_copy.js":{"path":"/Users/okunishitaka/projects/planter/lib/util/copying/fallback_copy.js","s":{"1":1,"2":13,"3":13,"4":13,"5":13,"6":92,"7":92,"8":92,"9":92,"10":25,"11":13,"12":1},"b":{"1":[13,0],"2":[13,0],"3":[25,67]},"f":{"1":13},"fnMap":{"1":{"name":"fallbackCopy","line":13,"loc":{"start":{"line":13,"column":0},"end":{"line":13,"column":33}}}},"statementMap":{"1":{"start":{"line":13,"column":0},"end":{"line":26,"column":1}},"2":{"start":{"line":14,"column":4},"end":{"line":14,"column":20}},"3":{"start":{"line":15,"column":4},"end":{"line":15,"column":22}},"4":{"start":{"line":16,"column":4},"end":{"line":16,"column":32}},"5":{"start":{"line":17,"column":4},"end":{"line":24,"column":5}},"6":{"start":{"line":18,"column":8},"end":{"line":18,"column":26}},"7":{"start":{"line":19,"column":8},"end":{"line":19,"column":28}},"8":{"start":{"line":20,"column":8},"end":{"line":20,"column":55}},"9":{"start":{"line":21,"column":8},"end":{"line":23,"column":9}},"10":{"start":{"line":22,"column":12},"end":{"line":22,"column":33}},"11":{"start":{"line":25,"column":4},"end":{"line":25,"column":16}},"12":{"start":{"line":28,"column":0},"end":{"line":28,"column":30}}},"branchMap":{"1":{"line":14,"type":"binary-expr","locations":[{"start":{"line":14,"column":10},"end":{"line":14,"column":13}},{"start":{"line":14,"column":17},"end":{"line":14,"column":19}}]},"2":{"line":15,"type":"binary-expr","locations":[{"start":{"line":15,"column":11},"end":{"line":15,"column":15}},{"start":{"line":15,"column":19},"end":{"line":15,"column":21}}]},"3":{"line":21,"type":"if","locations":[{"start":{"line":21,"column":8},"end":{"line":21,"column":8}},{"start":{"line":21,"column":8},"end":{"line":21,"column":8}}]}}},"/Users/okunishitaka/projects/planter/lib/resolvers/index.js":{"path":"/Users/okunishitaka/projects/planter/lib/resolvers/index.js","s":{"1":1},"b":{},"f":{},"fnMap":{},"statementMap":{"1":{"start":{"line":4,"column":0},"end":{"line":8,"column":2}}},"branchMap":{}},"/Users/okunishitaka/projects/planter/lib/resolvers/engine_resolver.js":{"path":"/Users/okunishitaka/projects/planter/lib/resolvers/engine_resolver.js","s":{"1":1,"2":1,"3":9,"4":9,"5":1,"6":6,"7":6,"8":4,"9":2,"10":2,"11":1,"12":1,"13":2,"14":1},"b":{"1":[1,6,2],"2":[4,2],"3":[1,1]},"f":{"1":9},"fnMap":{"1":{"name":"(anonymous_1)","line":25,"loc":{"start":{"line":25,"column":17},"end":{"line":25,"column":33}}}},"statementMap":{"1":{"start":{"line":12,"column":0},"end":{"line":14,"column":43}},"2":{"start":{"line":17,"column":0},"end":{"line":47,"column":2}},"3":{"start":{"line":26,"column":12},"end":{"line":26,"column":25}},"4":{"start":{"line":27,"column":12},"end":{"line":42,"column":13}},"5":{"start":{"line":29,"column":20},"end":{"line":29,"column":32}},"6":{"start":{"line":31,"column":20},"end":{"line":31,"column":66}},"7":{"start":{"line":32,"column":20},"end":{"line":34,"column":21}},"8":{"start":{"line":33,"column":24},"end":{"line":33,"column":38}},"9":{"start":{"line":35,"column":20},"end":{"line":35,"column":60}},"10":{"start":{"line":36,"column":20},"end":{"line":38,"column":21}},"11":{"start":{"line":37,"column":24},"end":{"line":37,"column":42}},"12":{"start":{"line":39,"column":20},"end":{"line":39,"column":32}},"13":{"start":{"line":41,"column":20},"end":{"line":41,"column":32}},"14":{"start":{"line":49,"column":0},"end":{"line":49,"column":32}}},"branchMap":{"1":{"line":27,"type":"switch","locations":[{"start":{"line":28,"column":16},"end":{"line":29,"column":32}},{"start":{"line":30,"column":16},"end":{"line":39,"column":32}},{"start":{"line":40,"column":16},"end":{"line":41,"column":32}}]},"2":{"line":32,"type":"if","locations":[{"start":{"line":32,"column":20},"end":{"line":32,"column":20}},{"start":{"line":32,"column":20},"end":{"line":32,"column":20}}]},"3":{"line":36,"type":"if","locations":[{"start":{"line":36,"column":20},"end":{"line":36,"column":20}},{"start":{"line":36,"column":20},"end":{"line":36,"column":20}}]}}},"/Users/okunishitaka/projects/planter/lib/resolvers/resolver.js":{"path":"/Users/okunishitaka/projects/planter/lib/resolvers/resolver.js","s":{"1":1,"2":1,"3":8,"4":8,"5":1,"6":23,"7":23,"8":8,"9":8,"10":4,"11":4,"12":4,"13":1,"14":1,"15":1,"16":3,"17":3,"18":3,"19":42,"20":42,"21":11,"22":31,"23":31,"24":26,"25":26,"26":5,"27":26,"28":5,"29":5,"30":5,"31":2,"32":9,"33":9,"34":4,"35":4,"36":1,"37":1,"38":15,"39":15,"40":3,"41":3,"42":1},"b":{"1":[23,8],"2":[11,31],"3":[31,0],"4":[5,21]},"f":{"1":8,"2":23,"3":8,"4":4,"5":4,"6":1,"7":1,"8":3,"9":42,"10":5,"11":9,"12":4,"13":3,"14":15},"fnMap":{"1":{"name":"Resolver","line":18,"loc":{"start":{"line":18,"column":0},"end":{"line":18,"column":20}}},"2":{"name":"(anonymous_2)","line":32,"loc":{"start":{"line":32,"column":10},"end":{"line":32,"column":32}}},"3":{"name":"(anonymous_3)","line":41,"loc":{"start":{"line":41,"column":14},"end":{"line":41,"column":41}}},"4":{"name":"(anonymous_4)","line":49,"loc":{"start":{"line":49,"column":17},"end":{"line":49,"column":39}}},"5":{"name":"(anonymous_5)","line":51,"loc":{"start":{"line":51,"column":40},"end":{"line":51,"column":55}}},"6":{"name":"(anonymous_6)","line":60,"loc":{"start":{"line":60,"column":13},"end":{"line":60,"column":29}}},"7":{"name":"(anonymous_7)","line":67,"loc":{"start":{"line":67,"column":9},"end":{"line":67,"column":21}}},"8":{"name":"(anonymous_8)","line":76,"loc":{"start":{"line":76,"column":13},"end":{"line":76,"column":32}}},"9":{"name":"findByName","line":98,"loc":{"start":{"line":98,"column":17},"end":{"line":98,"column":53}}},"10":{"name":"requireSafely","line":121,"loc":{"start":{"line":121,"column":20},"end":{"line":121,"column":49}}},"11":{"name":"(anonymous_11)","line":136,"loc":{"start":{"line":136,"column":18},"end":{"line":136,"column":34}}},"12":{"name":"(anonymous_12)","line":146,"loc":{"start":{"line":146,"column":17},"end":{"line":146,"column":37}}},"13":{"name":"(anonymous_13)","line":152,"loc":{"start":{"line":152,"column":18},"end":{"line":152,"column":40}}},"14":{"name":"Defined","line":153,"loc":{"start":{"line":153,"column":4},"end":{"line":153,"column":23}}}},"statementMap":{"1":{"start":{"line":11,"column":0},"end":{"line":14,"column":21}},"2":{"start":{"line":18,"column":0},"end":{"line":21,"column":1}},"3":{"start":{"line":19,"column":4},"end":{"line":19,"column":17}},"4":{"start":{"line":20,"column":4},"end":{"line":20,"column":31}},"5":{"start":{"line":23,"column":0},"end":{"line":150,"column":2}},"6":{"start":{"line":33,"column":8},"end":{"line":33,"column":21}},"7":{"start":{"line":34,"column":8},"end":{"line":34,"column":62}},"8":{"start":{"line":42,"column":8},"end":{"line":42,"column":21}},"9":{"start":{"line":43,"column":8},"end":{"line":43,"column":40}},"10":{"start":{"line":50,"column":8},"end":{"line":50,"column":21}},"11":{"start":{"line":51,"column":8},"end":{"line":53,"column":11}},"12":{"start":{"line":52,"column":12},"end":{"line":52,"column":45}},"13":{"start":{"line":61,"column":8},"end":{"line":61,"column":44}},"14":{"start":{"line":68,"column":8},"end":{"line":68,"column":21}},"15":{"start":{"line":69,"column":8},"end":{"line":69,"column":35}},"16":{"start":{"line":77,"column":8},"end":{"line":77,"column":21}},"17":{"start":{"line":78,"column":8},"end":{"line":78,"column":29}},"18":{"start":{"line":79,"column":8},"end":{"line":79,"column":17}},"19":{"start":{"line":99,"column":8},"end":{"line":100,"column":39}},"20":{"start":{"line":101,"column":8},"end":{"line":103,"column":9}},"21":{"start":{"line":102,"column":12},"end":{"line":102,"column":36}},"22":{"start":{"line":104,"column":8},"end":{"line":111,"column":9}},"23":{"start":{"line":105,"column":12},"end":{"line":110,"column":13}},"24":{"start":{"line":106,"column":16},"end":{"line":106,"column":74}},"25":{"start":{"line":107,"column":16},"end":{"line":109,"column":17}},"26":{"start":{"line":108,"column":20},"end":{"line":108,"column":41}},"27":{"start":{"line":112,"column":8},"end":{"line":112,"column":20}},"28":{"start":{"line":122,"column":8},"end":{"line":122,"column":21}},"29":{"start":{"line":123,"column":8},"end":{"line":128,"column":9}},"30":{"start":{"line":124,"column":12},"end":{"line":124,"column":49}},"31":{"start":{"line":127,"column":12},"end":{"line":127,"column":24}},"32":{"start":{"line":137,"column":8},"end":{"line":137,"column":21}},"33":{"start":{"line":138,"column":8},"end":{"line":138,"column":46}},"34":{"start":{"line":147,"column":8},"end":{"line":147,"column":21}},"35":{"start":{"line":148,"column":8},"end":{"line":148,"column":39}},"36":{"start":{"line":152,"column":0},"end":{"line":160,"column":2}},"37":{"start":{"line":153,"column":4},"end":{"line":156,"column":5}},"38":{"start":{"line":154,"column":8},"end":{"line":154,"column":21}},"39":{"start":{"line":155,"column":8},"end":{"line":155,"column":35}},"40":{"start":{"line":158,"column":4},"end":{"line":158,"column":57}},"41":{"start":{"line":159,"column":4},"end":{"line":159,"column":19}},"42":{"start":{"line":163,"column":0},"end":{"line":163,"column":26}}},"branchMap":{"1":{"line":34,"type":"binary-expr","locations":[{"start":{"line":34,"column":41},"end":{"line":34,"column":54}},{"start":{"line":34,"column":58},"end":{"line":34,"column":60}}]},"2":{"line":101,"type":"if","locations":[{"start":{"line":101,"column":8},"end":{"line":101,"column":8}},{"start":{"line":101,"column":8},"end":{"line":101,"column":8}}]},"3":{"line":104,"type":"if","locations":[{"start":{"line":104,"column":8},"end":{"line":104,"column":8}},{"start":{"line":104,"column":8},"end":{"line":104,"column":8}}]},"4":{"line":107,"type":"if","locations":[{"start":{"line":107,"column":16},"end":{"line":107,"column":16}},{"start":{"line":107,"column":16},"end":{"line":107,"column":16}}]}}},"/Users/okunishitaka/projects/planter/lib/resolvers/helper_resolver.js":{"path":"/Users/okunishitaka/projects/planter/lib/resolvers/helper_resolver.js","s":{"1":1,"2":1,"3":6,"4":6,"5":1,"6":4,"7":4,"8":3,"9":1,"10":1,"11":1},"b":{"1":[1,4,1],"2":[3,1]},"f":{"1":6},"fnMap":{"1":{"name":"(anonymous_1)","line":25,"loc":{"start":{"line":25,"column":17},"end":{"line":25,"column":33}}}},"statementMap":{"1":{"start":{"line":12,"column":0},"end":{"line":14,"column":43}},"2":{"start":{"line":17,"column":0},"end":{"line":43,"column":2}},"3":{"start":{"line":26,"column":12},"end":{"line":26,"column":25}},"4":{"start":{"line":27,"column":12},"end":{"line":38,"column":13}},"5":{"start":{"line":29,"column":20},"end":{"line":29,"column":32}},"6":{"start":{"line":31,"column":20},"end":{"line":31,"column":66}},"7":{"start":{"line":32,"column":20},"end":{"line":34,"column":21}},"8":{"start":{"line":33,"column":24},"end":{"line":33,"column":38}},"9":{"start":{"line":35,"column":20},"end":{"line":35,"column":50}},"10":{"start":{"line":37,"column":20},"end":{"line":37,"column":32}},"11":{"start":{"line":45,"column":0},"end":{"line":45,"column":32}}},"branchMap":{"1":{"line":27,"type":"switch","locations":[{"start":{"line":28,"column":16},"end":{"line":29,"column":32}},{"start":{"line":30,"column":16},"end":{"line":35,"column":50}},{"start":{"line":36,"column":16},"end":{"line":37,"column":32}}]},"2":{"line":32,"type":"if","locations":[{"start":{"line":32,"column":20},"end":{"line":32,"column":20}},{"start":{"line":32,"column":20},"end":{"line":32,"column":20}}]}}},"/Users/okunishitaka/projects/planter/lib/resolvers/tmpl_resolver.js":{"path":"/Users/okunishitaka/projects/planter/lib/resolvers/tmpl_resolver.js","s":{"1":1,"2":1,"3":3,"4":3,"5":3,"6":1,"7":2,"8":8,"9":8,"10":1,"11":6,"12":6,"13":4,"14":2,"15":2,"16":1,"17":1,"18":1,"19":1},"b":{"1":[1,2],"2":[1,6,1],"3":[4,2],"4":[1,1]},"f":{"1":3,"2":8},"fnMap":{"1":{"name":"(anonymous_1)","line":20,"loc":{"start":{"line":20,"column":25},"end":{"line":20,"column":41}}},"2":{"name":"(anonymous_2)","line":33,"loc":{"start":{"line":33,"column":17},"end":{"line":33,"column":33}}}},"statementMap":{"1":{"start":{"line":12,"column":0},"end":{"line":14,"column":43}},"2":{"start":{"line":17,"column":0},"end":{"line":57,"column":2}},"3":{"start":{"line":21,"column":12},"end":{"line":21,"column":25}},"4":{"start":{"line":22,"column":12},"end":{"line":22,"column":48}},"5":{"start":{"line":23,"column":12},"end":{"line":25,"column":13}},"6":{"start":{"line":24,"column":16},"end":{"line":24,"column":32}},"7":{"start":{"line":26,"column":12},"end":{"line":26,"column":24}},"8":{"start":{"line":34,"column":12},"end":{"line":34,"column":25}},"9":{"start":{"line":35,"column":12},"end":{"line":50,"column":13}},"10":{"start":{"line":37,"column":20},"end":{"line":37,"column":32}},"11":{"start":{"line":39,"column":20},"end":{"line":39,"column":66}},"12":{"start":{"line":40,"column":20},"end":{"line":42,"column":21}},"13":{"start":{"line":41,"column":24},"end":{"line":41,"column":38}},"14":{"start":{"line":43,"column":20},"end":{"line":43,"column":65}},"15":{"start":{"line":44,"column":20},"end":{"line":46,"column":21}},"16":{"start":{"line":45,"column":24},"end":{"line":45,"column":46}},"17":{"start":{"line":47,"column":20},"end":{"line":47,"column":32}},"18":{"start":{"line":49,"column":20},"end":{"line":49,"column":32}},"19":{"start":{"line":59,"column":0},"end":{"line":59,"column":30}}},"branchMap":{"1":{"line":23,"type":"if","locations":[{"start":{"line":23,"column":12},"end":{"line":23,"column":12}},{"start":{"line":23,"column":12},"end":{"line":23,"column":12}}]},"2":{"line":35,"type":"switch","locations":[{"start":{"line":36,"column":16},"end":{"line":37,"column":32}},{"start":{"line":38,"column":16},"end":{"line":47,"column":32}},{"start":{"line":48,"column":16},"end":{"line":49,"column":32}}]},"3":{"line":40,"type":"if","locations":[{"start":{"line":40,"column":20},"end":{"line":40,"column":20}},{"start":{"line":40,"column":20},"end":{"line":40,"column":20}}]},"4":{"line":44,"type":"if","locations":[{"start":{"line":44,"column":20},"end":{"line":44,"column":20}},{"start":{"line":44,"column":20},"end":{"line":44,"column":20}}]}}},"/Users/okunishitaka/projects/planter/lib/bud/load_bud.js":{"path":"/Users/okunishitaka/projects/planter/lib/bud/load_bud.js","s":{"1":1,"2":1,"3":3,"4":3,"5":0,"6":0,"7":1,"8":4,"9":4,"10":4,"11":4,"12":3,"13":1,"14":3,"15":1,"16":1,"17":1,"18":2,"19":3,"20":3,"21":3,"22":1},"b":{"1":[1,2]},"f":{"1":3,"2":0,"3":0,"4":4,"5":4,"6":3,"7":1,"8":3,"9":3},"fnMap":{"1":{"name":"_defaults","line":20,"loc":{"start":{"line":20,"column":0},"end":{"line":20,"column":24}}},"2":{"name":"(anonymous_2)","line":26,"loc":{"start":{"line":26,"column":16},"end":{"line":26,"column":19}}},"3":{"name":"(anonymous_3)","line":28,"loc":{"start":{"line":28,"column":24},"end":{"line":28,"column":40}}},"4":{"name":"loadBud","line":38,"loc":{"start":{"line":38,"column":0},"end":{"line":38,"column":32}}},"5":{"name":"(anonymous_5)","line":41,"loc":{"start":{"line":41,"column":8},"end":{"line":41,"column":28}}},"6":{"name":"(anonymous_6)","line":49,"loc":{"start":{"line":49,"column":8},"end":{"line":49,"column":34}}},"7":{"name":"(anonymous_7)","line":52,"loc":{"start":{"line":52,"column":25},"end":{"line":52,"column":46}}},"8":{"name":"(anonymous_8)","line":60,"loc":{"start":{"line":60,"column":8},"end":{"line":60,"column":34}}},"9":{"name":"(anonymous_9)","line":64,"loc":{"start":{"line":64,"column":8},"end":{"line":64,"column":36}}}},"statementMap":{"1":{"start":{"line":11,"column":0},"end":{"line":18,"column":27}},"2":{"start":{"line":20,"column":0},"end":{"line":34,"column":1}},"3":{"start":{"line":21,"column":4},"end":{"line":22,"column":57}},"4":{"start":{"line":23,"column":4},"end":{"line":33,"column":5}},"5":{"start":{"line":27,"column":12},"end":{"line":31,"column":25}},"6":{"start":{"line":29,"column":20},"end":{"line":29,"column":40}},"7":{"start":{"line":38,"column":0},"end":{"line":70,"column":1}},"8":{"start":{"line":39,"column":4},"end":{"line":39,"column":28}},"9":{"start":{"line":40,"column":4},"end":{"line":67,"column":17}},"10":{"start":{"line":42,"column":12},"end":{"line":47,"column":13}},"11":{"start":{"line":43,"column":16},"end":{"line":43,"column":40}},"12":{"start":{"line":44,"column":16},"end":{"line":44,"column":37}},"13":{"start":{"line":46,"column":16},"end":{"line":46,"column":28}},"14":{"start":{"line":50,"column":12},"end":{"line":58,"column":13}},"15":{"start":{"line":52,"column":20},"end":{"line":54,"column":23}},"16":{"start":{"line":53,"column":24},"end":{"line":53,"column":43}},"17":{"start":{"line":55,"column":20},"end":{"line":55,"column":26}},"18":{"start":{"line":57,"column":20},"end":{"line":57,"column":41}},"19":{"start":{"line":61,"column":12},"end":{"line":61,"column":54}},"20":{"start":{"line":62,"column":12},"end":{"line":62,"column":48}},"21":{"start":{"line":65,"column":12},"end":{"line":65,"column":44}},"22":{"start":{"line":72,"column":0},"end":{"line":72,"column":25}}},"branchMap":{"1":{"line":50,"type":"switch","locations":[{"start":{"line":51,"column":16},"end":{"line":55,"column":26}},{"start":{"line":56,"column":16},"end":{"line":57,"column":41}}]}}},"/Users/okunishitaka/projects/planter/lib/loggers/console_logger.js":{"path":"/Users/okunishitaka/projects/planter/lib/loggers/console_logger.js","s":{"1":1,"2":1,"3":1,"4":6,"5":7,"6":1,"7":6,"8":1,"9":6,"10":6,"11":1,"12":6,"13":6,"14":1,"15":1,"16":1,"17":1,"18":2,"19":2,"20":1,"21":1,"22":1,"23":1,"24":1,"25":1,"26":1,"27":1,"28":1,"29":1},"b":{"1":[1,6],"2":[6,6],"3":[6,0]},"f":{"1":3,"2":6,"3":7,"4":6,"5":6,"6":1,"7":2,"8":1,"9":1,"10":1},"fnMap":{"1":{"name":"ConsoleLogger","line":12,"loc":{"start":{"line":12,"column":0},"end":{"line":12,"column":25}}},"2":{"name":"(anonymous_2)","line":20,"loc":{"start":{"line":20,"column":31},"end":{"line":20,"column":43}}},"3":{"name":"(anonymous_3)","line":22,"loc":{"start":{"line":22,"column":13},"end":{"line":22,"column":28}}},"4":{"name":"(anonymous_4)","line":38,"loc":{"start":{"line":38,"column":36},"end":{"line":38,"column":63}}},"5":{"name":"(anonymous_5)","line":51,"loc":{"start":{"line":51,"column":33},"end":{"line":51,"column":69}}},"6":{"name":"(anonymous_6)","line":60,"loc":{"start":{"line":60,"column":31},"end":{"line":60,"column":43}}},"7":{"name":"(anonymous_7)","line":68,"loc":{"start":{"line":68,"column":32},"end":{"line":68,"column":44}}},"8":{"name":"(anonymous_8)","line":76,"loc":{"start":{"line":76,"column":32},"end":{"line":76,"column":44}}},"9":{"name":"(anonymous_9)","line":84,"loc":{"start":{"line":84,"column":32},"end":{"line":84,"column":44}}},"10":{"name":"(anonymous_10)","line":92,"loc":{"start":{"line":92,"column":32},"end":{"line":92,"column":44}}}},"statementMap":{"1":{"start":{"line":9,"column":0},"end":{"line":10,"column":28}},"2":{"start":{"line":12,"column":0},"end":{"line":13,"column":1}},"3":{"start":{"line":20,"column":0},"end":{"line":29,"column":2}},"4":{"start":{"line":21,"column":4},"end":{"line":28,"column":19}},"5":{"start":{"line":23,"column":12},"end":{"line":25,"column":13}},"6":{"start":{"line":24,"column":16},"end":{"line":24,"column":52}},"7":{"start":{"line":26,"column":12},"end":{"line":26,"column":23}},"8":{"start":{"line":38,"column":0},"end":{"line":42,"column":2}},"9":{"start":{"line":39,"column":4},"end":{"line":40,"column":53}},"10":{"start":{"line":41,"column":4},"end":{"line":41,"column":46}},"11":{"start":{"line":51,"column":0},"end":{"line":55,"column":2}},"12":{"start":{"line":52,"column":4},"end":{"line":53,"column":40}},"13":{"start":{"line":54,"column":4},"end":{"line":54,"column":37}},"14":{"start":{"line":60,"column":0},"end":{"line":63,"column":2}},"15":{"start":{"line":61,"column":4},"end":{"line":61,"column":17}},"16":{"start":{"line":62,"column":4},"end":{"line":62,"column":46}},"17":{"start":{"line":68,"column":0},"end":{"line":71,"column":2}},"18":{"start":{"line":69,"column":4},"end":{"line":69,"column":17}},"19":{"start":{"line":70,"column":4},"end":{"line":70,"column":46}},"20":{"start":{"line":76,"column":0},"end":{"line":79,"column":2}},"21":{"start":{"line":77,"column":4},"end":{"line":77,"column":17}},"22":{"start":{"line":78,"column":4},"end":{"line":78,"column":46}},"23":{"start":{"line":84,"column":0},"end":{"line":87,"column":2}},"24":{"start":{"line":85,"column":4},"end":{"line":85,"column":17}},"25":{"start":{"line":86,"column":4},"end":{"line":86,"column":46}},"26":{"start":{"line":92,"column":0},"end":{"line":95,"column":2}},"27":{"start":{"line":93,"column":4},"end":{"line":93,"column":17}},"28":{"start":{"line":94,"column":4},"end":{"line":94,"column":48}},"29":{"start":{"line":98,"column":0},"end":{"line":98,"column":31}}},"branchMap":{"1":{"line":23,"type":"if","locations":[{"start":{"line":23,"column":12},"end":{"line":23,"column":12}},{"start":{"line":23,"column":12},"end":{"line":23,"column":12}}]},"2":{"line":40,"type":"binary-expr","locations":[{"start":{"line":40,"column":20},"end":{"line":40,"column":29}},{"start":{"line":40,"column":33},"end":{"line":40,"column":52}}]},"3":{"line":41,"type":"cond-expr","locations":[{"start":{"line":41,"column":23},"end":{"line":41,"column":38}},{"start":{"line":41,"column":41},"end":{"line":41,"column":45}}]}}}}