TN:
SF:/Users/okunishinishi/projects/coz/lib/_require_safely.js
FN:14,_requireSafely
FNF:1
FNH:1
FNDA:31,_requireSafely
DA:11,1
DA:14,1
DA:15,31
DA:16,31
DA:17,27
DA:19,4
DA:20,4
DA:21,2
DA:23,2
DA:24,2
DA:25,1
DA:27,1
DA:32,1
LF:13
LH:13
BRDA:15,1,0,31
BRDA:15,1,1,9
BRDA:16,2,0,27
BRDA:16,2,1,4
BRDA:24,3,0,1
BRDA:24,3,1,1
BRF:6
BRH:6
end_of_record
TN:
SF:/Users/okunishinishi/projects/coz/lib/buildin/buildin_engines.js
FNF:0
FNH:0
DA:8,1
LF:1
LH:1
BRF:0
BRH:0
end_of_record
TN:
SF:/Users/okunishinishi/projects/coz/lib/buildin/buildin_tmpls.js
FN:9,jsonTmpl
FN:12,textTmpl
FNF:2
FNH:1
FNDA:2,jsonTmpl
FNDA:0,textTmpl
DA:8,1
DA:10,2
DA:13,0
LF:3
LH:2
BRF:0
BRH:0
end_of_record
TN:
SF:/Users/okunishinishi/projects/coz/lib/commands/clean.js
FN:17,clean
FNF:1
FNH:0
FNDA:0,clean
DA:13,1
DA:17,1
DA:18,0
DA:19,0
DA:20,0
DA:25,1
DA:27,1
LF:7
LH:4
BRDA:18,1,0,0
BRDA:18,1,1,0
BRF:2
BRH:0
end_of_record
TN:
SF:/Users/okunishinishi/projects/coz/lib/create.js
FN:16,create
FNF:1
FNH:1
FNDA:2,create
DA:13,1
DA:16,1
DA:17,2
DA:20,1
LF:4
LH:4
BRF:0
BRH:0
end_of_record
TN:
SF:/Users/okunishinishi/projects/coz/lib/coz.js
FN:23,_parseConfig
FN:28,Coz
FN:45,(anonymous_3)
FN:65,(anonymous_4)
FN:89,(anonymous_5)
FN:91,(anonymous_6)
FN:94,load
FN:97,compile
FN:100,write
FN:103,log
FN:107,(anonymous_11)
FN:121,(anonymous_12)
FN:167,(anonymous_13)
FNF:13
FNH:13
FNDA:27,_parseConfig
FNDA:9,Coz
FNDA:9,(anonymous_3)
FNDA:4,(anonymous_4)
FNDA:4,(anonymous_5)
FNDA:4,(anonymous_6)
FNDA:4,load
FNDA:4,compile
FNDA:4,write
FNDA:4,log
FNDA:4,(anonymous_11)
FNDA:1,(anonymous_12)
FNDA:1,(anonymous_13)
DA:10,1
DA:23,1
DA:24,27
DA:28,1
DA:29,9
DA:30,9
DA:33,1
DA:46,9
DA:47,9
DA:49,9
DA:50,9
DA:51,9
DA:66,4
DA:67,4
DA:68,4
DA:69,4
DA:70,4
DA:72,4
DA:77,4
DA:88,4
DA:89,4
DA:90,4
DA:92,4
DA:95,4
DA:98,4
DA:101,4
DA:104,4
DA:108,4
DA:109,4
DA:110,4
DA:122,1
DA:123,1
DA:124,1
DA:125,1
DA:126,1
DA:128,1
DA:133,1
DA:140,1
DA:141,1
DA:142,1
DA:144,1
DA:147,1
DA:150,1
DA:153,1
DA:157,1
DA:158,1
DA:159,1
DA:168,1
DA:169,1
DA:175,1
LF:50
LH:50
BRDA:24,1,0,27
BRDA:24,1,1,26
BRDA:24,1,2,22
BRDA:47,2,0,9
BRDA:47,2,1,0
BRDA:49,3,0,9
BRDA:49,3,1,0
BRDA:68,4,0,4
BRDA:68,4,1,0
BRDA:69,5,0,4
BRDA:69,5,1,0
BRDA:70,6,0,4
BRDA:70,6,1,4
BRDA:75,7,0,4
BRDA:75,7,1,4
BRDA:109,8,0,4
BRDA:109,8,1,0
BRDA:124,9,0,1
BRDA:124,9,1,0
BRDA:125,10,0,1
BRDA:125,10,1,0
BRDA:126,11,0,1
BRDA:126,11,1,1
BRDA:131,12,0,1
BRDA:131,12,1,1
BRDA:158,13,0,1
BRDA:158,13,1,0
BRDA:168,14,0,1
BRDA:168,14,1,0
BRF:29
BRH:20
end_of_record
TN:
SF:/Users/okunishinishi/projects/coz/lib/each_bud.js
FN:17,eachBud
FN:42,_cwd
FN:47,_eachFiles
FN:49,(anonymous_4)
FN:52,(anonymous_5)
FNF:5
FNH:5
FNDA:6,eachBud
FNDA:2,_cwd
FNDA:4,_eachFiles
FNDA:4,(anonymous_4)
FNDA:4,(anonymous_5)
DA:12,1
DA:17,1
DA:18,6
DA:19,6
DA:21,2
DA:22,2
DA:23,2
DA:24,2
DA:26,0
DA:28,0
DA:31,0
DA:34,0
DA:36,4
DA:37,4
DA:42,1
DA:43,2
DA:44,2
DA:47,1
DA:48,4
DA:50,4
DA:53,4
DA:54,4
DA:55,0
DA:57,4
DA:62,1
LF:25
LH:20
BRDA:19,1,0,2
BRDA:19,1,1,0
BRDA:19,1,2,4
BRDA:22,2,0,2
BRDA:22,2,1,2
BRDA:44,3,0,2
BRDA:44,3,1,2
BRDA:44,3,2,0
BRDA:53,4,0,4
BRDA:53,4,1,4
BRDA:54,5,0,0
BRDA:54,5,1,4
BRF:12
BRH:9
end_of_record
TN:
SF:/Users/okunishinishi/projects/coz/lib/sets/engine_set.js
FN:16,EngineSet
FN:31,(anonymous_2)
FN:45,(anonymous_3)
FN:59,(anonymous_4)
FN:72,(anonymous_5)
FNF:5
FNH:5
FNDA:10,EngineSet
FNDA:13,(anonymous_2)
FNDA:20,(anonymous_3)
FNDA:18,(anonymous_4)
FNDA:13,(anonymous_5)
DA:11,1
DA:16,1
DA:17,10
DA:18,10
DA:19,10
DA:20,10
DA:23,1
DA:32,13
DA:33,13
DA:34,1
DA:36,12
DA:37,12
DA:38,12
DA:46,20
DA:47,20
DA:48,20
DA:49,11
DA:50,11
DA:52,20
DA:60,18
DA:61,0
DA:63,18
DA:64,18
DA:72,1
DA:73,13
DA:74,10
DA:76,3
DA:80,0
DA:82,3
DA:83,3
DA:86,1
LF:31
LH:29
BRDA:20,1,0,10
BRDA:20,1,1,1
BRDA:33,2,0,1
BRDA:33,2,1,12
BRDA:60,3,0,0
BRDA:60,3,1,18
BRDA:64,4,0,18
BRDA:64,4,1,12
BRDA:73,5,0,10
BRDA:73,5,1,3
BRDA:76,6,0,0
BRDA:76,6,1,0
BRDA:76,6,2,0
BRF:13
BRH:9
end_of_record
TN:
SF:/Users/okunishinishi/projects/coz/lib/sets/tmpl_set.js
FN:14,TmplSet
FN:27,(anonymous_2)
FN:39,(anonymous_3)
FN:53,(anonymous_4)
FNF:4
FNH:4
FNDA:10,TmplSet
FNDA:23,(anonymous_2)
FNDA:20,(anonymous_3)
FNDA:29,(anonymous_4)
DA:10,1
DA:14,1
DA:15,10
DA:16,10
DA:17,10
DA:18,10
DA:21,1
DA:28,23
DA:29,23
DA:30,1
DA:32,22
DA:40,20
DA:41,20
DA:42,20
DA:43,21
DA:44,21
DA:46,20
DA:54,29
DA:55,0
DA:57,29
DA:58,29
DA:59,1
DA:61,28
DA:62,28
DA:67,1
LF:25
LH:24
BRDA:18,1,0,10
BRDA:18,1,1,1
BRDA:29,2,0,1
BRDA:29,2,1,22
BRDA:54,3,0,0
BRDA:54,3,1,29
BRDA:58,4,0,1
BRDA:58,4,1,28
BRDA:62,5,0,28
BRDA:62,5,1,24
BRF:10
BRH:9
end_of_record
TN:
SF:/Users/okunishinishi/projects/coz/doc/mockups/mock-coz-configuration.js
FN:4,(anonymous_1)
FN:5,(anonymous_2)
FN:6,(anonymous_3)
FN:14,(anonymous_4)
FNF:4
FNH:3
FNDA:1,(anonymous_1)
FNDA:1,(anonymous_2)
FNDA:1,(anonymous_3)
FNDA:0,(anonymous_4)
DA:1,1
DA:5,1
DA:6,1
DA:7,1
LF:4
LH:4
BRF:0
BRH:0
end_of_record
TN:
SF:/Users/okunishinishi/projects/coz/lib/index.js
FNF:0
FNH:0
DA:31,1
DA:35,1
DA:36,1
DA:37,1
DA:38,1
DA:40,1
LF:6
LH:6
BRF:0
BRH:0
end_of_record
TN:
SF:/Users/okunishinishi/projects/coz/lib/commands/render.js
FN:17,render
FNF:1
FNH:0
FNDA:0,render
DA:13,1
DA:17,1
DA:18,0
DA:19,0
DA:21,0
DA:26,1
DA:28,1
LF:7
LH:4
BRDA:18,1,0,0
BRDA:18,1,1,0
BRF:2
BRH:0
end_of_record
