TN:
SF:/Users/okunishitaka/projects/leaf/lib/core.js
FN:36,(anonymous_1)
FN:37,(anonymous_2)
FN:38,(anonymous_3)
FN:39,(anonymous_4)
FN:40,(anonymous_5)
FN:41,(anonymous_6)
FN:42,(anonymous_7)
FN:43,(anonymous_8)
FN:44,(anonymous_9)
FN:45,(anonymous_10)
FN:46,(anonymous_11)
FN:47,(anonymous_12)
FN:48,(anonymous_13)
FN:49,(anonymous_14)
FN:50,(anonymous_15)
FN:51,(anonymous_16)
FN:52,(anonymous_17)
FN:53,(anonymous_18)
FN:54,(anonymous_19)
FN:55,(anonymous_20)
FN:56,(anonymous_21)
FN:57,(anonymous_22)
FN:58,(anonymous_23)
FN:59,(anonymous_24)
FN:60,(anonymous_25)
FN:61,(anonymous_26)
FN:62,(anonymous_27)
FNF:27
FNH:27
FNDA:2,(anonymous_1)
FNDA:1,(anonymous_2)
FNDA:1,(anonymous_3)
FNDA:1,(anonymous_4)
FNDA:1,(anonymous_5)
FNDA:1,(anonymous_6)
FNDA:1,(anonymous_7)
FNDA:1,(anonymous_8)
FNDA:1,(anonymous_9)
FNDA:6,(anonymous_10)
FNDA:1,(anonymous_11)
FNDA:1,(anonymous_12)
FNDA:1,(anonymous_13)
FNDA:1,(anonymous_14)
FNDA:6,(anonymous_15)
FNDA:1,(anonymous_16)
FNDA:1,(anonymous_17)
FNDA:1,(anonymous_18)
FNDA:1,(anonymous_19)
FNDA:1,(anonymous_20)
FNDA:1,(anonymous_21)
FNDA:1,(anonymous_22)
FNDA:1,(anonymous_23)
FNDA:1,(anonymous_24)
FNDA:1,(anonymous_25)
FNDA:1,(anonymous_26)
FNDA:1,(anonymous_27)
DA:35,1
DA:36,2
DA:37,1
DA:38,1
DA:39,1
DA:40,1
DA:41,1
DA:42,1
DA:43,1
DA:44,1
DA:45,6
DA:46,1
DA:47,1
DA:48,1
DA:49,1
DA:50,6
DA:51,1
DA:52,1
DA:53,1
DA:54,1
DA:55,1
DA:56,1
DA:57,1
DA:58,1
DA:59,1
DA:60,1
DA:61,1
DA:62,1
LF:28
LH:28
BRF:0
BRH:0
end_of_record
TN:
SF:/Users/okunishitaka/projects/leaf/lib/leaf.js
FN:21,Leaf
FN:35,(anonymous_2)
FN:46,(anonymous_3)
FN:49,(anonymous_4)
FN:52,(anonymous_5)
FN:53,(anonymous_6)
FN:54,(anonymous_7)
FN:74,(anonymous_8)
FN:91,(anonymous_9)
FN:94,load
FN:97,prepare
FN:100,compile
FN:103,writeout
FN:106,clean
FN:109,(anonymous_15)
FNF:15
FNH:15
FNDA:2,Leaf
FNDA:2,(anonymous_2)
FNDA:1,(anonymous_3)
FNDA:1,(anonymous_4)
FNDA:1,(anonymous_5)
FNDA:1,(anonymous_6)
FNDA:1,(anonymous_7)
FNDA:1,(anonymous_8)
FNDA:1,(anonymous_9)
FNDA:1,load
FNDA:1,prepare
FNDA:1,compile
FNDA:1,writeout
FNDA:1,clean
FNDA:1,(anonymous_15)
DA:9,1
DA:21,1
DA:22,2
DA:23,2
DA:26,1
DA:36,2
DA:37,2
DA:47,1
DA:48,1
DA:50,1
DA:53,1
DA:54,1
DA:55,1
DA:56,1
DA:58,1
DA:75,1
DA:77,1
DA:78,1
DA:79,1
DA:80,1
DA:81,0
DA:92,1
DA:93,1
DA:95,1
DA:98,1
DA:101,1
DA:104,1
DA:107,1
DA:110,1
DA:115,1
LF:30
LH:29
BRDA:55,1,0,1
BRDA:55,1,1,0
BRDA:77,2,0,1
BRDA:77,2,1,0
BRDA:80,3,0,0
BRDA:80,3,1,1
BRF:6
BRH:3
end_of_record
TN:
SF:/Users/okunishitaka/projects/leaf/lib/ext.js
FN:15,(anonymous_1)
FN:16,(anonymous_2)
FN:17,(anonymous_3)
FN:18,(anonymous_4)
FN:19,(anonymous_5)
FN:20,(anonymous_6)
FNF:6
FNH:5
FNDA:7,(anonymous_1)
FNDA:1,(anonymous_2)
FNDA:0,(anonymous_3)
FNDA:2,(anonymous_4)
FNDA:1,(anonymous_5)
FNDA:1,(anonymous_6)
DA:14,1
DA:15,7
DA:16,1
DA:17,0
DA:18,2
DA:19,1
DA:20,1
LF:7
LH:6
BRF:0
BRH:0
end_of_record
TN:
SF:/Users/okunishitaka/projects/leaf/lib/bud/index.js
FNF:0
FNH:0
DA:1,1
LF:1
LH:1
BRF:0
BRH:0
end_of_record
TN:
SF:/Users/okunishitaka/projects/leaf/lib/bud/bud.js
FN:28,Bud
FN:42,(anonymous_2)
FN:61,(anonymous_3)
FN:79,(anonymous_4)
FN:102,(anonymous_5)
FN:113,(anonymous_6)
FN:124,render
FN:127,write
FN:129,(anonymous_9)
FN:135,(anonymous_10)
FN:145,(anonymous_11)
FN:153,(anonymous_12)
FN:186,(anonymous_13)
FN:207,(anonymous_14)
FN:208,(anonymous_15)
FNF:15
FNH:15
FNDA:4,Bud
FNDA:4,(anonymous_2)
FNDA:1,(anonymous_3)
FNDA:1,(anonymous_4)
FNDA:1,(anonymous_5)
FNDA:1,(anonymous_6)
FNDA:1,render
FNDA:1,write
FNDA:1,(anonymous_9)
FNDA:1,(anonymous_10)
FNDA:1,(anonymous_11)
FNDA:1,(anonymous_12)
FNDA:1,(anonymous_13)
FNDA:1,(anonymous_14)
FNDA:1,(anonymous_15)
DA:13,1
DA:28,1
DA:29,4
DA:30,4
DA:32,1
DA:33,1
DA:43,4
DA:44,4
DA:45,4
DA:46,4
DA:47,4
DA:62,1
DA:63,1
DA:64,1
DA:65,0
DA:66,0
DA:68,1
DA:69,1
DA:70,1
DA:71,1
DA:72,1
DA:73,1
DA:80,1
DA:81,1
DA:82,1
DA:83,0
DA:84,0
DA:86,1
DA:87,0
DA:88,0
DA:90,1
DA:91,1
DA:92,1
DA:93,0
DA:94,0
DA:96,1
DA:97,1
DA:98,0
DA:99,0
DA:101,1
DA:102,1
DA:103,1
DA:104,1
DA:105,1
DA:114,1
DA:115,1
DA:116,1
DA:117,0
DA:118,0
DA:120,1
DA:121,1
DA:123,1
DA:125,1
DA:128,1
DA:129,1
DA:130,1
DA:131,1
DA:136,1
DA:137,1
DA:140,0
DA:141,0
DA:146,1
DA:154,1
DA:155,1
DA:187,1
DA:188,1
DA:189,0
DA:190,0
DA:192,1
DA:193,1
DA:194,1
DA:196,0
DA:208,1
DA:209,1
DA:210,1
DA:211,1
DA:213,0
DA:214,0
DA:215,0
DA:217,0
DA:225,1
LF:81
LH:60
BRDA:63,1,0,1
BRDA:63,1,1,0
BRDA:64,2,0,0
BRDA:64,2,1,1
BRDA:81,3,0,1
BRDA:81,3,1,0
BRDA:82,4,0,0
BRDA:82,4,1,1
BRDA:86,5,0,0
BRDA:86,5,1,1
BRDA:92,6,0,0
BRDA:92,6,1,1
BRDA:97,7,0,0
BRDA:97,7,1,1
BRDA:115,8,0,1
BRDA:115,8,1,0
BRDA:116,9,0,0
BRDA:116,9,1,1
BRDA:128,10,0,1
BRDA:128,10,1,0
BRDA:130,11,0,1
BRDA:130,11,1,0
BRDA:188,12,0,0
BRDA:188,12,1,1
BRDA:209,13,0,1
BRDA:209,13,1,1
BRDA:210,14,0,1
BRDA:210,14,1,0
BRDA:213,15,0,0
BRDA:213,15,1,0
BRDA:214,16,0,0
BRDA:214,16,1,0
BRF:32
BRH:15
end_of_record
TN:
SF:/Users/okunishitaka/projects/leaf/lib/tmpls/index.js
FNF:0
FNH:0
DA:1,1
LF:1
LH:1
BRF:0
BRH:0
end_of_record
TN:
SF:/Users/okunishitaka/projects/leaf/lib/tmpls/json_tmpl.js
FN:12,jsonTmpl
FNF:1
FNH:1
FNDA:2,jsonTmpl
DA:12,1
DA:13,2
DA:16,1
LF:3
LH:3
BRF:0
BRH:0
end_of_record
TN:
SF:/Users/okunishitaka/projects/leaf/lib/tmpls/text_tmpl.js
FN:12,textTmpl
FNF:1
FNH:1
FNDA:1,textTmpl
DA:12,1
DA:13,1
DA:16,1
LF:3
LH:3
BRF:0
BRH:0
end_of_record
TN:
SF:/Users/okunishitaka/projects/leaf/lib/helpers/index.js
FNF:0
FNH:0
DA:1,1
LF:1
LH:1
BRF:0
BRH:0
end_of_record
TN:
SF:/Users/okunishitaka/projects/leaf/lib/helpers/camelcase.js
FNF:0
FNH:0
DA:9,1
DA:11,1
LF:2
LH:2
BRF:0
BRH:0
end_of_record
TN:
SF:/Users/okunishitaka/projects/leaf/lib/util/string/index.js
FNF:0
FNH:0
DA:1,1
LF:1
LH:1
BRF:0
BRH:0
end_of_record
TN:
SF:/Users/okunishitaka/projects/leaf/lib/util/string/camelcase.js
FN:14,(anonymous_1)
FN:20,camelcase
FNF:2
FNH:2
FNDA:5,(anonymous_1)
FNDA:8,camelcase
DA:12,1
DA:15,5
DA:20,1
DA:21,8
DA:22,8
DA:23,1
DA:25,7
DA:28,1
LF:8
LH:8
BRDA:22,1,0,1
BRDA:22,1,1,7
BRF:2
BRH:2
end_of_record
TN:
SF:/Users/okunishitaka/projects/leaf/lib/util/string/snakecase.js
FN:13,(anonymous_1)
FN:19,snakecase
FNF:2
FNH:2
FNDA:1,(anonymous_1)
FNDA:9,snakecase
DA:11,1
DA:14,1
DA:19,1
DA:20,9
DA:21,9
DA:22,1
DA:24,8
DA:27,1
LF:8
LH:8
BRDA:21,1,0,1
BRDA:21,1,1,8
BRF:2
BRH:2
end_of_record
TN:
SF:/Users/okunishitaka/projects/leaf/lib/engines/index.js
FNF:0
FNH:0
DA:1,1
LF:1
LH:1
BRF:0
BRH:0
end_of_record
TN:
SF:/Users/okunishitaka/projects/leaf/lib/engines/handlebars_engine.js
FN:18,handlebarsEngine
FN:25,(anonymous_2)
FN:28,(anonymous_3)
FNF:3
FNH:3
FNDA:2,handlebarsEngine
FNDA:1,(anonymous_2)
FNDA:1,(anonymous_3)
DA:12,1
DA:18,1
DA:19,2
DA:21,1
DA:22,1
DA:24,1
DA:26,1
DA:29,1
DA:30,1
DA:33,1
DA:35,0
DA:39,1
DA:41,0
DA:45,1
LF:14
LH:12
BRDA:19,1,0,1
BRDA:19,1,1,1
BRDA:19,1,2,0
BRDA:30,2,0,1
BRDA:30,2,1,1
BRF:5
BRH:4
end_of_record
TN:
SF:/Users/okunishitaka/projects/leaf/lib/util/file/index.js
FNF:0
FNH:0
DA:1,1
LF:1
LH:1
BRF:0
BRH:0
end_of_record
TN:
SF:/Users/okunishitaka/projects/leaf/lib/util/file/read_file.js
FN:18,readFile
FN:24,(anonymous_2)
FNF:2
FNH:2
FNDA:3,readFile
FNDA:3,(anonymous_2)
DA:13,1
DA:18,1
DA:19,3
DA:20,3
DA:21,2
DA:22,2
DA:24,3
DA:25,3
DA:26,1
DA:28,2
DA:33,1
LF:11
LH:11
BRDA:19,1,0,3
BRDA:19,1,1,0
BRDA:20,2,0,2
BRDA:20,2,1,1
BRDA:21,3,0,2
BRDA:21,3,1,2
BRDA:25,4,0,1
BRDA:25,4,1,2
BRF:8
BRH:7
end_of_record
TN:
SF:/Users/okunishitaka/projects/leaf/lib/util/file/write_file.js
FN:25,writeFile
FN:32,(anonymous_2)
FN:39,(anonymous_3)
FN:46,(anonymous_4)
FN:51,(anonymous_5)
FNF:5
FNH:5
FNDA:4,writeFile
FNDA:4,(anonymous_2)
FNDA:4,(anonymous_3)
FNDA:4,(anonymous_4)
FNDA:4,(anonymous_5)
DA:16,1
DA:25,1
DA:26,4
DA:27,4
DA:28,1
DA:29,1
DA:31,4
DA:33,4
DA:34,2
DA:36,2
DA:40,4
DA:41,2
DA:43,2
DA:47,4
DA:52,4
DA:56,1
LF:16
LH:16
BRDA:26,1,0,4
BRDA:26,1,1,0
BRDA:27,2,0,1
BRDA:27,2,1,3
BRDA:28,3,0,1
BRDA:28,3,1,1
BRDA:33,4,0,2
BRDA:33,4,1,2
BRDA:40,5,0,2
BRDA:40,5,1,2
BRDA:48,6,0,4
BRDA:48,6,1,2
BRF:12
BRH:11
end_of_record
TN:
SF:/Users/okunishitaka/projects/leaf/lib/util/file/unlink_file.js
FN:19,_doUnlink
FN:21,chmodIfNeeded
FN:23,(anonymous_3)
FN:30,doUnlink
FN:33,(anonymous_5)
FN:39,unlinkFile
FN:45,(anonymous_7)
FN:50,(anonymous_8)
FNF:8
FNH:8
FNDA:2,_doUnlink
FNDA:2,chmodIfNeeded
FNDA:2,(anonymous_3)
FNDA:2,doUnlink
FNDA:2,(anonymous_5)
FNDA:5,unlinkFile
FNDA:5,(anonymous_7)
FNDA:3,(anonymous_8)
DA:13,1
DA:19,1
DA:20,2
DA:22,2
DA:23,2
DA:24,2
DA:27,0
DA:31,2
DA:34,2
DA:39,1
DA:40,5
DA:41,5
DA:42,2
DA:43,2
DA:45,5
DA:46,5
DA:47,2
DA:48,2
DA:50,3
DA:51,3
DA:52,1
DA:53,1
DA:55,2
DA:60,1
LF:24
LH:23
BRDA:22,1,0,2
BRDA:22,1,1,0
BRDA:40,2,0,5
BRDA:40,2,1,0
BRDA:41,3,0,2
BRDA:41,3,1,3
BRDA:42,4,0,2
BRDA:42,4,1,2
BRDA:46,5,0,2
BRDA:46,5,1,3
BRDA:51,6,0,1
BRDA:51,6,1,2
BRF:12
BRH:10
end_of_record
TN:
SF:/Users/okunishitaka/projects/leaf/lib/util/file/is_dir.js
FN:16,isDir
FN:17,(anonymous_2)
FN:22,(anonymous_3)
FNF:3
FNH:3
FNDA:5,isDir
FNDA:5,(anonymous_2)
FNDA:4,(anonymous_3)
DA:12,1
DA:16,1
DA:17,5
DA:18,5
DA:19,1
DA:20,1
DA:22,4
DA:24,4
DA:25,4
DA:30,1
LF:10
LH:10
BRDA:18,1,0,1
BRDA:18,1,1,4
BRDA:24,2,0,4
BRDA:24,2,1,4
BRF:4
BRH:4
end_of_record
TN:
SF:/Users/okunishitaka/projects/leaf/lib/util/file/expand_glob.js
FN:19,expandGlob
FN:27,(anonymous_2)
FN:31,(anonymous_3)
FNF:3
FNH:3
FNDA:4,expandGlob
FNDA:3,(anonymous_2)
FNDA:4,(anonymous_3)
DA:13,1
DA:19,1
DA:20,4
DA:21,4
DA:22,4
DA:23,4
DA:26,4
DA:27,4
DA:28,3
DA:32,4
DA:33,0
DA:35,4
DA:36,4
DA:37,1
DA:39,4
DA:45,1
LF:16
LH:15
BRDA:20,1,0,4
BRDA:20,1,1,0
BRDA:21,2,0,4
BRDA:21,2,1,0
BRDA:22,3,0,4
BRDA:22,3,1,4
BRDA:26,4,0,4
BRDA:26,4,1,1
BRDA:29,5,0,3
BRDA:29,5,1,3
BRDA:32,6,0,0
BRDA:32,6,1,4
BRDA:35,7,0,4
BRDA:35,7,1,3
BRDA:36,8,0,1
BRDA:36,8,1,3
BRF:16
BRH:13
end_of_record
TN:
SF:/Users/okunishitaka/projects/leaf/lib/util/compile/index.js
FNF:0
FNH:0
DA:6,1
LF:1
LH:1
BRF:0
BRH:0
end_of_record
TN:
SF:/Users/okunishitaka/projects/leaf/lib/util/compile/compile_handlebars.js
FN:26,compileHandlebars
FN:34,(anonymous_2)
FNF:2
FNH:2
FNDA:2,compileHandlebars
FNDA:2,(anonymous_2)
DA:22,1
DA:26,1
DA:27,2
DA:28,0
DA:30,2
DA:31,2
DA:32,2
DA:34,2
DA:35,2
DA:36,2
DA:39,2
DA:42,1
LF:12
LH:11
BRDA:27,1,0,0
BRDA:27,1,1,2
BRDA:30,2,0,2
BRDA:30,2,1,0
BRDA:32,3,0,2
BRDA:32,3,1,0
BRF:6
BRH:3
end_of_record
TN:
SF:/Users/okunishitaka/projects/leaf/lib/bud/bud_config.js
FN:24,BudConfig
FN:35,(anonymous_2)
FN:38,_assertType
FNF:3
FNH:3
FNDA:9,BudConfig
FNDA:9,(anonymous_2)
FNDA:81,_assertType
DA:18,1
DA:24,1
DA:25,9
DA:26,9
DA:27,9
DA:28,9
DA:31,1
DA:36,9
DA:38,1
DA:39,81
DA:42,9
DA:43,9
DA:44,9
DA:45,9
DA:46,9
DA:47,9
DA:48,9
DA:49,9
DA:50,9
DA:58,1
DA:71,1
LF:21
LH:21
BRF:0
BRH:0
end_of_record
TN:
SF:/Users/okunishitaka/projects/leaf/lib/util/copying/index.js
FNF:0
FNH:0
DA:1,1
DA:2,1
LF:2
LH:2
BRF:0
BRH:0
end_of_record
TN:
SF:/Users/okunishitaka/projects/leaf/lib/util/copying/copy.js
FN:13,copy
FNF:1
FNH:1
FNDA:40,copy
DA:13,1
DA:14,40
DA:15,40
DA:16,40
DA:17,40
DA:18,92
DA:19,92
DA:21,40
DA:24,1
LF:9
LH:9
BRDA:14,1,0,40
BRDA:14,1,1,3
BRDA:15,2,0,40
BRDA:15,2,1,4
BRF:4
BRH:4
end_of_record
TN:
SF:/Users/okunishitaka/projects/leaf/lib/util/copying/fallback_copy.js
FN:13,fallbackCopy
FNF:1
FNH:1
FNDA:13,fallbackCopy
DA:13,1
DA:14,13
DA:15,13
DA:16,13
DA:17,13
DA:18,92
DA:19,92
DA:20,92
DA:21,92
DA:22,25
DA:25,13
DA:28,1
LF:12
LH:12
BRDA:14,1,0,13
BRDA:14,1,1,0
BRDA:15,2,0,13
BRDA:15,2,1,0
BRDA:21,3,0,25
BRDA:21,3,1,67
BRF:6
BRH:4
end_of_record
TN:
SF:/Users/okunishitaka/projects/leaf/lib/resolvers/index.js
FNF:0
FNH:0
DA:4,1
LF:1
LH:1
BRF:0
BRH:0
end_of_record
TN:
SF:/Users/okunishitaka/projects/leaf/lib/resolvers/engine_resolver.js
FN:25,(anonymous_1)
FNF:1
FNH:1
FNDA:9,(anonymous_1)
DA:12,1
DA:17,1
DA:26,9
DA:27,9
DA:29,1
DA:31,6
DA:32,6
DA:33,4
DA:35,2
DA:36,2
DA:37,1
DA:39,1
DA:41,2
DA:49,1
LF:14
LH:14
BRDA:27,1,0,1
BRDA:27,1,1,6
BRDA:27,1,2,2
BRDA:32,2,0,4
BRDA:32,2,1,2
BRDA:36,3,0,1
BRDA:36,3,1,1
BRF:7
BRH:7
end_of_record
TN:
SF:/Users/okunishitaka/projects/leaf/lib/resolvers/resolver.js
FN:18,Resolver
FN:32,(anonymous_2)
FN:41,(anonymous_3)
FN:49,(anonymous_4)
FN:51,(anonymous_5)
FN:60,(anonymous_6)
FN:67,(anonymous_7)
FN:76,(anonymous_8)
FN:98,findByName
FN:121,requireSafely
FN:136,(anonymous_11)
FN:146,(anonymous_12)
FN:152,(anonymous_13)
FN:153,Defined
FNF:14
FNH:14
FNDA:8,Resolver
FNDA:23,(anonymous_2)
FNDA:8,(anonymous_3)
FNDA:4,(anonymous_4)
FNDA:4,(anonymous_5)
FNDA:1,(anonymous_6)
FNDA:1,(anonymous_7)
FNDA:3,(anonymous_8)
FNDA:42,findByName
FNDA:5,requireSafely
FNDA:9,(anonymous_11)
FNDA:4,(anonymous_12)
FNDA:3,(anonymous_13)
FNDA:15,Defined
DA:11,1
DA:18,1
DA:19,8
DA:20,8
DA:23,1
DA:33,23
DA:34,23
DA:42,8
DA:43,8
DA:50,4
DA:51,4
DA:52,4
DA:61,1
DA:68,1
DA:69,1
DA:77,3
DA:78,3
DA:79,3
DA:99,42
DA:101,42
DA:102,11
DA:104,31
DA:105,31
DA:106,26
DA:107,26
DA:108,5
DA:112,26
DA:122,5
DA:123,5
DA:124,5
DA:127,2
DA:137,9
DA:138,9
DA:147,4
DA:148,4
DA:152,1
DA:153,1
DA:154,15
DA:155,15
DA:158,3
DA:159,3
DA:163,1
LF:42
LH:42
BRDA:34,1,0,23
BRDA:34,1,1,8
BRDA:101,2,0,11
BRDA:101,2,1,31
BRDA:104,3,0,31
BRDA:104,3,1,0
BRDA:107,4,0,5
BRDA:107,4,1,21
BRF:8
BRH:7
end_of_record
TN:
SF:/Users/okunishitaka/projects/leaf/lib/resolvers/helper_resolver.js
FN:25,(anonymous_1)
FNF:1
FNH:1
FNDA:6,(anonymous_1)
DA:12,1
DA:17,1
DA:26,6
DA:27,6
DA:29,1
DA:31,4
DA:32,4
DA:33,3
DA:35,1
DA:37,1
DA:45,1
LF:11
LH:11
BRDA:27,1,0,1
BRDA:27,1,1,4
BRDA:27,1,2,1
BRDA:32,2,0,3
BRDA:32,2,1,1
BRF:5
BRH:5
end_of_record
TN:
SF:/Users/okunishitaka/projects/leaf/lib/resolvers/tmpl_resolver.js
FN:20,(anonymous_1)
FN:33,(anonymous_2)
FNF:2
FNH:2
FNDA:3,(anonymous_1)
FNDA:8,(anonymous_2)
DA:12,1
DA:17,1
DA:21,3
DA:22,3
DA:23,3
DA:24,1
DA:26,2
DA:34,8
DA:35,8
DA:37,1
DA:39,6
DA:40,6
DA:41,4
DA:43,2
DA:44,2
DA:45,1
DA:47,1
DA:49,1
DA:59,1
LF:19
LH:19
BRDA:23,1,0,1
BRDA:23,1,1,2
BRDA:35,2,0,1
BRDA:35,2,1,6
BRDA:35,2,2,1
BRDA:40,3,0,4
BRDA:40,3,1,2
BRDA:44,4,0,1
BRDA:44,4,1,1
BRF:9
BRH:9
end_of_record
TN:
SF:/Users/okunishitaka/projects/leaf/lib/bud/load_bud.js
FN:20,_defaults
FN:26,(anonymous_2)
FN:28,(anonymous_3)
FN:38,loadBud
FN:41,(anonymous_5)
FN:49,(anonymous_6)
FN:52,(anonymous_7)
FN:60,(anonymous_8)
FN:64,(anonymous_9)
FNF:9
FNH:7
FNDA:3,_defaults
FNDA:0,(anonymous_2)
FNDA:0,(anonymous_3)
FNDA:4,loadBud
FNDA:4,(anonymous_5)
FNDA:3,(anonymous_6)
FNDA:1,(anonymous_7)
FNDA:3,(anonymous_8)
FNDA:3,(anonymous_9)
DA:11,1
DA:20,1
DA:21,3
DA:23,3
DA:27,0
DA:29,0
DA:38,1
DA:39,4
DA:40,4
DA:42,4
DA:43,4
DA:44,3
DA:46,1
DA:50,3
DA:52,1
DA:53,1
DA:55,1
DA:57,2
DA:61,3
DA:62,3
DA:65,3
DA:72,1
LF:22
LH:20
BRDA:50,1,0,1
BRDA:50,1,1,2
BRF:2
BRH:2
end_of_record
TN:
SF:/Users/okunishitaka/projects/leaf/lib/loggers/console_logger.js
FN:12,ConsoleLogger
FN:20,(anonymous_2)
FN:22,(anonymous_3)
FN:38,(anonymous_4)
FN:51,(anonymous_5)
FN:60,(anonymous_6)
FN:68,(anonymous_7)
FN:76,(anonymous_8)
FN:84,(anonymous_9)
FN:92,(anonymous_10)
FNF:10
FNH:10
FNDA:3,ConsoleLogger
FNDA:6,(anonymous_2)
FNDA:7,(anonymous_3)
FNDA:6,(anonymous_4)
FNDA:6,(anonymous_5)
FNDA:1,(anonymous_6)
FNDA:2,(anonymous_7)
FNDA:1,(anonymous_8)
FNDA:1,(anonymous_9)
FNDA:1,(anonymous_10)
DA:9,1
DA:12,1
DA:20,1
DA:21,6
DA:23,7
DA:24,1
DA:26,6
DA:38,1
DA:39,6
DA:41,6
DA:51,1
DA:52,6
DA:54,6
DA:60,1
DA:61,1
DA:62,1
DA:68,1
DA:69,2
DA:70,2
DA:76,1
DA:77,1
DA:78,1
DA:84,1
DA:85,1
DA:86,1
DA:92,1
DA:93,1
DA:94,1
DA:98,1
LF:29
LH:29
BRDA:23,1,0,1
BRDA:23,1,1,6
BRDA:40,2,0,6
BRDA:40,2,1,6
BRDA:41,3,0,6
BRDA:41,3,1,0
BRF:6
BRH:5
end_of_record
